<?xml version="1.0" encoding="UTF-8"?>
<testsuite name="Yo como usuario requiero autenticarme en el sitio  saucedemo.com para hacer el proceso de compra" tests="6" skipped="0" failures="0" errors="0" timestamp="2023-03-18T02:54:51" hostname="DESKTOP-MGGS3TP" time="47.725">
  <properties/>
  <testcase name="Generate purchase" classname="Yo como usuario requiero autenticarme en el sitio  saucedemo.com para hacer el proceso de compra" time="17.797"/>
  <testcase name="User does not login successfully" classname="Yo como usuario requiero autenticarme en el sitio  saucedemo.com para hacer el proceso de compra" time="6.082"/>
  <testcase name="User does not login successfully" classname="Yo como usuario requiero autenticarme en el sitio  saucedemo.com para hacer el proceso de compra" time="4.817"/>
  <testcase name="User does not login successfully" classname="Yo como usuario requiero autenticarme en el sitio  saucedemo.com para hacer el proceso de compra" time="4.891"/>
  <testcase name="User does not login successfully" classname="Yo como usuario requiero autenticarme en el sitio  saucedemo.com para hacer el proceso de compra" time="8.157"/>
  <testcase name="The user logs out of the page" classname="Yo como usuario requiero autenticarme en el sitio  saucedemo.com para hacer el proceso de compra" time="5.957"/>
  <system-out><![CDATA[]]></system-out>
  <system-err><![CDATA[mar. 17, 2023 9:54:53 P. M. org.openqa.selenium.remote.DesiredCapabilities chrome
INFO: Using `new ChromeOptions()` is preferred to `DesiredCapabilities.chrome()`
Starting ChromeDriver 111.0.5563.64 (c710e93d5b63b7095afe8c2c17df34408078439d-refs/branch-heads/5563@{#995}) on port 24350
Only local connections are allowed.
Please see https://chromedriver.chromium.org/security-considerations for suggestions on keeping ChromeDriver safe.
ChromeDriver was started successfully.
mar. 17, 2023 9:54:56 P. M. org.openqa.selenium.remote.ProtocolHandshake createSession
INFO: Detected dialect: W3C
mar. 17, 2023 9:55:09 P. M. org.openqa.selenium.remote.DesiredCapabilities chrome
INFO: Using `new ChromeOptions()` is preferred to `DesiredCapabilities.chrome()`
Starting ChromeDriver 111.0.5563.64 (c710e93d5b63b7095afe8c2c17df34408078439d-refs/branch-heads/5563@{#995}) on port 16624
Only local connections are allowed.
Please see https://chromedriver.chromium.org/security-considerations for suggestions on keeping ChromeDriver safe.
ChromeDriver was started successfully.
mar. 17, 2023 9:55:11 P. M. org.openqa.selenium.remote.ProtocolHandshake createSession
INFO: Detected dialect: W3C
mar. 17, 2023 9:55:15 P. M. org.openqa.selenium.remote.DesiredCapabilities chrome
INFO: Using `new ChromeOptions()` is preferred to `DesiredCapabilities.chrome()`
Starting ChromeDriver 111.0.5563.64 (c710e93d5b63b7095afe8c2c17df34408078439d-refs/branch-heads/5563@{#995}) on port 27086
Only local connections are allowed.
Please see https://chromedriver.chromium.org/security-considerations for suggestions on keeping ChromeDriver safe.
ChromeDriver was started successfully.
mar. 17, 2023 9:55:17 P. M. org.openqa.selenium.remote.ProtocolHandshake createSession
INFO: Detected dialect: W3C
mar. 17, 2023 9:55:20 P. M. org.openqa.selenium.remote.DesiredCapabilities chrome
INFO: Using `new ChromeOptions()` is preferred to `DesiredCapabilities.chrome()`
Starting ChromeDriver 111.0.5563.64 (c710e93d5b63b7095afe8c2c17df34408078439d-refs/branch-heads/5563@{#995}) on port 16207
Only local connections are allowed.
Please see https://chromedriver.chromium.org/security-considerations for suggestions on keeping ChromeDriver safe.
ChromeDriver was started successfully.
mar. 17, 2023 9:55:22 P. M. org.openqa.selenium.remote.ProtocolHandshake createSession
INFO: Detected dialect: W3C
mar. 17, 2023 9:55:25 P. M. org.openqa.selenium.remote.DesiredCapabilities chrome
INFO: Using `new ChromeOptions()` is preferred to `DesiredCapabilities.chrome()`
Starting ChromeDriver 111.0.5563.64 (c710e93d5b63b7095afe8c2c17df34408078439d-refs/branch-heads/5563@{#995}) on port 12205
Only local connections are allowed.
Please see https://chromedriver.chromium.org/security-considerations for suggestions on keeping ChromeDriver safe.
ChromeDriver was started successfully.
mar. 17, 2023 9:55:27 P. M. org.openqa.selenium.remote.ProtocolHandshake createSession
INFO: Detected dialect: W3C
mar. 17, 2023 9:55:33 P. M. org.openqa.selenium.remote.DesiredCapabilities chrome
INFO: Using `new ChromeOptions()` is preferred to `DesiredCapabilities.chrome()`
Starting ChromeDriver 111.0.5563.64 (c710e93d5b63b7095afe8c2c17df34408078439d-refs/branch-heads/5563@{#995}) on port 44873
Only local connections are allowed.
Please see https://chromedriver.chromium.org/security-considerations for suggestions on keeping ChromeDriver safe.
ChromeDriver was started successfully.
mar. 17, 2023 9:55:35 P. M. org.openqa.selenium.remote.ProtocolHandshake createSession
INFO: Detected dialect: W3C
]]></system-err>
</testsuite>
