<?xml version="1.0" encoding="UTF-8"?>
<testsuite name="karate.booking.BookingRunner" tests="21" skipped="0" failures="0" errors="0" timestamp="2023-03-18T02:53:06" hostname="DESKTOP-MGGS3TP" time="15.791">
  <properties/>
  <testcase name="[1.1:50] Successfully create a reservation for a user" classname="karate.booking.BookingRunner" time="4.255"/>
  <testcase name="[1.2:51] Successfully create a reservation for a user" classname="karate.booking.BookingRunner" time="0.396"/>
  <testcase name="[2.1:67] Alternative Scenary to create a reservation for a user" classname="karate.booking.BookingRunner" time="0.402"/>
  <testcase name="[2.2:68] Alternative Scenary to create a reservation for a user" classname="karate.booking.BookingRunner" time="0.366"/>
  <testcase name="[2.3:69] Alternative Scenary to create a reservation for a user" classname="karate.booking.BookingRunner" time="0.367"/>
  <testcase name="[3.1:99] Alternate scenario where headers are sent incorrectly" classname="karate.booking.BookingRunner" time="0.359"/>
  <testcase name="[3.2:100] Alternate scenario where headers are sent incorrectly" classname="karate.booking.BookingRunner" time="0.373"/>
  <testcase name="[3.3:101] Alternate scenario where headers are sent incorrectly" classname="karate.booking.BookingRunner" time="0.371"/>
  <testcase name="[3.4:102] Alternate scenario where headers are sent incorrectly" classname="karate.booking.BookingRunner" time="0.382"/>
  <testcase name="[3.5:103] Alternate scenario where headers are sent incorrectly" classname="karate.booking.BookingRunner" time="0.343"/>
  <testcase name="[4.1:133] Alternative scenario where no value is sent to checkin and checkout" classname="karate.booking.BookingRunner" time="0.353"/>
  <testcase name="[4.2:134] Alternative scenario where no value is sent to checkin and checkout" classname="karate.booking.BookingRunner" time="0.361"/>
  <testcase name="[5.1:151] Validate by obtaining an existing booking ID and validate that the correct booking information is returned." classname="karate.booking.BookingRunner" time="0.396"/>
  <testcase name="[5.2:152] Validate by obtaining an existing booking ID and validate that the correct booking information is returned." classname="karate.booking.BookingRunner" time="0.369"/>
  <testcase name="[5.3:153] Validate by obtaining an existing booking ID and validate that the correct booking information is returned." classname="karate.booking.BookingRunner" time="0.336"/>
  <testcase name="[6.1:167] Validate a booking ID that does not exist and validate that a 404 error is returned" classname="karate.booking.BookingRunner" time="0.364"/>
  <testcase name="[6.2:168] Validate a booking ID that does not exist and validate that a 404 error is returned" classname="karate.booking.BookingRunner" time="0.33"/>
  <testcase name="[6.3:169] Validate a booking ID that does not exist and validate that a 404 error is returned" classname="karate.booking.BookingRunner" time="0.34"/>
  <testcase name="[6.4:170] Validate a booking ID that does not exist and validate that a 404 error is returned" classname="karate.booking.BookingRunner" time="0.339"/>
  <testcase name="[7.1:216] Validate booking update successfully" classname="karate.booking.BookingRunner" time="0.701"/>
  <testcase name="[8.1:247] Validate booking update failed" classname="karate.booking.BookingRunner" time="4.252"/>
  <system-out><![CDATA[21:53:06.251 [Test worker] DEBUG com.intuit.karate.Suite - [config] classpath:karate-config.js
21:53:09.368 [Test worker] DEBUG com.jayway.jsonpath.internal.path.CompiledPath - Evaluating path: $
21:53:09.470 [Test worker] DEBUG io.netty.util.internal.logging.InternalLoggerFactory - Using SLF4J as the default logging framework
21:53:09.475 [Test worker] DEBUG io.netty.util.internal.PlatformDependent0 - -Dio.netty.noUnsafe: false
21:53:09.476 [Test worker] DEBUG io.netty.util.internal.PlatformDependent0 - Java version: 11
21:53:09.478 [Test worker] DEBUG io.netty.util.internal.PlatformDependent0 - sun.misc.Unsafe.theUnsafe: available
21:53:09.479 [Test worker] DEBUG io.netty.util.internal.PlatformDependent0 - sun.misc.Unsafe.copyMemory: available
21:53:09.481 [Test worker] DEBUG io.netty.util.internal.PlatformDependent0 - java.nio.Buffer.address: available
21:53:09.482 [Test worker] DEBUG io.netty.util.internal.PlatformDependent0 - direct buffer constructor: unavailable: Reflective setAccessible(true) disabled
21:53:09.484 [Test worker] DEBUG io.netty.util.internal.PlatformDependent0 - java.nio.Bits.unaligned: available, true
21:53:09.486 [Test worker] DEBUG io.netty.util.internal.PlatformDependent0 - jdk.internal.misc.Unsafe.allocateUninitializedArray(int): unavailable: class io.netty.util.internal.PlatformDependent0$6 cannot access class jdk.internal.misc.Unsafe (in module java.base) because module java.base does not export jdk.internal.misc to unnamed module @18137eab
21:53:09.490 [Test worker] DEBUG io.netty.util.internal.PlatformDependent0 - java.nio.DirectByteBuffer.<init>(long, int): unavailable
21:53:09.491 [Test worker] DEBUG io.netty.util.internal.PlatformDependent - sun.misc.Unsafe: available
21:53:09.492 [Test worker] DEBUG io.netty.util.internal.PlatformDependent - maxDirectMemory: 536870912 bytes (maybe)
21:53:09.492 [Test worker] DEBUG io.netty.util.internal.PlatformDependent - -Dio.netty.tmpdir: C:\Users\DYLAN\AppData\Local\Temp (java.io.tmpdir)
21:53:09.492 [Test worker] DEBUG io.netty.util.internal.PlatformDependent - -Dio.netty.bitMode: 64 (sun.arch.data.model)
21:53:09.493 [Test worker] DEBUG io.netty.util.internal.PlatformDependent - Platform: Windows
21:53:09.496 [Test worker] DEBUG io.netty.util.internal.PlatformDependent - -Dio.netty.maxDirectMemory: -1 bytes
21:53:09.496 [Test worker] DEBUG io.netty.util.internal.PlatformDependent - -Dio.netty.uninitializedArrayAllocationThreshold: -1
21:53:09.501 [Test worker] DEBUG io.netty.util.internal.CleanerJava9 - java.nio.ByteBuffer.cleaner(): available
21:53:09.501 [Test worker] DEBUG io.netty.util.internal.PlatformDependent - -Dio.netty.noPreferDirect: false
21:53:09.718 [Test worker] DEBUG org.apache.http.client.protocol.RequestAddCookies - CookieSpec selected: karate
21:53:09.736 [Test worker] DEBUG org.apache.http.client.protocol.RequestAuthCache - Auth cache not set in the context
21:53:09.741 [Test worker] DEBUG com.intuit.karate - request:
1 > POST https://restful-booker.herokuapp.com/booking
1 > Content-Type: application/json; charset=UTF-8
1 > Accept: application/json
1 > Content-Length: 170
1 > Host: restful-booker.herokuapp.com
1 > Connection: Keep-Alive
1 > User-Agent: Apache-HttpClient/4.5.13 (Java/11.0.8)
1 > Accept-Encoding: gzip,deflate
{"firstname":"Jim","lastname":"Brown","totalprice":111,"depositpaid":"true","bookingdates":{"checkin":"2019-01-01","checkout":"2019-01-01"},"additionalneeds":"Breakfast"}

21:53:09.745 [Test worker] DEBUG org.apache.http.impl.conn.PoolingHttpClientConnectionManager - Connection request: [route: {s}->https://restful-booker.herokuapp.com:443][total available: 0; route allocated: 0 of 5; total allocated: 0 of 10]
21:53:09.773 [Test worker] DEBUG org.apache.http.impl.conn.PoolingHttpClientConnectionManager - Connection leased: [id: 0][route: {s}->https://restful-booker.herokuapp.com:443][total available: 0; route allocated: 1 of 5; total allocated: 1 of 10]
21:53:09.776 [Test worker] DEBUG org.apache.http.impl.execchain.MainClientExec - Opening connection {s}->https://restful-booker.herokuapp.com:443
21:53:09.862 [Test worker] DEBUG org.apache.http.impl.conn.DefaultHttpClientConnectionOperator - Connecting to restful-booker.herokuapp.com/3.209.172.72:443
21:53:09.862 [Test worker] DEBUG org.apache.http.conn.ssl.LenientSslConnectionSocketFactory - Connecting socket to restful-booker.herokuapp.com/3.209.172.72:443 with timeout 15000
21:53:10.008 [Test worker] DEBUG org.apache.http.conn.ssl.LenientSslConnectionSocketFactory - Enabled protocols: [TLSv1.3, TLSv1.2, TLSv1.1, TLSv1]
21:53:10.009 [Test worker] DEBUG org.apache.http.conn.ssl.LenientSslConnectionSocketFactory - Enabled cipher suites:[TLS_AES_128_GCM_SHA256, TLS_AES_256_GCM_SHA384, TLS_ECDHE_ECDSA_WITH_AES_256_GCM_SHA384, TLS_ECDHE_ECDSA_WITH_AES_128_GCM_SHA256, TLS_ECDHE_RSA_WITH_AES_256_GCM_SHA384, TLS_RSA_WITH_AES_256_GCM_SHA384, TLS_ECDH_ECDSA_WITH_AES_256_GCM_SHA384, TLS_ECDH_RSA_WITH_AES_256_GCM_SHA384, TLS_DHE_RSA_WITH_AES_256_GCM_SHA384, TLS_DHE_DSS_WITH_AES_256_GCM_SHA384, TLS_ECDHE_RSA_WITH_AES_128_GCM_SHA256, TLS_RSA_WITH_AES_128_GCM_SHA256, TLS_ECDH_ECDSA_WITH_AES_128_GCM_SHA256, TLS_ECDH_RSA_WITH_AES_128_GCM_SHA256, TLS_DHE_RSA_WITH_AES_128_GCM_SHA256, TLS_DHE_DSS_WITH_AES_128_GCM_SHA256, TLS_ECDHE_ECDSA_WITH_AES_256_CBC_SHA384, TLS_ECDHE_RSA_WITH_AES_256_CBC_SHA384, TLS_RSA_WITH_AES_256_CBC_SHA256, TLS_ECDH_ECDSA_WITH_AES_256_CBC_SHA384, TLS_ECDH_RSA_WITH_AES_256_CBC_SHA384, TLS_DHE_RSA_WITH_AES_256_CBC_SHA256, TLS_DHE_DSS_WITH_AES_256_CBC_SHA256, TLS_ECDHE_ECDSA_WITH_AES_256_CBC_SHA, TLS_ECDHE_RSA_WITH_AES_256_CBC_SHA, TLS_RSA_WITH_AES_256_CBC_SHA, TLS_ECDH_ECDSA_WITH_AES_256_CBC_SHA, TLS_ECDH_RSA_WITH_AES_256_CBC_SHA, TLS_DHE_RSA_WITH_AES_256_CBC_SHA, TLS_DHE_DSS_WITH_AES_256_CBC_SHA, TLS_ECDHE_ECDSA_WITH_AES_128_CBC_SHA256, TLS_ECDHE_RSA_WITH_AES_128_CBC_SHA256, TLS_RSA_WITH_AES_128_CBC_SHA256, TLS_ECDH_ECDSA_WITH_AES_128_CBC_SHA256, TLS_ECDH_RSA_WITH_AES_128_CBC_SHA256, TLS_DHE_RSA_WITH_AES_128_CBC_SHA256, TLS_DHE_DSS_WITH_AES_128_CBC_SHA256, TLS_ECDHE_ECDSA_WITH_AES_128_CBC_SHA, TLS_ECDHE_RSA_WITH_AES_128_CBC_SHA, TLS_RSA_WITH_AES_128_CBC_SHA, TLS_ECDH_ECDSA_WITH_AES_128_CBC_SHA, TLS_ECDH_RSA_WITH_AES_128_CBC_SHA, TLS_DHE_RSA_WITH_AES_128_CBC_SHA, TLS_DHE_DSS_WITH_AES_128_CBC_SHA, TLS_EMPTY_RENEGOTIATION_INFO_SCSV]
21:53:10.009 [Test worker] DEBUG org.apache.http.conn.ssl.LenientSslConnectionSocketFactory - Starting handshake
21:53:10.430 [Test worker] DEBUG org.apache.http.conn.ssl.LenientSslConnectionSocketFactory - Secure session established
21:53:10.430 [Test worker] DEBUG org.apache.http.conn.ssl.LenientSslConnectionSocketFactory -  negotiated protocol: TLSv1.2
21:53:10.430 [Test worker] DEBUG org.apache.http.conn.ssl.LenientSslConnectionSocketFactory -  negotiated cipher suite: TLS_ECDHE_RSA_WITH_AES_128_GCM_SHA256
21:53:10.438 [Test worker] DEBUG org.apache.http.conn.ssl.LenientSslConnectionSocketFactory -  peer principal: CN=*.herokuapp.com
21:53:10.439 [Test worker] DEBUG org.apache.http.conn.ssl.LenientSslConnectionSocketFactory -  peer alternative names: [*.herokuapp.com]
21:53:10.440 [Test worker] DEBUG org.apache.http.conn.ssl.LenientSslConnectionSocketFactory -  issuer principal: CN=Amazon RSA 2048 M02, O=Amazon, C=US
21:53:10.441 [Test worker] DEBUG org.apache.http.impl.conn.DefaultHttpClientConnectionOperator - Connection established 192.168.20.32:51593<->3.209.172.72:443
21:53:10.441 [Test worker] DEBUG org.apache.http.impl.conn.DefaultManagedHttpClientConnection - http-outgoing-0: set socket timeout to 15000
21:53:10.442 [Test worker] DEBUG org.apache.http.impl.execchain.MainClientExec - Executing request POST /booking HTTP/1.1
21:53:10.442 [Test worker] DEBUG org.apache.http.impl.execchain.MainClientExec - Target auth state: UNCHALLENGED
21:53:10.443 [Test worker] DEBUG org.apache.http.impl.execchain.MainClientExec - Proxy auth state: UNCHALLENGED
21:53:10.445 [Test worker] DEBUG org.apache.http.headers - http-outgoing-0 >> POST /booking HTTP/1.1
21:53:10.445 [Test worker] DEBUG org.apache.http.headers - http-outgoing-0 >> Content-Type: application/json; charset=UTF-8
21:53:10.446 [Test worker] DEBUG org.apache.http.headers - http-outgoing-0 >> Accept: application/json
21:53:10.446 [Test worker] DEBUG org.apache.http.headers - http-outgoing-0 >> Content-Length: 170
21:53:10.446 [Test worker] DEBUG org.apache.http.headers - http-outgoing-0 >> Host: restful-booker.herokuapp.com
21:53:10.446 [Test worker] DEBUG org.apache.http.headers - http-outgoing-0 >> Connection: Keep-Alive
21:53:10.446 [Test worker] DEBUG org.apache.http.headers - http-outgoing-0 >> User-Agent: Apache-HttpClient/4.5.13 (Java/11.0.8)
21:53:10.446 [Test worker] DEBUG org.apache.http.headers - http-outgoing-0 >> Accept-Encoding: gzip,deflate
21:53:10.447 [Test worker] DEBUG org.apache.http.wire - http-outgoing-0 >> "POST /booking HTTP/1.1[\r][\n]"
21:53:10.447 [Test worker] DEBUG org.apache.http.wire - http-outgoing-0 >> "Content-Type: application/json; charset=UTF-8[\r][\n]"
21:53:10.447 [Test worker] DEBUG org.apache.http.wire - http-outgoing-0 >> "Accept: application/json[\r][\n]"
21:53:10.447 [Test worker] DEBUG org.apache.http.wire - http-outgoing-0 >> "Content-Length: 170[\r][\n]"
21:53:10.448 [Test worker] DEBUG org.apache.http.wire - http-outgoing-0 >> "Host: restful-booker.herokuapp.com[\r][\n]"
21:53:10.448 [Test worker] DEBUG org.apache.http.wire - http-outgoing-0 >> "Connection: Keep-Alive[\r][\n]"
21:53:10.448 [Test worker] DEBUG org.apache.http.wire - http-outgoing-0 >> "User-Agent: Apache-HttpClient/4.5.13 (Java/11.0.8)[\r][\n]"
21:53:10.448 [Test worker] DEBUG org.apache.http.wire - http-outgoing-0 >> "Accept-Encoding: gzip,deflate[\r][\n]"
21:53:10.448 [Test worker] DEBUG org.apache.http.wire - http-outgoing-0 >> "[\r][\n]"
21:53:10.450 [Test worker] DEBUG org.apache.http.wire - http-outgoing-0 >> "{"firstname":"Jim","lastname":"Brown","totalprice":111,"depositpaid":"true","bookingdates":{"checkin":"2019-01-01","checkout":"2019-01-01"},"additionalneeds":"Breakfast"}"
21:53:10.535 [Test worker] DEBUG org.apache.http.wire - http-outgoing-0 << "HTTP/1.1 200 OK[\r][\n]"
21:53:10.535 [Test worker] DEBUG org.apache.http.wire - http-outgoing-0 << "Server: Cowboy[\r][\n]"
21:53:10.535 [Test worker] DEBUG org.apache.http.wire - http-outgoing-0 << "Connection: keep-alive[\r][\n]"
21:53:10.535 [Test worker] DEBUG org.apache.http.wire - http-outgoing-0 << "X-Powered-By: Express[\r][\n]"
21:53:10.536 [Test worker] DEBUG org.apache.http.wire - http-outgoing-0 << "Content-Type: application/json; charset=utf-8[\r][\n]"
21:53:10.536 [Test worker] DEBUG org.apache.http.wire - http-outgoing-0 << "Content-Length: 196[\r][\n]"
21:53:10.536 [Test worker] DEBUG org.apache.http.wire - http-outgoing-0 << "Etag: W/"c4-GS8e+tyNebcgsKIiwBGmUrPQVU8"[\r][\n]"
21:53:10.536 [Test worker] DEBUG org.apache.http.wire - http-outgoing-0 << "Date: Sat, 18 Mar 2023 02:53:10 GMT[\r][\n]"
21:53:10.536 [Test worker] DEBUG org.apache.http.wire - http-outgoing-0 << "Via: 1.1 vegur[\r][\n]"
21:53:10.536 [Test worker] DEBUG org.apache.http.wire - http-outgoing-0 << "[\r][\n]"
21:53:10.536 [Test worker] DEBUG org.apache.http.wire - http-outgoing-0 << "{"bookingid":271,"booking":{"firstname":"Jim","lastname":"Brown","totalprice":111,"depositpaid":true,"bookingdates":{"checkin":"2019-01-01","checkout":"2019-01-01"},"additionalneeds":"Breakfast"}}"
21:53:10.543 [Test worker] DEBUG org.apache.http.headers - http-outgoing-0 << HTTP/1.1 200 OK
21:53:10.543 [Test worker] DEBUG org.apache.http.headers - http-outgoing-0 << Server: Cowboy
21:53:10.543 [Test worker] DEBUG org.apache.http.headers - http-outgoing-0 << Connection: keep-alive
21:53:10.543 [Test worker] DEBUG org.apache.http.headers - http-outgoing-0 << X-Powered-By: Express
21:53:10.543 [Test worker] DEBUG org.apache.http.headers - http-outgoing-0 << Content-Type: application/json; charset=utf-8
21:53:10.543 [Test worker] DEBUG org.apache.http.headers - http-outgoing-0 << Content-Length: 196
21:53:10.543 [Test worker] DEBUG org.apache.http.headers - http-outgoing-0 << Etag: W/"c4-GS8e+tyNebcgsKIiwBGmUrPQVU8"
21:53:10.543 [Test worker] DEBUG org.apache.http.headers - http-outgoing-0 << Date: Sat, 18 Mar 2023 02:53:10 GMT
21:53:10.543 [Test worker] DEBUG org.apache.http.headers - http-outgoing-0 << Via: 1.1 vegur
21:53:10.550 [Test worker] DEBUG org.apache.http.impl.execchain.MainClientExec - Connection can be kept alive indefinitely
21:53:10.555 [Test worker] DEBUG org.apache.http.impl.conn.PoolingHttpClientConnectionManager - Connection [id: 0][route: {s}->https://restful-booker.herokuapp.com:443] can be kept alive indefinitely
21:53:10.555 [Test worker] DEBUG org.apache.http.impl.conn.DefaultManagedHttpClientConnection - http-outgoing-0: set socket timeout to 0
21:53:10.555 [Test worker] DEBUG org.apache.http.impl.conn.PoolingHttpClientConnectionManager - Connection released: [id: 0][route: {s}->https://restful-booker.herokuapp.com:443][total available: 1; route allocated: 1 of 5; total allocated: 1 of 10]
21:53:10.559 [Test worker] DEBUG com.intuit.karate - response time in milliseconds: 813
1 < 200
1 < Server: Cowboy
1 < Connection: keep-alive
1 < X-Powered-By: Express
1 < Content-Type: application/json; charset=utf-8
1 < Content-Length: 196
1 < Etag: W/"c4-GS8e+tyNebcgsKIiwBGmUrPQVU8"
1 < Date: Sat, 18 Mar 2023 02:53:10 GMT
1 < Via: 1.1 vegur
{"bookingid":271,"booking":{"firstname":"Jim","lastname":"Brown","totalprice":111,"depositpaid":true,"bookingdates":{"checkin":"2019-01-01","checkout":"2019-01-01"},"additionalneeds":"Breakfast"}}

21:53:10.569 [Test worker] INFO com.intuit.karate - [print] {
  "bookingid": 271,
  "booking": {
    "firstname": "Jim",
    "lastname": "Brown",
    "totalprice": 111,
    "depositpaid": true,
    "bookingdates": {
      "checkin": "2019-01-01",
      "checkout": "2019-01-01"
    },
    "additionalneeds": "Breakfast"
  }
}
 
21:53:10.578 [Test worker] DEBUG com.jayway.jsonpath.internal.path.CompiledPath - Evaluating path: $
21:53:10.642 [Test worker] DEBUG com.jayway.jsonpath.internal.path.CompiledPath - Evaluating path: $
21:53:10.647 [Test worker] DEBUG org.apache.http.client.protocol.RequestAddCookies - CookieSpec selected: karate
21:53:10.647 [Test worker] DEBUG org.apache.http.client.protocol.RequestAuthCache - Auth cache not set in the context
21:53:10.647 [Test worker] DEBUG com.intuit.karate - request:
1 > POST https://restful-booker.herokuapp.com/booking
1 > Content-Type: application/json; charset=UTF-8
1 > Accept: application/json
1 > Content-Length: 172
1 > Host: restful-booker.herokuapp.com
1 > Connection: Keep-Alive
1 > User-Agent: Apache-HttpClient/4.5.13 (Java/11.0.8)
1 > Accept-Encoding: gzip,deflate
{"firstname":"Dylan","lastname":"Llano","totalprice":111,"depositpaid":"true","bookingdates":{"checkin":"2019-01-01","checkout":"2019-01-01"},"additionalneeds":"Breakfast"}

21:53:10.648 [Test worker] DEBUG org.apache.http.impl.conn.PoolingHttpClientConnectionManager - Connection request: [route: {s}->https://restful-booker.herokuapp.com:443][total available: 0; route allocated: 0 of 5; total allocated: 0 of 10]
21:53:10.648 [Test worker] DEBUG org.apache.http.impl.conn.PoolingHttpClientConnectionManager - Connection leased: [id: 1][route: {s}->https://restful-booker.herokuapp.com:443][total available: 0; route allocated: 1 of 5; total allocated: 1 of 10]
21:53:10.648 [Test worker] DEBUG org.apache.http.impl.execchain.MainClientExec - Opening connection {s}->https://restful-booker.herokuapp.com:443
21:53:10.649 [Test worker] DEBUG org.apache.http.impl.conn.DefaultHttpClientConnectionOperator - Connecting to restful-booker.herokuapp.com/3.209.172.72:443
21:53:10.649 [Test worker] DEBUG org.apache.http.conn.ssl.LenientSslConnectionSocketFactory - Connecting socket to restful-booker.herokuapp.com/3.209.172.72:443 with timeout 15000
21:53:10.730 [Test worker] DEBUG org.apache.http.conn.ssl.LenientSslConnectionSocketFactory - Enabled protocols: [TLSv1.3, TLSv1.2, TLSv1.1, TLSv1]
21:53:10.730 [Test worker] DEBUG org.apache.http.conn.ssl.LenientSslConnectionSocketFactory - Enabled cipher suites:[TLS_AES_128_GCM_SHA256, TLS_AES_256_GCM_SHA384, TLS_ECDHE_ECDSA_WITH_AES_256_GCM_SHA384, TLS_ECDHE_ECDSA_WITH_AES_128_GCM_SHA256, TLS_ECDHE_RSA_WITH_AES_256_GCM_SHA384, TLS_RSA_WITH_AES_256_GCM_SHA384, TLS_ECDH_ECDSA_WITH_AES_256_GCM_SHA384, TLS_ECDH_RSA_WITH_AES_256_GCM_SHA384, TLS_DHE_RSA_WITH_AES_256_GCM_SHA384, TLS_DHE_DSS_WITH_AES_256_GCM_SHA384, TLS_ECDHE_RSA_WITH_AES_128_GCM_SHA256, TLS_RSA_WITH_AES_128_GCM_SHA256, TLS_ECDH_ECDSA_WITH_AES_128_GCM_SHA256, TLS_ECDH_RSA_WITH_AES_128_GCM_SHA256, TLS_DHE_RSA_WITH_AES_128_GCM_SHA256, TLS_DHE_DSS_WITH_AES_128_GCM_SHA256, TLS_ECDHE_ECDSA_WITH_AES_256_CBC_SHA384, TLS_ECDHE_RSA_WITH_AES_256_CBC_SHA384, TLS_RSA_WITH_AES_256_CBC_SHA256, TLS_ECDH_ECDSA_WITH_AES_256_CBC_SHA384, TLS_ECDH_RSA_WITH_AES_256_CBC_SHA384, TLS_DHE_RSA_WITH_AES_256_CBC_SHA256, TLS_DHE_DSS_WITH_AES_256_CBC_SHA256, TLS_ECDHE_ECDSA_WITH_AES_256_CBC_SHA, TLS_ECDHE_RSA_WITH_AES_256_CBC_SHA, TLS_RSA_WITH_AES_256_CBC_SHA, TLS_ECDH_ECDSA_WITH_AES_256_CBC_SHA, TLS_ECDH_RSA_WITH_AES_256_CBC_SHA, TLS_DHE_RSA_WITH_AES_256_CBC_SHA, TLS_DHE_DSS_WITH_AES_256_CBC_SHA, TLS_ECDHE_ECDSA_WITH_AES_128_CBC_SHA256, TLS_ECDHE_RSA_WITH_AES_128_CBC_SHA256, TLS_RSA_WITH_AES_128_CBC_SHA256, TLS_ECDH_ECDSA_WITH_AES_128_CBC_SHA256, TLS_ECDH_RSA_WITH_AES_128_CBC_SHA256, TLS_DHE_RSA_WITH_AES_128_CBC_SHA256, TLS_DHE_DSS_WITH_AES_128_CBC_SHA256, TLS_ECDHE_ECDSA_WITH_AES_128_CBC_SHA, TLS_ECDHE_RSA_WITH_AES_128_CBC_SHA, TLS_RSA_WITH_AES_128_CBC_SHA, TLS_ECDH_ECDSA_WITH_AES_128_CBC_SHA, TLS_ECDH_RSA_WITH_AES_128_CBC_SHA, TLS_DHE_RSA_WITH_AES_128_CBC_SHA, TLS_DHE_DSS_WITH_AES_128_CBC_SHA, TLS_EMPTY_RENEGOTIATION_INFO_SCSV]
21:53:10.730 [Test worker] DEBUG org.apache.http.conn.ssl.LenientSslConnectionSocketFactory - Starting handshake
21:53:10.906 [Test worker] DEBUG org.apache.http.conn.ssl.LenientSslConnectionSocketFactory - Secure session established
21:53:10.907 [Test worker] DEBUG org.apache.http.conn.ssl.LenientSslConnectionSocketFactory -  negotiated protocol: TLSv1.2
21:53:10.907 [Test worker] DEBUG org.apache.http.conn.ssl.LenientSslConnectionSocketFactory -  negotiated cipher suite: TLS_ECDHE_RSA_WITH_AES_128_GCM_SHA256
21:53:10.907 [Test worker] DEBUG org.apache.http.conn.ssl.LenientSslConnectionSocketFactory -  peer principal: CN=*.herokuapp.com
21:53:10.907 [Test worker] DEBUG org.apache.http.conn.ssl.LenientSslConnectionSocketFactory -  peer alternative names: [*.herokuapp.com]
21:53:10.907 [Test worker] DEBUG org.apache.http.conn.ssl.LenientSslConnectionSocketFactory -  issuer principal: CN=Amazon RSA 2048 M02, O=Amazon, C=US
21:53:10.907 [Test worker] DEBUG org.apache.http.impl.conn.DefaultHttpClientConnectionOperator - Connection established 192.168.20.32:51594<->3.209.172.72:443
21:53:10.907 [Test worker] DEBUG org.apache.http.impl.conn.DefaultManagedHttpClientConnection - http-outgoing-1: set socket timeout to 15000
21:53:10.907 [Test worker] DEBUG org.apache.http.impl.execchain.MainClientExec - Executing request POST /booking HTTP/1.1
21:53:10.907 [Test worker] DEBUG org.apache.http.impl.execchain.MainClientExec - Target auth state: UNCHALLENGED
21:53:10.907 [Test worker] DEBUG org.apache.http.impl.execchain.MainClientExec - Proxy auth state: UNCHALLENGED
21:53:10.907 [Test worker] DEBUG org.apache.http.headers - http-outgoing-1 >> POST /booking HTTP/1.1
21:53:10.907 [Test worker] DEBUG org.apache.http.headers - http-outgoing-1 >> Content-Type: application/json; charset=UTF-8
21:53:10.907 [Test worker] DEBUG org.apache.http.headers - http-outgoing-1 >> Accept: application/json
21:53:10.907 [Test worker] DEBUG org.apache.http.headers - http-outgoing-1 >> Content-Length: 172
21:53:10.907 [Test worker] DEBUG org.apache.http.headers - http-outgoing-1 >> Host: restful-booker.herokuapp.com
21:53:10.908 [Test worker] DEBUG org.apache.http.headers - http-outgoing-1 >> Connection: Keep-Alive
21:53:10.908 [Test worker] DEBUG org.apache.http.headers - http-outgoing-1 >> User-Agent: Apache-HttpClient/4.5.13 (Java/11.0.8)
21:53:10.908 [Test worker] DEBUG org.apache.http.headers - http-outgoing-1 >> Accept-Encoding: gzip,deflate
21:53:10.908 [Test worker] DEBUG org.apache.http.wire - http-outgoing-1 >> "POST /booking HTTP/1.1[\r][\n]"
21:53:10.908 [Test worker] DEBUG org.apache.http.wire - http-outgoing-1 >> "Content-Type: application/json; charset=UTF-8[\r][\n]"
21:53:10.908 [Test worker] DEBUG org.apache.http.wire - http-outgoing-1 >> "Accept: application/json[\r][\n]"
21:53:10.908 [Test worker] DEBUG org.apache.http.wire - http-outgoing-1 >> "Content-Length: 172[\r][\n]"
21:53:10.908 [Test worker] DEBUG org.apache.http.wire - http-outgoing-1 >> "Host: restful-booker.herokuapp.com[\r][\n]"
21:53:10.908 [Test worker] DEBUG org.apache.http.wire - http-outgoing-1 >> "Connection: Keep-Alive[\r][\n]"
21:53:10.908 [Test worker] DEBUG org.apache.http.wire - http-outgoing-1 >> "User-Agent: Apache-HttpClient/4.5.13 (Java/11.0.8)[\r][\n]"
21:53:10.908 [Test worker] DEBUG org.apache.http.wire - http-outgoing-1 >> "Accept-Encoding: gzip,deflate[\r][\n]"
21:53:10.908 [Test worker] DEBUG org.apache.http.wire - http-outgoing-1 >> "[\r][\n]"
21:53:10.908 [Test worker] DEBUG org.apache.http.wire - http-outgoing-1 >> "{"firstname":"Dylan","lastname":"Llano","totalprice":111,"depositpaid":"true","bookingdates":{"checkin":"2019-01-01","checkout":"2019-01-01"},"additionalneeds":"Breakfast"}"
21:53:10.996 [Test worker] DEBUG org.apache.http.wire - http-outgoing-1 << "HTTP/1.1 200 OK[\r][\n]"
21:53:10.997 [Test worker] DEBUG org.apache.http.wire - http-outgoing-1 << "Server: Cowboy[\r][\n]"
21:53:10.998 [Test worker] DEBUG org.apache.http.wire - http-outgoing-1 << "Connection: keep-alive[\r][\n]"
21:53:10.998 [Test worker] DEBUG org.apache.http.wire - http-outgoing-1 << "X-Powered-By: Express[\r][\n]"
21:53:10.998 [Test worker] DEBUG org.apache.http.wire - http-outgoing-1 << "Content-Type: application/json; charset=utf-8[\r][\n]"
21:53:10.998 [Test worker] DEBUG org.apache.http.wire - http-outgoing-1 << "Content-Length: 198[\r][\n]"
21:53:10.998 [Test worker] DEBUG org.apache.http.wire - http-outgoing-1 << "Etag: W/"c6-oo8/bxOIw9nVE3B7VjQlh6h8Fvw"[\r][\n]"
21:53:10.998 [Test worker] DEBUG org.apache.http.wire - http-outgoing-1 << "Date: Sat, 18 Mar 2023 02:53:11 GMT[\r][\n]"
21:53:10.998 [Test worker] DEBUG org.apache.http.wire - http-outgoing-1 << "Via: 1.1 vegur[\r][\n]"
21:53:10.998 [Test worker] DEBUG org.apache.http.wire - http-outgoing-1 << "[\r][\n]"
21:53:10.998 [Test worker] DEBUG org.apache.http.wire - http-outgoing-1 << "{"bookingid":277,"booking":{"firstname":"Dylan","lastname":"Llano","totalprice":111,"depositpaid":true,"bookingdates":{"checkin":"2019-01-01","checkout":"2019-01-01"},"additionalneeds":"Breakfast"}}"
21:53:10.998 [Test worker] DEBUG org.apache.http.headers - http-outgoing-1 << HTTP/1.1 200 OK
21:53:10.999 [Test worker] DEBUG org.apache.http.headers - http-outgoing-1 << Server: Cowboy
21:53:10.999 [Test worker] DEBUG org.apache.http.headers - http-outgoing-1 << Connection: keep-alive
21:53:10.999 [Test worker] DEBUG org.apache.http.headers - http-outgoing-1 << X-Powered-By: Express
21:53:10.999 [Test worker] DEBUG org.apache.http.headers - http-outgoing-1 << Content-Type: application/json; charset=utf-8
21:53:10.999 [Test worker] DEBUG org.apache.http.headers - http-outgoing-1 << Content-Length: 198
21:53:10.999 [Test worker] DEBUG org.apache.http.headers - http-outgoing-1 << Etag: W/"c6-oo8/bxOIw9nVE3B7VjQlh6h8Fvw"
21:53:10.999 [Test worker] DEBUG org.apache.http.headers - http-outgoing-1 << Date: Sat, 18 Mar 2023 02:53:11 GMT
21:53:10.999 [Test worker] DEBUG org.apache.http.headers - http-outgoing-1 << Via: 1.1 vegur
21:53:10.999 [Test worker] DEBUG org.apache.http.impl.execchain.MainClientExec - Connection can be kept alive indefinitely
21:53:11.001 [Test worker] DEBUG org.apache.http.impl.conn.PoolingHttpClientConnectionManager - Connection [id: 1][route: {s}->https://restful-booker.herokuapp.com:443] can be kept alive indefinitely
21:53:11.001 [Test worker] DEBUG org.apache.http.impl.conn.DefaultManagedHttpClientConnection - http-outgoing-1: set socket timeout to 0
21:53:11.001 [Test worker] DEBUG org.apache.http.impl.conn.PoolingHttpClientConnectionManager - Connection released: [id: 1][route: {s}->https://restful-booker.herokuapp.com:443][total available: 1; route allocated: 1 of 5; total allocated: 1 of 10]
21:53:11.002 [Test worker] DEBUG com.intuit.karate - response time in milliseconds: 353
1 < 200
1 < Server: Cowboy
1 < Connection: keep-alive
1 < X-Powered-By: Express
1 < Content-Type: application/json; charset=utf-8
1 < Content-Length: 198
1 < Etag: W/"c6-oo8/bxOIw9nVE3B7VjQlh6h8Fvw"
1 < Date: Sat, 18 Mar 2023 02:53:11 GMT
1 < Via: 1.1 vegur
{"bookingid":277,"booking":{"firstname":"Dylan","lastname":"Llano","totalprice":111,"depositpaid":true,"bookingdates":{"checkin":"2019-01-01","checkout":"2019-01-01"},"additionalneeds":"Breakfast"}}

21:53:11.005 [Test worker] INFO com.intuit.karate - [print] {
  "bookingid": 277,
  "booking": {
    "firstname": "Dylan",
    "lastname": "Llano",
    "totalprice": 111,
    "depositpaid": true,
    "bookingdates": {
      "checkin": "2019-01-01",
      "checkout": "2019-01-01"
    },
    "additionalneeds": "Breakfast"
  }
}
 
21:53:11.007 [Test worker] DEBUG com.jayway.jsonpath.internal.path.CompiledPath - Evaluating path: $
21:53:11.041 [Test worker] DEBUG com.jayway.jsonpath.internal.path.CompiledPath - Evaluating path: $
21:53:11.046 [Test worker] DEBUG org.apache.http.client.protocol.RequestAddCookies - CookieSpec selected: karate
21:53:11.046 [Test worker] DEBUG org.apache.http.client.protocol.RequestAuthCache - Auth cache not set in the context
21:53:11.046 [Test worker] DEBUG com.intuit.karate - request:
1 > POST https://restful-booker.herokuapp.com/booking
1 > Content-Type: application/json; charset=UTF-8
1 > Accept: application/json
1 > Content-Length: 163
1 > Host: restful-booker.herokuapp.com
1 > Connection: Keep-Alive
1 > User-Agent: Apache-HttpClient/4.5.13 (Java/11.0.8)
1 > Accept-Encoding: gzip,deflate
{"firstname":"Jim","lastname":"","totalprice":111,"depositpaid":true,"bookingdates":{"checkin":"2019-01-01","checkout":"2019-01-01"},"additionalneeds":"Breakfast"}

21:53:11.047 [Test worker] DEBUG org.apache.http.impl.conn.PoolingHttpClientConnectionManager - Connection request: [route: {s}->https://restful-booker.herokuapp.com:443][total available: 0; route allocated: 0 of 5; total allocated: 0 of 10]
21:53:11.047 [Test worker] DEBUG org.apache.http.impl.conn.PoolingHttpClientConnectionManager - Connection leased: [id: 2][route: {s}->https://restful-booker.herokuapp.com:443][total available: 0; route allocated: 1 of 5; total allocated: 1 of 10]
21:53:11.047 [Test worker] DEBUG org.apache.http.impl.execchain.MainClientExec - Opening connection {s}->https://restful-booker.herokuapp.com:443
21:53:11.047 [Test worker] DEBUG org.apache.http.impl.conn.DefaultHttpClientConnectionOperator - Connecting to restful-booker.herokuapp.com/3.209.172.72:443
21:53:11.047 [Test worker] DEBUG org.apache.http.conn.ssl.LenientSslConnectionSocketFactory - Connecting socket to restful-booker.herokuapp.com/3.209.172.72:443 with timeout 15000
21:53:11.127 [Test worker] DEBUG org.apache.http.conn.ssl.LenientSslConnectionSocketFactory - Enabled protocols: [TLSv1.3, TLSv1.2, TLSv1.1, TLSv1]
21:53:11.128 [Test worker] DEBUG org.apache.http.conn.ssl.LenientSslConnectionSocketFactory - Enabled cipher suites:[TLS_AES_128_GCM_SHA256, TLS_AES_256_GCM_SHA384, TLS_ECDHE_ECDSA_WITH_AES_256_GCM_SHA384, TLS_ECDHE_ECDSA_WITH_AES_128_GCM_SHA256, TLS_ECDHE_RSA_WITH_AES_256_GCM_SHA384, TLS_RSA_WITH_AES_256_GCM_SHA384, TLS_ECDH_ECDSA_WITH_AES_256_GCM_SHA384, TLS_ECDH_RSA_WITH_AES_256_GCM_SHA384, TLS_DHE_RSA_WITH_AES_256_GCM_SHA384, TLS_DHE_DSS_WITH_AES_256_GCM_SHA384, TLS_ECDHE_RSA_WITH_AES_128_GCM_SHA256, TLS_RSA_WITH_AES_128_GCM_SHA256, TLS_ECDH_ECDSA_WITH_AES_128_GCM_SHA256, TLS_ECDH_RSA_WITH_AES_128_GCM_SHA256, TLS_DHE_RSA_WITH_AES_128_GCM_SHA256, TLS_DHE_DSS_WITH_AES_128_GCM_SHA256, TLS_ECDHE_ECDSA_WITH_AES_256_CBC_SHA384, TLS_ECDHE_RSA_WITH_AES_256_CBC_SHA384, TLS_RSA_WITH_AES_256_CBC_SHA256, TLS_ECDH_ECDSA_WITH_AES_256_CBC_SHA384, TLS_ECDH_RSA_WITH_AES_256_CBC_SHA384, TLS_DHE_RSA_WITH_AES_256_CBC_SHA256, TLS_DHE_DSS_WITH_AES_256_CBC_SHA256, TLS_ECDHE_ECDSA_WITH_AES_256_CBC_SHA, TLS_ECDHE_RSA_WITH_AES_256_CBC_SHA, TLS_RSA_WITH_AES_256_CBC_SHA, TLS_ECDH_ECDSA_WITH_AES_256_CBC_SHA, TLS_ECDH_RSA_WITH_AES_256_CBC_SHA, TLS_DHE_RSA_WITH_AES_256_CBC_SHA, TLS_DHE_DSS_WITH_AES_256_CBC_SHA, TLS_ECDHE_ECDSA_WITH_AES_128_CBC_SHA256, TLS_ECDHE_RSA_WITH_AES_128_CBC_SHA256, TLS_RSA_WITH_AES_128_CBC_SHA256, TLS_ECDH_ECDSA_WITH_AES_128_CBC_SHA256, TLS_ECDH_RSA_WITH_AES_128_CBC_SHA256, TLS_DHE_RSA_WITH_AES_128_CBC_SHA256, TLS_DHE_DSS_WITH_AES_128_CBC_SHA256, TLS_ECDHE_ECDSA_WITH_AES_128_CBC_SHA, TLS_ECDHE_RSA_WITH_AES_128_CBC_SHA, TLS_RSA_WITH_AES_128_CBC_SHA, TLS_ECDH_ECDSA_WITH_AES_128_CBC_SHA, TLS_ECDH_RSA_WITH_AES_128_CBC_SHA, TLS_DHE_RSA_WITH_AES_128_CBC_SHA, TLS_DHE_DSS_WITH_AES_128_CBC_SHA, TLS_EMPTY_RENEGOTIATION_INFO_SCSV]
21:53:11.128 [Test worker] DEBUG org.apache.http.conn.ssl.LenientSslConnectionSocketFactory - Starting handshake
21:53:11.312 [Test worker] DEBUG org.apache.http.conn.ssl.LenientSslConnectionSocketFactory - Secure session established
21:53:11.312 [Test worker] DEBUG org.apache.http.conn.ssl.LenientSslConnectionSocketFactory -  negotiated protocol: TLSv1.2
21:53:11.312 [Test worker] DEBUG org.apache.http.conn.ssl.LenientSslConnectionSocketFactory -  negotiated cipher suite: TLS_ECDHE_RSA_WITH_AES_128_GCM_SHA256
21:53:11.312 [Test worker] DEBUG org.apache.http.conn.ssl.LenientSslConnectionSocketFactory -  peer principal: CN=*.herokuapp.com
21:53:11.312 [Test worker] DEBUG org.apache.http.conn.ssl.LenientSslConnectionSocketFactory -  peer alternative names: [*.herokuapp.com]
21:53:11.312 [Test worker] DEBUG org.apache.http.conn.ssl.LenientSslConnectionSocketFactory -  issuer principal: CN=Amazon RSA 2048 M02, O=Amazon, C=US
21:53:11.313 [Test worker] DEBUG org.apache.http.impl.conn.DefaultHttpClientConnectionOperator - Connection established 192.168.20.32:51595<->3.209.172.72:443
21:53:11.313 [Test worker] DEBUG org.apache.http.impl.conn.DefaultManagedHttpClientConnection - http-outgoing-2: set socket timeout to 15000
21:53:11.313 [Test worker] DEBUG org.apache.http.impl.execchain.MainClientExec - Executing request POST /booking HTTP/1.1
21:53:11.313 [Test worker] DEBUG org.apache.http.impl.execchain.MainClientExec - Target auth state: UNCHALLENGED
21:53:11.313 [Test worker] DEBUG org.apache.http.impl.execchain.MainClientExec - Proxy auth state: UNCHALLENGED
21:53:11.313 [Test worker] DEBUG org.apache.http.headers - http-outgoing-2 >> POST /booking HTTP/1.1
21:53:11.313 [Test worker] DEBUG org.apache.http.headers - http-outgoing-2 >> Content-Type: application/json; charset=UTF-8
21:53:11.313 [Test worker] DEBUG org.apache.http.headers - http-outgoing-2 >> Accept: application/json
21:53:11.313 [Test worker] DEBUG org.apache.http.headers - http-outgoing-2 >> Content-Length: 163
21:53:11.314 [Test worker] DEBUG org.apache.http.headers - http-outgoing-2 >> Host: restful-booker.herokuapp.com
21:53:11.314 [Test worker] DEBUG org.apache.http.headers - http-outgoing-2 >> Connection: Keep-Alive
21:53:11.314 [Test worker] DEBUG org.apache.http.headers - http-outgoing-2 >> User-Agent: Apache-HttpClient/4.5.13 (Java/11.0.8)
21:53:11.314 [Test worker] DEBUG org.apache.http.headers - http-outgoing-2 >> Accept-Encoding: gzip,deflate
21:53:11.314 [Test worker] DEBUG org.apache.http.wire - http-outgoing-2 >> "POST /booking HTTP/1.1[\r][\n]"
21:53:11.314 [Test worker] DEBUG org.apache.http.wire - http-outgoing-2 >> "Content-Type: application/json; charset=UTF-8[\r][\n]"
21:53:11.314 [Test worker] DEBUG org.apache.http.wire - http-outgoing-2 >> "Accept: application/json[\r][\n]"
21:53:11.314 [Test worker] DEBUG org.apache.http.wire - http-outgoing-2 >> "Content-Length: 163[\r][\n]"
21:53:11.314 [Test worker] DEBUG org.apache.http.wire - http-outgoing-2 >> "Host: restful-booker.herokuapp.com[\r][\n]"
21:53:11.314 [Test worker] DEBUG org.apache.http.wire - http-outgoing-2 >> "Connection: Keep-Alive[\r][\n]"
21:53:11.314 [Test worker] DEBUG org.apache.http.wire - http-outgoing-2 >> "User-Agent: Apache-HttpClient/4.5.13 (Java/11.0.8)[\r][\n]"
21:53:11.314 [Test worker] DEBUG org.apache.http.wire - http-outgoing-2 >> "Accept-Encoding: gzip,deflate[\r][\n]"
21:53:11.314 [Test worker] DEBUG org.apache.http.wire - http-outgoing-2 >> "[\r][\n]"
21:53:11.314 [Test worker] DEBUG org.apache.http.wire - http-outgoing-2 >> "{"firstname":"Jim","lastname":"","totalprice":111,"depositpaid":true,"bookingdates":{"checkin":"2019-01-01","checkout":"2019-01-01"},"additionalneeds":"Breakfast"}"
21:53:11.387 [Test worker] DEBUG org.apache.http.wire - http-outgoing-2 << "HTTP/1.1 200 OK[\r][\n]"
21:53:11.387 [Test worker] DEBUG org.apache.http.wire - http-outgoing-2 << "Server: Cowboy[\r][\n]"
21:53:11.387 [Test worker] DEBUG org.apache.http.wire - http-outgoing-2 << "Connection: keep-alive[\r][\n]"
21:53:11.387 [Test worker] DEBUG org.apache.http.wire - http-outgoing-2 << "X-Powered-By: Express[\r][\n]"
21:53:11.387 [Test worker] DEBUG org.apache.http.wire - http-outgoing-2 << "Content-Type: application/json; charset=utf-8[\r][\n]"
21:53:11.387 [Test worker] DEBUG org.apache.http.wire - http-outgoing-2 << "Content-Length: 191[\r][\n]"
21:53:11.387 [Test worker] DEBUG org.apache.http.wire - http-outgoing-2 << "Etag: W/"bf-/qQPZvyWG28H3gP5qiOv72ySK5g"[\r][\n]"
21:53:11.387 [Test worker] DEBUG org.apache.http.wire - http-outgoing-2 << "Date: Sat, 18 Mar 2023 02:53:11 GMT[\r][\n]"
21:53:11.387 [Test worker] DEBUG org.apache.http.wire - http-outgoing-2 << "Via: 1.1 vegur[\r][\n]"
21:53:11.387 [Test worker] DEBUG org.apache.http.wire - http-outgoing-2 << "[\r][\n]"
21:53:11.387 [Test worker] DEBUG org.apache.http.wire - http-outgoing-2 << "{"bookingid":284,"booking":{"firstname":"Jim","lastname":"","totalprice":111,"depositpaid":true,"bookingdates":{"checkin":"2019-01-01","checkout":"2019-01-01"},"additionalneeds":"Breakfast"}}"
21:53:11.388 [Test worker] DEBUG org.apache.http.headers - http-outgoing-2 << HTTP/1.1 200 OK
21:53:11.388 [Test worker] DEBUG org.apache.http.headers - http-outgoing-2 << Server: Cowboy
21:53:11.388 [Test worker] DEBUG org.apache.http.headers - http-outgoing-2 << Connection: keep-alive
21:53:11.389 [Test worker] DEBUG org.apache.http.headers - http-outgoing-2 << X-Powered-By: Express
21:53:11.389 [Test worker] DEBUG org.apache.http.headers - http-outgoing-2 << Content-Type: application/json; charset=utf-8
21:53:11.389 [Test worker] DEBUG org.apache.http.headers - http-outgoing-2 << Content-Length: 191
21:53:11.389 [Test worker] DEBUG org.apache.http.headers - http-outgoing-2 << Etag: W/"bf-/qQPZvyWG28H3gP5qiOv72ySK5g"
21:53:11.389 [Test worker] DEBUG org.apache.http.headers - http-outgoing-2 << Date: Sat, 18 Mar 2023 02:53:11 GMT
21:53:11.404 [Test worker] DEBUG org.apache.http.headers - http-outgoing-2 << Via: 1.1 vegur
21:53:11.404 [Test worker] DEBUG org.apache.http.impl.execchain.MainClientExec - Connection can be kept alive indefinitely
21:53:11.405 [Test worker] DEBUG org.apache.http.impl.conn.PoolingHttpClientConnectionManager - Connection [id: 2][route: {s}->https://restful-booker.herokuapp.com:443] can be kept alive indefinitely
21:53:11.405 [Test worker] DEBUG org.apache.http.impl.conn.DefaultManagedHttpClientConnection - http-outgoing-2: set socket timeout to 0
21:53:11.406 [Test worker] DEBUG org.apache.http.impl.conn.PoolingHttpClientConnectionManager - Connection released: [id: 2][route: {s}->https://restful-booker.herokuapp.com:443][total available: 1; route allocated: 1 of 5; total allocated: 1 of 10]
21:53:11.406 [Test worker] DEBUG com.intuit.karate - response time in milliseconds: 359
1 < 200
1 < Server: Cowboy
1 < Connection: keep-alive
1 < X-Powered-By: Express
1 < Content-Type: application/json; charset=utf-8
1 < Content-Length: 191
1 < Etag: W/"bf-/qQPZvyWG28H3gP5qiOv72ySK5g"
1 < Date: Sat, 18 Mar 2023 02:53:11 GMT
1 < Via: 1.1 vegur
{"bookingid":284,"booking":{"firstname":"Jim","lastname":"","totalprice":111,"depositpaid":true,"bookingdates":{"checkin":"2019-01-01","checkout":"2019-01-01"},"additionalneeds":"Breakfast"}}

21:53:11.409 [Test worker] INFO com.intuit.karate - [print] {
  "bookingid": 284,
  "booking": {
    "firstname": "Jim",
    "lastname": "",
    "totalprice": 111,
    "depositpaid": true,
    "bookingdates": {
      "checkin": "2019-01-01",
      "checkout": "2019-01-01"
    },
    "additionalneeds": "Breakfast"
  }
}
 
21:53:11.430 [Test worker] DEBUG com.jayway.jsonpath.internal.path.CompiledPath - Evaluating path: $
21:53:11.435 [Test worker] DEBUG org.apache.http.client.protocol.RequestAddCookies - CookieSpec selected: karate
21:53:11.436 [Test worker] DEBUG org.apache.http.client.protocol.RequestAuthCache - Auth cache not set in the context
21:53:11.436 [Test worker] DEBUG com.intuit.karate - request:
1 > POST https://restful-booker.herokuapp.com/booking
1 > Content-Type: application/json; charset=UTF-8
1 > Accept: application/json
1 > Content-Length: 165
1 > Host: restful-booker.herokuapp.com
1 > Connection: Keep-Alive
1 > User-Agent: Apache-HttpClient/4.5.13 (Java/11.0.8)
1 > Accept-Encoding: gzip,deflate
{"firstname":"","lastname":"Brown","totalprice":111,"depositpaid":true,"bookingdates":{"checkin":"2019-01-01","checkout":"2019-01-01"},"additionalneeds":"Breakfast"}

21:53:11.437 [Test worker] DEBUG org.apache.http.impl.conn.PoolingHttpClientConnectionManager - Connection request: [route: {s}->https://restful-booker.herokuapp.com:443][total available: 0; route allocated: 0 of 5; total allocated: 0 of 10]
21:53:11.437 [Test worker] DEBUG org.apache.http.impl.conn.PoolingHttpClientConnectionManager - Connection leased: [id: 3][route: {s}->https://restful-booker.herokuapp.com:443][total available: 0; route allocated: 1 of 5; total allocated: 1 of 10]
21:53:11.437 [Test worker] DEBUG org.apache.http.impl.execchain.MainClientExec - Opening connection {s}->https://restful-booker.herokuapp.com:443
21:53:11.437 [Test worker] DEBUG org.apache.http.impl.conn.DefaultHttpClientConnectionOperator - Connecting to restful-booker.herokuapp.com/3.209.172.72:443
21:53:11.438 [Test worker] DEBUG org.apache.http.conn.ssl.LenientSslConnectionSocketFactory - Connecting socket to restful-booker.herokuapp.com/3.209.172.72:443 with timeout 15000
21:53:11.522 [Test worker] DEBUG org.apache.http.conn.ssl.LenientSslConnectionSocketFactory - Enabled protocols: [TLSv1.3, TLSv1.2, TLSv1.1, TLSv1]
21:53:11.522 [Test worker] DEBUG org.apache.http.conn.ssl.LenientSslConnectionSocketFactory - Enabled cipher suites:[TLS_AES_128_GCM_SHA256, TLS_AES_256_GCM_SHA384, TLS_ECDHE_ECDSA_WITH_AES_256_GCM_SHA384, TLS_ECDHE_ECDSA_WITH_AES_128_GCM_SHA256, TLS_ECDHE_RSA_WITH_AES_256_GCM_SHA384, TLS_RSA_WITH_AES_256_GCM_SHA384, TLS_ECDH_ECDSA_WITH_AES_256_GCM_SHA384, TLS_ECDH_RSA_WITH_AES_256_GCM_SHA384, TLS_DHE_RSA_WITH_AES_256_GCM_SHA384, TLS_DHE_DSS_WITH_AES_256_GCM_SHA384, TLS_ECDHE_RSA_WITH_AES_128_GCM_SHA256, TLS_RSA_WITH_AES_128_GCM_SHA256, TLS_ECDH_ECDSA_WITH_AES_128_GCM_SHA256, TLS_ECDH_RSA_WITH_AES_128_GCM_SHA256, TLS_DHE_RSA_WITH_AES_128_GCM_SHA256, TLS_DHE_DSS_WITH_AES_128_GCM_SHA256, TLS_ECDHE_ECDSA_WITH_AES_256_CBC_SHA384, TLS_ECDHE_RSA_WITH_AES_256_CBC_SHA384, TLS_RSA_WITH_AES_256_CBC_SHA256, TLS_ECDH_ECDSA_WITH_AES_256_CBC_SHA384, TLS_ECDH_RSA_WITH_AES_256_CBC_SHA384, TLS_DHE_RSA_WITH_AES_256_CBC_SHA256, TLS_DHE_DSS_WITH_AES_256_CBC_SHA256, TLS_ECDHE_ECDSA_WITH_AES_256_CBC_SHA, TLS_ECDHE_RSA_WITH_AES_256_CBC_SHA, TLS_RSA_WITH_AES_256_CBC_SHA, TLS_ECDH_ECDSA_WITH_AES_256_CBC_SHA, TLS_ECDH_RSA_WITH_AES_256_CBC_SHA, TLS_DHE_RSA_WITH_AES_256_CBC_SHA, TLS_DHE_DSS_WITH_AES_256_CBC_SHA, TLS_ECDHE_ECDSA_WITH_AES_128_CBC_SHA256, TLS_ECDHE_RSA_WITH_AES_128_CBC_SHA256, TLS_RSA_WITH_AES_128_CBC_SHA256, TLS_ECDH_ECDSA_WITH_AES_128_CBC_SHA256, TLS_ECDH_RSA_WITH_AES_128_CBC_SHA256, TLS_DHE_RSA_WITH_AES_128_CBC_SHA256, TLS_DHE_DSS_WITH_AES_128_CBC_SHA256, TLS_ECDHE_ECDSA_WITH_AES_128_CBC_SHA, TLS_ECDHE_RSA_WITH_AES_128_CBC_SHA, TLS_RSA_WITH_AES_128_CBC_SHA, TLS_ECDH_ECDSA_WITH_AES_128_CBC_SHA, TLS_ECDH_RSA_WITH_AES_128_CBC_SHA, TLS_DHE_RSA_WITH_AES_128_CBC_SHA, TLS_DHE_DSS_WITH_AES_128_CBC_SHA, TLS_EMPTY_RENEGOTIATION_INFO_SCSV]
21:53:11.522 [Test worker] DEBUG org.apache.http.conn.ssl.LenientSslConnectionSocketFactory - Starting handshake
21:53:11.694 [Test worker] DEBUG org.apache.http.conn.ssl.LenientSslConnectionSocketFactory - Secure session established
21:53:11.694 [Test worker] DEBUG org.apache.http.conn.ssl.LenientSslConnectionSocketFactory -  negotiated protocol: TLSv1.2
21:53:11.694 [Test worker] DEBUG org.apache.http.conn.ssl.LenientSslConnectionSocketFactory -  negotiated cipher suite: TLS_ECDHE_RSA_WITH_AES_128_GCM_SHA256
21:53:11.694 [Test worker] DEBUG org.apache.http.conn.ssl.LenientSslConnectionSocketFactory -  peer principal: CN=*.herokuapp.com
21:53:11.694 [Test worker] DEBUG org.apache.http.conn.ssl.LenientSslConnectionSocketFactory -  peer alternative names: [*.herokuapp.com]
21:53:11.694 [Test worker] DEBUG org.apache.http.conn.ssl.LenientSslConnectionSocketFactory -  issuer principal: CN=Amazon RSA 2048 M02, O=Amazon, C=US
21:53:11.694 [Test worker] DEBUG org.apache.http.impl.conn.DefaultHttpClientConnectionOperator - Connection established 192.168.20.32:51596<->3.209.172.72:443
21:53:11.694 [Test worker] DEBUG org.apache.http.impl.conn.DefaultManagedHttpClientConnection - http-outgoing-3: set socket timeout to 15000
21:53:11.694 [Test worker] DEBUG org.apache.http.impl.execchain.MainClientExec - Executing request POST /booking HTTP/1.1
21:53:11.694 [Test worker] DEBUG org.apache.http.impl.execchain.MainClientExec - Target auth state: UNCHALLENGED
21:53:11.695 [Test worker] DEBUG org.apache.http.impl.execchain.MainClientExec - Proxy auth state: UNCHALLENGED
21:53:11.695 [Test worker] DEBUG org.apache.http.headers - http-outgoing-3 >> POST /booking HTTP/1.1
21:53:11.695 [Test worker] DEBUG org.apache.http.headers - http-outgoing-3 >> Content-Type: application/json; charset=UTF-8
21:53:11.695 [Test worker] DEBUG org.apache.http.headers - http-outgoing-3 >> Accept: application/json
21:53:11.695 [Test worker] DEBUG org.apache.http.headers - http-outgoing-3 >> Content-Length: 165
21:53:11.695 [Test worker] DEBUG org.apache.http.headers - http-outgoing-3 >> Host: restful-booker.herokuapp.com
21:53:11.695 [Test worker] DEBUG org.apache.http.headers - http-outgoing-3 >> Connection: Keep-Alive
21:53:11.695 [Test worker] DEBUG org.apache.http.headers - http-outgoing-3 >> User-Agent: Apache-HttpClient/4.5.13 (Java/11.0.8)
21:53:11.695 [Test worker] DEBUG org.apache.http.headers - http-outgoing-3 >> Accept-Encoding: gzip,deflate
21:53:11.695 [Test worker] DEBUG org.apache.http.wire - http-outgoing-3 >> "POST /booking HTTP/1.1[\r][\n]"
21:53:11.695 [Test worker] DEBUG org.apache.http.wire - http-outgoing-3 >> "Content-Type: application/json; charset=UTF-8[\r][\n]"
21:53:11.696 [Test worker] DEBUG org.apache.http.wire - http-outgoing-3 >> "Accept: application/json[\r][\n]"
21:53:11.696 [Test worker] DEBUG org.apache.http.wire - http-outgoing-3 >> "Content-Length: 165[\r][\n]"
21:53:11.696 [Test worker] DEBUG org.apache.http.wire - http-outgoing-3 >> "Host: restful-booker.herokuapp.com[\r][\n]"
21:53:11.696 [Test worker] DEBUG org.apache.http.wire - http-outgoing-3 >> "Connection: Keep-Alive[\r][\n]"
21:53:11.696 [Test worker] DEBUG org.apache.http.wire - http-outgoing-3 >> "User-Agent: Apache-HttpClient/4.5.13 (Java/11.0.8)[\r][\n]"
21:53:11.696 [Test worker] DEBUG org.apache.http.wire - http-outgoing-3 >> "Accept-Encoding: gzip,deflate[\r][\n]"
21:53:11.696 [Test worker] DEBUG org.apache.http.wire - http-outgoing-3 >> "[\r][\n]"
21:53:11.696 [Test worker] DEBUG org.apache.http.wire - http-outgoing-3 >> "{"firstname":"","lastname":"Brown","totalprice":111,"depositpaid":true,"bookingdates":{"checkin":"2019-01-01","checkout":"2019-01-01"},"additionalneeds":"Breakfast"}"
21:53:11.773 [Test worker] DEBUG org.apache.http.wire - http-outgoing-3 << "HTTP/1.1 200 OK[\r][\n]"
21:53:11.774 [Test worker] DEBUG org.apache.http.wire - http-outgoing-3 << "Server: Cowboy[\r][\n]"
21:53:11.774 [Test worker] DEBUG org.apache.http.wire - http-outgoing-3 << "Connection: keep-alive[\r][\n]"
21:53:11.774 [Test worker] DEBUG org.apache.http.wire - http-outgoing-3 << "X-Powered-By: Express[\r][\n]"
21:53:11.774 [Test worker] DEBUG org.apache.http.wire - http-outgoing-3 << "Content-Type: application/json; charset=utf-8[\r][\n]"
21:53:11.774 [Test worker] DEBUG org.apache.http.wire - http-outgoing-3 << "Content-Length: 193[\r][\n]"
21:53:11.774 [Test worker] DEBUG org.apache.http.wire - http-outgoing-3 << "Etag: W/"c1-P3aK0EnPnFfFgFuK/1hyeVbwDxs"[\r][\n]"
21:53:11.774 [Test worker] DEBUG org.apache.http.wire - http-outgoing-3 << "Date: Sat, 18 Mar 2023 02:53:12 GMT[\r][\n]"
21:53:11.774 [Test worker] DEBUG org.apache.http.wire - http-outgoing-3 << "Via: 1.1 vegur[\r][\n]"
21:53:11.774 [Test worker] DEBUG org.apache.http.wire - http-outgoing-3 << "[\r][\n]"
21:53:11.774 [Test worker] DEBUG org.apache.http.wire - http-outgoing-3 << "{"bookingid":287,"booking":{"firstname":"","lastname":"Brown","totalprice":111,"depositpaid":true,"bookingdates":{"checkin":"2019-01-01","checkout":"2019-01-01"},"additionalneeds":"Breakfast"}}"
21:53:11.774 [Test worker] DEBUG org.apache.http.headers - http-outgoing-3 << HTTP/1.1 200 OK
21:53:11.774 [Test worker] DEBUG org.apache.http.headers - http-outgoing-3 << Server: Cowboy
21:53:11.774 [Test worker] DEBUG org.apache.http.headers - http-outgoing-3 << Connection: keep-alive
21:53:11.774 [Test worker] DEBUG org.apache.http.headers - http-outgoing-3 << X-Powered-By: Express
21:53:11.774 [Test worker] DEBUG org.apache.http.headers - http-outgoing-3 << Content-Type: application/json; charset=utf-8
21:53:11.774 [Test worker] DEBUG org.apache.http.headers - http-outgoing-3 << Content-Length: 193
21:53:11.774 [Test worker] DEBUG org.apache.http.headers - http-outgoing-3 << Etag: W/"c1-P3aK0EnPnFfFgFuK/1hyeVbwDxs"
21:53:11.774 [Test worker] DEBUG org.apache.http.headers - http-outgoing-3 << Date: Sat, 18 Mar 2023 02:53:12 GMT
21:53:11.774 [Test worker] DEBUG org.apache.http.headers - http-outgoing-3 << Via: 1.1 vegur
21:53:11.776 [Test worker] DEBUG org.apache.http.impl.execchain.MainClientExec - Connection can be kept alive indefinitely
21:53:11.776 [Test worker] DEBUG org.apache.http.impl.conn.PoolingHttpClientConnectionManager - Connection [id: 3][route: {s}->https://restful-booker.herokuapp.com:443] can be kept alive indefinitely
21:53:11.776 [Test worker] DEBUG org.apache.http.impl.conn.DefaultManagedHttpClientConnection - http-outgoing-3: set socket timeout to 0
21:53:11.776 [Test worker] DEBUG org.apache.http.impl.conn.PoolingHttpClientConnectionManager - Connection released: [id: 3][route: {s}->https://restful-booker.herokuapp.com:443][total available: 1; route allocated: 1 of 5; total allocated: 1 of 10]
21:53:11.776 [Test worker] DEBUG com.intuit.karate - response time in milliseconds: 339
1 < 200
1 < Server: Cowboy
1 < Connection: keep-alive
1 < X-Powered-By: Express
1 < Content-Type: application/json; charset=utf-8
1 < Content-Length: 193
1 < Etag: W/"c1-P3aK0EnPnFfFgFuK/1hyeVbwDxs"
1 < Date: Sat, 18 Mar 2023 02:53:12 GMT
1 < Via: 1.1 vegur
{"bookingid":287,"booking":{"firstname":"","lastname":"Brown","totalprice":111,"depositpaid":true,"bookingdates":{"checkin":"2019-01-01","checkout":"2019-01-01"},"additionalneeds":"Breakfast"}}

21:53:11.779 [Test worker] INFO com.intuit.karate - [print] {
  "bookingid": 287,
  "booking": {
    "firstname": "",
    "lastname": "Brown",
    "totalprice": 111,
    "depositpaid": true,
    "bookingdates": {
      "checkin": "2019-01-01",
      "checkout": "2019-01-01"
    },
    "additionalneeds": "Breakfast"
  }
}
 
21:53:11.799 [Test worker] DEBUG com.jayway.jsonpath.internal.path.CompiledPath - Evaluating path: $
21:53:11.805 [Test worker] DEBUG org.apache.http.client.protocol.RequestAddCookies - CookieSpec selected: karate
21:53:11.806 [Test worker] DEBUG org.apache.http.client.protocol.RequestAuthCache - Auth cache not set in the context
21:53:11.806 [Test worker] DEBUG com.intuit.karate - request:
1 > POST https://restful-booker.herokuapp.com/booking
1 > Content-Type: application/json; charset=UTF-8
1 > Accept: application/json
1 > Content-Length: 169
1 > Host: restful-booker.herokuapp.com
1 > Connection: Keep-Alive
1 > User-Agent: Apache-HttpClient/4.5.13 (Java/11.0.8)
1 > Accept-Encoding: gzip,deflate
{"firstname":"Jim","lastname":"Brown","totalprice":null,"depositpaid":true,"bookingdates":{"checkin":"2019-01-01","checkout":"2019-01-01"},"additionalneeds":"Breakfast"}

21:53:11.806 [Test worker] DEBUG org.apache.http.impl.conn.PoolingHttpClientConnectionManager - Connection request: [route: {s}->https://restful-booker.herokuapp.com:443][total available: 0; route allocated: 0 of 5; total allocated: 0 of 10]
21:53:11.806 [Test worker] DEBUG org.apache.http.impl.conn.PoolingHttpClientConnectionManager - Connection leased: [id: 4][route: {s}->https://restful-booker.herokuapp.com:443][total available: 0; route allocated: 1 of 5; total allocated: 1 of 10]
21:53:11.806 [Test worker] DEBUG org.apache.http.impl.execchain.MainClientExec - Opening connection {s}->https://restful-booker.herokuapp.com:443
21:53:11.808 [Test worker] DEBUG org.apache.http.impl.conn.DefaultHttpClientConnectionOperator - Connecting to restful-booker.herokuapp.com/3.209.172.72:443
21:53:11.808 [Test worker] DEBUG org.apache.http.conn.ssl.LenientSslConnectionSocketFactory - Connecting socket to restful-booker.herokuapp.com/3.209.172.72:443 with timeout 15000
21:53:11.888 [Test worker] DEBUG org.apache.http.conn.ssl.LenientSslConnectionSocketFactory - Enabled protocols: [TLSv1.3, TLSv1.2, TLSv1.1, TLSv1]
21:53:11.888 [Test worker] DEBUG org.apache.http.conn.ssl.LenientSslConnectionSocketFactory - Enabled cipher suites:[TLS_AES_128_GCM_SHA256, TLS_AES_256_GCM_SHA384, TLS_ECDHE_ECDSA_WITH_AES_256_GCM_SHA384, TLS_ECDHE_ECDSA_WITH_AES_128_GCM_SHA256, TLS_ECDHE_RSA_WITH_AES_256_GCM_SHA384, TLS_RSA_WITH_AES_256_GCM_SHA384, TLS_ECDH_ECDSA_WITH_AES_256_GCM_SHA384, TLS_ECDH_RSA_WITH_AES_256_GCM_SHA384, TLS_DHE_RSA_WITH_AES_256_GCM_SHA384, TLS_DHE_DSS_WITH_AES_256_GCM_SHA384, TLS_ECDHE_RSA_WITH_AES_128_GCM_SHA256, TLS_RSA_WITH_AES_128_GCM_SHA256, TLS_ECDH_ECDSA_WITH_AES_128_GCM_SHA256, TLS_ECDH_RSA_WITH_AES_128_GCM_SHA256, TLS_DHE_RSA_WITH_AES_128_GCM_SHA256, TLS_DHE_DSS_WITH_AES_128_GCM_SHA256, TLS_ECDHE_ECDSA_WITH_AES_256_CBC_SHA384, TLS_ECDHE_RSA_WITH_AES_256_CBC_SHA384, TLS_RSA_WITH_AES_256_CBC_SHA256, TLS_ECDH_ECDSA_WITH_AES_256_CBC_SHA384, TLS_ECDH_RSA_WITH_AES_256_CBC_SHA384, TLS_DHE_RSA_WITH_AES_256_CBC_SHA256, TLS_DHE_DSS_WITH_AES_256_CBC_SHA256, TLS_ECDHE_ECDSA_WITH_AES_256_CBC_SHA, TLS_ECDHE_RSA_WITH_AES_256_CBC_SHA, TLS_RSA_WITH_AES_256_CBC_SHA, TLS_ECDH_ECDSA_WITH_AES_256_CBC_SHA, TLS_ECDH_RSA_WITH_AES_256_CBC_SHA, TLS_DHE_RSA_WITH_AES_256_CBC_SHA, TLS_DHE_DSS_WITH_AES_256_CBC_SHA, TLS_ECDHE_ECDSA_WITH_AES_128_CBC_SHA256, TLS_ECDHE_RSA_WITH_AES_128_CBC_SHA256, TLS_RSA_WITH_AES_128_CBC_SHA256, TLS_ECDH_ECDSA_WITH_AES_128_CBC_SHA256, TLS_ECDH_RSA_WITH_AES_128_CBC_SHA256, TLS_DHE_RSA_WITH_AES_128_CBC_SHA256, TLS_DHE_DSS_WITH_AES_128_CBC_SHA256, TLS_ECDHE_ECDSA_WITH_AES_128_CBC_SHA, TLS_ECDHE_RSA_WITH_AES_128_CBC_SHA, TLS_RSA_WITH_AES_128_CBC_SHA, TLS_ECDH_ECDSA_WITH_AES_128_CBC_SHA, TLS_ECDH_RSA_WITH_AES_128_CBC_SHA, TLS_DHE_RSA_WITH_AES_128_CBC_SHA, TLS_DHE_DSS_WITH_AES_128_CBC_SHA, TLS_EMPTY_RENEGOTIATION_INFO_SCSV]
21:53:11.888 [Test worker] DEBUG org.apache.http.conn.ssl.LenientSslConnectionSocketFactory - Starting handshake
21:53:12.057 [Test worker] DEBUG org.apache.http.conn.ssl.LenientSslConnectionSocketFactory - Secure session established
21:53:12.057 [Test worker] DEBUG org.apache.http.conn.ssl.LenientSslConnectionSocketFactory -  negotiated protocol: TLSv1.2
21:53:12.057 [Test worker] DEBUG org.apache.http.conn.ssl.LenientSslConnectionSocketFactory -  negotiated cipher suite: TLS_ECDHE_RSA_WITH_AES_128_GCM_SHA256
21:53:12.057 [Test worker] DEBUG org.apache.http.conn.ssl.LenientSslConnectionSocketFactory -  peer principal: CN=*.herokuapp.com
21:53:12.057 [Test worker] DEBUG org.apache.http.conn.ssl.LenientSslConnectionSocketFactory -  peer alternative names: [*.herokuapp.com]
21:53:12.057 [Test worker] DEBUG org.apache.http.conn.ssl.LenientSslConnectionSocketFactory -  issuer principal: CN=Amazon RSA 2048 M02, O=Amazon, C=US
21:53:12.058 [Test worker] DEBUG org.apache.http.impl.conn.DefaultHttpClientConnectionOperator - Connection established 192.168.20.32:51597<->3.209.172.72:443
21:53:12.058 [Test worker] DEBUG org.apache.http.impl.conn.DefaultManagedHttpClientConnection - http-outgoing-4: set socket timeout to 15000
21:53:12.058 [Test worker] DEBUG org.apache.http.impl.execchain.MainClientExec - Executing request POST /booking HTTP/1.1
21:53:12.058 [Test worker] DEBUG org.apache.http.impl.execchain.MainClientExec - Target auth state: UNCHALLENGED
21:53:12.058 [Test worker] DEBUG org.apache.http.impl.execchain.MainClientExec - Proxy auth state: UNCHALLENGED
21:53:12.058 [Test worker] DEBUG org.apache.http.headers - http-outgoing-4 >> POST /booking HTTP/1.1
21:53:12.058 [Test worker] DEBUG org.apache.http.headers - http-outgoing-4 >> Content-Type: application/json; charset=UTF-8
21:53:12.058 [Test worker] DEBUG org.apache.http.headers - http-outgoing-4 >> Accept: application/json
21:53:12.058 [Test worker] DEBUG org.apache.http.headers - http-outgoing-4 >> Content-Length: 169
21:53:12.058 [Test worker] DEBUG org.apache.http.headers - http-outgoing-4 >> Host: restful-booker.herokuapp.com
21:53:12.058 [Test worker] DEBUG org.apache.http.headers - http-outgoing-4 >> Connection: Keep-Alive
21:53:12.058 [Test worker] DEBUG org.apache.http.headers - http-outgoing-4 >> User-Agent: Apache-HttpClient/4.5.13 (Java/11.0.8)
21:53:12.058 [Test worker] DEBUG org.apache.http.headers - http-outgoing-4 >> Accept-Encoding: gzip,deflate
21:53:12.059 [Test worker] DEBUG org.apache.http.wire - http-outgoing-4 >> "POST /booking HTTP/1.1[\r][\n]"
21:53:12.059 [Test worker] DEBUG org.apache.http.wire - http-outgoing-4 >> "Content-Type: application/json; charset=UTF-8[\r][\n]"
21:53:12.059 [Test worker] DEBUG org.apache.http.wire - http-outgoing-4 >> "Accept: application/json[\r][\n]"
21:53:12.059 [Test worker] DEBUG org.apache.http.wire - http-outgoing-4 >> "Content-Length: 169[\r][\n]"
21:53:12.059 [Test worker] DEBUG org.apache.http.wire - http-outgoing-4 >> "Host: restful-booker.herokuapp.com[\r][\n]"
21:53:12.059 [Test worker] DEBUG org.apache.http.wire - http-outgoing-4 >> "Connection: Keep-Alive[\r][\n]"
21:53:12.059 [Test worker] DEBUG org.apache.http.wire - http-outgoing-4 >> "User-Agent: Apache-HttpClient/4.5.13 (Java/11.0.8)[\r][\n]"
21:53:12.059 [Test worker] DEBUG org.apache.http.wire - http-outgoing-4 >> "Accept-Encoding: gzip,deflate[\r][\n]"
21:53:12.059 [Test worker] DEBUG org.apache.http.wire - http-outgoing-4 >> "[\r][\n]"
21:53:12.059 [Test worker] DEBUG org.apache.http.wire - http-outgoing-4 >> "{"firstname":"Jim","lastname":"Brown","totalprice":null,"depositpaid":true,"bookingdates":{"checkin":"2019-01-01","checkout":"2019-01-01"},"additionalneeds":"Breakfast"}"
21:53:12.143 [Test worker] DEBUG org.apache.http.wire - http-outgoing-4 << "HTTP/1.1 500 Internal Server Error[\r][\n]"
21:53:12.143 [Test worker] DEBUG org.apache.http.wire - http-outgoing-4 << "Server: Cowboy[\r][\n]"
21:53:12.143 [Test worker] DEBUG org.apache.http.wire - http-outgoing-4 << "Connection: keep-alive[\r][\n]"
21:53:12.143 [Test worker] DEBUG org.apache.http.wire - http-outgoing-4 << "X-Powered-By: Express[\r][\n]"
21:53:12.143 [Test worker] DEBUG org.apache.http.wire - http-outgoing-4 << "Content-Type: text/plain; charset=utf-8[\r][\n]"
21:53:12.143 [Test worker] DEBUG org.apache.http.wire - http-outgoing-4 << "Content-Length: 21[\r][\n]"
21:53:12.143 [Test worker] DEBUG org.apache.http.wire - http-outgoing-4 << "Etag: W/"15-/6VXivhc2MKdLfIkLcUE47K6aH0"[\r][\n]"
21:53:12.143 [Test worker] DEBUG org.apache.http.wire - http-outgoing-4 << "Date: Sat, 18 Mar 2023 02:53:12 GMT[\r][\n]"
21:53:12.143 [Test worker] DEBUG org.apache.http.wire - http-outgoing-4 << "Via: 1.1 vegur[\r][\n]"
21:53:12.143 [Test worker] DEBUG org.apache.http.wire - http-outgoing-4 << "[\r][\n]"
21:53:12.143 [Test worker] DEBUG org.apache.http.wire - http-outgoing-4 << "Internal Server Error"
21:53:12.144 [Test worker] DEBUG org.apache.http.headers - http-outgoing-4 << HTTP/1.1 500 Internal Server Error
21:53:12.144 [Test worker] DEBUG org.apache.http.headers - http-outgoing-4 << Server: Cowboy
21:53:12.144 [Test worker] DEBUG org.apache.http.headers - http-outgoing-4 << Connection: keep-alive
21:53:12.144 [Test worker] DEBUG org.apache.http.headers - http-outgoing-4 << X-Powered-By: Express
21:53:12.144 [Test worker] DEBUG org.apache.http.headers - http-outgoing-4 << Content-Type: text/plain; charset=utf-8
21:53:12.144 [Test worker] DEBUG org.apache.http.headers - http-outgoing-4 << Content-Length: 21
21:53:12.144 [Test worker] DEBUG org.apache.http.headers - http-outgoing-4 << Etag: W/"15-/6VXivhc2MKdLfIkLcUE47K6aH0"
21:53:12.144 [Test worker] DEBUG org.apache.http.headers - http-outgoing-4 << Date: Sat, 18 Mar 2023 02:53:12 GMT
21:53:12.144 [Test worker] DEBUG org.apache.http.headers - http-outgoing-4 << Via: 1.1 vegur
21:53:12.144 [Test worker] DEBUG org.apache.http.impl.execchain.MainClientExec - Connection can be kept alive indefinitely
21:53:12.144 [Test worker] DEBUG org.apache.http.impl.conn.PoolingHttpClientConnectionManager - Connection [id: 4][route: {s}->https://restful-booker.herokuapp.com:443] can be kept alive indefinitely
21:53:12.144 [Test worker] DEBUG org.apache.http.impl.conn.DefaultManagedHttpClientConnection - http-outgoing-4: set socket timeout to 0
21:53:12.144 [Test worker] DEBUG org.apache.http.impl.conn.PoolingHttpClientConnectionManager - Connection released: [id: 4][route: {s}->https://restful-booker.herokuapp.com:443][total available: 1; route allocated: 1 of 5; total allocated: 1 of 10]
21:53:12.145 [Test worker] DEBUG com.intuit.karate - response time in milliseconds: 338
1 < 500
1 < Server: Cowboy
1 < Connection: keep-alive
1 < X-Powered-By: Express
1 < Content-Type: text/plain; charset=utf-8
1 < Content-Length: 21
1 < Etag: W/"15-/6VXivhc2MKdLfIkLcUE47K6aH0"
1 < Date: Sat, 18 Mar 2023 02:53:12 GMT
1 < Via: 1.1 vegur
Internal Server Error

21:53:12.147 [Test worker] INFO com.intuit.karate - [print] Internal Server Error 
21:53:12.165 [Test worker] DEBUG com.jayway.jsonpath.internal.path.CompiledPath - Evaluating path: $
21:53:12.171 [Test worker] DEBUG org.apache.http.client.protocol.RequestAddCookies - CookieSpec selected: karate
21:53:12.171 [Test worker] DEBUG org.apache.http.client.protocol.RequestAuthCache - Auth cache not set in the context
21:53:12.171 [Test worker] DEBUG com.intuit.karate - request:
1 > POST https://restful-booker.herokuapp.com/booking
1 > Content-Type: 
1 > Accept: 
1 > Content-Length: 170
1 > Host: restful-booker.herokuapp.com
1 > Connection: Keep-Alive
1 > User-Agent: Apache-HttpClient/4.5.13 (Java/11.0.8)
1 > Accept-Encoding: gzip,deflate


21:53:12.171 [Test worker] DEBUG org.apache.http.impl.conn.PoolingHttpClientConnectionManager - Connection request: [route: {s}->https://restful-booker.herokuapp.com:443][total available: 0; route allocated: 0 of 5; total allocated: 0 of 10]
21:53:12.172 [Test worker] DEBUG org.apache.http.impl.conn.PoolingHttpClientConnectionManager - Connection leased: [id: 5][route: {s}->https://restful-booker.herokuapp.com:443][total available: 0; route allocated: 1 of 5; total allocated: 1 of 10]
21:53:12.172 [Test worker] DEBUG org.apache.http.impl.execchain.MainClientExec - Opening connection {s}->https://restful-booker.herokuapp.com:443
21:53:12.172 [Test worker] DEBUG org.apache.http.impl.conn.DefaultHttpClientConnectionOperator - Connecting to restful-booker.herokuapp.com/3.209.172.72:443
21:53:12.172 [Test worker] DEBUG org.apache.http.conn.ssl.LenientSslConnectionSocketFactory - Connecting socket to restful-booker.herokuapp.com/3.209.172.72:443 with timeout 15000
21:53:12.258 [Test worker] DEBUG org.apache.http.conn.ssl.LenientSslConnectionSocketFactory - Enabled protocols: [TLSv1.3, TLSv1.2, TLSv1.1, TLSv1]
21:53:12.259 [Test worker] DEBUG org.apache.http.conn.ssl.LenientSslConnectionSocketFactory - Enabled cipher suites:[TLS_AES_128_GCM_SHA256, TLS_AES_256_GCM_SHA384, TLS_ECDHE_ECDSA_WITH_AES_256_GCM_SHA384, TLS_ECDHE_ECDSA_WITH_AES_128_GCM_SHA256, TLS_ECDHE_RSA_WITH_AES_256_GCM_SHA384, TLS_RSA_WITH_AES_256_GCM_SHA384, TLS_ECDH_ECDSA_WITH_AES_256_GCM_SHA384, TLS_ECDH_RSA_WITH_AES_256_GCM_SHA384, TLS_DHE_RSA_WITH_AES_256_GCM_SHA384, TLS_DHE_DSS_WITH_AES_256_GCM_SHA384, TLS_ECDHE_RSA_WITH_AES_128_GCM_SHA256, TLS_RSA_WITH_AES_128_GCM_SHA256, TLS_ECDH_ECDSA_WITH_AES_128_GCM_SHA256, TLS_ECDH_RSA_WITH_AES_128_GCM_SHA256, TLS_DHE_RSA_WITH_AES_128_GCM_SHA256, TLS_DHE_DSS_WITH_AES_128_GCM_SHA256, TLS_ECDHE_ECDSA_WITH_AES_256_CBC_SHA384, TLS_ECDHE_RSA_WITH_AES_256_CBC_SHA384, TLS_RSA_WITH_AES_256_CBC_SHA256, TLS_ECDH_ECDSA_WITH_AES_256_CBC_SHA384, TLS_ECDH_RSA_WITH_AES_256_CBC_SHA384, TLS_DHE_RSA_WITH_AES_256_CBC_SHA256, TLS_DHE_DSS_WITH_AES_256_CBC_SHA256, TLS_ECDHE_ECDSA_WITH_AES_256_CBC_SHA, TLS_ECDHE_RSA_WITH_AES_256_CBC_SHA, TLS_RSA_WITH_AES_256_CBC_SHA, TLS_ECDH_ECDSA_WITH_AES_256_CBC_SHA, TLS_ECDH_RSA_WITH_AES_256_CBC_SHA, TLS_DHE_RSA_WITH_AES_256_CBC_SHA, TLS_DHE_DSS_WITH_AES_256_CBC_SHA, TLS_ECDHE_ECDSA_WITH_AES_128_CBC_SHA256, TLS_ECDHE_RSA_WITH_AES_128_CBC_SHA256, TLS_RSA_WITH_AES_128_CBC_SHA256, TLS_ECDH_ECDSA_WITH_AES_128_CBC_SHA256, TLS_ECDH_RSA_WITH_AES_128_CBC_SHA256, TLS_DHE_RSA_WITH_AES_128_CBC_SHA256, TLS_DHE_DSS_WITH_AES_128_CBC_SHA256, TLS_ECDHE_ECDSA_WITH_AES_128_CBC_SHA, TLS_ECDHE_RSA_WITH_AES_128_CBC_SHA, TLS_RSA_WITH_AES_128_CBC_SHA, TLS_ECDH_ECDSA_WITH_AES_128_CBC_SHA, TLS_ECDH_RSA_WITH_AES_128_CBC_SHA, TLS_DHE_RSA_WITH_AES_128_CBC_SHA, TLS_DHE_DSS_WITH_AES_128_CBC_SHA, TLS_EMPTY_RENEGOTIATION_INFO_SCSV]
21:53:12.259 [Test worker] DEBUG org.apache.http.conn.ssl.LenientSslConnectionSocketFactory - Starting handshake
21:53:12.428 [Test worker] DEBUG org.apache.http.conn.ssl.LenientSslConnectionSocketFactory - Secure session established
21:53:12.429 [Test worker] DEBUG org.apache.http.conn.ssl.LenientSslConnectionSocketFactory -  negotiated protocol: TLSv1.2
21:53:12.429 [Test worker] DEBUG org.apache.http.conn.ssl.LenientSslConnectionSocketFactory -  negotiated cipher suite: TLS_ECDHE_RSA_WITH_AES_128_GCM_SHA256
21:53:12.429 [Test worker] DEBUG org.apache.http.conn.ssl.LenientSslConnectionSocketFactory -  peer principal: CN=*.herokuapp.com
21:53:12.429 [Test worker] DEBUG org.apache.http.conn.ssl.LenientSslConnectionSocketFactory -  peer alternative names: [*.herokuapp.com]
21:53:12.429 [Test worker] DEBUG org.apache.http.conn.ssl.LenientSslConnectionSocketFactory -  issuer principal: CN=Amazon RSA 2048 M02, O=Amazon, C=US
21:53:12.429 [Test worker] DEBUG org.apache.http.impl.conn.DefaultHttpClientConnectionOperator - Connection established 192.168.20.32:51598<->3.209.172.72:443
21:53:12.429 [Test worker] DEBUG org.apache.http.impl.conn.DefaultManagedHttpClientConnection - http-outgoing-5: set socket timeout to 15000
21:53:12.429 [Test worker] DEBUG org.apache.http.impl.execchain.MainClientExec - Executing request POST /booking HTTP/1.1
21:53:12.429 [Test worker] DEBUG org.apache.http.impl.execchain.MainClientExec - Target auth state: UNCHALLENGED
21:53:12.429 [Test worker] DEBUG org.apache.http.impl.execchain.MainClientExec - Proxy auth state: UNCHALLENGED
21:53:12.430 [Test worker] DEBUG org.apache.http.headers - http-outgoing-5 >> POST /booking HTTP/1.1
21:53:12.430 [Test worker] DEBUG org.apache.http.headers - http-outgoing-5 >> Content-Type: 
21:53:12.430 [Test worker] DEBUG org.apache.http.headers - http-outgoing-5 >> Accept: 
21:53:12.430 [Test worker] DEBUG org.apache.http.headers - http-outgoing-5 >> Content-Length: 170
21:53:12.430 [Test worker] DEBUG org.apache.http.headers - http-outgoing-5 >> Host: restful-booker.herokuapp.com
21:53:12.430 [Test worker] DEBUG org.apache.http.headers - http-outgoing-5 >> Connection: Keep-Alive
21:53:12.430 [Test worker] DEBUG org.apache.http.headers - http-outgoing-5 >> User-Agent: Apache-HttpClient/4.5.13 (Java/11.0.8)
21:53:12.430 [Test worker] DEBUG org.apache.http.headers - http-outgoing-5 >> Accept-Encoding: gzip,deflate
21:53:12.430 [Test worker] DEBUG org.apache.http.wire - http-outgoing-5 >> "POST /booking HTTP/1.1[\r][\n]"
21:53:12.430 [Test worker] DEBUG org.apache.http.wire - http-outgoing-5 >> "Content-Type: [\r][\n]"
21:53:12.430 [Test worker] DEBUG org.apache.http.wire - http-outgoing-5 >> "Accept: [\r][\n]"
21:53:12.430 [Test worker] DEBUG org.apache.http.wire - http-outgoing-5 >> "Content-Length: 170[\r][\n]"
21:53:12.430 [Test worker] DEBUG org.apache.http.wire - http-outgoing-5 >> "Host: restful-booker.herokuapp.com[\r][\n]"
21:53:12.430 [Test worker] DEBUG org.apache.http.wire - http-outgoing-5 >> "Connection: Keep-Alive[\r][\n]"
21:53:12.430 [Test worker] DEBUG org.apache.http.wire - http-outgoing-5 >> "User-Agent: Apache-HttpClient/4.5.13 (Java/11.0.8)[\r][\n]"
21:53:12.430 [Test worker] DEBUG org.apache.http.wire - http-outgoing-5 >> "Accept-Encoding: gzip,deflate[\r][\n]"
21:53:12.430 [Test worker] DEBUG org.apache.http.wire - http-outgoing-5 >> "[\r][\n]"
21:53:12.430 [Test worker] DEBUG org.apache.http.wire - http-outgoing-5 >> "{"firstname":"Jim","lastname":"Brown","totalprice":111,"depositpaid":"true","bookingdates":{"checkin":"2019-01-01","checkout":"2019-01-01"},"additionalneeds":"Breakfast"}"
21:53:12.502 [Test worker] DEBUG org.apache.http.wire - http-outgoing-5 << "HTTP/1.1 500 Internal Server Error[\r][\n]"
21:53:12.502 [Test worker] DEBUG org.apache.http.wire - http-outgoing-5 << "Server: Cowboy[\r][\n]"
21:53:12.502 [Test worker] DEBUG org.apache.http.wire - http-outgoing-5 << "Connection: keep-alive[\r][\n]"
21:53:12.502 [Test worker] DEBUG org.apache.http.wire - http-outgoing-5 << "X-Powered-By: Express[\r][\n]"
21:53:12.502 [Test worker] DEBUG org.apache.http.wire - http-outgoing-5 << "Content-Type: text/plain; charset=utf-8[\r][\n]"
21:53:12.503 [Test worker] DEBUG org.apache.http.wire - http-outgoing-5 << "Content-Length: 21[\r][\n]"
21:53:12.504 [Test worker] DEBUG org.apache.http.wire - http-outgoing-5 << "Etag: W/"15-/6VXivhc2MKdLfIkLcUE47K6aH0"[\r][\n]"
21:53:12.504 [Test worker] DEBUG org.apache.http.wire - http-outgoing-5 << "Date: Sat, 18 Mar 2023 02:53:12 GMT[\r][\n]"
21:53:12.504 [Test worker] DEBUG org.apache.http.wire - http-outgoing-5 << "Via: 1.1 vegur[\r][\n]"
21:53:12.504 [Test worker] DEBUG org.apache.http.wire - http-outgoing-5 << "[\r][\n]"
21:53:12.504 [Test worker] DEBUG org.apache.http.wire - http-outgoing-5 << "Internal Server Error"
21:53:12.504 [Test worker] DEBUG org.apache.http.headers - http-outgoing-5 << HTTP/1.1 500 Internal Server Error
21:53:12.504 [Test worker] DEBUG org.apache.http.headers - http-outgoing-5 << Server: Cowboy
21:53:12.504 [Test worker] DEBUG org.apache.http.headers - http-outgoing-5 << Connection: keep-alive
21:53:12.504 [Test worker] DEBUG org.apache.http.headers - http-outgoing-5 << X-Powered-By: Express
21:53:12.504 [Test worker] DEBUG org.apache.http.headers - http-outgoing-5 << Content-Type: text/plain; charset=utf-8
21:53:12.504 [Test worker] DEBUG org.apache.http.headers - http-outgoing-5 << Content-Length: 21
21:53:12.504 [Test worker] DEBUG org.apache.http.headers - http-outgoing-5 << Etag: W/"15-/6VXivhc2MKdLfIkLcUE47K6aH0"
21:53:12.504 [Test worker] DEBUG org.apache.http.headers - http-outgoing-5 << Date: Sat, 18 Mar 2023 02:53:12 GMT
21:53:12.504 [Test worker] DEBUG org.apache.http.headers - http-outgoing-5 << Via: 1.1 vegur
21:53:12.504 [Test worker] DEBUG org.apache.http.impl.execchain.MainClientExec - Connection can be kept alive indefinitely
21:53:12.504 [Test worker] DEBUG org.apache.http.impl.conn.PoolingHttpClientConnectionManager - Connection [id: 5][route: {s}->https://restful-booker.herokuapp.com:443] can be kept alive indefinitely
21:53:12.504 [Test worker] DEBUG org.apache.http.impl.conn.DefaultManagedHttpClientConnection - http-outgoing-5: set socket timeout to 0
21:53:12.504 [Test worker] DEBUG org.apache.http.impl.conn.PoolingHttpClientConnectionManager - Connection released: [id: 5][route: {s}->https://restful-booker.herokuapp.com:443][total available: 1; route allocated: 1 of 5; total allocated: 1 of 10]
21:53:12.504 [Test worker] DEBUG com.intuit.karate - response time in milliseconds: 333
1 < 500
1 < Server: Cowboy
1 < Connection: keep-alive
1 < X-Powered-By: Express
1 < Content-Type: text/plain; charset=utf-8
1 < Content-Length: 21
1 < Etag: W/"15-/6VXivhc2MKdLfIkLcUE47K6aH0"
1 < Date: Sat, 18 Mar 2023 02:53:12 GMT
1 < Via: 1.1 vegur
Internal Server Error

21:53:12.507 [Test worker] INFO com.intuit.karate - [print] Internal Server Error 
21:53:12.528 [Test worker] DEBUG com.jayway.jsonpath.internal.path.CompiledPath - Evaluating path: $
21:53:12.531 [Test worker] DEBUG org.apache.http.client.protocol.RequestAddCookies - CookieSpec selected: karate
21:53:12.531 [Test worker] DEBUG org.apache.http.client.protocol.RequestAuthCache - Auth cache not set in the context
21:53:12.531 [Test worker] DEBUG com.intuit.karate - request:
1 > POST https://restful-booker.herokuapp.com/booking
1 > Content-Type: application/json; charset=UTF-8
1 > Accept: 
1 > Content-Length: 170
1 > Host: restful-booker.herokuapp.com
1 > Connection: Keep-Alive
1 > User-Agent: Apache-HttpClient/4.5.13 (Java/11.0.8)
1 > Accept-Encoding: gzip,deflate
{"firstname":"Jim","lastname":"Brown","totalprice":111,"depositpaid":"true","bookingdates":{"checkin":"2019-01-01","checkout":"2019-01-01"},"additionalneeds":"Breakfast"}

21:53:12.531 [Test worker] DEBUG org.apache.http.impl.conn.PoolingHttpClientConnectionManager - Connection request: [route: {s}->https://restful-booker.herokuapp.com:443][total available: 0; route allocated: 0 of 5; total allocated: 0 of 10]
21:53:12.531 [Test worker] DEBUG org.apache.http.impl.conn.PoolingHttpClientConnectionManager - Connection leased: [id: 6][route: {s}->https://restful-booker.herokuapp.com:443][total available: 0; route allocated: 1 of 5; total allocated: 1 of 10]
21:53:12.531 [Test worker] DEBUG org.apache.http.impl.execchain.MainClientExec - Opening connection {s}->https://restful-booker.herokuapp.com:443
21:53:12.532 [Test worker] DEBUG org.apache.http.impl.conn.DefaultHttpClientConnectionOperator - Connecting to restful-booker.herokuapp.com/3.209.172.72:443
21:53:12.532 [Test worker] DEBUG org.apache.http.conn.ssl.LenientSslConnectionSocketFactory - Connecting socket to restful-booker.herokuapp.com/3.209.172.72:443 with timeout 15000
21:53:12.608 [Test worker] DEBUG org.apache.http.conn.ssl.LenientSslConnectionSocketFactory - Enabled protocols: [TLSv1.3, TLSv1.2, TLSv1.1, TLSv1]
21:53:12.608 [Test worker] DEBUG org.apache.http.conn.ssl.LenientSslConnectionSocketFactory - Enabled cipher suites:[TLS_AES_128_GCM_SHA256, TLS_AES_256_GCM_SHA384, TLS_ECDHE_ECDSA_WITH_AES_256_GCM_SHA384, TLS_ECDHE_ECDSA_WITH_AES_128_GCM_SHA256, TLS_ECDHE_RSA_WITH_AES_256_GCM_SHA384, TLS_RSA_WITH_AES_256_GCM_SHA384, TLS_ECDH_ECDSA_WITH_AES_256_GCM_SHA384, TLS_ECDH_RSA_WITH_AES_256_GCM_SHA384, TLS_DHE_RSA_WITH_AES_256_GCM_SHA384, TLS_DHE_DSS_WITH_AES_256_GCM_SHA384, TLS_ECDHE_RSA_WITH_AES_128_GCM_SHA256, TLS_RSA_WITH_AES_128_GCM_SHA256, TLS_ECDH_ECDSA_WITH_AES_128_GCM_SHA256, TLS_ECDH_RSA_WITH_AES_128_GCM_SHA256, TLS_DHE_RSA_WITH_AES_128_GCM_SHA256, TLS_DHE_DSS_WITH_AES_128_GCM_SHA256, TLS_ECDHE_ECDSA_WITH_AES_256_CBC_SHA384, TLS_ECDHE_RSA_WITH_AES_256_CBC_SHA384, TLS_RSA_WITH_AES_256_CBC_SHA256, TLS_ECDH_ECDSA_WITH_AES_256_CBC_SHA384, TLS_ECDH_RSA_WITH_AES_256_CBC_SHA384, TLS_DHE_RSA_WITH_AES_256_CBC_SHA256, TLS_DHE_DSS_WITH_AES_256_CBC_SHA256, TLS_ECDHE_ECDSA_WITH_AES_256_CBC_SHA, TLS_ECDHE_RSA_WITH_AES_256_CBC_SHA, TLS_RSA_WITH_AES_256_CBC_SHA, TLS_ECDH_ECDSA_WITH_AES_256_CBC_SHA, TLS_ECDH_RSA_WITH_AES_256_CBC_SHA, TLS_DHE_RSA_WITH_AES_256_CBC_SHA, TLS_DHE_DSS_WITH_AES_256_CBC_SHA, TLS_ECDHE_ECDSA_WITH_AES_128_CBC_SHA256, TLS_ECDHE_RSA_WITH_AES_128_CBC_SHA256, TLS_RSA_WITH_AES_128_CBC_SHA256, TLS_ECDH_ECDSA_WITH_AES_128_CBC_SHA256, TLS_ECDH_RSA_WITH_AES_128_CBC_SHA256, TLS_DHE_RSA_WITH_AES_128_CBC_SHA256, TLS_DHE_DSS_WITH_AES_128_CBC_SHA256, TLS_ECDHE_ECDSA_WITH_AES_128_CBC_SHA, TLS_ECDHE_RSA_WITH_AES_128_CBC_SHA, TLS_RSA_WITH_AES_128_CBC_SHA, TLS_ECDH_ECDSA_WITH_AES_128_CBC_SHA, TLS_ECDH_RSA_WITH_AES_128_CBC_SHA, TLS_DHE_RSA_WITH_AES_128_CBC_SHA, TLS_DHE_DSS_WITH_AES_128_CBC_SHA, TLS_EMPTY_RENEGOTIATION_INFO_SCSV]
21:53:12.609 [Test worker] DEBUG org.apache.http.conn.ssl.LenientSslConnectionSocketFactory - Starting handshake
21:53:12.784 [Test worker] DEBUG org.apache.http.conn.ssl.LenientSslConnectionSocketFactory - Secure session established
21:53:12.785 [Test worker] DEBUG org.apache.http.conn.ssl.LenientSslConnectionSocketFactory -  negotiated protocol: TLSv1.2
21:53:12.785 [Test worker] DEBUG org.apache.http.conn.ssl.LenientSslConnectionSocketFactory -  negotiated cipher suite: TLS_ECDHE_RSA_WITH_AES_128_GCM_SHA256
21:53:12.785 [Test worker] DEBUG org.apache.http.conn.ssl.LenientSslConnectionSocketFactory -  peer principal: CN=*.herokuapp.com
21:53:12.785 [Test worker] DEBUG org.apache.http.conn.ssl.LenientSslConnectionSocketFactory -  peer alternative names: [*.herokuapp.com]
21:53:12.785 [Test worker] DEBUG org.apache.http.conn.ssl.LenientSslConnectionSocketFactory -  issuer principal: CN=Amazon RSA 2048 M02, O=Amazon, C=US
21:53:12.785 [Test worker] DEBUG org.apache.http.impl.conn.DefaultHttpClientConnectionOperator - Connection established 192.168.20.32:51599<->3.209.172.72:443
21:53:12.785 [Test worker] DEBUG org.apache.http.impl.conn.DefaultManagedHttpClientConnection - http-outgoing-6: set socket timeout to 15000
21:53:12.785 [Test worker] DEBUG org.apache.http.impl.execchain.MainClientExec - Executing request POST /booking HTTP/1.1
21:53:12.785 [Test worker] DEBUG org.apache.http.impl.execchain.MainClientExec - Target auth state: UNCHALLENGED
21:53:12.785 [Test worker] DEBUG org.apache.http.impl.execchain.MainClientExec - Proxy auth state: UNCHALLENGED
21:53:12.785 [Test worker] DEBUG org.apache.http.headers - http-outgoing-6 >> POST /booking HTTP/1.1
21:53:12.785 [Test worker] DEBUG org.apache.http.headers - http-outgoing-6 >> Content-Type: application/json; charset=UTF-8
21:53:12.785 [Test worker] DEBUG org.apache.http.headers - http-outgoing-6 >> Accept: 
21:53:12.786 [Test worker] DEBUG org.apache.http.headers - http-outgoing-6 >> Content-Length: 170
21:53:12.786 [Test worker] DEBUG org.apache.http.headers - http-outgoing-6 >> Host: restful-booker.herokuapp.com
21:53:12.786 [Test worker] DEBUG org.apache.http.headers - http-outgoing-6 >> Connection: Keep-Alive
21:53:12.786 [Test worker] DEBUG org.apache.http.headers - http-outgoing-6 >> User-Agent: Apache-HttpClient/4.5.13 (Java/11.0.8)
21:53:12.786 [Test worker] DEBUG org.apache.http.headers - http-outgoing-6 >> Accept-Encoding: gzip,deflate
21:53:12.786 [Test worker] DEBUG org.apache.http.wire - http-outgoing-6 >> "POST /booking HTTP/1.1[\r][\n]"
21:53:12.786 [Test worker] DEBUG org.apache.http.wire - http-outgoing-6 >> "Content-Type: application/json; charset=UTF-8[\r][\n]"
21:53:12.786 [Test worker] DEBUG org.apache.http.wire - http-outgoing-6 >> "Accept: [\r][\n]"
21:53:12.786 [Test worker] DEBUG org.apache.http.wire - http-outgoing-6 >> "Content-Length: 170[\r][\n]"
21:53:12.787 [Test worker] DEBUG org.apache.http.wire - http-outgoing-6 >> "Host: restful-booker.herokuapp.com[\r][\n]"
21:53:12.787 [Test worker] DEBUG org.apache.http.wire - http-outgoing-6 >> "Connection: Keep-Alive[\r][\n]"
21:53:12.787 [Test worker] DEBUG org.apache.http.wire - http-outgoing-6 >> "User-Agent: Apache-HttpClient/4.5.13 (Java/11.0.8)[\r][\n]"
21:53:12.787 [Test worker] DEBUG org.apache.http.wire - http-outgoing-6 >> "Accept-Encoding: gzip,deflate[\r][\n]"
21:53:12.787 [Test worker] DEBUG org.apache.http.wire - http-outgoing-6 >> "[\r][\n]"
21:53:12.787 [Test worker] DEBUG org.apache.http.wire - http-outgoing-6 >> "{"firstname":"Jim","lastname":"Brown","totalprice":111,"depositpaid":"true","bookingdates":{"checkin":"2019-01-01","checkout":"2019-01-01"},"additionalneeds":"Breakfast"}"
21:53:12.877 [Test worker] DEBUG org.apache.http.wire - http-outgoing-6 << "HTTP/1.1 418 I'm a Teapot[\r][\n]"
21:53:12.877 [Test worker] DEBUG org.apache.http.wire - http-outgoing-6 << "Server: Cowboy[\r][\n]"
21:53:12.877 [Test worker] DEBUG org.apache.http.wire - http-outgoing-6 << "Connection: keep-alive[\r][\n]"
21:53:12.877 [Test worker] DEBUG org.apache.http.wire - http-outgoing-6 << "X-Powered-By: Express[\r][\n]"
21:53:12.877 [Test worker] DEBUG org.apache.http.wire - http-outgoing-6 << "Content-Type: text/plain; charset=utf-8[\r][\n]"
21:53:12.877 [Test worker] DEBUG org.apache.http.wire - http-outgoing-6 << "Content-Length: 12[\r][\n]"
21:53:12.877 [Test worker] DEBUG org.apache.http.wire - http-outgoing-6 << "Etag: W/"c-2UDTmC4hdG5PUA+z8oDkrgejuV8"[\r][\n]"
21:53:12.877 [Test worker] DEBUG org.apache.http.wire - http-outgoing-6 << "Date: Sat, 18 Mar 2023 02:53:13 GMT[\r][\n]"
21:53:12.877 [Test worker] DEBUG org.apache.http.wire - http-outgoing-6 << "Via: 1.1 vegur[\r][\n]"
21:53:12.877 [Test worker] DEBUG org.apache.http.wire - http-outgoing-6 << "[\r][\n]"
21:53:12.877 [Test worker] DEBUG org.apache.http.wire - http-outgoing-6 << "I'm a Teapot"
21:53:12.877 [Test worker] DEBUG org.apache.http.headers - http-outgoing-6 << HTTP/1.1 418 I'm a Teapot
21:53:12.877 [Test worker] DEBUG org.apache.http.headers - http-outgoing-6 << Server: Cowboy
21:53:12.877 [Test worker] DEBUG org.apache.http.headers - http-outgoing-6 << Connection: keep-alive
21:53:12.877 [Test worker] DEBUG org.apache.http.headers - http-outgoing-6 << X-Powered-By: Express
21:53:12.877 [Test worker] DEBUG org.apache.http.headers - http-outgoing-6 << Content-Type: text/plain; charset=utf-8
21:53:12.877 [Test worker] DEBUG org.apache.http.headers - http-outgoing-6 << Content-Length: 12
21:53:12.877 [Test worker] DEBUG org.apache.http.headers - http-outgoing-6 << Etag: W/"c-2UDTmC4hdG5PUA+z8oDkrgejuV8"
21:53:12.877 [Test worker] DEBUG org.apache.http.headers - http-outgoing-6 << Date: Sat, 18 Mar 2023 02:53:13 GMT
21:53:12.877 [Test worker] DEBUG org.apache.http.headers - http-outgoing-6 << Via: 1.1 vegur
21:53:12.877 [Test worker] DEBUG org.apache.http.impl.execchain.MainClientExec - Connection can be kept alive indefinitely
21:53:12.877 [Test worker] DEBUG org.apache.http.impl.conn.PoolingHttpClientConnectionManager - Connection [id: 6][route: {s}->https://restful-booker.herokuapp.com:443] can be kept alive indefinitely
21:53:12.877 [Test worker] DEBUG org.apache.http.impl.conn.DefaultManagedHttpClientConnection - http-outgoing-6: set socket timeout to 0
21:53:12.878 [Test worker] DEBUG org.apache.http.impl.conn.PoolingHttpClientConnectionManager - Connection released: [id: 6][route: {s}->https://restful-booker.herokuapp.com:443][total available: 1; route allocated: 1 of 5; total allocated: 1 of 10]
21:53:12.878 [Test worker] DEBUG com.intuit.karate - response time in milliseconds: 347
1 < 418
1 < Server: Cowboy
1 < Connection: keep-alive
1 < X-Powered-By: Express
1 < Content-Type: text/plain; charset=utf-8
1 < Content-Length: 12
1 < Etag: W/"c-2UDTmC4hdG5PUA+z8oDkrgejuV8"
1 < Date: Sat, 18 Mar 2023 02:53:13 GMT
1 < Via: 1.1 vegur
I'm a Teapot

21:53:12.880 [Test worker] INFO com.intuit.karate - [print] I'm a Teapot 
21:53:12.911 [Test worker] DEBUG com.jayway.jsonpath.internal.path.CompiledPath - Evaluating path: $
21:53:12.917 [Test worker] DEBUG org.apache.http.client.protocol.RequestAddCookies - CookieSpec selected: karate
21:53:12.917 [Test worker] DEBUG org.apache.http.client.protocol.RequestAuthCache - Auth cache not set in the context
21:53:12.918 [Test worker] DEBUG com.intuit.karate - request:
1 > POST https://restful-booker.herokuapp.com/booking
1 > Content-Type: application/json; charset=UTF-8
1 > Accept: sdadsaasdd
1 > Content-Length: 170
1 > Host: restful-booker.herokuapp.com
1 > Connection: Keep-Alive
1 > User-Agent: Apache-HttpClient/4.5.13 (Java/11.0.8)
1 > Accept-Encoding: gzip,deflate
{"firstname":"Jim","lastname":"Brown","totalprice":111,"depositpaid":"true","bookingdates":{"checkin":"2019-01-01","checkout":"2019-01-01"},"additionalneeds":"Breakfast"}

21:53:12.918 [Test worker] DEBUG org.apache.http.impl.conn.PoolingHttpClientConnectionManager - Connection request: [route: {s}->https://restful-booker.herokuapp.com:443][total available: 0; route allocated: 0 of 5; total allocated: 0 of 10]
21:53:12.918 [Test worker] DEBUG org.apache.http.impl.conn.PoolingHttpClientConnectionManager - Connection leased: [id: 7][route: {s}->https://restful-booker.herokuapp.com:443][total available: 0; route allocated: 1 of 5; total allocated: 1 of 10]
21:53:12.918 [Test worker] DEBUG org.apache.http.impl.execchain.MainClientExec - Opening connection {s}->https://restful-booker.herokuapp.com:443
21:53:12.918 [Test worker] DEBUG org.apache.http.impl.conn.DefaultHttpClientConnectionOperator - Connecting to restful-booker.herokuapp.com/3.209.172.72:443
21:53:12.919 [Test worker] DEBUG org.apache.http.conn.ssl.LenientSslConnectionSocketFactory - Connecting socket to restful-booker.herokuapp.com/3.209.172.72:443 with timeout 15000
21:53:13.003 [Test worker] DEBUG org.apache.http.conn.ssl.LenientSslConnectionSocketFactory - Enabled protocols: [TLSv1.3, TLSv1.2, TLSv1.1, TLSv1]
21:53:13.003 [Test worker] DEBUG org.apache.http.conn.ssl.LenientSslConnectionSocketFactory - Enabled cipher suites:[TLS_AES_128_GCM_SHA256, TLS_AES_256_GCM_SHA384, TLS_ECDHE_ECDSA_WITH_AES_256_GCM_SHA384, TLS_ECDHE_ECDSA_WITH_AES_128_GCM_SHA256, TLS_ECDHE_RSA_WITH_AES_256_GCM_SHA384, TLS_RSA_WITH_AES_256_GCM_SHA384, TLS_ECDH_ECDSA_WITH_AES_256_GCM_SHA384, TLS_ECDH_RSA_WITH_AES_256_GCM_SHA384, TLS_DHE_RSA_WITH_AES_256_GCM_SHA384, TLS_DHE_DSS_WITH_AES_256_GCM_SHA384, TLS_ECDHE_RSA_WITH_AES_128_GCM_SHA256, TLS_RSA_WITH_AES_128_GCM_SHA256, TLS_ECDH_ECDSA_WITH_AES_128_GCM_SHA256, TLS_ECDH_RSA_WITH_AES_128_GCM_SHA256, TLS_DHE_RSA_WITH_AES_128_GCM_SHA256, TLS_DHE_DSS_WITH_AES_128_GCM_SHA256, TLS_ECDHE_ECDSA_WITH_AES_256_CBC_SHA384, TLS_ECDHE_RSA_WITH_AES_256_CBC_SHA384, TLS_RSA_WITH_AES_256_CBC_SHA256, TLS_ECDH_ECDSA_WITH_AES_256_CBC_SHA384, TLS_ECDH_RSA_WITH_AES_256_CBC_SHA384, TLS_DHE_RSA_WITH_AES_256_CBC_SHA256, TLS_DHE_DSS_WITH_AES_256_CBC_SHA256, TLS_ECDHE_ECDSA_WITH_AES_256_CBC_SHA, TLS_ECDHE_RSA_WITH_AES_256_CBC_SHA, TLS_RSA_WITH_AES_256_CBC_SHA, TLS_ECDH_ECDSA_WITH_AES_256_CBC_SHA, TLS_ECDH_RSA_WITH_AES_256_CBC_SHA, TLS_DHE_RSA_WITH_AES_256_CBC_SHA, TLS_DHE_DSS_WITH_AES_256_CBC_SHA, TLS_ECDHE_ECDSA_WITH_AES_128_CBC_SHA256, TLS_ECDHE_RSA_WITH_AES_128_CBC_SHA256, TLS_RSA_WITH_AES_128_CBC_SHA256, TLS_ECDH_ECDSA_WITH_AES_128_CBC_SHA256, TLS_ECDH_RSA_WITH_AES_128_CBC_SHA256, TLS_DHE_RSA_WITH_AES_128_CBC_SHA256, TLS_DHE_DSS_WITH_AES_128_CBC_SHA256, TLS_ECDHE_ECDSA_WITH_AES_128_CBC_SHA, TLS_ECDHE_RSA_WITH_AES_128_CBC_SHA, TLS_RSA_WITH_AES_128_CBC_SHA, TLS_ECDH_ECDSA_WITH_AES_128_CBC_SHA, TLS_ECDH_RSA_WITH_AES_128_CBC_SHA, TLS_DHE_RSA_WITH_AES_128_CBC_SHA, TLS_DHE_DSS_WITH_AES_128_CBC_SHA, TLS_EMPTY_RENEGOTIATION_INFO_SCSV]
21:53:13.003 [Test worker] DEBUG org.apache.http.conn.ssl.LenientSslConnectionSocketFactory - Starting handshake
21:53:13.176 [Test worker] DEBUG org.apache.http.conn.ssl.LenientSslConnectionSocketFactory - Secure session established
21:53:13.176 [Test worker] DEBUG org.apache.http.conn.ssl.LenientSslConnectionSocketFactory -  negotiated protocol: TLSv1.2
21:53:13.176 [Test worker] DEBUG org.apache.http.conn.ssl.LenientSslConnectionSocketFactory -  negotiated cipher suite: TLS_ECDHE_RSA_WITH_AES_128_GCM_SHA256
21:53:13.176 [Test worker] DEBUG org.apache.http.conn.ssl.LenientSslConnectionSocketFactory -  peer principal: CN=*.herokuapp.com
21:53:13.176 [Test worker] DEBUG org.apache.http.conn.ssl.LenientSslConnectionSocketFactory -  peer alternative names: [*.herokuapp.com]
21:53:13.176 [Test worker] DEBUG org.apache.http.conn.ssl.LenientSslConnectionSocketFactory -  issuer principal: CN=Amazon RSA 2048 M02, O=Amazon, C=US
21:53:13.176 [Test worker] DEBUG org.apache.http.impl.conn.DefaultHttpClientConnectionOperator - Connection established 192.168.20.32:51600<->3.209.172.72:443
21:53:13.176 [Test worker] DEBUG org.apache.http.impl.conn.DefaultManagedHttpClientConnection - http-outgoing-7: set socket timeout to 15000
21:53:13.176 [Test worker] DEBUG org.apache.http.impl.execchain.MainClientExec - Executing request POST /booking HTTP/1.1
21:53:13.176 [Test worker] DEBUG org.apache.http.impl.execchain.MainClientExec - Target auth state: UNCHALLENGED
21:53:13.176 [Test worker] DEBUG org.apache.http.impl.execchain.MainClientExec - Proxy auth state: UNCHALLENGED
21:53:13.176 [Test worker] DEBUG org.apache.http.headers - http-outgoing-7 >> POST /booking HTTP/1.1
21:53:13.176 [Test worker] DEBUG org.apache.http.headers - http-outgoing-7 >> Content-Type: application/json; charset=UTF-8
21:53:13.176 [Test worker] DEBUG org.apache.http.headers - http-outgoing-7 >> Accept: sdadsaasdd
21:53:13.176 [Test worker] DEBUG org.apache.http.headers - http-outgoing-7 >> Content-Length: 170
21:53:13.176 [Test worker] DEBUG org.apache.http.headers - http-outgoing-7 >> Host: restful-booker.herokuapp.com
21:53:13.176 [Test worker] DEBUG org.apache.http.headers - http-outgoing-7 >> Connection: Keep-Alive
21:53:13.176 [Test worker] DEBUG org.apache.http.headers - http-outgoing-7 >> User-Agent: Apache-HttpClient/4.5.13 (Java/11.0.8)
21:53:13.176 [Test worker] DEBUG org.apache.http.headers - http-outgoing-7 >> Accept-Encoding: gzip,deflate
21:53:13.176 [Test worker] DEBUG org.apache.http.wire - http-outgoing-7 >> "POST /booking HTTP/1.1[\r][\n]"
21:53:13.176 [Test worker] DEBUG org.apache.http.wire - http-outgoing-7 >> "Content-Type: application/json; charset=UTF-8[\r][\n]"
21:53:13.176 [Test worker] DEBUG org.apache.http.wire - http-outgoing-7 >> "Accept: sdadsaasdd[\r][\n]"
21:53:13.176 [Test worker] DEBUG org.apache.http.wire - http-outgoing-7 >> "Content-Length: 170[\r][\n]"
21:53:13.176 [Test worker] DEBUG org.apache.http.wire - http-outgoing-7 >> "Host: restful-booker.herokuapp.com[\r][\n]"
21:53:13.176 [Test worker] DEBUG org.apache.http.wire - http-outgoing-7 >> "Connection: Keep-Alive[\r][\n]"
21:53:13.176 [Test worker] DEBUG org.apache.http.wire - http-outgoing-7 >> "User-Agent: Apache-HttpClient/4.5.13 (Java/11.0.8)[\r][\n]"
21:53:13.176 [Test worker] DEBUG org.apache.http.wire - http-outgoing-7 >> "Accept-Encoding: gzip,deflate[\r][\n]"
21:53:13.176 [Test worker] DEBUG org.apache.http.wire - http-outgoing-7 >> "[\r][\n]"
21:53:13.177 [Test worker] DEBUG org.apache.http.wire - http-outgoing-7 >> "{"firstname":"Jim","lastname":"Brown","totalprice":111,"depositpaid":"true","bookingdates":{"checkin":"2019-01-01","checkout":"2019-01-01"},"additionalneeds":"Breakfast"}"
21:53:13.253 [Test worker] DEBUG org.apache.http.wire - http-outgoing-7 << "HTTP/1.1 418 I'm a Teapot[\r][\n]"
21:53:13.254 [Test worker] DEBUG org.apache.http.wire - http-outgoing-7 << "Server: Cowboy[\r][\n]"
21:53:13.254 [Test worker] DEBUG org.apache.http.wire - http-outgoing-7 << "Connection: keep-alive[\r][\n]"
21:53:13.254 [Test worker] DEBUG org.apache.http.wire - http-outgoing-7 << "X-Powered-By: Express[\r][\n]"
21:53:13.254 [Test worker] DEBUG org.apache.http.wire - http-outgoing-7 << "Content-Type: text/plain; charset=utf-8[\r][\n]"
21:53:13.254 [Test worker] DEBUG org.apache.http.wire - http-outgoing-7 << "Content-Length: 12[\r][\n]"
21:53:13.254 [Test worker] DEBUG org.apache.http.wire - http-outgoing-7 << "Etag: W/"c-2UDTmC4hdG5PUA+z8oDkrgejuV8"[\r][\n]"
21:53:13.254 [Test worker] DEBUG org.apache.http.wire - http-outgoing-7 << "Date: Sat, 18 Mar 2023 02:53:13 GMT[\r][\n]"
21:53:13.254 [Test worker] DEBUG org.apache.http.wire - http-outgoing-7 << "Via: 1.1 vegur[\r][\n]"
21:53:13.254 [Test worker] DEBUG org.apache.http.wire - http-outgoing-7 << "[\r][\n]"
21:53:13.254 [Test worker] DEBUG org.apache.http.wire - http-outgoing-7 << "I'm a Teapot"
21:53:13.254 [Test worker] DEBUG org.apache.http.headers - http-outgoing-7 << HTTP/1.1 418 I'm a Teapot
21:53:13.254 [Test worker] DEBUG org.apache.http.headers - http-outgoing-7 << Server: Cowboy
21:53:13.254 [Test worker] DEBUG org.apache.http.headers - http-outgoing-7 << Connection: keep-alive
21:53:13.254 [Test worker] DEBUG org.apache.http.headers - http-outgoing-7 << X-Powered-By: Express
21:53:13.254 [Test worker] DEBUG org.apache.http.headers - http-outgoing-7 << Content-Type: text/plain; charset=utf-8
21:53:13.254 [Test worker] DEBUG org.apache.http.headers - http-outgoing-7 << Content-Length: 12
21:53:13.254 [Test worker] DEBUG org.apache.http.headers - http-outgoing-7 << Etag: W/"c-2UDTmC4hdG5PUA+z8oDkrgejuV8"
21:53:13.254 [Test worker] DEBUG org.apache.http.headers - http-outgoing-7 << Date: Sat, 18 Mar 2023 02:53:13 GMT
21:53:13.254 [Test worker] DEBUG org.apache.http.headers - http-outgoing-7 << Via: 1.1 vegur
21:53:13.254 [Test worker] DEBUG org.apache.http.impl.execchain.MainClientExec - Connection can be kept alive indefinitely
21:53:13.255 [Test worker] DEBUG org.apache.http.impl.conn.PoolingHttpClientConnectionManager - Connection [id: 7][route: {s}->https://restful-booker.herokuapp.com:443] can be kept alive indefinitely
21:53:13.255 [Test worker] DEBUG org.apache.http.impl.conn.DefaultManagedHttpClientConnection - http-outgoing-7: set socket timeout to 0
21:53:13.255 [Test worker] DEBUG org.apache.http.impl.conn.PoolingHttpClientConnectionManager - Connection released: [id: 7][route: {s}->https://restful-booker.herokuapp.com:443][total available: 1; route allocated: 1 of 5; total allocated: 1 of 10]
21:53:13.255 [Test worker] DEBUG com.intuit.karate - response time in milliseconds: 337
1 < 418
1 < Server: Cowboy
1 < Connection: keep-alive
1 < X-Powered-By: Express
1 < Content-Type: text/plain; charset=utf-8
1 < Content-Length: 12
1 < Etag: W/"c-2UDTmC4hdG5PUA+z8oDkrgejuV8"
1 < Date: Sat, 18 Mar 2023 02:53:13 GMT
1 < Via: 1.1 vegur
I'm a Teapot

21:53:13.257 [Test worker] INFO com.intuit.karate - [print] I'm a Teapot 
21:53:13.273 [Test worker] DEBUG com.jayway.jsonpath.internal.path.CompiledPath - Evaluating path: $
21:53:13.276 [Test worker] DEBUG org.apache.http.client.protocol.RequestAddCookies - CookieSpec selected: karate
21:53:13.276 [Test worker] DEBUG org.apache.http.client.protocol.RequestAuthCache - Auth cache not set in the context
21:53:13.276 [Test worker] DEBUG com.intuit.karate - request:
1 > POST https://restful-booker.herokuapp.com/booking
1 > Content-Type: 
1 > Accept: application/json
1 > Content-Length: 170
1 > Host: restful-booker.herokuapp.com
1 > Connection: Keep-Alive
1 > User-Agent: Apache-HttpClient/4.5.13 (Java/11.0.8)
1 > Accept-Encoding: gzip,deflate


21:53:13.276 [Test worker] DEBUG org.apache.http.impl.conn.PoolingHttpClientConnectionManager - Connection request: [route: {s}->https://restful-booker.herokuapp.com:443][total available: 0; route allocated: 0 of 5; total allocated: 0 of 10]
21:53:13.277 [Test worker] DEBUG org.apache.http.impl.conn.PoolingHttpClientConnectionManager - Connection leased: [id: 8][route: {s}->https://restful-booker.herokuapp.com:443][total available: 0; route allocated: 1 of 5; total allocated: 1 of 10]
21:53:13.277 [Test worker] DEBUG org.apache.http.impl.execchain.MainClientExec - Opening connection {s}->https://restful-booker.herokuapp.com:443
21:53:13.277 [Test worker] DEBUG org.apache.http.impl.conn.DefaultHttpClientConnectionOperator - Connecting to restful-booker.herokuapp.com/3.209.172.72:443
21:53:13.277 [Test worker] DEBUG org.apache.http.conn.ssl.LenientSslConnectionSocketFactory - Connecting socket to restful-booker.herokuapp.com/3.209.172.72:443 with timeout 15000
21:53:13.356 [Test worker] DEBUG org.apache.http.conn.ssl.LenientSslConnectionSocketFactory - Enabled protocols: [TLSv1.3, TLSv1.2, TLSv1.1, TLSv1]
21:53:13.356 [Test worker] DEBUG org.apache.http.conn.ssl.LenientSslConnectionSocketFactory - Enabled cipher suites:[TLS_AES_128_GCM_SHA256, TLS_AES_256_GCM_SHA384, TLS_ECDHE_ECDSA_WITH_AES_256_GCM_SHA384, TLS_ECDHE_ECDSA_WITH_AES_128_GCM_SHA256, TLS_ECDHE_RSA_WITH_AES_256_GCM_SHA384, TLS_RSA_WITH_AES_256_GCM_SHA384, TLS_ECDH_ECDSA_WITH_AES_256_GCM_SHA384, TLS_ECDH_RSA_WITH_AES_256_GCM_SHA384, TLS_DHE_RSA_WITH_AES_256_GCM_SHA384, TLS_DHE_DSS_WITH_AES_256_GCM_SHA384, TLS_ECDHE_RSA_WITH_AES_128_GCM_SHA256, TLS_RSA_WITH_AES_128_GCM_SHA256, TLS_ECDH_ECDSA_WITH_AES_128_GCM_SHA256, TLS_ECDH_RSA_WITH_AES_128_GCM_SHA256, TLS_DHE_RSA_WITH_AES_128_GCM_SHA256, TLS_DHE_DSS_WITH_AES_128_GCM_SHA256, TLS_ECDHE_ECDSA_WITH_AES_256_CBC_SHA384, TLS_ECDHE_RSA_WITH_AES_256_CBC_SHA384, TLS_RSA_WITH_AES_256_CBC_SHA256, TLS_ECDH_ECDSA_WITH_AES_256_CBC_SHA384, TLS_ECDH_RSA_WITH_AES_256_CBC_SHA384, TLS_DHE_RSA_WITH_AES_256_CBC_SHA256, TLS_DHE_DSS_WITH_AES_256_CBC_SHA256, TLS_ECDHE_ECDSA_WITH_AES_256_CBC_SHA, TLS_ECDHE_RSA_WITH_AES_256_CBC_SHA, TLS_RSA_WITH_AES_256_CBC_SHA, TLS_ECDH_ECDSA_WITH_AES_256_CBC_SHA, TLS_ECDH_RSA_WITH_AES_256_CBC_SHA, TLS_DHE_RSA_WITH_AES_256_CBC_SHA, TLS_DHE_DSS_WITH_AES_256_CBC_SHA, TLS_ECDHE_ECDSA_WITH_AES_128_CBC_SHA256, TLS_ECDHE_RSA_WITH_AES_128_CBC_SHA256, TLS_RSA_WITH_AES_128_CBC_SHA256, TLS_ECDH_ECDSA_WITH_AES_128_CBC_SHA256, TLS_ECDH_RSA_WITH_AES_128_CBC_SHA256, TLS_DHE_RSA_WITH_AES_128_CBC_SHA256, TLS_DHE_DSS_WITH_AES_128_CBC_SHA256, TLS_ECDHE_ECDSA_WITH_AES_128_CBC_SHA, TLS_ECDHE_RSA_WITH_AES_128_CBC_SHA, TLS_RSA_WITH_AES_128_CBC_SHA, TLS_ECDH_ECDSA_WITH_AES_128_CBC_SHA, TLS_ECDH_RSA_WITH_AES_128_CBC_SHA, TLS_DHE_RSA_WITH_AES_128_CBC_SHA, TLS_DHE_DSS_WITH_AES_128_CBC_SHA, TLS_EMPTY_RENEGOTIATION_INFO_SCSV]
21:53:13.356 [Test worker] DEBUG org.apache.http.conn.ssl.LenientSslConnectionSocketFactory - Starting handshake
21:53:13.500 [Finalizer] DEBUG org.apache.http.impl.conn.PoolingHttpClientConnectionManager - Connection manager is shutting down
21:53:13.502 [Finalizer] DEBUG org.apache.http.impl.conn.DefaultManagedHttpClientConnection - http-outgoing-4: Close connection
21:53:13.507 [Finalizer] DEBUG org.apache.http.impl.conn.PoolingHttpClientConnectionManager - Connection manager shut down
21:53:13.507 [Finalizer] DEBUG org.apache.http.impl.conn.PoolingHttpClientConnectionManager - Connection manager is shutting down
21:53:13.507 [Finalizer] DEBUG org.apache.http.impl.conn.DefaultManagedHttpClientConnection - http-outgoing-0: Close connection
21:53:13.510 [Finalizer] DEBUG org.apache.http.impl.conn.PoolingHttpClientConnectionManager - Connection manager shut down
21:53:13.511 [Finalizer] DEBUG org.apache.http.impl.conn.PoolingHttpClientConnectionManager - Connection manager is shutting down
21:53:13.511 [Finalizer] DEBUG org.apache.http.impl.conn.DefaultManagedHttpClientConnection - http-outgoing-1: Close connection
21:53:13.513 [Finalizer] DEBUG org.apache.http.impl.conn.PoolingHttpClientConnectionManager - Connection manager shut down
21:53:13.513 [Finalizer] DEBUG org.apache.http.impl.conn.PoolingHttpClientConnectionManager - Connection manager is shutting down
21:53:13.513 [Finalizer] DEBUG org.apache.http.impl.conn.DefaultManagedHttpClientConnection - http-outgoing-5: Close connection
21:53:13.517 [Finalizer] DEBUG org.apache.http.impl.conn.PoolingHttpClientConnectionManager - Connection manager shut down
21:53:13.517 [Finalizer] DEBUG org.apache.http.impl.conn.PoolingHttpClientConnectionManager - Connection manager is shutting down
21:53:13.517 [Finalizer] DEBUG org.apache.http.impl.conn.DefaultManagedHttpClientConnection - http-outgoing-6: Close connection
21:53:13.522 [Finalizer] DEBUG org.apache.http.impl.conn.PoolingHttpClientConnectionManager - Connection manager shut down
21:53:13.522 [Finalizer] DEBUG org.apache.http.impl.conn.PoolingHttpClientConnectionManager - Connection manager is shutting down
21:53:13.522 [Finalizer] DEBUG org.apache.http.impl.conn.DefaultManagedHttpClientConnection - http-outgoing-7: Close connection
21:53:13.526 [Finalizer] DEBUG org.apache.http.impl.conn.PoolingHttpClientConnectionManager - Connection manager shut down
21:53:13.526 [Finalizer] DEBUG org.apache.http.impl.conn.PoolingHttpClientConnectionManager - Connection manager is shutting down
21:53:13.526 [Finalizer] DEBUG org.apache.http.impl.conn.DefaultManagedHttpClientConnection - http-outgoing-2: Close connection
21:53:13.530 [Finalizer] DEBUG org.apache.http.impl.conn.PoolingHttpClientConnectionManager - Connection manager shut down
21:53:13.530 [Finalizer] DEBUG org.apache.http.impl.conn.PoolingHttpClientConnectionManager - Connection manager is shutting down
21:53:13.530 [Finalizer] DEBUG org.apache.http.impl.conn.DefaultManagedHttpClientConnection - http-outgoing-3: Close connection
21:53:13.532 [Finalizer] DEBUG org.apache.http.impl.conn.PoolingHttpClientConnectionManager - Connection manager shut down
21:53:13.551 [Test worker] DEBUG org.apache.http.conn.ssl.LenientSslConnectionSocketFactory - Secure session established
21:53:13.551 [Test worker] DEBUG org.apache.http.conn.ssl.LenientSslConnectionSocketFactory -  negotiated protocol: TLSv1.2
21:53:13.551 [Test worker] DEBUG org.apache.http.conn.ssl.LenientSslConnectionSocketFactory -  negotiated cipher suite: TLS_ECDHE_RSA_WITH_AES_128_GCM_SHA256
21:53:13.551 [Test worker] DEBUG org.apache.http.conn.ssl.LenientSslConnectionSocketFactory -  peer principal: CN=*.herokuapp.com
21:53:13.551 [Test worker] DEBUG org.apache.http.conn.ssl.LenientSslConnectionSocketFactory -  peer alternative names: [*.herokuapp.com]
21:53:13.551 [Test worker] DEBUG org.apache.http.conn.ssl.LenientSslConnectionSocketFactory -  issuer principal: CN=Amazon RSA 2048 M02, O=Amazon, C=US
21:53:13.551 [Test worker] DEBUG org.apache.http.impl.conn.DefaultHttpClientConnectionOperator - Connection established 192.168.20.32:51601<->3.209.172.72:443
21:53:13.551 [Test worker] DEBUG org.apache.http.impl.conn.DefaultManagedHttpClientConnection - http-outgoing-8: set socket timeout to 15000
21:53:13.551 [Test worker] DEBUG org.apache.http.impl.execchain.MainClientExec - Executing request POST /booking HTTP/1.1
21:53:13.551 [Test worker] DEBUG org.apache.http.impl.execchain.MainClientExec - Target auth state: UNCHALLENGED
21:53:13.551 [Test worker] DEBUG org.apache.http.impl.execchain.MainClientExec - Proxy auth state: UNCHALLENGED
21:53:13.551 [Test worker] DEBUG org.apache.http.headers - http-outgoing-8 >> POST /booking HTTP/1.1
21:53:13.551 [Test worker] DEBUG org.apache.http.headers - http-outgoing-8 >> Content-Type: 
21:53:13.551 [Test worker] DEBUG org.apache.http.headers - http-outgoing-8 >> Accept: application/json
21:53:13.551 [Test worker] DEBUG org.apache.http.headers - http-outgoing-8 >> Content-Length: 170
21:53:13.551 [Test worker] DEBUG org.apache.http.headers - http-outgoing-8 >> Host: restful-booker.herokuapp.com
21:53:13.551 [Test worker] DEBUG org.apache.http.headers - http-outgoing-8 >> Connection: Keep-Alive
21:53:13.551 [Test worker] DEBUG org.apache.http.headers - http-outgoing-8 >> User-Agent: Apache-HttpClient/4.5.13 (Java/11.0.8)
21:53:13.551 [Test worker] DEBUG org.apache.http.headers - http-outgoing-8 >> Accept-Encoding: gzip,deflate
21:53:13.551 [Test worker] DEBUG org.apache.http.wire - http-outgoing-8 >> "POST /booking HTTP/1.1[\r][\n]"
21:53:13.551 [Test worker] DEBUG org.apache.http.wire - http-outgoing-8 >> "Content-Type: [\r][\n]"
21:53:13.551 [Test worker] DEBUG org.apache.http.wire - http-outgoing-8 >> "Accept: application/json[\r][\n]"
21:53:13.551 [Test worker] DEBUG org.apache.http.wire - http-outgoing-8 >> "Content-Length: 170[\r][\n]"
21:53:13.551 [Test worker] DEBUG org.apache.http.wire - http-outgoing-8 >> "Host: restful-booker.herokuapp.com[\r][\n]"
21:53:13.551 [Test worker] DEBUG org.apache.http.wire - http-outgoing-8 >> "Connection: Keep-Alive[\r][\n]"
21:53:13.551 [Test worker] DEBUG org.apache.http.wire - http-outgoing-8 >> "User-Agent: Apache-HttpClient/4.5.13 (Java/11.0.8)[\r][\n]"
21:53:13.551 [Test worker] DEBUG org.apache.http.wire - http-outgoing-8 >> "Accept-Encoding: gzip,deflate[\r][\n]"
21:53:13.551 [Test worker] DEBUG org.apache.http.wire - http-outgoing-8 >> "[\r][\n]"
21:53:13.551 [Test worker] DEBUG org.apache.http.wire - http-outgoing-8 >> "{"firstname":"Jim","lastname":"Brown","totalprice":111,"depositpaid":"true","bookingdates":{"checkin":"2019-01-01","checkout":"2019-01-01"},"additionalneeds":"Breakfast"}"
21:53:13.634 [Test worker] DEBUG org.apache.http.wire - http-outgoing-8 << "HTTP/1.1 500 Internal Server Error[\r][\n]"
21:53:13.635 [Test worker] DEBUG org.apache.http.wire - http-outgoing-8 << "Server: Cowboy[\r][\n]"
21:53:13.635 [Test worker] DEBUG org.apache.http.wire - http-outgoing-8 << "Connection: keep-alive[\r][\n]"
21:53:13.635 [Test worker] DEBUG org.apache.http.wire - http-outgoing-8 << "X-Powered-By: Express[\r][\n]"
21:53:13.635 [Test worker] DEBUG org.apache.http.wire - http-outgoing-8 << "Content-Type: text/plain; charset=utf-8[\r][\n]"
21:53:13.635 [Test worker] DEBUG org.apache.http.wire - http-outgoing-8 << "Content-Length: 21[\r][\n]"
21:53:13.635 [Test worker] DEBUG org.apache.http.wire - http-outgoing-8 << "Etag: W/"15-/6VXivhc2MKdLfIkLcUE47K6aH0"[\r][\n]"
21:53:13.635 [Test worker] DEBUG org.apache.http.wire - http-outgoing-8 << "Date: Sat, 18 Mar 2023 02:53:14 GMT[\r][\n]"
21:53:13.635 [Test worker] DEBUG org.apache.http.wire - http-outgoing-8 << "Via: 1.1 vegur[\r][\n]"
21:53:13.635 [Test worker] DEBUG org.apache.http.wire - http-outgoing-8 << "[\r][\n]"
21:53:13.635 [Test worker] DEBUG org.apache.http.wire - http-outgoing-8 << "Internal Server Error"
21:53:13.635 [Test worker] DEBUG org.apache.http.headers - http-outgoing-8 << HTTP/1.1 500 Internal Server Error
21:53:13.635 [Test worker] DEBUG org.apache.http.headers - http-outgoing-8 << Server: Cowboy
21:53:13.635 [Test worker] DEBUG org.apache.http.headers - http-outgoing-8 << Connection: keep-alive
21:53:13.635 [Test worker] DEBUG org.apache.http.headers - http-outgoing-8 << X-Powered-By: Express
21:53:13.635 [Test worker] DEBUG org.apache.http.headers - http-outgoing-8 << Content-Type: text/plain; charset=utf-8
21:53:13.635 [Test worker] DEBUG org.apache.http.headers - http-outgoing-8 << Content-Length: 21
21:53:13.635 [Test worker] DEBUG org.apache.http.headers - http-outgoing-8 << Etag: W/"15-/6VXivhc2MKdLfIkLcUE47K6aH0"
21:53:13.635 [Test worker] DEBUG org.apache.http.headers - http-outgoing-8 << Date: Sat, 18 Mar 2023 02:53:14 GMT
21:53:13.635 [Test worker] DEBUG org.apache.http.headers - http-outgoing-8 << Via: 1.1 vegur
21:53:13.636 [Test worker] DEBUG org.apache.http.impl.execchain.MainClientExec - Connection can be kept alive indefinitely
21:53:13.636 [Test worker] DEBUG org.apache.http.impl.conn.PoolingHttpClientConnectionManager - Connection [id: 8][route: {s}->https://restful-booker.herokuapp.com:443] can be kept alive indefinitely
21:53:13.636 [Test worker] DEBUG org.apache.http.impl.conn.DefaultManagedHttpClientConnection - http-outgoing-8: set socket timeout to 0
21:53:13.636 [Test worker] DEBUG org.apache.http.impl.conn.PoolingHttpClientConnectionManager - Connection released: [id: 8][route: {s}->https://restful-booker.herokuapp.com:443][total available: 1; route allocated: 1 of 5; total allocated: 1 of 10]
21:53:13.636 [Test worker] DEBUG com.intuit.karate - response time in milliseconds: 360
1 < 500
1 < Server: Cowboy
1 < Connection: keep-alive
1 < X-Powered-By: Express
1 < Content-Type: text/plain; charset=utf-8
1 < Content-Length: 21
1 < Etag: W/"15-/6VXivhc2MKdLfIkLcUE47K6aH0"
1 < Date: Sat, 18 Mar 2023 02:53:14 GMT
1 < Via: 1.1 vegur
Internal Server Error

21:53:13.640 [Test worker] INFO com.intuit.karate - [print] Internal Server Error 
21:53:13.660 [Test worker] DEBUG com.jayway.jsonpath.internal.path.CompiledPath - Evaluating path: $
21:53:13.665 [Test worker] DEBUG org.apache.http.client.protocol.RequestAddCookies - CookieSpec selected: karate
21:53:13.665 [Test worker] DEBUG org.apache.http.client.protocol.RequestAuthCache - Auth cache not set in the context
21:53:13.665 [Test worker] DEBUG com.intuit.karate - request:
1 > POST https://restful-booker.herokuapp.com/booking
1 > Content-Type: dadsadaadad; charset=UTF-8
1 > Accept: application/json
1 > Content-Length: 170
1 > Host: restful-booker.herokuapp.com
1 > Connection: Keep-Alive
1 > User-Agent: Apache-HttpClient/4.5.13 (Java/11.0.8)
1 > Accept-Encoding: gzip,deflate


21:53:13.665 [Test worker] DEBUG org.apache.http.impl.conn.PoolingHttpClientConnectionManager - Connection request: [route: {s}->https://restful-booker.herokuapp.com:443][total available: 0; route allocated: 0 of 5; total allocated: 0 of 10]
21:53:13.665 [Test worker] DEBUG org.apache.http.impl.conn.PoolingHttpClientConnectionManager - Connection leased: [id: 9][route: {s}->https://restful-booker.herokuapp.com:443][total available: 0; route allocated: 1 of 5; total allocated: 1 of 10]
21:53:13.665 [Test worker] DEBUG org.apache.http.impl.execchain.MainClientExec - Opening connection {s}->https://restful-booker.herokuapp.com:443
21:53:13.666 [Test worker] DEBUG org.apache.http.impl.conn.DefaultHttpClientConnectionOperator - Connecting to restful-booker.herokuapp.com/3.209.172.72:443
21:53:13.666 [Test worker] DEBUG org.apache.http.conn.ssl.LenientSslConnectionSocketFactory - Connecting socket to restful-booker.herokuapp.com/3.209.172.72:443 with timeout 15000
21:53:13.744 [Test worker] DEBUG org.apache.http.conn.ssl.LenientSslConnectionSocketFactory - Enabled protocols: [TLSv1.3, TLSv1.2, TLSv1.1, TLSv1]
21:53:13.744 [Test worker] DEBUG org.apache.http.conn.ssl.LenientSslConnectionSocketFactory - Enabled cipher suites:[TLS_AES_128_GCM_SHA256, TLS_AES_256_GCM_SHA384, TLS_ECDHE_ECDSA_WITH_AES_256_GCM_SHA384, TLS_ECDHE_ECDSA_WITH_AES_128_GCM_SHA256, TLS_ECDHE_RSA_WITH_AES_256_GCM_SHA384, TLS_RSA_WITH_AES_256_GCM_SHA384, TLS_ECDH_ECDSA_WITH_AES_256_GCM_SHA384, TLS_ECDH_RSA_WITH_AES_256_GCM_SHA384, TLS_DHE_RSA_WITH_AES_256_GCM_SHA384, TLS_DHE_DSS_WITH_AES_256_GCM_SHA384, TLS_ECDHE_RSA_WITH_AES_128_GCM_SHA256, TLS_RSA_WITH_AES_128_GCM_SHA256, TLS_ECDH_ECDSA_WITH_AES_128_GCM_SHA256, TLS_ECDH_RSA_WITH_AES_128_GCM_SHA256, TLS_DHE_RSA_WITH_AES_128_GCM_SHA256, TLS_DHE_DSS_WITH_AES_128_GCM_SHA256, TLS_ECDHE_ECDSA_WITH_AES_256_CBC_SHA384, TLS_ECDHE_RSA_WITH_AES_256_CBC_SHA384, TLS_RSA_WITH_AES_256_CBC_SHA256, TLS_ECDH_ECDSA_WITH_AES_256_CBC_SHA384, TLS_ECDH_RSA_WITH_AES_256_CBC_SHA384, TLS_DHE_RSA_WITH_AES_256_CBC_SHA256, TLS_DHE_DSS_WITH_AES_256_CBC_SHA256, TLS_ECDHE_ECDSA_WITH_AES_256_CBC_SHA, TLS_ECDHE_RSA_WITH_AES_256_CBC_SHA, TLS_RSA_WITH_AES_256_CBC_SHA, TLS_ECDH_ECDSA_WITH_AES_256_CBC_SHA, TLS_ECDH_RSA_WITH_AES_256_CBC_SHA, TLS_DHE_RSA_WITH_AES_256_CBC_SHA, TLS_DHE_DSS_WITH_AES_256_CBC_SHA, TLS_ECDHE_ECDSA_WITH_AES_128_CBC_SHA256, TLS_ECDHE_RSA_WITH_AES_128_CBC_SHA256, TLS_RSA_WITH_AES_128_CBC_SHA256, TLS_ECDH_ECDSA_WITH_AES_128_CBC_SHA256, TLS_ECDH_RSA_WITH_AES_128_CBC_SHA256, TLS_DHE_RSA_WITH_AES_128_CBC_SHA256, TLS_DHE_DSS_WITH_AES_128_CBC_SHA256, TLS_ECDHE_ECDSA_WITH_AES_128_CBC_SHA, TLS_ECDHE_RSA_WITH_AES_128_CBC_SHA, TLS_RSA_WITH_AES_128_CBC_SHA, TLS_ECDH_ECDSA_WITH_AES_128_CBC_SHA, TLS_ECDH_RSA_WITH_AES_128_CBC_SHA, TLS_DHE_RSA_WITH_AES_128_CBC_SHA, TLS_DHE_DSS_WITH_AES_128_CBC_SHA, TLS_EMPTY_RENEGOTIATION_INFO_SCSV]
21:53:13.744 [Test worker] DEBUG org.apache.http.conn.ssl.LenientSslConnectionSocketFactory - Starting handshake
21:53:13.905 [Test worker] DEBUG org.apache.http.conn.ssl.LenientSslConnectionSocketFactory - Secure session established
21:53:13.906 [Test worker] DEBUG org.apache.http.conn.ssl.LenientSslConnectionSocketFactory -  negotiated protocol: TLSv1.2
21:53:13.906 [Test worker] DEBUG org.apache.http.conn.ssl.LenientSslConnectionSocketFactory -  negotiated cipher suite: TLS_ECDHE_RSA_WITH_AES_128_GCM_SHA256
21:53:13.906 [Test worker] DEBUG org.apache.http.conn.ssl.LenientSslConnectionSocketFactory -  peer principal: CN=*.herokuapp.com
21:53:13.906 [Test worker] DEBUG org.apache.http.conn.ssl.LenientSslConnectionSocketFactory -  peer alternative names: [*.herokuapp.com]
21:53:13.906 [Test worker] DEBUG org.apache.http.conn.ssl.LenientSslConnectionSocketFactory -  issuer principal: CN=Amazon RSA 2048 M02, O=Amazon, C=US
21:53:13.906 [Test worker] DEBUG org.apache.http.impl.conn.DefaultHttpClientConnectionOperator - Connection established 192.168.20.32:51602<->3.209.172.72:443
21:53:13.906 [Test worker] DEBUG org.apache.http.impl.conn.DefaultManagedHttpClientConnection - http-outgoing-9: set socket timeout to 15000
21:53:13.906 [Test worker] DEBUG org.apache.http.impl.execchain.MainClientExec - Executing request POST /booking HTTP/1.1
21:53:13.906 [Test worker] DEBUG org.apache.http.impl.execchain.MainClientExec - Target auth state: UNCHALLENGED
21:53:13.906 [Test worker] DEBUG org.apache.http.impl.execchain.MainClientExec - Proxy auth state: UNCHALLENGED
21:53:13.906 [Test worker] DEBUG org.apache.http.headers - http-outgoing-9 >> POST /booking HTTP/1.1
21:53:13.906 [Test worker] DEBUG org.apache.http.headers - http-outgoing-9 >> Content-Type: dadsadaadad; charset=UTF-8
21:53:13.906 [Test worker] DEBUG org.apache.http.headers - http-outgoing-9 >> Accept: application/json
21:53:13.906 [Test worker] DEBUG org.apache.http.headers - http-outgoing-9 >> Content-Length: 170
21:53:13.906 [Test worker] DEBUG org.apache.http.headers - http-outgoing-9 >> Host: restful-booker.herokuapp.com
21:53:13.906 [Test worker] DEBUG org.apache.http.headers - http-outgoing-9 >> Connection: Keep-Alive
21:53:13.906 [Test worker] DEBUG org.apache.http.headers - http-outgoing-9 >> User-Agent: Apache-HttpClient/4.5.13 (Java/11.0.8)
21:53:13.906 [Test worker] DEBUG org.apache.http.headers - http-outgoing-9 >> Accept-Encoding: gzip,deflate
21:53:13.906 [Test worker] DEBUG org.apache.http.wire - http-outgoing-9 >> "POST /booking HTTP/1.1[\r][\n]"
21:53:13.906 [Test worker] DEBUG org.apache.http.wire - http-outgoing-9 >> "Content-Type: dadsadaadad; charset=UTF-8[\r][\n]"
21:53:13.906 [Test worker] DEBUG org.apache.http.wire - http-outgoing-9 >> "Accept: application/json[\r][\n]"
21:53:13.906 [Test worker] DEBUG org.apache.http.wire - http-outgoing-9 >> "Content-Length: 170[\r][\n]"
21:53:13.906 [Test worker] DEBUG org.apache.http.wire - http-outgoing-9 >> "Host: restful-booker.herokuapp.com[\r][\n]"
21:53:13.906 [Test worker] DEBUG org.apache.http.wire - http-outgoing-9 >> "Connection: Keep-Alive[\r][\n]"
21:53:13.907 [Test worker] DEBUG org.apache.http.wire - http-outgoing-9 >> "User-Agent: Apache-HttpClient/4.5.13 (Java/11.0.8)[\r][\n]"
21:53:13.907 [Test worker] DEBUG org.apache.http.wire - http-outgoing-9 >> "Accept-Encoding: gzip,deflate[\r][\n]"
21:53:13.907 [Test worker] DEBUG org.apache.http.wire - http-outgoing-9 >> "[\r][\n]"
21:53:13.907 [Test worker] DEBUG org.apache.http.wire - http-outgoing-9 >> "{"firstname":"Jim","lastname":"Brown","totalprice":111,"depositpaid":"true","bookingdates":{"checkin":"2019-01-01","checkout":"2019-01-01"},"additionalneeds":"Breakfast"}"
21:53:13.980 [Test worker] DEBUG org.apache.http.wire - http-outgoing-9 << "HTTP/1.1 500 Internal Server Error[\r][\n]"
21:53:13.980 [Test worker] DEBUG org.apache.http.wire - http-outgoing-9 << "Server: Cowboy[\r][\n]"
21:53:13.981 [Test worker] DEBUG org.apache.http.wire - http-outgoing-9 << "Connection: keep-alive[\r][\n]"
21:53:13.981 [Test worker] DEBUG org.apache.http.wire - http-outgoing-9 << "X-Powered-By: Express[\r][\n]"
21:53:13.981 [Test worker] DEBUG org.apache.http.wire - http-outgoing-9 << "Content-Type: text/plain; charset=utf-8[\r][\n]"
21:53:13.981 [Test worker] DEBUG org.apache.http.wire - http-outgoing-9 << "Content-Length: 21[\r][\n]"
21:53:13.981 [Test worker] DEBUG org.apache.http.wire - http-outgoing-9 << "Etag: W/"15-/6VXivhc2MKdLfIkLcUE47K6aH0"[\r][\n]"
21:53:13.981 [Test worker] DEBUG org.apache.http.wire - http-outgoing-9 << "Date: Sat, 18 Mar 2023 02:53:14 GMT[\r][\n]"
21:53:13.981 [Test worker] DEBUG org.apache.http.wire - http-outgoing-9 << "Via: 1.1 vegur[\r][\n]"
21:53:13.981 [Test worker] DEBUG org.apache.http.wire - http-outgoing-9 << "[\r][\n]"
21:53:13.981 [Test worker] DEBUG org.apache.http.wire - http-outgoing-9 << "Internal Server Error"
21:53:13.981 [Test worker] DEBUG org.apache.http.headers - http-outgoing-9 << HTTP/1.1 500 Internal Server Error
21:53:13.981 [Test worker] DEBUG org.apache.http.headers - http-outgoing-9 << Server: Cowboy
21:53:13.981 [Test worker] DEBUG org.apache.http.headers - http-outgoing-9 << Connection: keep-alive
21:53:13.981 [Test worker] DEBUG org.apache.http.headers - http-outgoing-9 << X-Powered-By: Express
21:53:13.981 [Test worker] DEBUG org.apache.http.headers - http-outgoing-9 << Content-Type: text/plain; charset=utf-8
21:53:13.981 [Test worker] DEBUG org.apache.http.headers - http-outgoing-9 << Content-Length: 21
21:53:13.981 [Test worker] DEBUG org.apache.http.headers - http-outgoing-9 << Etag: W/"15-/6VXivhc2MKdLfIkLcUE47K6aH0"
21:53:13.981 [Test worker] DEBUG org.apache.http.headers - http-outgoing-9 << Date: Sat, 18 Mar 2023 02:53:14 GMT
21:53:13.981 [Test worker] DEBUG org.apache.http.headers - http-outgoing-9 << Via: 1.1 vegur
21:53:13.981 [Test worker] DEBUG org.apache.http.impl.execchain.MainClientExec - Connection can be kept alive indefinitely
21:53:13.981 [Test worker] DEBUG org.apache.http.impl.conn.PoolingHttpClientConnectionManager - Connection [id: 9][route: {s}->https://restful-booker.herokuapp.com:443] can be kept alive indefinitely
21:53:13.981 [Test worker] DEBUG org.apache.http.impl.conn.DefaultManagedHttpClientConnection - http-outgoing-9: set socket timeout to 0
21:53:13.981 [Test worker] DEBUG org.apache.http.impl.conn.PoolingHttpClientConnectionManager - Connection released: [id: 9][route: {s}->https://restful-booker.herokuapp.com:443][total available: 1; route allocated: 1 of 5; total allocated: 1 of 10]
21:53:13.982 [Test worker] DEBUG com.intuit.karate - response time in milliseconds: 316
1 < 500
1 < Server: Cowboy
1 < Connection: keep-alive
1 < X-Powered-By: Express
1 < Content-Type: text/plain; charset=utf-8
1 < Content-Length: 21
1 < Etag: W/"15-/6VXivhc2MKdLfIkLcUE47K6aH0"
1 < Date: Sat, 18 Mar 2023 02:53:14 GMT
1 < Via: 1.1 vegur
Internal Server Error

21:53:13.984 [Test worker] INFO com.intuit.karate - [print] Internal Server Error 
21:53:13.997 [Test worker] DEBUG com.jayway.jsonpath.internal.path.CompiledPath - Evaluating path: $
21:53:14.002 [Test worker] DEBUG org.apache.http.client.protocol.RequestAddCookies - CookieSpec selected: karate
21:53:14.002 [Test worker] DEBUG org.apache.http.client.protocol.RequestAuthCache - Auth cache not set in the context
21:53:14.002 [Test worker] DEBUG com.intuit.karate - request:
1 > POST https://restful-booker.herokuapp.com/booking
1 > Content-Type: application/json; charset=UTF-8
1 > Accept: application/json
1 > Content-Length: 160
1 > Host: restful-booker.herokuapp.com
1 > Connection: Keep-Alive
1 > User-Agent: Apache-HttpClient/4.5.13 (Java/11.0.8)
1 > Accept-Encoding: gzip,deflate
{"firstname":"Jim","lastname":"Brown","totalprice":111,"depositpaid":"true","bookingdates":{"checkin":"2019-01-01","checkout":""},"additionalneeds":"Breakfast"}

21:53:14.003 [Test worker] DEBUG org.apache.http.impl.conn.PoolingHttpClientConnectionManager - Connection request: [route: {s}->https://restful-booker.herokuapp.com:443][total available: 0; route allocated: 0 of 5; total allocated: 0 of 10]
21:53:14.003 [Test worker] DEBUG org.apache.http.impl.conn.PoolingHttpClientConnectionManager - Connection leased: [id: 10][route: {s}->https://restful-booker.herokuapp.com:443][total available: 0; route allocated: 1 of 5; total allocated: 1 of 10]
21:53:14.003 [Test worker] DEBUG org.apache.http.impl.execchain.MainClientExec - Opening connection {s}->https://restful-booker.herokuapp.com:443
21:53:14.003 [Test worker] DEBUG org.apache.http.impl.conn.DefaultHttpClientConnectionOperator - Connecting to restful-booker.herokuapp.com/3.209.172.72:443
21:53:14.003 [Test worker] DEBUG org.apache.http.conn.ssl.LenientSslConnectionSocketFactory - Connecting socket to restful-booker.herokuapp.com/3.209.172.72:443 with timeout 15000
21:53:14.081 [Test worker] DEBUG org.apache.http.conn.ssl.LenientSslConnectionSocketFactory - Enabled protocols: [TLSv1.3, TLSv1.2, TLSv1.1, TLSv1]
21:53:14.081 [Test worker] DEBUG org.apache.http.conn.ssl.LenientSslConnectionSocketFactory - Enabled cipher suites:[TLS_AES_128_GCM_SHA256, TLS_AES_256_GCM_SHA384, TLS_ECDHE_ECDSA_WITH_AES_256_GCM_SHA384, TLS_ECDHE_ECDSA_WITH_AES_128_GCM_SHA256, TLS_ECDHE_RSA_WITH_AES_256_GCM_SHA384, TLS_RSA_WITH_AES_256_GCM_SHA384, TLS_ECDH_ECDSA_WITH_AES_256_GCM_SHA384, TLS_ECDH_RSA_WITH_AES_256_GCM_SHA384, TLS_DHE_RSA_WITH_AES_256_GCM_SHA384, TLS_DHE_DSS_WITH_AES_256_GCM_SHA384, TLS_ECDHE_RSA_WITH_AES_128_GCM_SHA256, TLS_RSA_WITH_AES_128_GCM_SHA256, TLS_ECDH_ECDSA_WITH_AES_128_GCM_SHA256, TLS_ECDH_RSA_WITH_AES_128_GCM_SHA256, TLS_DHE_RSA_WITH_AES_128_GCM_SHA256, TLS_DHE_DSS_WITH_AES_128_GCM_SHA256, TLS_ECDHE_ECDSA_WITH_AES_256_CBC_SHA384, TLS_ECDHE_RSA_WITH_AES_256_CBC_SHA384, TLS_RSA_WITH_AES_256_CBC_SHA256, TLS_ECDH_ECDSA_WITH_AES_256_CBC_SHA384, TLS_ECDH_RSA_WITH_AES_256_CBC_SHA384, TLS_DHE_RSA_WITH_AES_256_CBC_SHA256, TLS_DHE_DSS_WITH_AES_256_CBC_SHA256, TLS_ECDHE_ECDSA_WITH_AES_256_CBC_SHA, TLS_ECDHE_RSA_WITH_AES_256_CBC_SHA, TLS_RSA_WITH_AES_256_CBC_SHA, TLS_ECDH_ECDSA_WITH_AES_256_CBC_SHA, TLS_ECDH_RSA_WITH_AES_256_CBC_SHA, TLS_DHE_RSA_WITH_AES_256_CBC_SHA, TLS_DHE_DSS_WITH_AES_256_CBC_SHA, TLS_ECDHE_ECDSA_WITH_AES_128_CBC_SHA256, TLS_ECDHE_RSA_WITH_AES_128_CBC_SHA256, TLS_RSA_WITH_AES_128_CBC_SHA256, TLS_ECDH_ECDSA_WITH_AES_128_CBC_SHA256, TLS_ECDH_RSA_WITH_AES_128_CBC_SHA256, TLS_DHE_RSA_WITH_AES_128_CBC_SHA256, TLS_DHE_DSS_WITH_AES_128_CBC_SHA256, TLS_ECDHE_ECDSA_WITH_AES_128_CBC_SHA, TLS_ECDHE_RSA_WITH_AES_128_CBC_SHA, TLS_RSA_WITH_AES_128_CBC_SHA, TLS_ECDH_ECDSA_WITH_AES_128_CBC_SHA, TLS_ECDH_RSA_WITH_AES_128_CBC_SHA, TLS_DHE_RSA_WITH_AES_128_CBC_SHA, TLS_DHE_DSS_WITH_AES_128_CBC_SHA, TLS_EMPTY_RENEGOTIATION_INFO_SCSV]
21:53:14.081 [Test worker] DEBUG org.apache.http.conn.ssl.LenientSslConnectionSocketFactory - Starting handshake
21:53:14.258 [Test worker] DEBUG org.apache.http.conn.ssl.LenientSslConnectionSocketFactory - Secure session established
21:53:14.258 [Test worker] DEBUG org.apache.http.conn.ssl.LenientSslConnectionSocketFactory -  negotiated protocol: TLSv1.2
21:53:14.258 [Test worker] DEBUG org.apache.http.conn.ssl.LenientSslConnectionSocketFactory -  negotiated cipher suite: TLS_ECDHE_RSA_WITH_AES_128_GCM_SHA256
21:53:14.258 [Test worker] DEBUG org.apache.http.conn.ssl.LenientSslConnectionSocketFactory -  peer principal: CN=*.herokuapp.com
21:53:14.258 [Test worker] DEBUG org.apache.http.conn.ssl.LenientSslConnectionSocketFactory -  peer alternative names: [*.herokuapp.com]
21:53:14.258 [Test worker] DEBUG org.apache.http.conn.ssl.LenientSslConnectionSocketFactory -  issuer principal: CN=Amazon RSA 2048 M02, O=Amazon, C=US
21:53:14.258 [Test worker] DEBUG org.apache.http.impl.conn.DefaultHttpClientConnectionOperator - Connection established 192.168.20.32:51603<->3.209.172.72:443
21:53:14.258 [Test worker] DEBUG org.apache.http.impl.conn.DefaultManagedHttpClientConnection - http-outgoing-10: set socket timeout to 15000
21:53:14.259 [Test worker] DEBUG org.apache.http.impl.execchain.MainClientExec - Executing request POST /booking HTTP/1.1
21:53:14.259 [Test worker] DEBUG org.apache.http.impl.execchain.MainClientExec - Target auth state: UNCHALLENGED
21:53:14.259 [Test worker] DEBUG org.apache.http.impl.execchain.MainClientExec - Proxy auth state: UNCHALLENGED
21:53:14.259 [Test worker] DEBUG org.apache.http.headers - http-outgoing-10 >> POST /booking HTTP/1.1
21:53:14.259 [Test worker] DEBUG org.apache.http.headers - http-outgoing-10 >> Content-Type: application/json; charset=UTF-8
21:53:14.259 [Test worker] DEBUG org.apache.http.headers - http-outgoing-10 >> Accept: application/json
21:53:14.259 [Test worker] DEBUG org.apache.http.headers - http-outgoing-10 >> Content-Length: 160
21:53:14.259 [Test worker] DEBUG org.apache.http.headers - http-outgoing-10 >> Host: restful-booker.herokuapp.com
21:53:14.259 [Test worker] DEBUG org.apache.http.headers - http-outgoing-10 >> Connection: Keep-Alive
21:53:14.259 [Test worker] DEBUG org.apache.http.headers - http-outgoing-10 >> User-Agent: Apache-HttpClient/4.5.13 (Java/11.0.8)
21:53:14.259 [Test worker] DEBUG org.apache.http.headers - http-outgoing-10 >> Accept-Encoding: gzip,deflate
21:53:14.259 [Test worker] DEBUG org.apache.http.wire - http-outgoing-10 >> "POST /booking HTTP/1.1[\r][\n]"
21:53:14.259 [Test worker] DEBUG org.apache.http.wire - http-outgoing-10 >> "Content-Type: application/json; charset=UTF-8[\r][\n]"
21:53:14.259 [Test worker] DEBUG org.apache.http.wire - http-outgoing-10 >> "Accept: application/json[\r][\n]"
21:53:14.259 [Test worker] DEBUG org.apache.http.wire - http-outgoing-10 >> "Content-Length: 160[\r][\n]"
21:53:14.259 [Test worker] DEBUG org.apache.http.wire - http-outgoing-10 >> "Host: restful-booker.herokuapp.com[\r][\n]"
21:53:14.259 [Test worker] DEBUG org.apache.http.wire - http-outgoing-10 >> "Connection: Keep-Alive[\r][\n]"
21:53:14.259 [Test worker] DEBUG org.apache.http.wire - http-outgoing-10 >> "User-Agent: Apache-HttpClient/4.5.13 (Java/11.0.8)[\r][\n]"
21:53:14.259 [Test worker] DEBUG org.apache.http.wire - http-outgoing-10 >> "Accept-Encoding: gzip,deflate[\r][\n]"
21:53:14.259 [Test worker] DEBUG org.apache.http.wire - http-outgoing-10 >> "[\r][\n]"
21:53:14.259 [Test worker] DEBUG org.apache.http.wire - http-outgoing-10 >> "{"firstname":"Jim","lastname":"Brown","totalprice":111,"depositpaid":"true","bookingdates":{"checkin":"2019-01-01","checkout":""},"additionalneeds":"Breakfast"}"
21:53:14.333 [Test worker] DEBUG org.apache.http.wire - http-outgoing-10 << "HTTP/1.1 200 OK[\r][\n]"
21:53:14.333 [Test worker] DEBUG org.apache.http.wire - http-outgoing-10 << "Server: Cowboy[\r][\n]"
21:53:14.333 [Test worker] DEBUG org.apache.http.wire - http-outgoing-10 << "Connection: keep-alive[\r][\n]"
21:53:14.333 [Test worker] DEBUG org.apache.http.wire - http-outgoing-10 << "X-Powered-By: Express[\r][\n]"
21:53:14.333 [Test worker] DEBUG org.apache.http.wire - http-outgoing-10 << "Content-Type: application/json; charset=utf-8[\r][\n]"
21:53:14.333 [Test worker] DEBUG org.apache.http.wire - http-outgoing-10 << "Content-Length: 196[\r][\n]"
21:53:14.333 [Test worker] DEBUG org.apache.http.wire - http-outgoing-10 << "Etag: W/"c4-inS6bzrhg8dFWklltMdIrDqsByY"[\r][\n]"
21:53:14.333 [Test worker] DEBUG org.apache.http.wire - http-outgoing-10 << "Date: Sat, 18 Mar 2023 02:53:14 GMT[\r][\n]"
21:53:14.333 [Test worker] DEBUG org.apache.http.wire - http-outgoing-10 << "Via: 1.1 vegur[\r][\n]"
21:53:14.333 [Test worker] DEBUG org.apache.http.wire - http-outgoing-10 << "[\r][\n]"
21:53:14.333 [Test worker] DEBUG org.apache.http.wire - http-outgoing-10 << "{"bookingid":320,"booking":{"firstname":"Jim","lastname":"Brown","totalprice":111,"depositpaid":true,"bookingdates":{"checkin":"2019-01-01","checkout":"0NaN-aN-aN"},"additionalneeds":"Breakfast"}}"
21:53:14.333 [Test worker] DEBUG org.apache.http.headers - http-outgoing-10 << HTTP/1.1 200 OK
21:53:14.333 [Test worker] DEBUG org.apache.http.headers - http-outgoing-10 << Server: Cowboy
21:53:14.333 [Test worker] DEBUG org.apache.http.headers - http-outgoing-10 << Connection: keep-alive
21:53:14.333 [Test worker] DEBUG org.apache.http.headers - http-outgoing-10 << X-Powered-By: Express
21:53:14.333 [Test worker] DEBUG org.apache.http.headers - http-outgoing-10 << Content-Type: application/json; charset=utf-8
21:53:14.333 [Test worker] DEBUG org.apache.http.headers - http-outgoing-10 << Content-Length: 196
21:53:14.333 [Test worker] DEBUG org.apache.http.headers - http-outgoing-10 << Etag: W/"c4-inS6bzrhg8dFWklltMdIrDqsByY"
21:53:14.333 [Test worker] DEBUG org.apache.http.headers - http-outgoing-10 << Date: Sat, 18 Mar 2023 02:53:14 GMT
21:53:14.333 [Test worker] DEBUG org.apache.http.headers - http-outgoing-10 << Via: 1.1 vegur
21:53:14.333 [Test worker] DEBUG org.apache.http.impl.execchain.MainClientExec - Connection can be kept alive indefinitely
21:53:14.333 [Test worker] DEBUG org.apache.http.impl.conn.PoolingHttpClientConnectionManager - Connection [id: 10][route: {s}->https://restful-booker.herokuapp.com:443] can be kept alive indefinitely
21:53:14.333 [Test worker] DEBUG org.apache.http.impl.conn.DefaultManagedHttpClientConnection - http-outgoing-10: set socket timeout to 0
21:53:14.333 [Test worker] DEBUG org.apache.http.impl.conn.PoolingHttpClientConnectionManager - Connection released: [id: 10][route: {s}->https://restful-booker.herokuapp.com:443][total available: 1; route allocated: 1 of 5; total allocated: 1 of 10]
21:53:14.333 [Test worker] DEBUG com.intuit.karate - response time in milliseconds: 330
1 < 200
1 < Server: Cowboy
1 < Connection: keep-alive
1 < X-Powered-By: Express
1 < Content-Type: application/json; charset=utf-8
1 < Content-Length: 196
1 < Etag: W/"c4-inS6bzrhg8dFWklltMdIrDqsByY"
1 < Date: Sat, 18 Mar 2023 02:53:14 GMT
1 < Via: 1.1 vegur
{"bookingid":320,"booking":{"firstname":"Jim","lastname":"Brown","totalprice":111,"depositpaid":true,"bookingdates":{"checkin":"2019-01-01","checkout":"0NaN-aN-aN"},"additionalneeds":"Breakfast"}}

21:53:14.336 [Test worker] INFO com.intuit.karate - [print] {
  "bookingid": 320,
  "booking": {
    "firstname": "Jim",
    "lastname": "Brown",
    "totalprice": 111,
    "depositpaid": true,
    "bookingdates": {
      "checkin": "2019-01-01",
      "checkout": "0NaN-aN-aN"
    },
    "additionalneeds": "Breakfast"
  }
}
 
21:53:14.338 [Test worker] DEBUG com.jayway.jsonpath.internal.path.CompiledPath - Evaluating path: $['booking']['bookingdates']['checkout']
21:53:14.352 [Test worker] DEBUG com.jayway.jsonpath.internal.path.CompiledPath - Evaluating path: $
21:53:14.356 [Test worker] DEBUG org.apache.http.client.protocol.RequestAddCookies - CookieSpec selected: karate
21:53:14.356 [Test worker] DEBUG org.apache.http.client.protocol.RequestAuthCache - Auth cache not set in the context
21:53:14.356 [Test worker] DEBUG com.intuit.karate - request:
1 > POST https://restful-booker.herokuapp.com/booking
1 > Content-Type: application/json; charset=UTF-8
1 > Accept: application/json
1 > Content-Length: 160
1 > Host: restful-booker.herokuapp.com
1 > Connection: Keep-Alive
1 > User-Agent: Apache-HttpClient/4.5.13 (Java/11.0.8)
1 > Accept-Encoding: gzip,deflate
{"firstname":"Jim","lastname":"Brown","totalprice":111,"depositpaid":"true","bookingdates":{"checkin":"","checkout":"2019-01-01"},"additionalneeds":"Breakfast"}

21:53:14.356 [Test worker] DEBUG org.apache.http.impl.conn.PoolingHttpClientConnectionManager - Connection request: [route: {s}->https://restful-booker.herokuapp.com:443][total available: 0; route allocated: 0 of 5; total allocated: 0 of 10]
21:53:14.356 [Test worker] DEBUG org.apache.http.impl.conn.PoolingHttpClientConnectionManager - Connection leased: [id: 11][route: {s}->https://restful-booker.herokuapp.com:443][total available: 0; route allocated: 1 of 5; total allocated: 1 of 10]
21:53:14.356 [Test worker] DEBUG org.apache.http.impl.execchain.MainClientExec - Opening connection {s}->https://restful-booker.herokuapp.com:443
21:53:14.356 [Test worker] DEBUG org.apache.http.impl.conn.DefaultHttpClientConnectionOperator - Connecting to restful-booker.herokuapp.com/3.209.172.72:443
21:53:14.356 [Test worker] DEBUG org.apache.http.conn.ssl.LenientSslConnectionSocketFactory - Connecting socket to restful-booker.herokuapp.com/3.209.172.72:443 with timeout 15000
21:53:14.436 [Test worker] DEBUG org.apache.http.conn.ssl.LenientSslConnectionSocketFactory - Enabled protocols: [TLSv1.3, TLSv1.2, TLSv1.1, TLSv1]
21:53:14.436 [Test worker] DEBUG org.apache.http.conn.ssl.LenientSslConnectionSocketFactory - Enabled cipher suites:[TLS_AES_128_GCM_SHA256, TLS_AES_256_GCM_SHA384, TLS_ECDHE_ECDSA_WITH_AES_256_GCM_SHA384, TLS_ECDHE_ECDSA_WITH_AES_128_GCM_SHA256, TLS_ECDHE_RSA_WITH_AES_256_GCM_SHA384, TLS_RSA_WITH_AES_256_GCM_SHA384, TLS_ECDH_ECDSA_WITH_AES_256_GCM_SHA384, TLS_ECDH_RSA_WITH_AES_256_GCM_SHA384, TLS_DHE_RSA_WITH_AES_256_GCM_SHA384, TLS_DHE_DSS_WITH_AES_256_GCM_SHA384, TLS_ECDHE_RSA_WITH_AES_128_GCM_SHA256, TLS_RSA_WITH_AES_128_GCM_SHA256, TLS_ECDH_ECDSA_WITH_AES_128_GCM_SHA256, TLS_ECDH_RSA_WITH_AES_128_GCM_SHA256, TLS_DHE_RSA_WITH_AES_128_GCM_SHA256, TLS_DHE_DSS_WITH_AES_128_GCM_SHA256, TLS_ECDHE_ECDSA_WITH_AES_256_CBC_SHA384, TLS_ECDHE_RSA_WITH_AES_256_CBC_SHA384, TLS_RSA_WITH_AES_256_CBC_SHA256, TLS_ECDH_ECDSA_WITH_AES_256_CBC_SHA384, TLS_ECDH_RSA_WITH_AES_256_CBC_SHA384, TLS_DHE_RSA_WITH_AES_256_CBC_SHA256, TLS_DHE_DSS_WITH_AES_256_CBC_SHA256, TLS_ECDHE_ECDSA_WITH_AES_256_CBC_SHA, TLS_ECDHE_RSA_WITH_AES_256_CBC_SHA, TLS_RSA_WITH_AES_256_CBC_SHA, TLS_ECDH_ECDSA_WITH_AES_256_CBC_SHA, TLS_ECDH_RSA_WITH_AES_256_CBC_SHA, TLS_DHE_RSA_WITH_AES_256_CBC_SHA, TLS_DHE_DSS_WITH_AES_256_CBC_SHA, TLS_ECDHE_ECDSA_WITH_AES_128_CBC_SHA256, TLS_ECDHE_RSA_WITH_AES_128_CBC_SHA256, TLS_RSA_WITH_AES_128_CBC_SHA256, TLS_ECDH_ECDSA_WITH_AES_128_CBC_SHA256, TLS_ECDH_RSA_WITH_AES_128_CBC_SHA256, TLS_DHE_RSA_WITH_AES_128_CBC_SHA256, TLS_DHE_DSS_WITH_AES_128_CBC_SHA256, TLS_ECDHE_ECDSA_WITH_AES_128_CBC_SHA, TLS_ECDHE_RSA_WITH_AES_128_CBC_SHA, TLS_RSA_WITH_AES_128_CBC_SHA, TLS_ECDH_ECDSA_WITH_AES_128_CBC_SHA, TLS_ECDH_RSA_WITH_AES_128_CBC_SHA, TLS_DHE_RSA_WITH_AES_128_CBC_SHA, TLS_DHE_DSS_WITH_AES_128_CBC_SHA, TLS_EMPTY_RENEGOTIATION_INFO_SCSV]
21:53:14.437 [Test worker] DEBUG org.apache.http.conn.ssl.LenientSslConnectionSocketFactory - Starting handshake
21:53:14.615 [Test worker] DEBUG org.apache.http.conn.ssl.LenientSslConnectionSocketFactory - Secure session established
21:53:14.615 [Test worker] DEBUG org.apache.http.conn.ssl.LenientSslConnectionSocketFactory -  negotiated protocol: TLSv1.2
21:53:14.615 [Test worker] DEBUG org.apache.http.conn.ssl.LenientSslConnectionSocketFactory -  negotiated cipher suite: TLS_ECDHE_RSA_WITH_AES_128_GCM_SHA256
21:53:14.615 [Test worker] DEBUG org.apache.http.conn.ssl.LenientSslConnectionSocketFactory -  peer principal: CN=*.herokuapp.com
21:53:14.615 [Test worker] DEBUG org.apache.http.conn.ssl.LenientSslConnectionSocketFactory -  peer alternative names: [*.herokuapp.com]
21:53:14.615 [Test worker] DEBUG org.apache.http.conn.ssl.LenientSslConnectionSocketFactory -  issuer principal: CN=Amazon RSA 2048 M02, O=Amazon, C=US
21:53:14.615 [Test worker] DEBUG org.apache.http.impl.conn.DefaultHttpClientConnectionOperator - Connection established 192.168.20.32:51604<->3.209.172.72:443
21:53:14.615 [Test worker] DEBUG org.apache.http.impl.conn.DefaultManagedHttpClientConnection - http-outgoing-11: set socket timeout to 15000
21:53:14.615 [Test worker] DEBUG org.apache.http.impl.execchain.MainClientExec - Executing request POST /booking HTTP/1.1
21:53:14.616 [Test worker] DEBUG org.apache.http.impl.execchain.MainClientExec - Target auth state: UNCHALLENGED
21:53:14.616 [Test worker] DEBUG org.apache.http.impl.execchain.MainClientExec - Proxy auth state: UNCHALLENGED
21:53:14.616 [Test worker] DEBUG org.apache.http.headers - http-outgoing-11 >> POST /booking HTTP/1.1
21:53:14.616 [Test worker] DEBUG org.apache.http.headers - http-outgoing-11 >> Content-Type: application/json; charset=UTF-8
21:53:14.616 [Test worker] DEBUG org.apache.http.headers - http-outgoing-11 >> Accept: application/json
21:53:14.616 [Test worker] DEBUG org.apache.http.headers - http-outgoing-11 >> Content-Length: 160
21:53:14.616 [Test worker] DEBUG org.apache.http.headers - http-outgoing-11 >> Host: restful-booker.herokuapp.com
21:53:14.616 [Test worker] DEBUG org.apache.http.headers - http-outgoing-11 >> Connection: Keep-Alive
21:53:14.616 [Test worker] DEBUG org.apache.http.headers - http-outgoing-11 >> User-Agent: Apache-HttpClient/4.5.13 (Java/11.0.8)
21:53:14.616 [Test worker] DEBUG org.apache.http.headers - http-outgoing-11 >> Accept-Encoding: gzip,deflate
21:53:14.616 [Test worker] DEBUG org.apache.http.wire - http-outgoing-11 >> "POST /booking HTTP/1.1[\r][\n]"
21:53:14.616 [Test worker] DEBUG org.apache.http.wire - http-outgoing-11 >> "Content-Type: application/json; charset=UTF-8[\r][\n]"
21:53:14.616 [Test worker] DEBUG org.apache.http.wire - http-outgoing-11 >> "Accept: application/json[\r][\n]"
21:53:14.616 [Test worker] DEBUG org.apache.http.wire - http-outgoing-11 >> "Content-Length: 160[\r][\n]"
21:53:14.616 [Test worker] DEBUG org.apache.http.wire - http-outgoing-11 >> "Host: restful-booker.herokuapp.com[\r][\n]"
21:53:14.616 [Test worker] DEBUG org.apache.http.wire - http-outgoing-11 >> "Connection: Keep-Alive[\r][\n]"
21:53:14.616 [Test worker] DEBUG org.apache.http.wire - http-outgoing-11 >> "User-Agent: Apache-HttpClient/4.5.13 (Java/11.0.8)[\r][\n]"
21:53:14.616 [Test worker] DEBUG org.apache.http.wire - http-outgoing-11 >> "Accept-Encoding: gzip,deflate[\r][\n]"
21:53:14.616 [Test worker] DEBUG org.apache.http.wire - http-outgoing-11 >> "[\r][\n]"
21:53:14.616 [Test worker] DEBUG org.apache.http.wire - http-outgoing-11 >> "{"firstname":"Jim","lastname":"Brown","totalprice":111,"depositpaid":"true","bookingdates":{"checkin":"","checkout":"2019-01-01"},"additionalneeds":"Breakfast"}"
21:53:14.696 [Test worker] DEBUG org.apache.http.wire - http-outgoing-11 << "HTTP/1.1 200 OK[\r][\n]"
21:53:14.696 [Test worker] DEBUG org.apache.http.wire - http-outgoing-11 << "Server: Cowboy[\r][\n]"
21:53:14.696 [Test worker] DEBUG org.apache.http.wire - http-outgoing-11 << "Connection: keep-alive[\r][\n]"
21:53:14.696 [Test worker] DEBUG org.apache.http.wire - http-outgoing-11 << "X-Powered-By: Express[\r][\n]"
21:53:14.696 [Test worker] DEBUG org.apache.http.wire - http-outgoing-11 << "Content-Type: application/json; charset=utf-8[\r][\n]"
21:53:14.696 [Test worker] DEBUG org.apache.http.wire - http-outgoing-11 << "Content-Length: 196[\r][\n]"
21:53:14.696 [Test worker] DEBUG org.apache.http.wire - http-outgoing-11 << "Etag: W/"c4-gpBie8lmhKw5pUjFumHfMAJexFQ"[\r][\n]"
21:53:14.696 [Test worker] DEBUG org.apache.http.wire - http-outgoing-11 << "Date: Sat, 18 Mar 2023 02:53:15 GMT[\r][\n]"
21:53:14.696 [Test worker] DEBUG org.apache.http.wire - http-outgoing-11 << "Via: 1.1 vegur[\r][\n]"
21:53:14.696 [Test worker] DEBUG org.apache.http.wire - http-outgoing-11 << "[\r][\n]"
21:53:14.696 [Test worker] DEBUG org.apache.http.wire - http-outgoing-11 << "{"bookingid":327,"booking":{"firstname":"Jim","lastname":"Brown","totalprice":111,"depositpaid":true,"bookingdates":{"checkin":"0NaN-aN-aN","checkout":"2019-01-01"},"additionalneeds":"Breakfast"}}"
21:53:14.696 [Test worker] DEBUG org.apache.http.headers - http-outgoing-11 << HTTP/1.1 200 OK
21:53:14.696 [Test worker] DEBUG org.apache.http.headers - http-outgoing-11 << Server: Cowboy
21:53:14.696 [Test worker] DEBUG org.apache.http.headers - http-outgoing-11 << Connection: keep-alive
21:53:14.696 [Test worker] DEBUG org.apache.http.headers - http-outgoing-11 << X-Powered-By: Express
21:53:14.696 [Test worker] DEBUG org.apache.http.headers - http-outgoing-11 << Content-Type: application/json; charset=utf-8
21:53:14.696 [Test worker] DEBUG org.apache.http.headers - http-outgoing-11 << Content-Length: 196
21:53:14.696 [Test worker] DEBUG org.apache.http.headers - http-outgoing-11 << Etag: W/"c4-gpBie8lmhKw5pUjFumHfMAJexFQ"
21:53:14.696 [Test worker] DEBUG org.apache.http.headers - http-outgoing-11 << Date: Sat, 18 Mar 2023 02:53:15 GMT
21:53:14.696 [Test worker] DEBUG org.apache.http.headers - http-outgoing-11 << Via: 1.1 vegur
21:53:14.696 [Test worker] DEBUG org.apache.http.impl.execchain.MainClientExec - Connection can be kept alive indefinitely
21:53:14.697 [Test worker] DEBUG org.apache.http.impl.conn.PoolingHttpClientConnectionManager - Connection [id: 11][route: {s}->https://restful-booker.herokuapp.com:443] can be kept alive indefinitely
21:53:14.697 [Test worker] DEBUG org.apache.http.impl.conn.DefaultManagedHttpClientConnection - http-outgoing-11: set socket timeout to 0
21:53:14.697 [Test worker] DEBUG org.apache.http.impl.conn.PoolingHttpClientConnectionManager - Connection released: [id: 11][route: {s}->https://restful-booker.herokuapp.com:443][total available: 1; route allocated: 1 of 5; total allocated: 1 of 10]
21:53:14.697 [Test worker] DEBUG com.intuit.karate - response time in milliseconds: 341
1 < 200
1 < Server: Cowboy
1 < Connection: keep-alive
1 < X-Powered-By: Express
1 < Content-Type: application/json; charset=utf-8
1 < Content-Length: 196
1 < Etag: W/"c4-gpBie8lmhKw5pUjFumHfMAJexFQ"
1 < Date: Sat, 18 Mar 2023 02:53:15 GMT
1 < Via: 1.1 vegur
{"bookingid":327,"booking":{"firstname":"Jim","lastname":"Brown","totalprice":111,"depositpaid":true,"bookingdates":{"checkin":"0NaN-aN-aN","checkout":"2019-01-01"},"additionalneeds":"Breakfast"}}

21:53:14.699 [Test worker] INFO com.intuit.karate - [print] {
  "bookingid": 327,
  "booking": {
    "firstname": "Jim",
    "lastname": "Brown",
    "totalprice": 111,
    "depositpaid": true,
    "bookingdates": {
      "checkin": "0NaN-aN-aN",
      "checkout": "2019-01-01"
    },
    "additionalneeds": "Breakfast"
  }
}
 
21:53:14.700 [Test worker] DEBUG com.jayway.jsonpath.internal.path.CompiledPath - Evaluating path: $['booking']['bookingdates']['checkin']
21:53:14.735 [Test worker] DEBUG org.apache.http.client.protocol.RequestAddCookies - CookieSpec selected: karate
21:53:14.735 [Test worker] DEBUG org.apache.http.client.protocol.RequestAuthCache - Auth cache not set in the context
21:53:14.735 [Test worker] DEBUG com.intuit.karate - request:
1 > GET https://restful-booker.herokuapp.com/booking/1
1 > Accept: application/json
1 > Host: restful-booker.herokuapp.com
1 > Connection: Keep-Alive
1 > User-Agent: Apache-HttpClient/4.5.13 (Java/11.0.8)
1 > Accept-Encoding: gzip,deflate


21:53:14.735 [Test worker] DEBUG org.apache.http.impl.conn.PoolingHttpClientConnectionManager - Connection request: [route: {s}->https://restful-booker.herokuapp.com:443][total available: 0; route allocated: 0 of 5; total allocated: 0 of 10]
21:53:14.735 [Test worker] DEBUG org.apache.http.impl.conn.PoolingHttpClientConnectionManager - Connection leased: [id: 12][route: {s}->https://restful-booker.herokuapp.com:443][total available: 0; route allocated: 1 of 5; total allocated: 1 of 10]
21:53:14.735 [Test worker] DEBUG org.apache.http.impl.execchain.MainClientExec - Opening connection {s}->https://restful-booker.herokuapp.com:443
21:53:14.735 [Test worker] DEBUG org.apache.http.impl.conn.DefaultHttpClientConnectionOperator - Connecting to restful-booker.herokuapp.com/3.209.172.72:443
21:53:14.736 [Test worker] DEBUG org.apache.http.conn.ssl.LenientSslConnectionSocketFactory - Connecting socket to restful-booker.herokuapp.com/3.209.172.72:443 with timeout 15000
21:53:14.818 [Test worker] DEBUG org.apache.http.conn.ssl.LenientSslConnectionSocketFactory - Enabled protocols: [TLSv1.3, TLSv1.2, TLSv1.1, TLSv1]
21:53:14.818 [Test worker] DEBUG org.apache.http.conn.ssl.LenientSslConnectionSocketFactory - Enabled cipher suites:[TLS_AES_128_GCM_SHA256, TLS_AES_256_GCM_SHA384, TLS_ECDHE_ECDSA_WITH_AES_256_GCM_SHA384, TLS_ECDHE_ECDSA_WITH_AES_128_GCM_SHA256, TLS_ECDHE_RSA_WITH_AES_256_GCM_SHA384, TLS_RSA_WITH_AES_256_GCM_SHA384, TLS_ECDH_ECDSA_WITH_AES_256_GCM_SHA384, TLS_ECDH_RSA_WITH_AES_256_GCM_SHA384, TLS_DHE_RSA_WITH_AES_256_GCM_SHA384, TLS_DHE_DSS_WITH_AES_256_GCM_SHA384, TLS_ECDHE_RSA_WITH_AES_128_GCM_SHA256, TLS_RSA_WITH_AES_128_GCM_SHA256, TLS_ECDH_ECDSA_WITH_AES_128_GCM_SHA256, TLS_ECDH_RSA_WITH_AES_128_GCM_SHA256, TLS_DHE_RSA_WITH_AES_128_GCM_SHA256, TLS_DHE_DSS_WITH_AES_128_GCM_SHA256, TLS_ECDHE_ECDSA_WITH_AES_256_CBC_SHA384, TLS_ECDHE_RSA_WITH_AES_256_CBC_SHA384, TLS_RSA_WITH_AES_256_CBC_SHA256, TLS_ECDH_ECDSA_WITH_AES_256_CBC_SHA384, TLS_ECDH_RSA_WITH_AES_256_CBC_SHA384, TLS_DHE_RSA_WITH_AES_256_CBC_SHA256, TLS_DHE_DSS_WITH_AES_256_CBC_SHA256, TLS_ECDHE_ECDSA_WITH_AES_256_CBC_SHA, TLS_ECDHE_RSA_WITH_AES_256_CBC_SHA, TLS_RSA_WITH_AES_256_CBC_SHA, TLS_ECDH_ECDSA_WITH_AES_256_CBC_SHA, TLS_ECDH_RSA_WITH_AES_256_CBC_SHA, TLS_DHE_RSA_WITH_AES_256_CBC_SHA, TLS_DHE_DSS_WITH_AES_256_CBC_SHA, TLS_ECDHE_ECDSA_WITH_AES_128_CBC_SHA256, TLS_ECDHE_RSA_WITH_AES_128_CBC_SHA256, TLS_RSA_WITH_AES_128_CBC_SHA256, TLS_ECDH_ECDSA_WITH_AES_128_CBC_SHA256, TLS_ECDH_RSA_WITH_AES_128_CBC_SHA256, TLS_DHE_RSA_WITH_AES_128_CBC_SHA256, TLS_DHE_DSS_WITH_AES_128_CBC_SHA256, TLS_ECDHE_ECDSA_WITH_AES_128_CBC_SHA, TLS_ECDHE_RSA_WITH_AES_128_CBC_SHA, TLS_RSA_WITH_AES_128_CBC_SHA, TLS_ECDH_ECDSA_WITH_AES_128_CBC_SHA, TLS_ECDH_RSA_WITH_AES_128_CBC_SHA, TLS_DHE_RSA_WITH_AES_128_CBC_SHA, TLS_DHE_DSS_WITH_AES_128_CBC_SHA, TLS_EMPTY_RENEGOTIATION_INFO_SCSV]
21:53:14.818 [Test worker] DEBUG org.apache.http.conn.ssl.LenientSslConnectionSocketFactory - Starting handshake
21:53:14.988 [Test worker] DEBUG org.apache.http.conn.ssl.LenientSslConnectionSocketFactory - Secure session established
21:53:14.988 [Test worker] DEBUG org.apache.http.conn.ssl.LenientSslConnectionSocketFactory -  negotiated protocol: TLSv1.2
21:53:14.988 [Test worker] DEBUG org.apache.http.conn.ssl.LenientSslConnectionSocketFactory -  negotiated cipher suite: TLS_ECDHE_RSA_WITH_AES_128_GCM_SHA256
21:53:14.988 [Test worker] DEBUG org.apache.http.conn.ssl.LenientSslConnectionSocketFactory -  peer principal: CN=*.herokuapp.com
21:53:14.988 [Test worker] DEBUG org.apache.http.conn.ssl.LenientSslConnectionSocketFactory -  peer alternative names: [*.herokuapp.com]
21:53:14.988 [Test worker] DEBUG org.apache.http.conn.ssl.LenientSslConnectionSocketFactory -  issuer principal: CN=Amazon RSA 2048 M02, O=Amazon, C=US
21:53:14.988 [Test worker] DEBUG org.apache.http.impl.conn.DefaultHttpClientConnectionOperator - Connection established 192.168.20.32:51605<->3.209.172.72:443
21:53:14.988 [Test worker] DEBUG org.apache.http.impl.conn.DefaultManagedHttpClientConnection - http-outgoing-12: set socket timeout to 15000
21:53:14.988 [Test worker] DEBUG org.apache.http.impl.execchain.MainClientExec - Executing request GET /booking/1 HTTP/1.1
21:53:14.988 [Test worker] DEBUG org.apache.http.impl.execchain.MainClientExec - Target auth state: UNCHALLENGED
21:53:14.988 [Test worker] DEBUG org.apache.http.impl.execchain.MainClientExec - Proxy auth state: UNCHALLENGED
21:53:14.989 [Test worker] DEBUG org.apache.http.headers - http-outgoing-12 >> GET /booking/1 HTTP/1.1
21:53:14.989 [Test worker] DEBUG org.apache.http.headers - http-outgoing-12 >> Accept: application/json
21:53:14.989 [Test worker] DEBUG org.apache.http.headers - http-outgoing-12 >> Host: restful-booker.herokuapp.com
21:53:14.989 [Test worker] DEBUG org.apache.http.headers - http-outgoing-12 >> Connection: Keep-Alive
21:53:14.989 [Test worker] DEBUG org.apache.http.headers - http-outgoing-12 >> User-Agent: Apache-HttpClient/4.5.13 (Java/11.0.8)
21:53:14.989 [Test worker] DEBUG org.apache.http.headers - http-outgoing-12 >> Accept-Encoding: gzip,deflate
21:53:14.989 [Test worker] DEBUG org.apache.http.wire - http-outgoing-12 >> "GET /booking/1 HTTP/1.1[\r][\n]"
21:53:14.989 [Test worker] DEBUG org.apache.http.wire - http-outgoing-12 >> "Accept: application/json[\r][\n]"
21:53:14.989 [Test worker] DEBUG org.apache.http.wire - http-outgoing-12 >> "Host: restful-booker.herokuapp.com[\r][\n]"
21:53:14.989 [Test worker] DEBUG org.apache.http.wire - http-outgoing-12 >> "Connection: Keep-Alive[\r][\n]"
21:53:14.989 [Test worker] DEBUG org.apache.http.wire - http-outgoing-12 >> "User-Agent: Apache-HttpClient/4.5.13 (Java/11.0.8)[\r][\n]"
21:53:14.989 [Test worker] DEBUG org.apache.http.wire - http-outgoing-12 >> "Accept-Encoding: gzip,deflate[\r][\n]"
21:53:14.989 [Test worker] DEBUG org.apache.http.wire - http-outgoing-12 >> "[\r][\n]"
21:53:15.064 [Test worker] DEBUG org.apache.http.wire - http-outgoing-12 << "HTTP/1.1 200 OK[\r][\n]"
21:53:15.064 [Test worker] DEBUG org.apache.http.wire - http-outgoing-12 << "Server: Cowboy[\r][\n]"
21:53:15.064 [Test worker] DEBUG org.apache.http.wire - http-outgoing-12 << "Connection: keep-alive[\r][\n]"
21:53:15.064 [Test worker] DEBUG org.apache.http.wire - http-outgoing-12 << "X-Powered-By: Express[\r][\n]"
21:53:15.064 [Test worker] DEBUG org.apache.http.wire - http-outgoing-12 << "Content-Type: application/json; charset=utf-8[\r][\n]"
21:53:15.064 [Test worker] DEBUG org.apache.http.wire - http-outgoing-12 << "Content-Length: 169[\r][\n]"
21:53:15.064 [Test worker] DEBUG org.apache.http.wire - http-outgoing-12 << "Etag: W/"a9-s4byWkArbu9gr/saUO0Vn41U/po"[\r][\n]"
21:53:15.064 [Test worker] DEBUG org.apache.http.wire - http-outgoing-12 << "Date: Sat, 18 Mar 2023 02:53:15 GMT[\r][\n]"
21:53:15.064 [Test worker] DEBUG org.apache.http.wire - http-outgoing-12 << "Via: 1.1 vegur[\r][\n]"
21:53:15.064 [Test worker] DEBUG org.apache.http.wire - http-outgoing-12 << "[\r][\n]"
21:53:15.064 [Test worker] DEBUG org.apache.http.wire - http-outgoing-12 << "{"firstname":"Jim","lastname":"Jones","totalprice":316,"depositpaid":false,"bookingdates":{"checkin":"2016-11-09","checkout":"2017-08-13"},"additionalneeds":"Breakfast"}"
21:53:15.064 [Test worker] DEBUG org.apache.http.headers - http-outgoing-12 << HTTP/1.1 200 OK
21:53:15.064 [Test worker] DEBUG org.apache.http.headers - http-outgoing-12 << Server: Cowboy
21:53:15.064 [Test worker] DEBUG org.apache.http.headers - http-outgoing-12 << Connection: keep-alive
21:53:15.064 [Test worker] DEBUG org.apache.http.headers - http-outgoing-12 << X-Powered-By: Express
21:53:15.064 [Test worker] DEBUG org.apache.http.headers - http-outgoing-12 << Content-Type: application/json; charset=utf-8
21:53:15.064 [Test worker] DEBUG org.apache.http.headers - http-outgoing-12 << Content-Length: 169
21:53:15.064 [Test worker] DEBUG org.apache.http.headers - http-outgoing-12 << Etag: W/"a9-s4byWkArbu9gr/saUO0Vn41U/po"
21:53:15.064 [Test worker] DEBUG org.apache.http.headers - http-outgoing-12 << Date: Sat, 18 Mar 2023 02:53:15 GMT
21:53:15.064 [Test worker] DEBUG org.apache.http.headers - http-outgoing-12 << Via: 1.1 vegur
21:53:15.064 [Test worker] DEBUG org.apache.http.impl.execchain.MainClientExec - Connection can be kept alive indefinitely
21:53:15.065 [Test worker] DEBUG org.apache.http.impl.conn.PoolingHttpClientConnectionManager - Connection [id: 12][route: {s}->https://restful-booker.herokuapp.com:443] can be kept alive indefinitely
21:53:15.065 [Test worker] DEBUG org.apache.http.impl.conn.DefaultManagedHttpClientConnection - http-outgoing-12: set socket timeout to 0
21:53:15.065 [Test worker] DEBUG org.apache.http.impl.conn.PoolingHttpClientConnectionManager - Connection released: [id: 12][route: {s}->https://restful-booker.herokuapp.com:443][total available: 1; route allocated: 1 of 5; total allocated: 1 of 10]
21:53:15.065 [Test worker] DEBUG com.intuit.karate - response time in milliseconds: 330
1 < 200
1 < Server: Cowboy
1 < Connection: keep-alive
1 < X-Powered-By: Express
1 < Content-Type: application/json; charset=utf-8
1 < Content-Length: 169
1 < Etag: W/"a9-s4byWkArbu9gr/saUO0Vn41U/po"
1 < Date: Sat, 18 Mar 2023 02:53:15 GMT
1 < Via: 1.1 vegur
{"firstname":"Jim","lastname":"Jones","totalprice":316,"depositpaid":false,"bookingdates":{"checkin":"2016-11-09","checkout":"2017-08-13"},"additionalneeds":"Breakfast"}

21:53:15.068 [Test worker] INFO com.intuit.karate - [print] {
  "firstname": "Jim",
  "lastname": "Jones",
  "totalprice": 316,
  "depositpaid": false,
  "bookingdates": {
    "checkin": "2016-11-09",
    "checkout": "2017-08-13"
  },
  "additionalneeds": "Breakfast"
}
 
21:53:15.069 [Test worker] DEBUG com.jayway.jsonpath.internal.path.CompiledPath - Evaluating path: $
21:53:15.121 [Test worker] DEBUG org.apache.http.client.protocol.RequestAddCookies - CookieSpec selected: karate
21:53:15.121 [Test worker] DEBUG org.apache.http.client.protocol.RequestAuthCache - Auth cache not set in the context
21:53:15.121 [Test worker] DEBUG com.intuit.karate - request:
1 > GET https://restful-booker.herokuapp.com/booking/2
1 > Accept: application/json
1 > Host: restful-booker.herokuapp.com
1 > Connection: Keep-Alive
1 > User-Agent: Apache-HttpClient/4.5.13 (Java/11.0.8)
1 > Accept-Encoding: gzip,deflate


21:53:15.122 [Test worker] DEBUG org.apache.http.impl.conn.PoolingHttpClientConnectionManager - Connection request: [route: {s}->https://restful-booker.herokuapp.com:443][total available: 0; route allocated: 0 of 5; total allocated: 0 of 10]
21:53:15.122 [Test worker] DEBUG org.apache.http.impl.conn.PoolingHttpClientConnectionManager - Connection leased: [id: 13][route: {s}->https://restful-booker.herokuapp.com:443][total available: 0; route allocated: 1 of 5; total allocated: 1 of 10]
21:53:15.122 [Test worker] DEBUG org.apache.http.impl.execchain.MainClientExec - Opening connection {s}->https://restful-booker.herokuapp.com:443
21:53:15.123 [Test worker] DEBUG org.apache.http.impl.conn.DefaultHttpClientConnectionOperator - Connecting to restful-booker.herokuapp.com/3.209.172.72:443
21:53:15.123 [Test worker] DEBUG org.apache.http.conn.ssl.LenientSslConnectionSocketFactory - Connecting socket to restful-booker.herokuapp.com/3.209.172.72:443 with timeout 15000
21:53:15.211 [Test worker] DEBUG org.apache.http.conn.ssl.LenientSslConnectionSocketFactory - Enabled protocols: [TLSv1.3, TLSv1.2, TLSv1.1, TLSv1]
21:53:15.211 [Test worker] DEBUG org.apache.http.conn.ssl.LenientSslConnectionSocketFactory - Enabled cipher suites:[TLS_AES_128_GCM_SHA256, TLS_AES_256_GCM_SHA384, TLS_ECDHE_ECDSA_WITH_AES_256_GCM_SHA384, TLS_ECDHE_ECDSA_WITH_AES_128_GCM_SHA256, TLS_ECDHE_RSA_WITH_AES_256_GCM_SHA384, TLS_RSA_WITH_AES_256_GCM_SHA384, TLS_ECDH_ECDSA_WITH_AES_256_GCM_SHA384, TLS_ECDH_RSA_WITH_AES_256_GCM_SHA384, TLS_DHE_RSA_WITH_AES_256_GCM_SHA384, TLS_DHE_DSS_WITH_AES_256_GCM_SHA384, TLS_ECDHE_RSA_WITH_AES_128_GCM_SHA256, TLS_RSA_WITH_AES_128_GCM_SHA256, TLS_ECDH_ECDSA_WITH_AES_128_GCM_SHA256, TLS_ECDH_RSA_WITH_AES_128_GCM_SHA256, TLS_DHE_RSA_WITH_AES_128_GCM_SHA256, TLS_DHE_DSS_WITH_AES_128_GCM_SHA256, TLS_ECDHE_ECDSA_WITH_AES_256_CBC_SHA384, TLS_ECDHE_RSA_WITH_AES_256_CBC_SHA384, TLS_RSA_WITH_AES_256_CBC_SHA256, TLS_ECDH_ECDSA_WITH_AES_256_CBC_SHA384, TLS_ECDH_RSA_WITH_AES_256_CBC_SHA384, TLS_DHE_RSA_WITH_AES_256_CBC_SHA256, TLS_DHE_DSS_WITH_AES_256_CBC_SHA256, TLS_ECDHE_ECDSA_WITH_AES_256_CBC_SHA, TLS_ECDHE_RSA_WITH_AES_256_CBC_SHA, TLS_RSA_WITH_AES_256_CBC_SHA, TLS_ECDH_ECDSA_WITH_AES_256_CBC_SHA, TLS_ECDH_RSA_WITH_AES_256_CBC_SHA, TLS_DHE_RSA_WITH_AES_256_CBC_SHA, TLS_DHE_DSS_WITH_AES_256_CBC_SHA, TLS_ECDHE_ECDSA_WITH_AES_128_CBC_SHA256, TLS_ECDHE_RSA_WITH_AES_128_CBC_SHA256, TLS_RSA_WITH_AES_128_CBC_SHA256, TLS_ECDH_ECDSA_WITH_AES_128_CBC_SHA256, TLS_ECDH_RSA_WITH_AES_128_CBC_SHA256, TLS_DHE_RSA_WITH_AES_128_CBC_SHA256, TLS_DHE_DSS_WITH_AES_128_CBC_SHA256, TLS_ECDHE_ECDSA_WITH_AES_128_CBC_SHA, TLS_ECDHE_RSA_WITH_AES_128_CBC_SHA, TLS_RSA_WITH_AES_128_CBC_SHA, TLS_ECDH_ECDSA_WITH_AES_128_CBC_SHA, TLS_ECDH_RSA_WITH_AES_128_CBC_SHA, TLS_DHE_RSA_WITH_AES_128_CBC_SHA, TLS_DHE_DSS_WITH_AES_128_CBC_SHA, TLS_EMPTY_RENEGOTIATION_INFO_SCSV]
21:53:15.211 [Test worker] DEBUG org.apache.http.conn.ssl.LenientSslConnectionSocketFactory - Starting handshake
21:53:15.387 [Test worker] DEBUG org.apache.http.conn.ssl.LenientSslConnectionSocketFactory - Secure session established
21:53:15.387 [Test worker] DEBUG org.apache.http.conn.ssl.LenientSslConnectionSocketFactory -  negotiated protocol: TLSv1.2
21:53:15.387 [Test worker] DEBUG org.apache.http.conn.ssl.LenientSslConnectionSocketFactory -  negotiated cipher suite: TLS_ECDHE_RSA_WITH_AES_128_GCM_SHA256
21:53:15.387 [Test worker] DEBUG org.apache.http.conn.ssl.LenientSslConnectionSocketFactory -  peer principal: CN=*.herokuapp.com
21:53:15.387 [Test worker] DEBUG org.apache.http.conn.ssl.LenientSslConnectionSocketFactory -  peer alternative names: [*.herokuapp.com]
21:53:15.388 [Test worker] DEBUG org.apache.http.conn.ssl.LenientSslConnectionSocketFactory -  issuer principal: CN=Amazon RSA 2048 M02, O=Amazon, C=US
21:53:15.388 [Test worker] DEBUG org.apache.http.impl.conn.DefaultHttpClientConnectionOperator - Connection established 192.168.20.32:51607<->3.209.172.72:443
21:53:15.388 [Test worker] DEBUG org.apache.http.impl.conn.DefaultManagedHttpClientConnection - http-outgoing-13: set socket timeout to 15000
21:53:15.388 [Test worker] DEBUG org.apache.http.impl.execchain.MainClientExec - Executing request GET /booking/2 HTTP/1.1
21:53:15.388 [Test worker] DEBUG org.apache.http.impl.execchain.MainClientExec - Target auth state: UNCHALLENGED
21:53:15.388 [Test worker] DEBUG org.apache.http.impl.execchain.MainClientExec - Proxy auth state: UNCHALLENGED
21:53:15.388 [Test worker] DEBUG org.apache.http.headers - http-outgoing-13 >> GET /booking/2 HTTP/1.1
21:53:15.388 [Test worker] DEBUG org.apache.http.headers - http-outgoing-13 >> Accept: application/json
21:53:15.388 [Test worker] DEBUG org.apache.http.headers - http-outgoing-13 >> Host: restful-booker.herokuapp.com
21:53:15.388 [Test worker] DEBUG org.apache.http.headers - http-outgoing-13 >> Connection: Keep-Alive
21:53:15.388 [Test worker] DEBUG org.apache.http.headers - http-outgoing-13 >> User-Agent: Apache-HttpClient/4.5.13 (Java/11.0.8)
21:53:15.388 [Test worker] DEBUG org.apache.http.headers - http-outgoing-13 >> Accept-Encoding: gzip,deflate
21:53:15.388 [Test worker] DEBUG org.apache.http.wire - http-outgoing-13 >> "GET /booking/2 HTTP/1.1[\r][\n]"
21:53:15.388 [Test worker] DEBUG org.apache.http.wire - http-outgoing-13 >> "Accept: application/json[\r][\n]"
21:53:15.388 [Test worker] DEBUG org.apache.http.wire - http-outgoing-13 >> "Host: restful-booker.herokuapp.com[\r][\n]"
21:53:15.388 [Test worker] DEBUG org.apache.http.wire - http-outgoing-13 >> "Connection: Keep-Alive[\r][\n]"
21:53:15.388 [Test worker] DEBUG org.apache.http.wire - http-outgoing-13 >> "User-Agent: Apache-HttpClient/4.5.13 (Java/11.0.8)[\r][\n]"
21:53:15.388 [Test worker] DEBUG org.apache.http.wire - http-outgoing-13 >> "Accept-Encoding: gzip,deflate[\r][\n]"
21:53:15.388 [Test worker] DEBUG org.apache.http.wire - http-outgoing-13 >> "[\r][\n]"
21:53:15.466 [Test worker] DEBUG org.apache.http.wire - http-outgoing-13 << "HTTP/1.1 200 OK[\r][\n]"
21:53:15.466 [Test worker] DEBUG org.apache.http.wire - http-outgoing-13 << "Server: Cowboy[\r][\n]"
21:53:15.467 [Test worker] DEBUG org.apache.http.wire - http-outgoing-13 << "Connection: keep-alive[\r][\n]"
21:53:15.467 [Test worker] DEBUG org.apache.http.wire - http-outgoing-13 << "X-Powered-By: Express[\r][\n]"
21:53:15.467 [Test worker] DEBUG org.apache.http.wire - http-outgoing-13 << "Content-Type: application/json; charset=utf-8[\r][\n]"
21:53:15.467 [Test worker] DEBUG org.apache.http.wire - http-outgoing-13 << "Content-Length: 172[\r][\n]"
21:53:15.467 [Test worker] DEBUG org.apache.http.wire - http-outgoing-13 << "Etag: W/"ac-RB1odg/IqGEC1igg2RCblk+IeK4"[\r][\n]"
21:53:15.467 [Test worker] DEBUG org.apache.http.wire - http-outgoing-13 << "Date: Sat, 18 Mar 2023 02:53:15 GMT[\r][\n]"
21:53:15.467 [Test worker] DEBUG org.apache.http.wire - http-outgoing-13 << "Via: 1.1 vegur[\r][\n]"
21:53:15.467 [Test worker] DEBUG org.apache.http.wire - http-outgoing-13 << "[\r][\n]"
21:53:15.467 [Test worker] DEBUG org.apache.http.wire - http-outgoing-13 << "{"firstname":"Jim","lastname":"Ericsson","totalprice":348,"depositpaid":false,"bookingdates":{"checkin":"2019-01-22","checkout":"2021-01-19"},"additionalneeds":"Breakfast"}"
21:53:15.467 [Test worker] DEBUG org.apache.http.headers - http-outgoing-13 << HTTP/1.1 200 OK
21:53:15.467 [Test worker] DEBUG org.apache.http.headers - http-outgoing-13 << Server: Cowboy
21:53:15.467 [Test worker] DEBUG org.apache.http.headers - http-outgoing-13 << Connection: keep-alive
21:53:15.467 [Test worker] DEBUG org.apache.http.headers - http-outgoing-13 << X-Powered-By: Express
21:53:15.467 [Test worker] DEBUG org.apache.http.headers - http-outgoing-13 << Content-Type: application/json; charset=utf-8
21:53:15.467 [Test worker] DEBUG org.apache.http.headers - http-outgoing-13 << Content-Length: 172
21:53:15.467 [Test worker] DEBUG org.apache.http.headers - http-outgoing-13 << Etag: W/"ac-RB1odg/IqGEC1igg2RCblk+IeK4"
21:53:15.467 [Test worker] DEBUG org.apache.http.headers - http-outgoing-13 << Date: Sat, 18 Mar 2023 02:53:15 GMT
21:53:15.467 [Test worker] DEBUG org.apache.http.headers - http-outgoing-13 << Via: 1.1 vegur
21:53:15.467 [Test worker] DEBUG org.apache.http.impl.execchain.MainClientExec - Connection can be kept alive indefinitely
21:53:15.467 [Test worker] DEBUG org.apache.http.impl.conn.PoolingHttpClientConnectionManager - Connection [id: 13][route: {s}->https://restful-booker.herokuapp.com:443] can be kept alive indefinitely
21:53:15.467 [Test worker] DEBUG org.apache.http.impl.conn.DefaultManagedHttpClientConnection - http-outgoing-13: set socket timeout to 0
21:53:15.467 [Test worker] DEBUG org.apache.http.impl.conn.PoolingHttpClientConnectionManager - Connection released: [id: 13][route: {s}->https://restful-booker.herokuapp.com:443][total available: 1; route allocated: 1 of 5; total allocated: 1 of 10]
21:53:15.468 [Test worker] DEBUG com.intuit.karate - response time in milliseconds: 345
1 < 200
1 < Server: Cowboy
1 < Connection: keep-alive
1 < X-Powered-By: Express
1 < Content-Type: application/json; charset=utf-8
1 < Content-Length: 172
1 < Etag: W/"ac-RB1odg/IqGEC1igg2RCblk+IeK4"
1 < Date: Sat, 18 Mar 2023 02:53:15 GMT
1 < Via: 1.1 vegur
{"firstname":"Jim","lastname":"Ericsson","totalprice":348,"depositpaid":false,"bookingdates":{"checkin":"2019-01-22","checkout":"2021-01-19"},"additionalneeds":"Breakfast"}

21:53:15.470 [Test worker] INFO com.intuit.karate - [print] {
  "firstname": "Jim",
  "lastname": "Ericsson",
  "totalprice": 348,
  "depositpaid": false,
  "bookingdates": {
    "checkin": "2019-01-22",
    "checkout": "2021-01-19"
  },
  "additionalneeds": "Breakfast"
}
 
21:53:15.471 [Test worker] DEBUG com.jayway.jsonpath.internal.path.CompiledPath - Evaluating path: $
21:53:15.487 [Test worker] DEBUG org.apache.http.client.protocol.RequestAddCookies - CookieSpec selected: karate
21:53:15.487 [Test worker] DEBUG org.apache.http.client.protocol.RequestAuthCache - Auth cache not set in the context
21:53:15.487 [Test worker] DEBUG com.intuit.karate - request:
1 > GET https://restful-booker.herokuapp.com/booking/3
1 > Accept: application/json
1 > Host: restful-booker.herokuapp.com
1 > Connection: Keep-Alive
1 > User-Agent: Apache-HttpClient/4.5.13 (Java/11.0.8)
1 > Accept-Encoding: gzip,deflate


21:53:15.488 [Test worker] DEBUG org.apache.http.impl.conn.PoolingHttpClientConnectionManager - Connection request: [route: {s}->https://restful-booker.herokuapp.com:443][total available: 0; route allocated: 0 of 5; total allocated: 0 of 10]
21:53:15.488 [Test worker] DEBUG org.apache.http.impl.conn.PoolingHttpClientConnectionManager - Connection leased: [id: 14][route: {s}->https://restful-booker.herokuapp.com:443][total available: 0; route allocated: 1 of 5; total allocated: 1 of 10]
21:53:15.488 [Test worker] DEBUG org.apache.http.impl.execchain.MainClientExec - Opening connection {s}->https://restful-booker.herokuapp.com:443
21:53:15.488 [Test worker] DEBUG org.apache.http.impl.conn.DefaultHttpClientConnectionOperator - Connecting to restful-booker.herokuapp.com/3.209.172.72:443
21:53:15.488 [Test worker] DEBUG org.apache.http.conn.ssl.LenientSslConnectionSocketFactory - Connecting socket to restful-booker.herokuapp.com/3.209.172.72:443 with timeout 15000
21:53:15.569 [Test worker] DEBUG org.apache.http.conn.ssl.LenientSslConnectionSocketFactory - Enabled protocols: [TLSv1.3, TLSv1.2, TLSv1.1, TLSv1]
21:53:15.569 [Test worker] DEBUG org.apache.http.conn.ssl.LenientSslConnectionSocketFactory - Enabled cipher suites:[TLS_AES_128_GCM_SHA256, TLS_AES_256_GCM_SHA384, TLS_ECDHE_ECDSA_WITH_AES_256_GCM_SHA384, TLS_ECDHE_ECDSA_WITH_AES_128_GCM_SHA256, TLS_ECDHE_RSA_WITH_AES_256_GCM_SHA384, TLS_RSA_WITH_AES_256_GCM_SHA384, TLS_ECDH_ECDSA_WITH_AES_256_GCM_SHA384, TLS_ECDH_RSA_WITH_AES_256_GCM_SHA384, TLS_DHE_RSA_WITH_AES_256_GCM_SHA384, TLS_DHE_DSS_WITH_AES_256_GCM_SHA384, TLS_ECDHE_RSA_WITH_AES_128_GCM_SHA256, TLS_RSA_WITH_AES_128_GCM_SHA256, TLS_ECDH_ECDSA_WITH_AES_128_GCM_SHA256, TLS_ECDH_RSA_WITH_AES_128_GCM_SHA256, TLS_DHE_RSA_WITH_AES_128_GCM_SHA256, TLS_DHE_DSS_WITH_AES_128_GCM_SHA256, TLS_ECDHE_ECDSA_WITH_AES_256_CBC_SHA384, TLS_ECDHE_RSA_WITH_AES_256_CBC_SHA384, TLS_RSA_WITH_AES_256_CBC_SHA256, TLS_ECDH_ECDSA_WITH_AES_256_CBC_SHA384, TLS_ECDH_RSA_WITH_AES_256_CBC_SHA384, TLS_DHE_RSA_WITH_AES_256_CBC_SHA256, TLS_DHE_DSS_WITH_AES_256_CBC_SHA256, TLS_ECDHE_ECDSA_WITH_AES_256_CBC_SHA, TLS_ECDHE_RSA_WITH_AES_256_CBC_SHA, TLS_RSA_WITH_AES_256_CBC_SHA, TLS_ECDH_ECDSA_WITH_AES_256_CBC_SHA, TLS_ECDH_RSA_WITH_AES_256_CBC_SHA, TLS_DHE_RSA_WITH_AES_256_CBC_SHA, TLS_DHE_DSS_WITH_AES_256_CBC_SHA, TLS_ECDHE_ECDSA_WITH_AES_128_CBC_SHA256, TLS_ECDHE_RSA_WITH_AES_128_CBC_SHA256, TLS_RSA_WITH_AES_128_CBC_SHA256, TLS_ECDH_ECDSA_WITH_AES_128_CBC_SHA256, TLS_ECDH_RSA_WITH_AES_128_CBC_SHA256, TLS_DHE_RSA_WITH_AES_128_CBC_SHA256, TLS_DHE_DSS_WITH_AES_128_CBC_SHA256, TLS_ECDHE_ECDSA_WITH_AES_128_CBC_SHA, TLS_ECDHE_RSA_WITH_AES_128_CBC_SHA, TLS_RSA_WITH_AES_128_CBC_SHA, TLS_ECDH_ECDSA_WITH_AES_128_CBC_SHA, TLS_ECDH_RSA_WITH_AES_128_CBC_SHA, TLS_DHE_RSA_WITH_AES_128_CBC_SHA, TLS_DHE_DSS_WITH_AES_128_CBC_SHA, TLS_EMPTY_RENEGOTIATION_INFO_SCSV]
21:53:15.569 [Test worker] DEBUG org.apache.http.conn.ssl.LenientSslConnectionSocketFactory - Starting handshake
21:53:15.726 [Test worker] DEBUG org.apache.http.conn.ssl.LenientSslConnectionSocketFactory - Secure session established
21:53:15.726 [Test worker] DEBUG org.apache.http.conn.ssl.LenientSslConnectionSocketFactory -  negotiated protocol: TLSv1.2
21:53:15.726 [Test worker] DEBUG org.apache.http.conn.ssl.LenientSslConnectionSocketFactory -  negotiated cipher suite: TLS_ECDHE_RSA_WITH_AES_128_GCM_SHA256
21:53:15.726 [Test worker] DEBUG org.apache.http.conn.ssl.LenientSslConnectionSocketFactory -  peer principal: CN=*.herokuapp.com
21:53:15.726 [Test worker] DEBUG org.apache.http.conn.ssl.LenientSslConnectionSocketFactory -  peer alternative names: [*.herokuapp.com]
21:53:15.726 [Test worker] DEBUG org.apache.http.conn.ssl.LenientSslConnectionSocketFactory -  issuer principal: CN=Amazon RSA 2048 M02, O=Amazon, C=US
21:53:15.726 [Test worker] DEBUG org.apache.http.impl.conn.DefaultHttpClientConnectionOperator - Connection established 192.168.20.32:51608<->3.209.172.72:443
21:53:15.726 [Test worker] DEBUG org.apache.http.impl.conn.DefaultManagedHttpClientConnection - http-outgoing-14: set socket timeout to 15000
21:53:15.726 [Test worker] DEBUG org.apache.http.impl.execchain.MainClientExec - Executing request GET /booking/3 HTTP/1.1
21:53:15.726 [Test worker] DEBUG org.apache.http.impl.execchain.MainClientExec - Target auth state: UNCHALLENGED
21:53:15.726 [Test worker] DEBUG org.apache.http.impl.execchain.MainClientExec - Proxy auth state: UNCHALLENGED
21:53:15.726 [Test worker] DEBUG org.apache.http.headers - http-outgoing-14 >> GET /booking/3 HTTP/1.1
21:53:15.726 [Test worker] DEBUG org.apache.http.headers - http-outgoing-14 >> Accept: application/json
21:53:15.727 [Test worker] DEBUG org.apache.http.headers - http-outgoing-14 >> Host: restful-booker.herokuapp.com
21:53:15.727 [Test worker] DEBUG org.apache.http.headers - http-outgoing-14 >> Connection: Keep-Alive
21:53:15.727 [Test worker] DEBUG org.apache.http.headers - http-outgoing-14 >> User-Agent: Apache-HttpClient/4.5.13 (Java/11.0.8)
21:53:15.727 [Test worker] DEBUG org.apache.http.headers - http-outgoing-14 >> Accept-Encoding: gzip,deflate
21:53:15.727 [Test worker] DEBUG org.apache.http.wire - http-outgoing-14 >> "GET /booking/3 HTTP/1.1[\r][\n]"
21:53:15.727 [Test worker] DEBUG org.apache.http.wire - http-outgoing-14 >> "Accept: application/json[\r][\n]"
21:53:15.727 [Test worker] DEBUG org.apache.http.wire - http-outgoing-14 >> "Host: restful-booker.herokuapp.com[\r][\n]"
21:53:15.727 [Test worker] DEBUG org.apache.http.wire - http-outgoing-14 >> "Connection: Keep-Alive[\r][\n]"
21:53:15.727 [Test worker] DEBUG org.apache.http.wire - http-outgoing-14 >> "User-Agent: Apache-HttpClient/4.5.13 (Java/11.0.8)[\r][\n]"
21:53:15.727 [Test worker] DEBUG org.apache.http.wire - http-outgoing-14 >> "Accept-Encoding: gzip,deflate[\r][\n]"
21:53:15.727 [Test worker] DEBUG org.apache.http.wire - http-outgoing-14 >> "[\r][\n]"
21:53:15.803 [Test worker] DEBUG org.apache.http.wire - http-outgoing-14 << "HTTP/1.1 200 OK[\r][\n]"
21:53:15.803 [Test worker] DEBUG org.apache.http.wire - http-outgoing-14 << "Server: Cowboy[\r][\n]"
21:53:15.803 [Test worker] DEBUG org.apache.http.wire - http-outgoing-14 << "Connection: keep-alive[\r][\n]"
21:53:15.803 [Test worker] DEBUG org.apache.http.wire - http-outgoing-14 << "X-Powered-By: Express[\r][\n]"
21:53:15.803 [Test worker] DEBUG org.apache.http.wire - http-outgoing-14 << "Content-Type: application/json; charset=utf-8[\r][\n]"
21:53:15.803 [Test worker] DEBUG org.apache.http.wire - http-outgoing-14 << "Content-Length: 171[\r][\n]"
21:53:15.803 [Test worker] DEBUG org.apache.http.wire - http-outgoing-14 << "Etag: W/"ab-oX1FmvISPCzjU0tcRND0q1gsJIs"[\r][\n]"
21:53:15.803 [Test worker] DEBUG org.apache.http.wire - http-outgoing-14 << "Date: Sat, 18 Mar 2023 02:53:16 GMT[\r][\n]"
21:53:15.803 [Test worker] DEBUG org.apache.http.wire - http-outgoing-14 << "Via: 1.1 vegur[\r][\n]"
21:53:15.803 [Test worker] DEBUG org.apache.http.wire - http-outgoing-14 << "[\r][\n]"
21:53:15.803 [Test worker] DEBUG org.apache.http.wire - http-outgoing-14 << "{"firstname":"Mary","lastname":"Wilson","totalprice":842,"depositpaid":false,"bookingdates":{"checkin":"2022-10-05","checkout":"2022-11-26"},"additionalneeds":"Breakfast"}"
21:53:15.803 [Test worker] DEBUG org.apache.http.headers - http-outgoing-14 << HTTP/1.1 200 OK
21:53:15.803 [Test worker] DEBUG org.apache.http.headers - http-outgoing-14 << Server: Cowboy
21:53:15.803 [Test worker] DEBUG org.apache.http.headers - http-outgoing-14 << Connection: keep-alive
21:53:15.803 [Test worker] DEBUG org.apache.http.headers - http-outgoing-14 << X-Powered-By: Express
21:53:15.803 [Test worker] DEBUG org.apache.http.headers - http-outgoing-14 << Content-Type: application/json; charset=utf-8
21:53:15.803 [Test worker] DEBUG org.apache.http.headers - http-outgoing-14 << Content-Length: 171
21:53:15.803 [Test worker] DEBUG org.apache.http.headers - http-outgoing-14 << Etag: W/"ab-oX1FmvISPCzjU0tcRND0q1gsJIs"
21:53:15.803 [Test worker] DEBUG org.apache.http.headers - http-outgoing-14 << Date: Sat, 18 Mar 2023 02:53:16 GMT
21:53:15.803 [Test worker] DEBUG org.apache.http.headers - http-outgoing-14 << Via: 1.1 vegur
21:53:15.805 [Test worker] DEBUG org.apache.http.impl.execchain.MainClientExec - Connection can be kept alive indefinitely
21:53:15.805 [Test worker] DEBUG org.apache.http.impl.conn.PoolingHttpClientConnectionManager - Connection [id: 14][route: {s}->https://restful-booker.herokuapp.com:443] can be kept alive indefinitely
21:53:15.805 [Test worker] DEBUG org.apache.http.impl.conn.DefaultManagedHttpClientConnection - http-outgoing-14: set socket timeout to 0
21:53:15.805 [Test worker] DEBUG org.apache.http.impl.conn.PoolingHttpClientConnectionManager - Connection released: [id: 14][route: {s}->https://restful-booker.herokuapp.com:443][total available: 1; route allocated: 1 of 5; total allocated: 1 of 10]
21:53:15.805 [Test worker] DEBUG com.intuit.karate - response time in milliseconds: 317
1 < 200
1 < Server: Cowboy
1 < Connection: keep-alive
1 < X-Powered-By: Express
1 < Content-Type: application/json; charset=utf-8
1 < Content-Length: 171
1 < Etag: W/"ab-oX1FmvISPCzjU0tcRND0q1gsJIs"
1 < Date: Sat, 18 Mar 2023 02:53:16 GMT
1 < Via: 1.1 vegur
{"firstname":"Mary","lastname":"Wilson","totalprice":842,"depositpaid":false,"bookingdates":{"checkin":"2022-10-05","checkout":"2022-11-26"},"additionalneeds":"Breakfast"}

21:53:15.806 [Test worker] INFO com.intuit.karate - [print] {
  "firstname": "Mary",
  "lastname": "Wilson",
  "totalprice": 842,
  "depositpaid": false,
  "bookingdates": {
    "checkin": "2022-10-05",
    "checkout": "2022-11-26"
  },
  "additionalneeds": "Breakfast"
}
 
21:53:15.807 [Test worker] DEBUG com.jayway.jsonpath.internal.path.CompiledPath - Evaluating path: $
21:53:15.827 [Test worker] DEBUG org.apache.http.client.protocol.RequestAddCookies - CookieSpec selected: karate
21:53:15.827 [Test worker] DEBUG org.apache.http.client.protocol.RequestAuthCache - Auth cache not set in the context
21:53:15.827 [Test worker] DEBUG com.intuit.karate - request:
1 > GET https://restful-booker.herokuapp.com/booking/487890
1 > Accept: application/json
1 > Host: restful-booker.herokuapp.com
1 > Connection: Keep-Alive
1 > User-Agent: Apache-HttpClient/4.5.13 (Java/11.0.8)
1 > Accept-Encoding: gzip,deflate


21:53:15.827 [Test worker] DEBUG org.apache.http.impl.conn.PoolingHttpClientConnectionManager - Connection request: [route: {s}->https://restful-booker.herokuapp.com:443][total available: 0; route allocated: 0 of 5; total allocated: 0 of 10]
21:53:15.828 [Test worker] DEBUG org.apache.http.impl.conn.PoolingHttpClientConnectionManager - Connection leased: [id: 15][route: {s}->https://restful-booker.herokuapp.com:443][total available: 0; route allocated: 1 of 5; total allocated: 1 of 10]
21:53:15.828 [Test worker] DEBUG org.apache.http.impl.execchain.MainClientExec - Opening connection {s}->https://restful-booker.herokuapp.com:443
21:53:15.828 [Test worker] DEBUG org.apache.http.impl.conn.DefaultHttpClientConnectionOperator - Connecting to restful-booker.herokuapp.com/3.209.172.72:443
21:53:15.828 [Test worker] DEBUG org.apache.http.conn.ssl.LenientSslConnectionSocketFactory - Connecting socket to restful-booker.herokuapp.com/3.209.172.72:443 with timeout 15000
21:53:15.915 [Test worker] DEBUG org.apache.http.conn.ssl.LenientSslConnectionSocketFactory - Enabled protocols: [TLSv1.3, TLSv1.2, TLSv1.1, TLSv1]
21:53:15.915 [Test worker] DEBUG org.apache.http.conn.ssl.LenientSslConnectionSocketFactory - Enabled cipher suites:[TLS_AES_128_GCM_SHA256, TLS_AES_256_GCM_SHA384, TLS_ECDHE_ECDSA_WITH_AES_256_GCM_SHA384, TLS_ECDHE_ECDSA_WITH_AES_128_GCM_SHA256, TLS_ECDHE_RSA_WITH_AES_256_GCM_SHA384, TLS_RSA_WITH_AES_256_GCM_SHA384, TLS_ECDH_ECDSA_WITH_AES_256_GCM_SHA384, TLS_ECDH_RSA_WITH_AES_256_GCM_SHA384, TLS_DHE_RSA_WITH_AES_256_GCM_SHA384, TLS_DHE_DSS_WITH_AES_256_GCM_SHA384, TLS_ECDHE_RSA_WITH_AES_128_GCM_SHA256, TLS_RSA_WITH_AES_128_GCM_SHA256, TLS_ECDH_ECDSA_WITH_AES_128_GCM_SHA256, TLS_ECDH_RSA_WITH_AES_128_GCM_SHA256, TLS_DHE_RSA_WITH_AES_128_GCM_SHA256, TLS_DHE_DSS_WITH_AES_128_GCM_SHA256, TLS_ECDHE_ECDSA_WITH_AES_256_CBC_SHA384, TLS_ECDHE_RSA_WITH_AES_256_CBC_SHA384, TLS_RSA_WITH_AES_256_CBC_SHA256, TLS_ECDH_ECDSA_WITH_AES_256_CBC_SHA384, TLS_ECDH_RSA_WITH_AES_256_CBC_SHA384, TLS_DHE_RSA_WITH_AES_256_CBC_SHA256, TLS_DHE_DSS_WITH_AES_256_CBC_SHA256, TLS_ECDHE_ECDSA_WITH_AES_256_CBC_SHA, TLS_ECDHE_RSA_WITH_AES_256_CBC_SHA, TLS_RSA_WITH_AES_256_CBC_SHA, TLS_ECDH_ECDSA_WITH_AES_256_CBC_SHA, TLS_ECDH_RSA_WITH_AES_256_CBC_SHA, TLS_DHE_RSA_WITH_AES_256_CBC_SHA, TLS_DHE_DSS_WITH_AES_256_CBC_SHA, TLS_ECDHE_ECDSA_WITH_AES_128_CBC_SHA256, TLS_ECDHE_RSA_WITH_AES_128_CBC_SHA256, TLS_RSA_WITH_AES_128_CBC_SHA256, TLS_ECDH_ECDSA_WITH_AES_128_CBC_SHA256, TLS_ECDH_RSA_WITH_AES_128_CBC_SHA256, TLS_DHE_RSA_WITH_AES_128_CBC_SHA256, TLS_DHE_DSS_WITH_AES_128_CBC_SHA256, TLS_ECDHE_ECDSA_WITH_AES_128_CBC_SHA, TLS_ECDHE_RSA_WITH_AES_128_CBC_SHA, TLS_RSA_WITH_AES_128_CBC_SHA, TLS_ECDH_ECDSA_WITH_AES_128_CBC_SHA, TLS_ECDH_RSA_WITH_AES_128_CBC_SHA, TLS_DHE_RSA_WITH_AES_128_CBC_SHA, TLS_DHE_DSS_WITH_AES_128_CBC_SHA, TLS_EMPTY_RENEGOTIATION_INFO_SCSV]
21:53:15.915 [Test worker] DEBUG org.apache.http.conn.ssl.LenientSslConnectionSocketFactory - Starting handshake
21:53:16.088 [Test worker] DEBUG org.apache.http.conn.ssl.LenientSslConnectionSocketFactory - Secure session established
21:53:16.088 [Test worker] DEBUG org.apache.http.conn.ssl.LenientSslConnectionSocketFactory -  negotiated protocol: TLSv1.2
21:53:16.088 [Test worker] DEBUG org.apache.http.conn.ssl.LenientSslConnectionSocketFactory -  negotiated cipher suite: TLS_ECDHE_RSA_WITH_AES_128_GCM_SHA256
21:53:16.088 [Test worker] DEBUG org.apache.http.conn.ssl.LenientSslConnectionSocketFactory -  peer principal: CN=*.herokuapp.com
21:53:16.088 [Test worker] DEBUG org.apache.http.conn.ssl.LenientSslConnectionSocketFactory -  peer alternative names: [*.herokuapp.com]
21:53:16.088 [Test worker] DEBUG org.apache.http.conn.ssl.LenientSslConnectionSocketFactory -  issuer principal: CN=Amazon RSA 2048 M02, O=Amazon, C=US
21:53:16.088 [Test worker] DEBUG org.apache.http.impl.conn.DefaultHttpClientConnectionOperator - Connection established 192.168.20.32:51609<->3.209.172.72:443
21:53:16.088 [Test worker] DEBUG org.apache.http.impl.conn.DefaultManagedHttpClientConnection - http-outgoing-15: set socket timeout to 15000
21:53:16.088 [Test worker] DEBUG org.apache.http.impl.execchain.MainClientExec - Executing request GET /booking/487890 HTTP/1.1
21:53:16.088 [Test worker] DEBUG org.apache.http.impl.execchain.MainClientExec - Target auth state: UNCHALLENGED
21:53:16.088 [Test worker] DEBUG org.apache.http.impl.execchain.MainClientExec - Proxy auth state: UNCHALLENGED
21:53:16.088 [Test worker] DEBUG org.apache.http.headers - http-outgoing-15 >> GET /booking/487890 HTTP/1.1
21:53:16.088 [Test worker] DEBUG org.apache.http.headers - http-outgoing-15 >> Accept: application/json
21:53:16.088 [Test worker] DEBUG org.apache.http.headers - http-outgoing-15 >> Host: restful-booker.herokuapp.com
21:53:16.088 [Test worker] DEBUG org.apache.http.headers - http-outgoing-15 >> Connection: Keep-Alive
21:53:16.088 [Test worker] DEBUG org.apache.http.headers - http-outgoing-15 >> User-Agent: Apache-HttpClient/4.5.13 (Java/11.0.8)
21:53:16.088 [Test worker] DEBUG org.apache.http.headers - http-outgoing-15 >> Accept-Encoding: gzip,deflate
21:53:16.088 [Test worker] DEBUG org.apache.http.wire - http-outgoing-15 >> "GET /booking/487890 HTTP/1.1[\r][\n]"
21:53:16.088 [Test worker] DEBUG org.apache.http.wire - http-outgoing-15 >> "Accept: application/json[\r][\n]"
21:53:16.088 [Test worker] DEBUG org.apache.http.wire - http-outgoing-15 >> "Host: restful-booker.herokuapp.com[\r][\n]"
21:53:16.088 [Test worker] DEBUG org.apache.http.wire - http-outgoing-15 >> "Connection: Keep-Alive[\r][\n]"
21:53:16.088 [Test worker] DEBUG org.apache.http.wire - http-outgoing-15 >> "User-Agent: Apache-HttpClient/4.5.13 (Java/11.0.8)[\r][\n]"
21:53:16.088 [Test worker] DEBUG org.apache.http.wire - http-outgoing-15 >> "Accept-Encoding: gzip,deflate[\r][\n]"
21:53:16.088 [Test worker] DEBUG org.apache.http.wire - http-outgoing-15 >> "[\r][\n]"
21:53:16.168 [Test worker] DEBUG org.apache.http.wire - http-outgoing-15 << "HTTP/1.1 404 Not Found[\r][\n]"
21:53:16.168 [Test worker] DEBUG org.apache.http.wire - http-outgoing-15 << "Server: Cowboy[\r][\n]"
21:53:16.168 [Test worker] DEBUG org.apache.http.wire - http-outgoing-15 << "Connection: keep-alive[\r][\n]"
21:53:16.168 [Test worker] DEBUG org.apache.http.wire - http-outgoing-15 << "X-Powered-By: Express[\r][\n]"
21:53:16.168 [Test worker] DEBUG org.apache.http.wire - http-outgoing-15 << "Content-Type: text/plain; charset=utf-8[\r][\n]"
21:53:16.168 [Test worker] DEBUG org.apache.http.wire - http-outgoing-15 << "Content-Length: 9[\r][\n]"
21:53:16.168 [Test worker] DEBUG org.apache.http.wire - http-outgoing-15 << "Etag: W/"9-0gXL1ngzMqISxa6S1zx3F4wtLyg"[\r][\n]"
21:53:16.168 [Test worker] DEBUG org.apache.http.wire - http-outgoing-15 << "Date: Sat, 18 Mar 2023 02:53:16 GMT[\r][\n]"
21:53:16.168 [Test worker] DEBUG org.apache.http.wire - http-outgoing-15 << "Via: 1.1 vegur[\r][\n]"
21:53:16.168 [Test worker] DEBUG org.apache.http.wire - http-outgoing-15 << "[\r][\n]"
21:53:16.168 [Test worker] DEBUG org.apache.http.wire - http-outgoing-15 << "Not Found"
21:53:16.168 [Test worker] DEBUG org.apache.http.headers - http-outgoing-15 << HTTP/1.1 404 Not Found
21:53:16.169 [Test worker] DEBUG org.apache.http.headers - http-outgoing-15 << Server: Cowboy
21:53:16.169 [Test worker] DEBUG org.apache.http.headers - http-outgoing-15 << Connection: keep-alive
21:53:16.169 [Test worker] DEBUG org.apache.http.headers - http-outgoing-15 << X-Powered-By: Express
21:53:16.169 [Test worker] DEBUG org.apache.http.headers - http-outgoing-15 << Content-Type: text/plain; charset=utf-8
21:53:16.169 [Test worker] DEBUG org.apache.http.headers - http-outgoing-15 << Content-Length: 9
21:53:16.169 [Test worker] DEBUG org.apache.http.headers - http-outgoing-15 << Etag: W/"9-0gXL1ngzMqISxa6S1zx3F4wtLyg"
21:53:16.169 [Test worker] DEBUG org.apache.http.headers - http-outgoing-15 << Date: Sat, 18 Mar 2023 02:53:16 GMT
21:53:16.169 [Test worker] DEBUG org.apache.http.headers - http-outgoing-15 << Via: 1.1 vegur
21:53:16.169 [Test worker] DEBUG org.apache.http.impl.execchain.MainClientExec - Connection can be kept alive indefinitely
21:53:16.169 [Test worker] DEBUG org.apache.http.impl.conn.PoolingHttpClientConnectionManager - Connection [id: 15][route: {s}->https://restful-booker.herokuapp.com:443] can be kept alive indefinitely
21:53:16.169 [Test worker] DEBUG org.apache.http.impl.conn.DefaultManagedHttpClientConnection - http-outgoing-15: set socket timeout to 0
21:53:16.169 [Test worker] DEBUG org.apache.http.impl.conn.PoolingHttpClientConnectionManager - Connection released: [id: 15][route: {s}->https://restful-booker.herokuapp.com:443][total available: 1; route allocated: 1 of 5; total allocated: 1 of 10]
21:53:16.169 [Test worker] DEBUG com.intuit.karate - response time in milliseconds: 342
1 < 404
1 < Server: Cowboy
1 < Connection: keep-alive
1 < X-Powered-By: Express
1 < Content-Type: text/plain; charset=utf-8
1 < Content-Length: 9
1 < Etag: W/"9-0gXL1ngzMqISxa6S1zx3F4wtLyg"
1 < Date: Sat, 18 Mar 2023 02:53:16 GMT
1 < Via: 1.1 vegur
Not Found

21:53:16.172 [Test worker] INFO com.intuit.karate - [print] Not Found 
21:53:16.189 [Test worker] DEBUG org.apache.http.client.protocol.RequestAddCookies - CookieSpec selected: karate
21:53:16.189 [Test worker] DEBUG org.apache.http.client.protocol.RequestAuthCache - Auth cache not set in the context
21:53:16.190 [Test worker] DEBUG com.intuit.karate - request:
1 > GET https://restful-booker.herokuapp.com/booking/111111
1 > Accept: application/json
1 > Host: restful-booker.herokuapp.com
1 > Connection: Keep-Alive
1 > User-Agent: Apache-HttpClient/4.5.13 (Java/11.0.8)
1 > Accept-Encoding: gzip,deflate


21:53:16.190 [Test worker] DEBUG org.apache.http.impl.conn.PoolingHttpClientConnectionManager - Connection request: [route: {s}->https://restful-booker.herokuapp.com:443][total available: 0; route allocated: 0 of 5; total allocated: 0 of 10]
21:53:16.190 [Test worker] DEBUG org.apache.http.impl.conn.PoolingHttpClientConnectionManager - Connection leased: [id: 16][route: {s}->https://restful-booker.herokuapp.com:443][total available: 0; route allocated: 1 of 5; total allocated: 1 of 10]
21:53:16.190 [Test worker] DEBUG org.apache.http.impl.execchain.MainClientExec - Opening connection {s}->https://restful-booker.herokuapp.com:443
21:53:16.190 [Test worker] DEBUG org.apache.http.impl.conn.DefaultHttpClientConnectionOperator - Connecting to restful-booker.herokuapp.com/3.209.172.72:443
21:53:16.190 [Test worker] DEBUG org.apache.http.conn.ssl.LenientSslConnectionSocketFactory - Connecting socket to restful-booker.herokuapp.com/3.209.172.72:443 with timeout 15000
21:53:16.265 [Test worker] DEBUG org.apache.http.conn.ssl.LenientSslConnectionSocketFactory - Enabled protocols: [TLSv1.3, TLSv1.2, TLSv1.1, TLSv1]
21:53:16.265 [Test worker] DEBUG org.apache.http.conn.ssl.LenientSslConnectionSocketFactory - Enabled cipher suites:[TLS_AES_128_GCM_SHA256, TLS_AES_256_GCM_SHA384, TLS_ECDHE_ECDSA_WITH_AES_256_GCM_SHA384, TLS_ECDHE_ECDSA_WITH_AES_128_GCM_SHA256, TLS_ECDHE_RSA_WITH_AES_256_GCM_SHA384, TLS_RSA_WITH_AES_256_GCM_SHA384, TLS_ECDH_ECDSA_WITH_AES_256_GCM_SHA384, TLS_ECDH_RSA_WITH_AES_256_GCM_SHA384, TLS_DHE_RSA_WITH_AES_256_GCM_SHA384, TLS_DHE_DSS_WITH_AES_256_GCM_SHA384, TLS_ECDHE_RSA_WITH_AES_128_GCM_SHA256, TLS_RSA_WITH_AES_128_GCM_SHA256, TLS_ECDH_ECDSA_WITH_AES_128_GCM_SHA256, TLS_ECDH_RSA_WITH_AES_128_GCM_SHA256, TLS_DHE_RSA_WITH_AES_128_GCM_SHA256, TLS_DHE_DSS_WITH_AES_128_GCM_SHA256, TLS_ECDHE_ECDSA_WITH_AES_256_CBC_SHA384, TLS_ECDHE_RSA_WITH_AES_256_CBC_SHA384, TLS_RSA_WITH_AES_256_CBC_SHA256, TLS_ECDH_ECDSA_WITH_AES_256_CBC_SHA384, TLS_ECDH_RSA_WITH_AES_256_CBC_SHA384, TLS_DHE_RSA_WITH_AES_256_CBC_SHA256, TLS_DHE_DSS_WITH_AES_256_CBC_SHA256, TLS_ECDHE_ECDSA_WITH_AES_256_CBC_SHA, TLS_ECDHE_RSA_WITH_AES_256_CBC_SHA, TLS_RSA_WITH_AES_256_CBC_SHA, TLS_ECDH_ECDSA_WITH_AES_256_CBC_SHA, TLS_ECDH_RSA_WITH_AES_256_CBC_SHA, TLS_DHE_RSA_WITH_AES_256_CBC_SHA, TLS_DHE_DSS_WITH_AES_256_CBC_SHA, TLS_ECDHE_ECDSA_WITH_AES_128_CBC_SHA256, TLS_ECDHE_RSA_WITH_AES_128_CBC_SHA256, TLS_RSA_WITH_AES_128_CBC_SHA256, TLS_ECDH_ECDSA_WITH_AES_128_CBC_SHA256, TLS_ECDH_RSA_WITH_AES_128_CBC_SHA256, TLS_DHE_RSA_WITH_AES_128_CBC_SHA256, TLS_DHE_DSS_WITH_AES_128_CBC_SHA256, TLS_ECDHE_ECDSA_WITH_AES_128_CBC_SHA, TLS_ECDHE_RSA_WITH_AES_128_CBC_SHA, TLS_RSA_WITH_AES_128_CBC_SHA, TLS_ECDH_ECDSA_WITH_AES_128_CBC_SHA, TLS_ECDH_RSA_WITH_AES_128_CBC_SHA, TLS_DHE_RSA_WITH_AES_128_CBC_SHA, TLS_DHE_DSS_WITH_AES_128_CBC_SHA, TLS_EMPTY_RENEGOTIATION_INFO_SCSV]
21:53:16.265 [Test worker] DEBUG org.apache.http.conn.ssl.LenientSslConnectionSocketFactory - Starting handshake
21:53:16.425 [Test worker] DEBUG org.apache.http.conn.ssl.LenientSslConnectionSocketFactory - Secure session established
21:53:16.425 [Test worker] DEBUG org.apache.http.conn.ssl.LenientSslConnectionSocketFactory -  negotiated protocol: TLSv1.2
21:53:16.425 [Test worker] DEBUG org.apache.http.conn.ssl.LenientSslConnectionSocketFactory -  negotiated cipher suite: TLS_ECDHE_RSA_WITH_AES_128_GCM_SHA256
21:53:16.425 [Test worker] DEBUG org.apache.http.conn.ssl.LenientSslConnectionSocketFactory -  peer principal: CN=*.herokuapp.com
21:53:16.425 [Test worker] DEBUG org.apache.http.conn.ssl.LenientSslConnectionSocketFactory -  peer alternative names: [*.herokuapp.com]
21:53:16.425 [Test worker] DEBUG org.apache.http.conn.ssl.LenientSslConnectionSocketFactory -  issuer principal: CN=Amazon RSA 2048 M02, O=Amazon, C=US
21:53:16.425 [Test worker] DEBUG org.apache.http.impl.conn.DefaultHttpClientConnectionOperator - Connection established 192.168.20.32:51610<->3.209.172.72:443
21:53:16.425 [Test worker] DEBUG org.apache.http.impl.conn.DefaultManagedHttpClientConnection - http-outgoing-16: set socket timeout to 15000
21:53:16.425 [Test worker] DEBUG org.apache.http.impl.execchain.MainClientExec - Executing request GET /booking/111111 HTTP/1.1
21:53:16.425 [Test worker] DEBUG org.apache.http.impl.execchain.MainClientExec - Target auth state: UNCHALLENGED
21:53:16.425 [Test worker] DEBUG org.apache.http.impl.execchain.MainClientExec - Proxy auth state: UNCHALLENGED
21:53:16.425 [Test worker] DEBUG org.apache.http.headers - http-outgoing-16 >> GET /booking/111111 HTTP/1.1
21:53:16.425 [Test worker] DEBUG org.apache.http.headers - http-outgoing-16 >> Accept: application/json
21:53:16.425 [Test worker] DEBUG org.apache.http.headers - http-outgoing-16 >> Host: restful-booker.herokuapp.com
21:53:16.425 [Test worker] DEBUG org.apache.http.headers - http-outgoing-16 >> Connection: Keep-Alive
21:53:16.425 [Test worker] DEBUG org.apache.http.headers - http-outgoing-16 >> User-Agent: Apache-HttpClient/4.5.13 (Java/11.0.8)
21:53:16.425 [Test worker] DEBUG org.apache.http.headers - http-outgoing-16 >> Accept-Encoding: gzip,deflate
21:53:16.425 [Test worker] DEBUG org.apache.http.wire - http-outgoing-16 >> "GET /booking/111111 HTTP/1.1[\r][\n]"
21:53:16.425 [Test worker] DEBUG org.apache.http.wire - http-outgoing-16 >> "Accept: application/json[\r][\n]"
21:53:16.425 [Test worker] DEBUG org.apache.http.wire - http-outgoing-16 >> "Host: restful-booker.herokuapp.com[\r][\n]"
21:53:16.425 [Test worker] DEBUG org.apache.http.wire - http-outgoing-16 >> "Connection: Keep-Alive[\r][\n]"
21:53:16.425 [Test worker] DEBUG org.apache.http.wire - http-outgoing-16 >> "User-Agent: Apache-HttpClient/4.5.13 (Java/11.0.8)[\r][\n]"
21:53:16.425 [Test worker] DEBUG org.apache.http.wire - http-outgoing-16 >> "Accept-Encoding: gzip,deflate[\r][\n]"
21:53:16.425 [Test worker] DEBUG org.apache.http.wire - http-outgoing-16 >> "[\r][\n]"
21:53:16.503 [Test worker] DEBUG org.apache.http.wire - http-outgoing-16 << "HTTP/1.1 404 Not Found[\r][\n]"
21:53:16.503 [Test worker] DEBUG org.apache.http.wire - http-outgoing-16 << "Server: Cowboy[\r][\n]"
21:53:16.503 [Test worker] DEBUG org.apache.http.wire - http-outgoing-16 << "Connection: keep-alive[\r][\n]"
21:53:16.503 [Test worker] DEBUG org.apache.http.wire - http-outgoing-16 << "X-Powered-By: Express[\r][\n]"
21:53:16.503 [Test worker] DEBUG org.apache.http.wire - http-outgoing-16 << "Content-Type: text/plain; charset=utf-8[\r][\n]"
21:53:16.503 [Test worker] DEBUG org.apache.http.wire - http-outgoing-16 << "Content-Length: 9[\r][\n]"
21:53:16.503 [Test worker] DEBUG org.apache.http.wire - http-outgoing-16 << "Etag: W/"9-0gXL1ngzMqISxa6S1zx3F4wtLyg"[\r][\n]"
21:53:16.503 [Test worker] DEBUG org.apache.http.wire - http-outgoing-16 << "Date: Sat, 18 Mar 2023 02:53:16 GMT[\r][\n]"
21:53:16.503 [Test worker] DEBUG org.apache.http.wire - http-outgoing-16 << "Via: 1.1 vegur[\r][\n]"
21:53:16.503 [Test worker] DEBUG org.apache.http.wire - http-outgoing-16 << "[\r][\n]"
21:53:16.503 [Test worker] DEBUG org.apache.http.wire - http-outgoing-16 << "Not Found"
21:53:16.503 [Test worker] DEBUG org.apache.http.headers - http-outgoing-16 << HTTP/1.1 404 Not Found
21:53:16.503 [Test worker] DEBUG org.apache.http.headers - http-outgoing-16 << Server: Cowboy
21:53:16.503 [Test worker] DEBUG org.apache.http.headers - http-outgoing-16 << Connection: keep-alive
21:53:16.503 [Test worker] DEBUG org.apache.http.headers - http-outgoing-16 << X-Powered-By: Express
21:53:16.503 [Test worker] DEBUG org.apache.http.headers - http-outgoing-16 << Content-Type: text/plain; charset=utf-8
21:53:16.503 [Test worker] DEBUG org.apache.http.headers - http-outgoing-16 << Content-Length: 9
21:53:16.503 [Test worker] DEBUG org.apache.http.headers - http-outgoing-16 << Etag: W/"9-0gXL1ngzMqISxa6S1zx3F4wtLyg"
21:53:16.503 [Test worker] DEBUG org.apache.http.headers - http-outgoing-16 << Date: Sat, 18 Mar 2023 02:53:16 GMT
21:53:16.503 [Test worker] DEBUG org.apache.http.headers - http-outgoing-16 << Via: 1.1 vegur
21:53:16.503 [Test worker] DEBUG org.apache.http.impl.execchain.MainClientExec - Connection can be kept alive indefinitely
21:53:16.504 [Test worker] DEBUG org.apache.http.impl.conn.PoolingHttpClientConnectionManager - Connection [id: 16][route: {s}->https://restful-booker.herokuapp.com:443] can be kept alive indefinitely
21:53:16.504 [Test worker] DEBUG org.apache.http.impl.conn.DefaultManagedHttpClientConnection - http-outgoing-16: set socket timeout to 0
21:53:16.504 [Test worker] DEBUG org.apache.http.impl.conn.PoolingHttpClientConnectionManager - Connection released: [id: 16][route: {s}->https://restful-booker.herokuapp.com:443][total available: 1; route allocated: 1 of 5; total allocated: 1 of 10]
21:53:16.504 [Test worker] DEBUG com.intuit.karate - response time in milliseconds: 314
1 < 404
1 < Server: Cowboy
1 < Connection: keep-alive
1 < X-Powered-By: Express
1 < Content-Type: text/plain; charset=utf-8
1 < Content-Length: 9
1 < Etag: W/"9-0gXL1ngzMqISxa6S1zx3F4wtLyg"
1 < Date: Sat, 18 Mar 2023 02:53:16 GMT
1 < Via: 1.1 vegur
Not Found

21:53:16.505 [Test worker] INFO com.intuit.karate - [print] Not Found 
21:53:16.523 [Test worker] DEBUG org.apache.http.client.protocol.RequestAddCookies - CookieSpec selected: karate
21:53:16.523 [Test worker] DEBUG org.apache.http.client.protocol.RequestAuthCache - Auth cache not set in the context
21:53:16.523 [Test worker] DEBUG com.intuit.karate - request:
1 > GET https://restful-booker.herokuapp.com/booking/55433
1 > Accept: application/json
1 > Host: restful-booker.herokuapp.com
1 > Connection: Keep-Alive
1 > User-Agent: Apache-HttpClient/4.5.13 (Java/11.0.8)
1 > Accept-Encoding: gzip,deflate


21:53:16.524 [Test worker] DEBUG org.apache.http.impl.conn.PoolingHttpClientConnectionManager - Connection request: [route: {s}->https://restful-booker.herokuapp.com:443][total available: 0; route allocated: 0 of 5; total allocated: 0 of 10]
21:53:16.524 [Test worker] DEBUG org.apache.http.impl.conn.PoolingHttpClientConnectionManager - Connection leased: [id: 17][route: {s}->https://restful-booker.herokuapp.com:443][total available: 0; route allocated: 1 of 5; total allocated: 1 of 10]
21:53:16.524 [Test worker] DEBUG org.apache.http.impl.execchain.MainClientExec - Opening connection {s}->https://restful-booker.herokuapp.com:443
21:53:16.525 [Test worker] DEBUG org.apache.http.impl.conn.DefaultHttpClientConnectionOperator - Connecting to restful-booker.herokuapp.com/3.209.172.72:443
21:53:16.525 [Test worker] DEBUG org.apache.http.conn.ssl.LenientSslConnectionSocketFactory - Connecting socket to restful-booker.herokuapp.com/3.209.172.72:443 with timeout 15000
21:53:16.605 [Test worker] DEBUG org.apache.http.conn.ssl.LenientSslConnectionSocketFactory - Enabled protocols: [TLSv1.3, TLSv1.2, TLSv1.1, TLSv1]
21:53:16.605 [Test worker] DEBUG org.apache.http.conn.ssl.LenientSslConnectionSocketFactory - Enabled cipher suites:[TLS_AES_128_GCM_SHA256, TLS_AES_256_GCM_SHA384, TLS_ECDHE_ECDSA_WITH_AES_256_GCM_SHA384, TLS_ECDHE_ECDSA_WITH_AES_128_GCM_SHA256, TLS_ECDHE_RSA_WITH_AES_256_GCM_SHA384, TLS_RSA_WITH_AES_256_GCM_SHA384, TLS_ECDH_ECDSA_WITH_AES_256_GCM_SHA384, TLS_ECDH_RSA_WITH_AES_256_GCM_SHA384, TLS_DHE_RSA_WITH_AES_256_GCM_SHA384, TLS_DHE_DSS_WITH_AES_256_GCM_SHA384, TLS_ECDHE_RSA_WITH_AES_128_GCM_SHA256, TLS_RSA_WITH_AES_128_GCM_SHA256, TLS_ECDH_ECDSA_WITH_AES_128_GCM_SHA256, TLS_ECDH_RSA_WITH_AES_128_GCM_SHA256, TLS_DHE_RSA_WITH_AES_128_GCM_SHA256, TLS_DHE_DSS_WITH_AES_128_GCM_SHA256, TLS_ECDHE_ECDSA_WITH_AES_256_CBC_SHA384, TLS_ECDHE_RSA_WITH_AES_256_CBC_SHA384, TLS_RSA_WITH_AES_256_CBC_SHA256, TLS_ECDH_ECDSA_WITH_AES_256_CBC_SHA384, TLS_ECDH_RSA_WITH_AES_256_CBC_SHA384, TLS_DHE_RSA_WITH_AES_256_CBC_SHA256, TLS_DHE_DSS_WITH_AES_256_CBC_SHA256, TLS_ECDHE_ECDSA_WITH_AES_256_CBC_SHA, TLS_ECDHE_RSA_WITH_AES_256_CBC_SHA, TLS_RSA_WITH_AES_256_CBC_SHA, TLS_ECDH_ECDSA_WITH_AES_256_CBC_SHA, TLS_ECDH_RSA_WITH_AES_256_CBC_SHA, TLS_DHE_RSA_WITH_AES_256_CBC_SHA, TLS_DHE_DSS_WITH_AES_256_CBC_SHA, TLS_ECDHE_ECDSA_WITH_AES_128_CBC_SHA256, TLS_ECDHE_RSA_WITH_AES_128_CBC_SHA256, TLS_RSA_WITH_AES_128_CBC_SHA256, TLS_ECDH_ECDSA_WITH_AES_128_CBC_SHA256, TLS_ECDH_RSA_WITH_AES_128_CBC_SHA256, TLS_DHE_RSA_WITH_AES_128_CBC_SHA256, TLS_DHE_DSS_WITH_AES_128_CBC_SHA256, TLS_ECDHE_ECDSA_WITH_AES_128_CBC_SHA, TLS_ECDHE_RSA_WITH_AES_128_CBC_SHA, TLS_RSA_WITH_AES_128_CBC_SHA, TLS_ECDH_ECDSA_WITH_AES_128_CBC_SHA, TLS_ECDH_RSA_WITH_AES_128_CBC_SHA, TLS_DHE_RSA_WITH_AES_128_CBC_SHA, TLS_DHE_DSS_WITH_AES_128_CBC_SHA, TLS_EMPTY_RENEGOTIATION_INFO_SCSV]
21:53:16.605 [Test worker] DEBUG org.apache.http.conn.ssl.LenientSslConnectionSocketFactory - Starting handshake
21:53:16.774 [Test worker] DEBUG org.apache.http.conn.ssl.LenientSslConnectionSocketFactory - Secure session established
21:53:16.775 [Test worker] DEBUG org.apache.http.conn.ssl.LenientSslConnectionSocketFactory -  negotiated protocol: TLSv1.2
21:53:16.775 [Test worker] DEBUG org.apache.http.conn.ssl.LenientSslConnectionSocketFactory -  negotiated cipher suite: TLS_ECDHE_RSA_WITH_AES_128_GCM_SHA256
21:53:16.775 [Test worker] DEBUG org.apache.http.conn.ssl.LenientSslConnectionSocketFactory -  peer principal: CN=*.herokuapp.com
21:53:16.775 [Test worker] DEBUG org.apache.http.conn.ssl.LenientSslConnectionSocketFactory -  peer alternative names: [*.herokuapp.com]
21:53:16.775 [Test worker] DEBUG org.apache.http.conn.ssl.LenientSslConnectionSocketFactory -  issuer principal: CN=Amazon RSA 2048 M02, O=Amazon, C=US
21:53:16.775 [Test worker] DEBUG org.apache.http.impl.conn.DefaultHttpClientConnectionOperator - Connection established 192.168.20.32:51612<->3.209.172.72:443
21:53:16.775 [Test worker] DEBUG org.apache.http.impl.conn.DefaultManagedHttpClientConnection - http-outgoing-17: set socket timeout to 15000
21:53:16.775 [Test worker] DEBUG org.apache.http.impl.execchain.MainClientExec - Executing request GET /booking/55433 HTTP/1.1
21:53:16.775 [Test worker] DEBUG org.apache.http.impl.execchain.MainClientExec - Target auth state: UNCHALLENGED
21:53:16.775 [Test worker] DEBUG org.apache.http.impl.execchain.MainClientExec - Proxy auth state: UNCHALLENGED
21:53:16.775 [Test worker] DEBUG org.apache.http.headers - http-outgoing-17 >> GET /booking/55433 HTTP/1.1
21:53:16.775 [Test worker] DEBUG org.apache.http.headers - http-outgoing-17 >> Accept: application/json
21:53:16.775 [Test worker] DEBUG org.apache.http.headers - http-outgoing-17 >> Host: restful-booker.herokuapp.com
21:53:16.775 [Test worker] DEBUG org.apache.http.headers - http-outgoing-17 >> Connection: Keep-Alive
21:53:16.775 [Test worker] DEBUG org.apache.http.headers - http-outgoing-17 >> User-Agent: Apache-HttpClient/4.5.13 (Java/11.0.8)
21:53:16.775 [Test worker] DEBUG org.apache.http.headers - http-outgoing-17 >> Accept-Encoding: gzip,deflate
21:53:16.775 [Test worker] DEBUG org.apache.http.wire - http-outgoing-17 >> "GET /booking/55433 HTTP/1.1[\r][\n]"
21:53:16.775 [Test worker] DEBUG org.apache.http.wire - http-outgoing-17 >> "Accept: application/json[\r][\n]"
21:53:16.775 [Test worker] DEBUG org.apache.http.wire - http-outgoing-17 >> "Host: restful-booker.herokuapp.com[\r][\n]"
21:53:16.775 [Test worker] DEBUG org.apache.http.wire - http-outgoing-17 >> "Connection: Keep-Alive[\r][\n]"
21:53:16.775 [Test worker] DEBUG org.apache.http.wire - http-outgoing-17 >> "User-Agent: Apache-HttpClient/4.5.13 (Java/11.0.8)[\r][\n]"
21:53:16.775 [Test worker] DEBUG org.apache.http.wire - http-outgoing-17 >> "Accept-Encoding: gzip,deflate[\r][\n]"
21:53:16.775 [Test worker] DEBUG org.apache.http.wire - http-outgoing-17 >> "[\r][\n]"
21:53:16.845 [Test worker] DEBUG org.apache.http.wire - http-outgoing-17 << "HTTP/1.1 404 Not Found[\r][\n]"
21:53:16.845 [Test worker] DEBUG org.apache.http.wire - http-outgoing-17 << "Server: Cowboy[\r][\n]"
21:53:16.845 [Test worker] DEBUG org.apache.http.wire - http-outgoing-17 << "Connection: keep-alive[\r][\n]"
21:53:16.845 [Test worker] DEBUG org.apache.http.wire - http-outgoing-17 << "X-Powered-By: Express[\r][\n]"
21:53:16.845 [Test worker] DEBUG org.apache.http.wire - http-outgoing-17 << "Content-Type: text/plain; charset=utf-8[\r][\n]"
21:53:16.845 [Test worker] DEBUG org.apache.http.wire - http-outgoing-17 << "Content-Length: 9[\r][\n]"
21:53:16.845 [Test worker] DEBUG org.apache.http.wire - http-outgoing-17 << "Etag: W/"9-0gXL1ngzMqISxa6S1zx3F4wtLyg"[\r][\n]"
21:53:16.845 [Test worker] DEBUG org.apache.http.wire - http-outgoing-17 << "Date: Sat, 18 Mar 2023 02:53:17 GMT[\r][\n]"
21:53:16.845 [Test worker] DEBUG org.apache.http.wire - http-outgoing-17 << "Via: 1.1 vegur[\r][\n]"
21:53:16.845 [Test worker] DEBUG org.apache.http.wire - http-outgoing-17 << "[\r][\n]"
21:53:16.845 [Test worker] DEBUG org.apache.http.wire - http-outgoing-17 << "Not Found"
21:53:16.845 [Test worker] DEBUG org.apache.http.headers - http-outgoing-17 << HTTP/1.1 404 Not Found
21:53:16.846 [Test worker] DEBUG org.apache.http.headers - http-outgoing-17 << Server: Cowboy
21:53:16.846 [Test worker] DEBUG org.apache.http.headers - http-outgoing-17 << Connection: keep-alive
21:53:16.846 [Test worker] DEBUG org.apache.http.headers - http-outgoing-17 << X-Powered-By: Express
21:53:16.846 [Test worker] DEBUG org.apache.http.headers - http-outgoing-17 << Content-Type: text/plain; charset=utf-8
21:53:16.846 [Test worker] DEBUG org.apache.http.headers - http-outgoing-17 << Content-Length: 9
21:53:16.846 [Test worker] DEBUG org.apache.http.headers - http-outgoing-17 << Etag: W/"9-0gXL1ngzMqISxa6S1zx3F4wtLyg"
21:53:16.846 [Test worker] DEBUG org.apache.http.headers - http-outgoing-17 << Date: Sat, 18 Mar 2023 02:53:17 GMT
21:53:16.846 [Test worker] DEBUG org.apache.http.headers - http-outgoing-17 << Via: 1.1 vegur
21:53:16.846 [Test worker] DEBUG org.apache.http.impl.execchain.MainClientExec - Connection can be kept alive indefinitely
21:53:16.846 [Test worker] DEBUG org.apache.http.impl.conn.PoolingHttpClientConnectionManager - Connection [id: 17][route: {s}->https://restful-booker.herokuapp.com:443] can be kept alive indefinitely
21:53:16.846 [Test worker] DEBUG org.apache.http.impl.conn.DefaultManagedHttpClientConnection - http-outgoing-17: set socket timeout to 0
21:53:16.846 [Test worker] DEBUG org.apache.http.impl.conn.PoolingHttpClientConnectionManager - Connection released: [id: 17][route: {s}->https://restful-booker.herokuapp.com:443][total available: 1; route allocated: 1 of 5; total allocated: 1 of 10]
21:53:16.846 [Test worker] DEBUG com.intuit.karate - response time in milliseconds: 323
1 < 404
1 < Server: Cowboy
1 < Connection: keep-alive
1 < X-Powered-By: Express
1 < Content-Type: text/plain; charset=utf-8
1 < Content-Length: 9
1 < Etag: W/"9-0gXL1ngzMqISxa6S1zx3F4wtLyg"
1 < Date: Sat, 18 Mar 2023 02:53:17 GMT
1 < Via: 1.1 vegur
Not Found

21:53:16.848 [Test worker] INFO com.intuit.karate - [print] Not Found 
21:53:16.860 [Test worker] DEBUG org.apache.http.client.protocol.RequestAddCookies - CookieSpec selected: karate
21:53:16.860 [Test worker] DEBUG org.apache.http.client.protocol.RequestAuthCache - Auth cache not set in the context
21:53:16.860 [Test worker] DEBUG com.intuit.karate - request:
1 > GET https://restful-booker.herokuapp.com/booking/no_found
1 > Accept: application/json
1 > Host: restful-booker.herokuapp.com
1 > Connection: Keep-Alive
1 > User-Agent: Apache-HttpClient/4.5.13 (Java/11.0.8)
1 > Accept-Encoding: gzip,deflate


21:53:16.860 [Test worker] DEBUG org.apache.http.impl.conn.PoolingHttpClientConnectionManager - Connection request: [route: {s}->https://restful-booker.herokuapp.com:443][total available: 0; route allocated: 0 of 5; total allocated: 0 of 10]
21:53:16.860 [Test worker] DEBUG org.apache.http.impl.conn.PoolingHttpClientConnectionManager - Connection leased: [id: 18][route: {s}->https://restful-booker.herokuapp.com:443][total available: 0; route allocated: 1 of 5; total allocated: 1 of 10]
21:53:16.860 [Test worker] DEBUG org.apache.http.impl.execchain.MainClientExec - Opening connection {s}->https://restful-booker.herokuapp.com:443
21:53:16.861 [Test worker] DEBUG org.apache.http.impl.conn.DefaultHttpClientConnectionOperator - Connecting to restful-booker.herokuapp.com/3.209.172.72:443
21:53:16.861 [Test worker] DEBUG org.apache.http.conn.ssl.LenientSslConnectionSocketFactory - Connecting socket to restful-booker.herokuapp.com/3.209.172.72:443 with timeout 15000
21:53:16.939 [Test worker] DEBUG org.apache.http.conn.ssl.LenientSslConnectionSocketFactory - Enabled protocols: [TLSv1.3, TLSv1.2, TLSv1.1, TLSv1]
21:53:16.940 [Test worker] DEBUG org.apache.http.conn.ssl.LenientSslConnectionSocketFactory - Enabled cipher suites:[TLS_AES_128_GCM_SHA256, TLS_AES_256_GCM_SHA384, TLS_ECDHE_ECDSA_WITH_AES_256_GCM_SHA384, TLS_ECDHE_ECDSA_WITH_AES_128_GCM_SHA256, TLS_ECDHE_RSA_WITH_AES_256_GCM_SHA384, TLS_RSA_WITH_AES_256_GCM_SHA384, TLS_ECDH_ECDSA_WITH_AES_256_GCM_SHA384, TLS_ECDH_RSA_WITH_AES_256_GCM_SHA384, TLS_DHE_RSA_WITH_AES_256_GCM_SHA384, TLS_DHE_DSS_WITH_AES_256_GCM_SHA384, TLS_ECDHE_RSA_WITH_AES_128_GCM_SHA256, TLS_RSA_WITH_AES_128_GCM_SHA256, TLS_ECDH_ECDSA_WITH_AES_128_GCM_SHA256, TLS_ECDH_RSA_WITH_AES_128_GCM_SHA256, TLS_DHE_RSA_WITH_AES_128_GCM_SHA256, TLS_DHE_DSS_WITH_AES_128_GCM_SHA256, TLS_ECDHE_ECDSA_WITH_AES_256_CBC_SHA384, TLS_ECDHE_RSA_WITH_AES_256_CBC_SHA384, TLS_RSA_WITH_AES_256_CBC_SHA256, TLS_ECDH_ECDSA_WITH_AES_256_CBC_SHA384, TLS_ECDH_RSA_WITH_AES_256_CBC_SHA384, TLS_DHE_RSA_WITH_AES_256_CBC_SHA256, TLS_DHE_DSS_WITH_AES_256_CBC_SHA256, TLS_ECDHE_ECDSA_WITH_AES_256_CBC_SHA, TLS_ECDHE_RSA_WITH_AES_256_CBC_SHA, TLS_RSA_WITH_AES_256_CBC_SHA, TLS_ECDH_ECDSA_WITH_AES_256_CBC_SHA, TLS_ECDH_RSA_WITH_AES_256_CBC_SHA, TLS_DHE_RSA_WITH_AES_256_CBC_SHA, TLS_DHE_DSS_WITH_AES_256_CBC_SHA, TLS_ECDHE_ECDSA_WITH_AES_128_CBC_SHA256, TLS_ECDHE_RSA_WITH_AES_128_CBC_SHA256, TLS_RSA_WITH_AES_128_CBC_SHA256, TLS_ECDH_ECDSA_WITH_AES_128_CBC_SHA256, TLS_ECDH_RSA_WITH_AES_128_CBC_SHA256, TLS_DHE_RSA_WITH_AES_128_CBC_SHA256, TLS_DHE_DSS_WITH_AES_128_CBC_SHA256, TLS_ECDHE_ECDSA_WITH_AES_128_CBC_SHA, TLS_ECDHE_RSA_WITH_AES_128_CBC_SHA, TLS_RSA_WITH_AES_128_CBC_SHA, TLS_ECDH_ECDSA_WITH_AES_128_CBC_SHA, TLS_ECDH_RSA_WITH_AES_128_CBC_SHA, TLS_DHE_RSA_WITH_AES_128_CBC_SHA, TLS_DHE_DSS_WITH_AES_128_CBC_SHA, TLS_EMPTY_RENEGOTIATION_INFO_SCSV]
21:53:16.940 [Test worker] DEBUG org.apache.http.conn.ssl.LenientSslConnectionSocketFactory - Starting handshake
21:53:17.106 [Test worker] DEBUG org.apache.http.conn.ssl.LenientSslConnectionSocketFactory - Secure session established
21:53:17.106 [Test worker] DEBUG org.apache.http.conn.ssl.LenientSslConnectionSocketFactory -  negotiated protocol: TLSv1.2
21:53:17.106 [Test worker] DEBUG org.apache.http.conn.ssl.LenientSslConnectionSocketFactory -  negotiated cipher suite: TLS_ECDHE_RSA_WITH_AES_128_GCM_SHA256
21:53:17.106 [Test worker] DEBUG org.apache.http.conn.ssl.LenientSslConnectionSocketFactory -  peer principal: CN=*.herokuapp.com
21:53:17.106 [Test worker] DEBUG org.apache.http.conn.ssl.LenientSslConnectionSocketFactory -  peer alternative names: [*.herokuapp.com]
21:53:17.106 [Test worker] DEBUG org.apache.http.conn.ssl.LenientSslConnectionSocketFactory -  issuer principal: CN=Amazon RSA 2048 M02, O=Amazon, C=US
21:53:17.106 [Test worker] DEBUG org.apache.http.impl.conn.DefaultHttpClientConnectionOperator - Connection established 192.168.20.32:51613<->3.209.172.72:443
21:53:17.106 [Test worker] DEBUG org.apache.http.impl.conn.DefaultManagedHttpClientConnection - http-outgoing-18: set socket timeout to 15000
21:53:17.106 [Test worker] DEBUG org.apache.http.impl.execchain.MainClientExec - Executing request GET /booking/no_found HTTP/1.1
21:53:17.106 [Test worker] DEBUG org.apache.http.impl.execchain.MainClientExec - Target auth state: UNCHALLENGED
21:53:17.106 [Test worker] DEBUG org.apache.http.impl.execchain.MainClientExec - Proxy auth state: UNCHALLENGED
21:53:17.106 [Test worker] DEBUG org.apache.http.headers - http-outgoing-18 >> GET /booking/no_found HTTP/1.1
21:53:17.106 [Test worker] DEBUG org.apache.http.headers - http-outgoing-18 >> Accept: application/json
21:53:17.106 [Test worker] DEBUG org.apache.http.headers - http-outgoing-18 >> Host: restful-booker.herokuapp.com
21:53:17.106 [Test worker] DEBUG org.apache.http.headers - http-outgoing-18 >> Connection: Keep-Alive
21:53:17.106 [Test worker] DEBUG org.apache.http.headers - http-outgoing-18 >> User-Agent: Apache-HttpClient/4.5.13 (Java/11.0.8)
21:53:17.106 [Test worker] DEBUG org.apache.http.headers - http-outgoing-18 >> Accept-Encoding: gzip,deflate
21:53:17.107 [Test worker] DEBUG org.apache.http.wire - http-outgoing-18 >> "GET /booking/no_found HTTP/1.1[\r][\n]"
21:53:17.107 [Test worker] DEBUG org.apache.http.wire - http-outgoing-18 >> "Accept: application/json[\r][\n]"
21:53:17.107 [Test worker] DEBUG org.apache.http.wire - http-outgoing-18 >> "Host: restful-booker.herokuapp.com[\r][\n]"
21:53:17.107 [Test worker] DEBUG org.apache.http.wire - http-outgoing-18 >> "Connection: Keep-Alive[\r][\n]"
21:53:17.107 [Test worker] DEBUG org.apache.http.wire - http-outgoing-18 >> "User-Agent: Apache-HttpClient/4.5.13 (Java/11.0.8)[\r][\n]"
21:53:17.107 [Test worker] DEBUG org.apache.http.wire - http-outgoing-18 >> "Accept-Encoding: gzip,deflate[\r][\n]"
21:53:17.107 [Test worker] DEBUG org.apache.http.wire - http-outgoing-18 >> "[\r][\n]"
21:53:17.185 [Test worker] DEBUG org.apache.http.wire - http-outgoing-18 << "HTTP/1.1 404 Not Found[\r][\n]"
21:53:17.185 [Test worker] DEBUG org.apache.http.wire - http-outgoing-18 << "Server: Cowboy[\r][\n]"
21:53:17.185 [Test worker] DEBUG org.apache.http.wire - http-outgoing-18 << "Connection: keep-alive[\r][\n]"
21:53:17.185 [Test worker] DEBUG org.apache.http.wire - http-outgoing-18 << "X-Powered-By: Express[\r][\n]"
21:53:17.185 [Test worker] DEBUG org.apache.http.wire - http-outgoing-18 << "Content-Type: text/plain; charset=utf-8[\r][\n]"
21:53:17.185 [Test worker] DEBUG org.apache.http.wire - http-outgoing-18 << "Content-Length: 9[\r][\n]"
21:53:17.185 [Test worker] DEBUG org.apache.http.wire - http-outgoing-18 << "Etag: W/"9-0gXL1ngzMqISxa6S1zx3F4wtLyg"[\r][\n]"
21:53:17.185 [Test worker] DEBUG org.apache.http.wire - http-outgoing-18 << "Date: Sat, 18 Mar 2023 02:53:17 GMT[\r][\n]"
21:53:17.185 [Test worker] DEBUG org.apache.http.wire - http-outgoing-18 << "Via: 1.1 vegur[\r][\n]"
21:53:17.185 [Test worker] DEBUG org.apache.http.wire - http-outgoing-18 << "[\r][\n]"
21:53:17.185 [Test worker] DEBUG org.apache.http.wire - http-outgoing-18 << "Not Found"
21:53:17.185 [Test worker] DEBUG org.apache.http.headers - http-outgoing-18 << HTTP/1.1 404 Not Found
21:53:17.185 [Test worker] DEBUG org.apache.http.headers - http-outgoing-18 << Server: Cowboy
21:53:17.185 [Test worker] DEBUG org.apache.http.headers - http-outgoing-18 << Connection: keep-alive
21:53:17.185 [Test worker] DEBUG org.apache.http.headers - http-outgoing-18 << X-Powered-By: Express
21:53:17.185 [Test worker] DEBUG org.apache.http.headers - http-outgoing-18 << Content-Type: text/plain; charset=utf-8
21:53:17.185 [Test worker] DEBUG org.apache.http.headers - http-outgoing-18 << Content-Length: 9
21:53:17.185 [Test worker] DEBUG org.apache.http.headers - http-outgoing-18 << Etag: W/"9-0gXL1ngzMqISxa6S1zx3F4wtLyg"
21:53:17.185 [Test worker] DEBUG org.apache.http.headers - http-outgoing-18 << Date: Sat, 18 Mar 2023 02:53:17 GMT
21:53:17.185 [Test worker] DEBUG org.apache.http.headers - http-outgoing-18 << Via: 1.1 vegur
21:53:17.185 [Test worker] DEBUG org.apache.http.impl.execchain.MainClientExec - Connection can be kept alive indefinitely
21:53:17.185 [Test worker] DEBUG org.apache.http.impl.conn.PoolingHttpClientConnectionManager - Connection [id: 18][route: {s}->https://restful-booker.herokuapp.com:443] can be kept alive indefinitely
21:53:17.185 [Test worker] DEBUG org.apache.http.impl.conn.DefaultManagedHttpClientConnection - http-outgoing-18: set socket timeout to 0
21:53:17.186 [Test worker] DEBUG org.apache.http.impl.conn.PoolingHttpClientConnectionManager - Connection released: [id: 18][route: {s}->https://restful-booker.herokuapp.com:443][total available: 1; route allocated: 1 of 5; total allocated: 1 of 10]
21:53:17.186 [Test worker] DEBUG com.intuit.karate - response time in milliseconds: 326
1 < 404
1 < Server: Cowboy
1 < Connection: keep-alive
1 < X-Powered-By: Express
1 < Content-Type: text/plain; charset=utf-8
1 < Content-Length: 9
1 < Etag: W/"9-0gXL1ngzMqISxa6S1zx3F4wtLyg"
1 < Date: Sat, 18 Mar 2023 02:53:17 GMT
1 < Via: 1.1 vegur
Not Found

21:53:17.187 [Test worker] INFO com.intuit.karate - [print] Not Found 
21:53:17.203 [Test worker] INFO com.intuit.karate - >> lock acquired, begin callSingle: ../booking/createToken.feature
21:53:17.230 [Test worker] DEBUG com.jayway.jsonpath.internal.path.CompiledPath - Evaluating path: $
21:53:17.234 [Test worker] DEBUG org.apache.http.client.protocol.RequestAddCookies - CookieSpec selected: karate
21:53:17.234 [Test worker] DEBUG org.apache.http.client.protocol.RequestAuthCache - Auth cache not set in the context
21:53:17.234 [Test worker] DEBUG com.intuit.karate - request:
1 > POST https://restful-booker.herokuapp.com/auth
1 > Content-Type: application/json; charset=UTF-8
1 > Content-Length: 45
1 > Host: restful-booker.herokuapp.com
1 > Connection: Keep-Alive
1 > User-Agent: Apache-HttpClient/4.5.13 (Java/11.0.8)
1 > Accept-Encoding: gzip,deflate
{"username":"admin","password":"password123"}

21:53:17.235 [Test worker] DEBUG org.apache.http.impl.conn.PoolingHttpClientConnectionManager - Connection request: [route: {s}->https://restful-booker.herokuapp.com:443][total available: 0; route allocated: 0 of 5; total allocated: 0 of 10]
21:53:17.235 [Test worker] DEBUG org.apache.http.impl.conn.PoolingHttpClientConnectionManager - Connection leased: [id: 19][route: {s}->https://restful-booker.herokuapp.com:443][total available: 0; route allocated: 1 of 5; total allocated: 1 of 10]
21:53:17.235 [Test worker] DEBUG org.apache.http.impl.execchain.MainClientExec - Opening connection {s}->https://restful-booker.herokuapp.com:443
21:53:17.236 [Test worker] DEBUG org.apache.http.impl.conn.DefaultHttpClientConnectionOperator - Connecting to restful-booker.herokuapp.com/3.209.172.72:443
21:53:17.236 [Test worker] DEBUG org.apache.http.conn.ssl.LenientSslConnectionSocketFactory - Connecting socket to restful-booker.herokuapp.com/3.209.172.72:443 with timeout 15000
21:53:17.311 [Test worker] DEBUG org.apache.http.conn.ssl.LenientSslConnectionSocketFactory - Enabled protocols: [TLSv1.3, TLSv1.2, TLSv1.1, TLSv1]
21:53:17.311 [Test worker] DEBUG org.apache.http.conn.ssl.LenientSslConnectionSocketFactory - Enabled cipher suites:[TLS_AES_128_GCM_SHA256, TLS_AES_256_GCM_SHA384, TLS_ECDHE_ECDSA_WITH_AES_256_GCM_SHA384, TLS_ECDHE_ECDSA_WITH_AES_128_GCM_SHA256, TLS_ECDHE_RSA_WITH_AES_256_GCM_SHA384, TLS_RSA_WITH_AES_256_GCM_SHA384, TLS_ECDH_ECDSA_WITH_AES_256_GCM_SHA384, TLS_ECDH_RSA_WITH_AES_256_GCM_SHA384, TLS_DHE_RSA_WITH_AES_256_GCM_SHA384, TLS_DHE_DSS_WITH_AES_256_GCM_SHA384, TLS_ECDHE_RSA_WITH_AES_128_GCM_SHA256, TLS_RSA_WITH_AES_128_GCM_SHA256, TLS_ECDH_ECDSA_WITH_AES_128_GCM_SHA256, TLS_ECDH_RSA_WITH_AES_128_GCM_SHA256, TLS_DHE_RSA_WITH_AES_128_GCM_SHA256, TLS_DHE_DSS_WITH_AES_128_GCM_SHA256, TLS_ECDHE_ECDSA_WITH_AES_256_CBC_SHA384, TLS_ECDHE_RSA_WITH_AES_256_CBC_SHA384, TLS_RSA_WITH_AES_256_CBC_SHA256, TLS_ECDH_ECDSA_WITH_AES_256_CBC_SHA384, TLS_ECDH_RSA_WITH_AES_256_CBC_SHA384, TLS_DHE_RSA_WITH_AES_256_CBC_SHA256, TLS_DHE_DSS_WITH_AES_256_CBC_SHA256, TLS_ECDHE_ECDSA_WITH_AES_256_CBC_SHA, TLS_ECDHE_RSA_WITH_AES_256_CBC_SHA, TLS_RSA_WITH_AES_256_CBC_SHA, TLS_ECDH_ECDSA_WITH_AES_256_CBC_SHA, TLS_ECDH_RSA_WITH_AES_256_CBC_SHA, TLS_DHE_RSA_WITH_AES_256_CBC_SHA, TLS_DHE_DSS_WITH_AES_256_CBC_SHA, TLS_ECDHE_ECDSA_WITH_AES_128_CBC_SHA256, TLS_ECDHE_RSA_WITH_AES_128_CBC_SHA256, TLS_RSA_WITH_AES_128_CBC_SHA256, TLS_ECDH_ECDSA_WITH_AES_128_CBC_SHA256, TLS_ECDH_RSA_WITH_AES_128_CBC_SHA256, TLS_DHE_RSA_WITH_AES_128_CBC_SHA256, TLS_DHE_DSS_WITH_AES_128_CBC_SHA256, TLS_ECDHE_ECDSA_WITH_AES_128_CBC_SHA, TLS_ECDHE_RSA_WITH_AES_128_CBC_SHA, TLS_RSA_WITH_AES_128_CBC_SHA, TLS_ECDH_ECDSA_WITH_AES_128_CBC_SHA, TLS_ECDH_RSA_WITH_AES_128_CBC_SHA, TLS_DHE_RSA_WITH_AES_128_CBC_SHA, TLS_DHE_DSS_WITH_AES_128_CBC_SHA, TLS_EMPTY_RENEGOTIATION_INFO_SCSV]
21:53:17.311 [Test worker] DEBUG org.apache.http.conn.ssl.LenientSslConnectionSocketFactory - Starting handshake
21:53:17.480 [Test worker] DEBUG org.apache.http.conn.ssl.LenientSslConnectionSocketFactory - Secure session established
21:53:17.480 [Test worker] DEBUG org.apache.http.conn.ssl.LenientSslConnectionSocketFactory -  negotiated protocol: TLSv1.2
21:53:17.480 [Test worker] DEBUG org.apache.http.conn.ssl.LenientSslConnectionSocketFactory -  negotiated cipher suite: TLS_ECDHE_RSA_WITH_AES_128_GCM_SHA256
21:53:17.481 [Test worker] DEBUG org.apache.http.conn.ssl.LenientSslConnectionSocketFactory -  peer principal: CN=*.herokuapp.com
21:53:17.481 [Test worker] DEBUG org.apache.http.conn.ssl.LenientSslConnectionSocketFactory -  peer alternative names: [*.herokuapp.com]
21:53:17.481 [Test worker] DEBUG org.apache.http.conn.ssl.LenientSslConnectionSocketFactory -  issuer principal: CN=Amazon RSA 2048 M02, O=Amazon, C=US
21:53:17.481 [Test worker] DEBUG org.apache.http.impl.conn.DefaultHttpClientConnectionOperator - Connection established 192.168.20.32:51614<->3.209.172.72:443
21:53:17.481 [Test worker] DEBUG org.apache.http.impl.conn.DefaultManagedHttpClientConnection - http-outgoing-19: set socket timeout to 15000
21:53:17.481 [Test worker] DEBUG org.apache.http.impl.execchain.MainClientExec - Executing request POST /auth HTTP/1.1
21:53:17.481 [Test worker] DEBUG org.apache.http.impl.execchain.MainClientExec - Target auth state: UNCHALLENGED
21:53:17.481 [Test worker] DEBUG org.apache.http.impl.execchain.MainClientExec - Proxy auth state: UNCHALLENGED
21:53:17.481 [Test worker] DEBUG org.apache.http.headers - http-outgoing-19 >> POST /auth HTTP/1.1
21:53:17.481 [Test worker] DEBUG org.apache.http.headers - http-outgoing-19 >> Content-Type: application/json; charset=UTF-8
21:53:17.481 [Test worker] DEBUG org.apache.http.headers - http-outgoing-19 >> Content-Length: 45
21:53:17.481 [Test worker] DEBUG org.apache.http.headers - http-outgoing-19 >> Host: restful-booker.herokuapp.com
21:53:17.481 [Test worker] DEBUG org.apache.http.headers - http-outgoing-19 >> Connection: Keep-Alive
21:53:17.481 [Test worker] DEBUG org.apache.http.headers - http-outgoing-19 >> User-Agent: Apache-HttpClient/4.5.13 (Java/11.0.8)
21:53:17.481 [Test worker] DEBUG org.apache.http.headers - http-outgoing-19 >> Accept-Encoding: gzip,deflate
21:53:17.481 [Test worker] DEBUG org.apache.http.wire - http-outgoing-19 >> "POST /auth HTTP/1.1[\r][\n]"
21:53:17.481 [Test worker] DEBUG org.apache.http.wire - http-outgoing-19 >> "Content-Type: application/json; charset=UTF-8[\r][\n]"
21:53:17.481 [Test worker] DEBUG org.apache.http.wire - http-outgoing-19 >> "Content-Length: 45[\r][\n]"
21:53:17.481 [Test worker] DEBUG org.apache.http.wire - http-outgoing-19 >> "Host: restful-booker.herokuapp.com[\r][\n]"
21:53:17.481 [Test worker] DEBUG org.apache.http.wire - http-outgoing-19 >> "Connection: Keep-Alive[\r][\n]"
21:53:17.481 [Test worker] DEBUG org.apache.http.wire - http-outgoing-19 >> "User-Agent: Apache-HttpClient/4.5.13 (Java/11.0.8)[\r][\n]"
21:53:17.481 [Test worker] DEBUG org.apache.http.wire - http-outgoing-19 >> "Accept-Encoding: gzip,deflate[\r][\n]"
21:53:17.481 [Test worker] DEBUG org.apache.http.wire - http-outgoing-19 >> "[\r][\n]"
21:53:17.481 [Test worker] DEBUG org.apache.http.wire - http-outgoing-19 >> "{"username":"admin","password":"password123"}"
21:53:17.558 [Test worker] DEBUG org.apache.http.wire - http-outgoing-19 << "HTTP/1.1 200 OK[\r][\n]"
21:53:17.558 [Test worker] DEBUG org.apache.http.wire - http-outgoing-19 << "Server: Cowboy[\r][\n]"
21:53:17.558 [Test worker] DEBUG org.apache.http.wire - http-outgoing-19 << "Connection: keep-alive[\r][\n]"
21:53:17.558 [Test worker] DEBUG org.apache.http.wire - http-outgoing-19 << "X-Powered-By: Express[\r][\n]"
21:53:17.558 [Test worker] DEBUG org.apache.http.wire - http-outgoing-19 << "Content-Type: application/json; charset=utf-8[\r][\n]"
21:53:17.558 [Test worker] DEBUG org.apache.http.wire - http-outgoing-19 << "Content-Length: 27[\r][\n]"
21:53:17.558 [Test worker] DEBUG org.apache.http.wire - http-outgoing-19 << "Etag: W/"1b-5DWVQaHkeQ6neXQaG565NJ/ylbo"[\r][\n]"
21:53:17.558 [Test worker] DEBUG org.apache.http.wire - http-outgoing-19 << "Date: Sat, 18 Mar 2023 02:53:17 GMT[\r][\n]"
21:53:17.558 [Test worker] DEBUG org.apache.http.wire - http-outgoing-19 << "Via: 1.1 vegur[\r][\n]"
21:53:17.558 [Test worker] DEBUG org.apache.http.wire - http-outgoing-19 << "[\r][\n]"
21:53:17.558 [Test worker] DEBUG org.apache.http.wire - http-outgoing-19 << "{"token":"25dd99f3e90ec9b"}"
21:53:17.558 [Test worker] DEBUG org.apache.http.headers - http-outgoing-19 << HTTP/1.1 200 OK
21:53:17.558 [Test worker] DEBUG org.apache.http.headers - http-outgoing-19 << Server: Cowboy
21:53:17.558 [Test worker] DEBUG org.apache.http.headers - http-outgoing-19 << Connection: keep-alive
21:53:17.558 [Test worker] DEBUG org.apache.http.headers - http-outgoing-19 << X-Powered-By: Express
21:53:17.558 [Test worker] DEBUG org.apache.http.headers - http-outgoing-19 << Content-Type: application/json; charset=utf-8
21:53:17.558 [Test worker] DEBUG org.apache.http.headers - http-outgoing-19 << Content-Length: 27
21:53:17.558 [Test worker] DEBUG org.apache.http.headers - http-outgoing-19 << Etag: W/"1b-5DWVQaHkeQ6neXQaG565NJ/ylbo"
21:53:17.558 [Test worker] DEBUG org.apache.http.headers - http-outgoing-19 << Date: Sat, 18 Mar 2023 02:53:17 GMT
21:53:17.558 [Test worker] DEBUG org.apache.http.headers - http-outgoing-19 << Via: 1.1 vegur
21:53:17.558 [Test worker] DEBUG org.apache.http.impl.execchain.MainClientExec - Connection can be kept alive indefinitely
21:53:17.558 [Test worker] DEBUG org.apache.http.impl.conn.PoolingHttpClientConnectionManager - Connection [id: 19][route: {s}->https://restful-booker.herokuapp.com:443] can be kept alive indefinitely
21:53:17.558 [Test worker] DEBUG org.apache.http.impl.conn.DefaultManagedHttpClientConnection - http-outgoing-19: set socket timeout to 0
21:53:17.558 [Test worker] DEBUG org.apache.http.impl.conn.PoolingHttpClientConnectionManager - Connection released: [id: 19][route: {s}->https://restful-booker.herokuapp.com:443][total available: 1; route allocated: 1 of 5; total allocated: 1 of 10]
21:53:17.558 [Test worker] DEBUG com.intuit.karate - response time in milliseconds: 323
1 < 200
1 < Server: Cowboy
1 < Connection: keep-alive
1 < X-Powered-By: Express
1 < Content-Type: application/json; charset=utf-8
1 < Content-Length: 27
1 < Etag: W/"1b-5DWVQaHkeQ6neXQaG565NJ/ylbo"
1 < Date: Sat, 18 Mar 2023 02:53:17 GMT
1 < Via: 1.1 vegur
{"token":"25dd99f3e90ec9b"}

21:53:17.560 [Test worker] INFO com.intuit.karate - [print] {
  "token": "25dd99f3e90ec9b"
}
 
21:53:17.563 [Test worker] INFO com.intuit.karate - [print] 25dd99f3e90ec9b 
21:53:17.564 [Test worker] INFO com.intuit.karate - << lock released, cached callSingle: ../booking/createToken.feature
21:53:17.566 [Test worker] INFO com.intuit.karate - [print] 25dd99f3e90ec9b 
21:53:17.567 [Test worker] DEBUG com.jayway.jsonpath.internal.path.CompiledPath - Evaluating path: $
21:53:17.577 [Test worker] DEBUG org.apache.http.client.protocol.RequestAddCookies - CookieSpec selected: karate
21:53:17.577 [Test worker] DEBUG org.apache.http.client.protocol.RequestAuthCache - Auth cache not set in the context
21:53:17.577 [Test worker] DEBUG com.intuit.karate - request:
2 > PUT https://restful-booker.herokuapp.com/booking/1
2 > Content-Type: application/json; charset=UTF-8
2 > Accept: application/json
2 > Cookie: token=25dd99f3e90ec9b
2 > Content-Length: 170
2 > Host: restful-booker.herokuapp.com
2 > Connection: Keep-Alive
2 > User-Agent: Apache-HttpClient/4.5.13 (Java/11.0.8)
2 > Accept-Encoding: gzip,deflate
{"firstname":"Jim","lastname":"Brown","totalprice":111,"depositpaid":"true","bookingdates":{"checkin":"2019-01-01","checkout":"2019-01-01"},"additionalneeds":"Breakfast"}

21:53:17.578 [Test worker] DEBUG org.apache.http.impl.conn.PoolingHttpClientConnectionManager - Connection request: [route: {s}->https://restful-booker.herokuapp.com:443][total available: 0; route allocated: 0 of 5; total allocated: 0 of 10]
21:53:17.578 [Test worker] DEBUG org.apache.http.impl.conn.PoolingHttpClientConnectionManager - Connection leased: [id: 20][route: {s}->https://restful-booker.herokuapp.com:443][total available: 0; route allocated: 1 of 5; total allocated: 1 of 10]
21:53:17.578 [Test worker] DEBUG org.apache.http.impl.execchain.MainClientExec - Opening connection {s}->https://restful-booker.herokuapp.com:443
21:53:17.578 [Test worker] DEBUG org.apache.http.impl.conn.DefaultHttpClientConnectionOperator - Connecting to restful-booker.herokuapp.com/3.209.172.72:443
21:53:17.578 [Test worker] DEBUG org.apache.http.conn.ssl.LenientSslConnectionSocketFactory - Connecting socket to restful-booker.herokuapp.com/3.209.172.72:443 with timeout 15000
21:53:17.653 [Test worker] DEBUG org.apache.http.conn.ssl.LenientSslConnectionSocketFactory - Enabled protocols: [TLSv1.3, TLSv1.2, TLSv1.1, TLSv1]
21:53:17.653 [Test worker] DEBUG org.apache.http.conn.ssl.LenientSslConnectionSocketFactory - Enabled cipher suites:[TLS_AES_128_GCM_SHA256, TLS_AES_256_GCM_SHA384, TLS_ECDHE_ECDSA_WITH_AES_256_GCM_SHA384, TLS_ECDHE_ECDSA_WITH_AES_128_GCM_SHA256, TLS_ECDHE_RSA_WITH_AES_256_GCM_SHA384, TLS_RSA_WITH_AES_256_GCM_SHA384, TLS_ECDH_ECDSA_WITH_AES_256_GCM_SHA384, TLS_ECDH_RSA_WITH_AES_256_GCM_SHA384, TLS_DHE_RSA_WITH_AES_256_GCM_SHA384, TLS_DHE_DSS_WITH_AES_256_GCM_SHA384, TLS_ECDHE_RSA_WITH_AES_128_GCM_SHA256, TLS_RSA_WITH_AES_128_GCM_SHA256, TLS_ECDH_ECDSA_WITH_AES_128_GCM_SHA256, TLS_ECDH_RSA_WITH_AES_128_GCM_SHA256, TLS_DHE_RSA_WITH_AES_128_GCM_SHA256, TLS_DHE_DSS_WITH_AES_128_GCM_SHA256, TLS_ECDHE_ECDSA_WITH_AES_256_CBC_SHA384, TLS_ECDHE_RSA_WITH_AES_256_CBC_SHA384, TLS_RSA_WITH_AES_256_CBC_SHA256, TLS_ECDH_ECDSA_WITH_AES_256_CBC_SHA384, TLS_ECDH_RSA_WITH_AES_256_CBC_SHA384, TLS_DHE_RSA_WITH_AES_256_CBC_SHA256, TLS_DHE_DSS_WITH_AES_256_CBC_SHA256, TLS_ECDHE_ECDSA_WITH_AES_256_CBC_SHA, TLS_ECDHE_RSA_WITH_AES_256_CBC_SHA, TLS_RSA_WITH_AES_256_CBC_SHA, TLS_ECDH_ECDSA_WITH_AES_256_CBC_SHA, TLS_ECDH_RSA_WITH_AES_256_CBC_SHA, TLS_DHE_RSA_WITH_AES_256_CBC_SHA, TLS_DHE_DSS_WITH_AES_256_CBC_SHA, TLS_ECDHE_ECDSA_WITH_AES_128_CBC_SHA256, TLS_ECDHE_RSA_WITH_AES_128_CBC_SHA256, TLS_RSA_WITH_AES_128_CBC_SHA256, TLS_ECDH_ECDSA_WITH_AES_128_CBC_SHA256, TLS_ECDH_RSA_WITH_AES_128_CBC_SHA256, TLS_DHE_RSA_WITH_AES_128_CBC_SHA256, TLS_DHE_DSS_WITH_AES_128_CBC_SHA256, TLS_ECDHE_ECDSA_WITH_AES_128_CBC_SHA, TLS_ECDHE_RSA_WITH_AES_128_CBC_SHA, TLS_RSA_WITH_AES_128_CBC_SHA, TLS_ECDH_ECDSA_WITH_AES_128_CBC_SHA, TLS_ECDH_RSA_WITH_AES_128_CBC_SHA, TLS_DHE_RSA_WITH_AES_128_CBC_SHA, TLS_DHE_DSS_WITH_AES_128_CBC_SHA, TLS_EMPTY_RENEGOTIATION_INFO_SCSV]
21:53:17.653 [Test worker] DEBUG org.apache.http.conn.ssl.LenientSslConnectionSocketFactory - Starting handshake
21:53:17.811 [Test worker] DEBUG org.apache.http.conn.ssl.LenientSslConnectionSocketFactory - Secure session established
21:53:17.811 [Test worker] DEBUG org.apache.http.conn.ssl.LenientSslConnectionSocketFactory -  negotiated protocol: TLSv1.2
21:53:17.811 [Test worker] DEBUG org.apache.http.conn.ssl.LenientSslConnectionSocketFactory -  negotiated cipher suite: TLS_ECDHE_RSA_WITH_AES_128_GCM_SHA256
21:53:17.811 [Test worker] DEBUG org.apache.http.conn.ssl.LenientSslConnectionSocketFactory -  peer principal: CN=*.herokuapp.com
21:53:17.811 [Test worker] DEBUG org.apache.http.conn.ssl.LenientSslConnectionSocketFactory -  peer alternative names: [*.herokuapp.com]
21:53:17.811 [Test worker] DEBUG org.apache.http.conn.ssl.LenientSslConnectionSocketFactory -  issuer principal: CN=Amazon RSA 2048 M02, O=Amazon, C=US
21:53:17.812 [Test worker] DEBUG org.apache.http.impl.conn.DefaultHttpClientConnectionOperator - Connection established 192.168.20.32:51615<->3.209.172.72:443
21:53:17.812 [Test worker] DEBUG org.apache.http.impl.conn.DefaultManagedHttpClientConnection - http-outgoing-20: set socket timeout to 15000
21:53:17.812 [Test worker] DEBUG org.apache.http.impl.execchain.MainClientExec - Executing request PUT /booking/1 HTTP/1.1
21:53:17.812 [Test worker] DEBUG org.apache.http.impl.execchain.MainClientExec - Target auth state: UNCHALLENGED
21:53:17.812 [Test worker] DEBUG org.apache.http.impl.execchain.MainClientExec - Proxy auth state: UNCHALLENGED
21:53:17.812 [Test worker] DEBUG org.apache.http.headers - http-outgoing-20 >> PUT /booking/1 HTTP/1.1
21:53:17.812 [Test worker] DEBUG org.apache.http.headers - http-outgoing-20 >> Content-Type: application/json; charset=UTF-8
21:53:17.812 [Test worker] DEBUG org.apache.http.headers - http-outgoing-20 >> Accept: application/json
21:53:17.812 [Test worker] DEBUG org.apache.http.headers - http-outgoing-20 >> Cookie: token=25dd99f3e90ec9b
21:53:17.812 [Test worker] DEBUG org.apache.http.headers - http-outgoing-20 >> Content-Length: 170
21:53:17.812 [Test worker] DEBUG org.apache.http.headers - http-outgoing-20 >> Host: restful-booker.herokuapp.com
21:53:17.812 [Test worker] DEBUG org.apache.http.headers - http-outgoing-20 >> Connection: Keep-Alive
21:53:17.812 [Test worker] DEBUG org.apache.http.headers - http-outgoing-20 >> User-Agent: Apache-HttpClient/4.5.13 (Java/11.0.8)
21:53:17.812 [Test worker] DEBUG org.apache.http.headers - http-outgoing-20 >> Accept-Encoding: gzip,deflate
21:53:17.812 [Test worker] DEBUG org.apache.http.wire - http-outgoing-20 >> "PUT /booking/1 HTTP/1.1[\r][\n]"
21:53:17.812 [Test worker] DEBUG org.apache.http.wire - http-outgoing-20 >> "Content-Type: application/json; charset=UTF-8[\r][\n]"
21:53:17.812 [Test worker] DEBUG org.apache.http.wire - http-outgoing-20 >> "Accept: application/json[\r][\n]"
21:53:17.812 [Test worker] DEBUG org.apache.http.wire - http-outgoing-20 >> "Cookie: token=25dd99f3e90ec9b[\r][\n]"
21:53:17.812 [Test worker] DEBUG org.apache.http.wire - http-outgoing-20 >> "Content-Length: 170[\r][\n]"
21:53:17.812 [Test worker] DEBUG org.apache.http.wire - http-outgoing-20 >> "Host: restful-booker.herokuapp.com[\r][\n]"
21:53:17.812 [Test worker] DEBUG org.apache.http.wire - http-outgoing-20 >> "Connection: Keep-Alive[\r][\n]"
21:53:17.812 [Test worker] DEBUG org.apache.http.wire - http-outgoing-20 >> "User-Agent: Apache-HttpClient/4.5.13 (Java/11.0.8)[\r][\n]"
21:53:17.812 [Test worker] DEBUG org.apache.http.wire - http-outgoing-20 >> "Accept-Encoding: gzip,deflate[\r][\n]"
21:53:17.812 [Test worker] DEBUG org.apache.http.wire - http-outgoing-20 >> "[\r][\n]"
21:53:17.812 [Test worker] DEBUG org.apache.http.wire - http-outgoing-20 >> "{"firstname":"Jim","lastname":"Brown","totalprice":111,"depositpaid":"true","bookingdates":{"checkin":"2019-01-01","checkout":"2019-01-01"},"additionalneeds":"Breakfast"}"
21:53:17.887 [Test worker] DEBUG org.apache.http.wire - http-outgoing-20 << "HTTP/1.1 200 OK[\r][\n]"
21:53:17.887 [Test worker] DEBUG org.apache.http.wire - http-outgoing-20 << "Server: Cowboy[\r][\n]"
21:53:17.887 [Test worker] DEBUG org.apache.http.wire - http-outgoing-20 << "Connection: keep-alive[\r][\n]"
21:53:17.887 [Test worker] DEBUG org.apache.http.wire - http-outgoing-20 << "X-Powered-By: Express[\r][\n]"
21:53:17.887 [Test worker] DEBUG org.apache.http.wire - http-outgoing-20 << "Content-Type: application/json; charset=utf-8[\r][\n]"
21:53:17.887 [Test worker] DEBUG org.apache.http.wire - http-outgoing-20 << "Content-Length: 168[\r][\n]"
21:53:17.887 [Test worker] DEBUG org.apache.http.wire - http-outgoing-20 << "Etag: W/"a8-cRX8KSCY9nPsIIpsHtdaFB9nM8M"[\r][\n]"
21:53:17.887 [Test worker] DEBUG org.apache.http.wire - http-outgoing-20 << "Date: Sat, 18 Mar 2023 02:53:18 GMT[\r][\n]"
21:53:17.887 [Test worker] DEBUG org.apache.http.wire - http-outgoing-20 << "Via: 1.1 vegur[\r][\n]"
21:53:17.887 [Test worker] DEBUG org.apache.http.wire - http-outgoing-20 << "[\r][\n]"
21:53:17.888 [Test worker] DEBUG org.apache.http.wire - http-outgoing-20 << "{"firstname":"Jim","lastname":"Brown","totalprice":111,"depositpaid":true,"bookingdates":{"checkin":"2019-01-01","checkout":"2019-01-01"},"additionalneeds":"Breakfast"}"
21:53:17.888 [Test worker] DEBUG org.apache.http.headers - http-outgoing-20 << HTTP/1.1 200 OK
21:53:17.888 [Test worker] DEBUG org.apache.http.headers - http-outgoing-20 << Server: Cowboy
21:53:17.888 [Test worker] DEBUG org.apache.http.headers - http-outgoing-20 << Connection: keep-alive
21:53:17.888 [Test worker] DEBUG org.apache.http.headers - http-outgoing-20 << X-Powered-By: Express
21:53:17.888 [Test worker] DEBUG org.apache.http.headers - http-outgoing-20 << Content-Type: application/json; charset=utf-8
21:53:17.888 [Test worker] DEBUG org.apache.http.headers - http-outgoing-20 << Content-Length: 168
21:53:17.888 [Test worker] DEBUG org.apache.http.headers - http-outgoing-20 << Etag: W/"a8-cRX8KSCY9nPsIIpsHtdaFB9nM8M"
21:53:17.888 [Test worker] DEBUG org.apache.http.headers - http-outgoing-20 << Date: Sat, 18 Mar 2023 02:53:18 GMT
21:53:17.889 [Test worker] DEBUG org.apache.http.headers - http-outgoing-20 << Via: 1.1 vegur
21:53:17.889 [Test worker] DEBUG org.apache.http.impl.execchain.MainClientExec - Connection can be kept alive indefinitely
21:53:17.889 [Test worker] DEBUG org.apache.http.impl.conn.PoolingHttpClientConnectionManager - Connection [id: 20][route: {s}->https://restful-booker.herokuapp.com:443] can be kept alive indefinitely
21:53:17.889 [Test worker] DEBUG org.apache.http.impl.conn.DefaultManagedHttpClientConnection - http-outgoing-20: set socket timeout to 0
21:53:17.889 [Test worker] DEBUG org.apache.http.impl.conn.PoolingHttpClientConnectionManager - Connection released: [id: 20][route: {s}->https://restful-booker.herokuapp.com:443][total available: 1; route allocated: 1 of 5; total allocated: 1 of 10]
21:53:17.889 [Test worker] DEBUG com.intuit.karate - response time in milliseconds: 311
2 < 200
2 < Server: Cowboy
2 < Connection: keep-alive
2 < X-Powered-By: Express
2 < Content-Type: application/json; charset=utf-8
2 < Content-Length: 168
2 < Etag: W/"a8-cRX8KSCY9nPsIIpsHtdaFB9nM8M"
2 < Date: Sat, 18 Mar 2023 02:53:18 GMT
2 < Via: 1.1 vegur
{"firstname":"Jim","lastname":"Brown","totalprice":111,"depositpaid":true,"bookingdates":{"checkin":"2019-01-01","checkout":"2019-01-01"},"additionalneeds":"Breakfast"}

21:53:17.890 [Test worker] INFO com.intuit.karate - [print] {
  "firstname": "Jim",
  "lastname": "Brown",
  "totalprice": 111,
  "depositpaid": true,
  "bookingdates": {
    "checkin": "2019-01-01",
    "checkout": "2019-01-01"
  },
  "additionalneeds": "Breakfast"
}
 
21:53:17.891 [Test worker] DEBUG com.jayway.jsonpath.internal.path.CompiledPath - Evaluating path: $
21:53:17.906 [Test worker] DEBUG com.jayway.jsonpath.internal.path.CompiledPath - Evaluating path: $
21:53:17.912 [Test worker] DEBUG org.apache.http.client.protocol.RequestAddCookies - CookieSpec selected: karate
21:53:17.912 [Test worker] DEBUG org.apache.http.client.protocol.RequestAuthCache - Auth cache not set in the context
21:53:17.912 [Test worker] DEBUG com.intuit.karate - request:
1 > PUT https://restful-booker.herokuapp.com/booking/1
1 > Content-Type: application/json; charset=UTF-8
1 > Accept: application/json
1 > Cookie: token=
1 > Content-Length: 170
1 > Host: restful-booker.herokuapp.com
1 > Connection: Keep-Alive
1 > User-Agent: Apache-HttpClient/4.5.13 (Java/11.0.8)
1 > Accept-Encoding: gzip,deflate
{"firstname":"Jim","lastname":"Brown","totalprice":111,"depositpaid":"true","bookingdates":{"checkin":"2019-01-01","checkout":"2019-01-01"},"additionalneeds":"Breakfast"}

21:53:17.912 [Test worker] DEBUG org.apache.http.impl.conn.PoolingHttpClientConnectionManager - Connection request: [route: {s}->https://restful-booker.herokuapp.com:443][total available: 0; route allocated: 0 of 5; total allocated: 0 of 10]
21:53:17.913 [Test worker] DEBUG org.apache.http.impl.conn.PoolingHttpClientConnectionManager - Connection leased: [id: 21][route: {s}->https://restful-booker.herokuapp.com:443][total available: 0; route allocated: 1 of 5; total allocated: 1 of 10]
21:53:17.913 [Test worker] DEBUG org.apache.http.impl.execchain.MainClientExec - Opening connection {s}->https://restful-booker.herokuapp.com:443
21:53:17.913 [Test worker] DEBUG org.apache.http.impl.conn.DefaultHttpClientConnectionOperator - Connecting to restful-booker.herokuapp.com/3.209.172.72:443
21:53:17.913 [Test worker] DEBUG org.apache.http.conn.ssl.LenientSslConnectionSocketFactory - Connecting socket to restful-booker.herokuapp.com/3.209.172.72:443 with timeout 15000
21:53:17.989 [Test worker] DEBUG org.apache.http.conn.ssl.LenientSslConnectionSocketFactory - Enabled protocols: [TLSv1.3, TLSv1.2, TLSv1.1, TLSv1]
21:53:17.989 [Test worker] DEBUG org.apache.http.conn.ssl.LenientSslConnectionSocketFactory - Enabled cipher suites:[TLS_AES_128_GCM_SHA256, TLS_AES_256_GCM_SHA384, TLS_ECDHE_ECDSA_WITH_AES_256_GCM_SHA384, TLS_ECDHE_ECDSA_WITH_AES_128_GCM_SHA256, TLS_ECDHE_RSA_WITH_AES_256_GCM_SHA384, TLS_RSA_WITH_AES_256_GCM_SHA384, TLS_ECDH_ECDSA_WITH_AES_256_GCM_SHA384, TLS_ECDH_RSA_WITH_AES_256_GCM_SHA384, TLS_DHE_RSA_WITH_AES_256_GCM_SHA384, TLS_DHE_DSS_WITH_AES_256_GCM_SHA384, TLS_ECDHE_RSA_WITH_AES_128_GCM_SHA256, TLS_RSA_WITH_AES_128_GCM_SHA256, TLS_ECDH_ECDSA_WITH_AES_128_GCM_SHA256, TLS_ECDH_RSA_WITH_AES_128_GCM_SHA256, TLS_DHE_RSA_WITH_AES_128_GCM_SHA256, TLS_DHE_DSS_WITH_AES_128_GCM_SHA256, TLS_ECDHE_ECDSA_WITH_AES_256_CBC_SHA384, TLS_ECDHE_RSA_WITH_AES_256_CBC_SHA384, TLS_RSA_WITH_AES_256_CBC_SHA256, TLS_ECDH_ECDSA_WITH_AES_256_CBC_SHA384, TLS_ECDH_RSA_WITH_AES_256_CBC_SHA384, TLS_DHE_RSA_WITH_AES_256_CBC_SHA256, TLS_DHE_DSS_WITH_AES_256_CBC_SHA256, TLS_ECDHE_ECDSA_WITH_AES_256_CBC_SHA, TLS_ECDHE_RSA_WITH_AES_256_CBC_SHA, TLS_RSA_WITH_AES_256_CBC_SHA, TLS_ECDH_ECDSA_WITH_AES_256_CBC_SHA, TLS_ECDH_RSA_WITH_AES_256_CBC_SHA, TLS_DHE_RSA_WITH_AES_256_CBC_SHA, TLS_DHE_DSS_WITH_AES_256_CBC_SHA, TLS_ECDHE_ECDSA_WITH_AES_128_CBC_SHA256, TLS_ECDHE_RSA_WITH_AES_128_CBC_SHA256, TLS_RSA_WITH_AES_128_CBC_SHA256, TLS_ECDH_ECDSA_WITH_AES_128_CBC_SHA256, TLS_ECDH_RSA_WITH_AES_128_CBC_SHA256, TLS_DHE_RSA_WITH_AES_128_CBC_SHA256, TLS_DHE_DSS_WITH_AES_128_CBC_SHA256, TLS_ECDHE_ECDSA_WITH_AES_128_CBC_SHA, TLS_ECDHE_RSA_WITH_AES_128_CBC_SHA, TLS_RSA_WITH_AES_128_CBC_SHA, TLS_ECDH_ECDSA_WITH_AES_128_CBC_SHA, TLS_ECDH_RSA_WITH_AES_128_CBC_SHA, TLS_DHE_RSA_WITH_AES_128_CBC_SHA, TLS_DHE_DSS_WITH_AES_128_CBC_SHA, TLS_EMPTY_RENEGOTIATION_INFO_SCSV]
21:53:17.989 [Test worker] DEBUG org.apache.http.conn.ssl.LenientSslConnectionSocketFactory - Starting handshake
21:53:18.155 [Test worker] DEBUG org.apache.http.conn.ssl.LenientSslConnectionSocketFactory - Secure session established
21:53:18.155 [Test worker] DEBUG org.apache.http.conn.ssl.LenientSslConnectionSocketFactory -  negotiated protocol: TLSv1.2
21:53:18.155 [Test worker] DEBUG org.apache.http.conn.ssl.LenientSslConnectionSocketFactory -  negotiated cipher suite: TLS_ECDHE_RSA_WITH_AES_128_GCM_SHA256
21:53:18.155 [Test worker] DEBUG org.apache.http.conn.ssl.LenientSslConnectionSocketFactory -  peer principal: CN=*.herokuapp.com
21:53:18.155 [Test worker] DEBUG org.apache.http.conn.ssl.LenientSslConnectionSocketFactory -  peer alternative names: [*.herokuapp.com]
21:53:18.155 [Test worker] DEBUG org.apache.http.conn.ssl.LenientSslConnectionSocketFactory -  issuer principal: CN=Amazon RSA 2048 M02, O=Amazon, C=US
21:53:18.156 [Test worker] DEBUG org.apache.http.impl.conn.DefaultHttpClientConnectionOperator - Connection established 192.168.20.32:51616<->3.209.172.72:443
21:53:18.156 [Test worker] DEBUG org.apache.http.impl.conn.DefaultManagedHttpClientConnection - http-outgoing-21: set socket timeout to 15000
21:53:18.156 [Test worker] DEBUG org.apache.http.impl.execchain.MainClientExec - Executing request PUT /booking/1 HTTP/1.1
21:53:18.156 [Test worker] DEBUG org.apache.http.impl.execchain.MainClientExec - Target auth state: UNCHALLENGED
21:53:18.156 [Test worker] DEBUG org.apache.http.impl.execchain.MainClientExec - Proxy auth state: UNCHALLENGED
21:53:18.156 [Test worker] DEBUG org.apache.http.headers - http-outgoing-21 >> PUT /booking/1 HTTP/1.1
21:53:18.156 [Test worker] DEBUG org.apache.http.headers - http-outgoing-21 >> Content-Type: application/json; charset=UTF-8
21:53:18.156 [Test worker] DEBUG org.apache.http.headers - http-outgoing-21 >> Accept: application/json
21:53:18.156 [Test worker] DEBUG org.apache.http.headers - http-outgoing-21 >> Cookie: token=
21:53:18.156 [Test worker] DEBUG org.apache.http.headers - http-outgoing-21 >> Content-Length: 170
21:53:18.156 [Test worker] DEBUG org.apache.http.headers - http-outgoing-21 >> Host: restful-booker.herokuapp.com
21:53:18.156 [Test worker] DEBUG org.apache.http.headers - http-outgoing-21 >> Connection: Keep-Alive
21:53:18.156 [Test worker] DEBUG org.apache.http.headers - http-outgoing-21 >> User-Agent: Apache-HttpClient/4.5.13 (Java/11.0.8)
21:53:18.156 [Test worker] DEBUG org.apache.http.headers - http-outgoing-21 >> Accept-Encoding: gzip,deflate
21:53:18.156 [Test worker] DEBUG org.apache.http.wire - http-outgoing-21 >> "PUT /booking/1 HTTP/1.1[\r][\n]"
21:53:18.156 [Test worker] DEBUG org.apache.http.wire - http-outgoing-21 >> "Content-Type: application/json; charset=UTF-8[\r][\n]"
21:53:18.156 [Test worker] DEBUG org.apache.http.wire - http-outgoing-21 >> "Accept: application/json[\r][\n]"
21:53:18.156 [Test worker] DEBUG org.apache.http.wire - http-outgoing-21 >> "Cookie: token=[\r][\n]"
21:53:18.156 [Test worker] DEBUG org.apache.http.wire - http-outgoing-21 >> "Content-Length: 170[\r][\n]"
21:53:18.156 [Test worker] DEBUG org.apache.http.wire - http-outgoing-21 >> "Host: restful-booker.herokuapp.com[\r][\n]"
21:53:18.156 [Test worker] DEBUG org.apache.http.wire - http-outgoing-21 >> "Connection: Keep-Alive[\r][\n]"
21:53:18.156 [Test worker] DEBUG org.apache.http.wire - http-outgoing-21 >> "User-Agent: Apache-HttpClient/4.5.13 (Java/11.0.8)[\r][\n]"
21:53:18.156 [Test worker] DEBUG org.apache.http.wire - http-outgoing-21 >> "Accept-Encoding: gzip,deflate[\r][\n]"
21:53:18.156 [Test worker] DEBUG org.apache.http.wire - http-outgoing-21 >> "[\r][\n]"
21:53:18.156 [Test worker] DEBUG org.apache.http.wire - http-outgoing-21 >> "{"firstname":"Jim","lastname":"Brown","totalprice":111,"depositpaid":"true","bookingdates":{"checkin":"2019-01-01","checkout":"2019-01-01"},"additionalneeds":"Breakfast"}"
21:53:18.235 [Test worker] DEBUG org.apache.http.wire - http-outgoing-21 << "HTTP/1.1 403 Forbidden[\r][\n]"
21:53:18.235 [Test worker] DEBUG org.apache.http.wire - http-outgoing-21 << "Server: Cowboy[\r][\n]"
21:53:18.235 [Test worker] DEBUG org.apache.http.wire - http-outgoing-21 << "Connection: keep-alive[\r][\n]"
21:53:18.235 [Test worker] DEBUG org.apache.http.wire - http-outgoing-21 << "X-Powered-By: Express[\r][\n]"
21:53:18.235 [Test worker] DEBUG org.apache.http.wire - http-outgoing-21 << "Content-Type: text/plain; charset=utf-8[\r][\n]"
21:53:18.235 [Test worker] DEBUG org.apache.http.wire - http-outgoing-21 << "Content-Length: 9[\r][\n]"
21:53:18.235 [Test worker] DEBUG org.apache.http.wire - http-outgoing-21 << "Etag: W/"9-PatfYBLj4Um1qTm5zrukoLhNyPU"[\r][\n]"
21:53:18.235 [Test worker] DEBUG org.apache.http.wire - http-outgoing-21 << "Date: Sat, 18 Mar 2023 02:53:18 GMT[\r][\n]"
21:53:18.235 [Test worker] DEBUG org.apache.http.wire - http-outgoing-21 << "Via: 1.1 vegur[\r][\n]"
21:53:18.235 [Test worker] DEBUG org.apache.http.wire - http-outgoing-21 << "[\r][\n]"
21:53:18.235 [Test worker] DEBUG org.apache.http.wire - http-outgoing-21 << "Forbidden"
21:53:18.235 [Test worker] DEBUG org.apache.http.headers - http-outgoing-21 << HTTP/1.1 403 Forbidden
21:53:18.235 [Test worker] DEBUG org.apache.http.headers - http-outgoing-21 << Server: Cowboy
21:53:18.235 [Test worker] DEBUG org.apache.http.headers - http-outgoing-21 << Connection: keep-alive
21:53:18.235 [Test worker] DEBUG org.apache.http.headers - http-outgoing-21 << X-Powered-By: Express
21:53:18.235 [Test worker] DEBUG org.apache.http.headers - http-outgoing-21 << Content-Type: text/plain; charset=utf-8
21:53:18.235 [Test worker] DEBUG org.apache.http.headers - http-outgoing-21 << Content-Length: 9
21:53:18.235 [Test worker] DEBUG org.apache.http.headers - http-outgoing-21 << Etag: W/"9-PatfYBLj4Um1qTm5zrukoLhNyPU"
21:53:18.235 [Test worker] DEBUG org.apache.http.headers - http-outgoing-21 << Date: Sat, 18 Mar 2023 02:53:18 GMT
21:53:18.235 [Test worker] DEBUG org.apache.http.headers - http-outgoing-21 << Via: 1.1 vegur
21:53:18.235 [Test worker] DEBUG org.apache.http.impl.execchain.MainClientExec - Connection can be kept alive indefinitely
21:53:18.235 [Test worker] DEBUG org.apache.http.impl.conn.PoolingHttpClientConnectionManager - Connection [id: 21][route: {s}->https://restful-booker.herokuapp.com:443] can be kept alive indefinitely
21:53:18.235 [Test worker] DEBUG org.apache.http.impl.conn.DefaultManagedHttpClientConnection - http-outgoing-21: set socket timeout to 0
21:53:18.236 [Test worker] DEBUG org.apache.http.impl.conn.PoolingHttpClientConnectionManager - Connection released: [id: 21][route: {s}->https://restful-booker.herokuapp.com:443][total available: 1; route allocated: 1 of 5; total allocated: 1 of 10]
21:53:18.236 [Test worker] DEBUG com.intuit.karate - response time in milliseconds: 324
1 < 403
1 < Server: Cowboy
1 < Connection: keep-alive
1 < X-Powered-By: Express
1 < Content-Type: text/plain; charset=utf-8
1 < Content-Length: 9
1 < Etag: W/"9-PatfYBLj4Um1qTm5zrukoLhNyPU"
1 < Date: Sat, 18 Mar 2023 02:53:18 GMT
1 < Via: 1.1 vegur
Forbidden

21:53:18.237 [Test worker] INFO com.intuit.karate - [print] Forbidden 
21:53:18.243 [Test worker] DEBUG com.jayway.jsonpath.internal.path.CompiledPath - Evaluating path: $
21:53:18.274 [Test worker] DEBUG com.jayway.jsonpath.internal.path.CompiledPath - Evaluating path: $
21:53:18.379 [Test worker] DEBUG org.thymeleaf.TemplateEngine - [THYMELEAF] INITIALIZING TEMPLATE ENGINE
21:53:19.206 [Finalizer] DEBUG org.apache.http.impl.conn.PoolingHttpClientConnectionManager - Connection manager is shutting down
21:53:19.206 [Finalizer] DEBUG org.apache.http.impl.conn.DefaultManagedHttpClientConnection - http-outgoing-10: Close connection
21:53:19.208 [Finalizer] DEBUG org.apache.http.impl.conn.PoolingHttpClientConnectionManager - Connection manager shut down
21:53:19.210 [Finalizer] DEBUG org.apache.http.impl.conn.PoolingHttpClientConnectionManager - Connection manager is shutting down
21:53:19.210 [Finalizer] DEBUG org.apache.http.impl.conn.DefaultManagedHttpClientConnection - http-outgoing-9: Close connection
21:53:19.211 [Finalizer] DEBUG org.apache.http.impl.conn.PoolingHttpClientConnectionManager - Connection manager shut down
21:53:19.213 [Finalizer] DEBUG org.apache.http.impl.conn.PoolingHttpClientConnectionManager - Connection manager is shutting down
21:53:19.213 [Finalizer] DEBUG org.apache.http.impl.conn.DefaultManagedHttpClientConnection - http-outgoing-12: Close connection
21:53:19.214 [Finalizer] DEBUG org.apache.http.impl.conn.PoolingHttpClientConnectionManager - Connection manager shut down
21:53:19.216 [Finalizer] DEBUG org.apache.http.impl.conn.PoolingHttpClientConnectionManager - Connection manager is shutting down
21:53:19.216 [Finalizer] DEBUG org.apache.http.impl.conn.DefaultManagedHttpClientConnection - http-outgoing-11: Close connection
21:53:19.217 [Finalizer] DEBUG org.apache.http.impl.conn.PoolingHttpClientConnectionManager - Connection manager shut down
21:53:19.219 [Finalizer] DEBUG org.apache.http.impl.conn.PoolingHttpClientConnectionManager - Connection manager is shutting down
21:53:19.219 [Finalizer] DEBUG org.apache.http.impl.conn.DefaultManagedHttpClientConnection - http-outgoing-14: Close connection
21:53:19.221 [Finalizer] DEBUG org.apache.http.impl.conn.PoolingHttpClientConnectionManager - Connection manager shut down
21:53:19.221 [Finalizer] DEBUG org.apache.http.impl.conn.PoolingHttpClientConnectionManager - Connection manager is shutting down
21:53:19.221 [Finalizer] DEBUG org.apache.http.impl.conn.DefaultManagedHttpClientConnection - http-outgoing-13: Close connection
21:53:19.221 [Finalizer] DEBUG org.apache.http.impl.conn.PoolingHttpClientConnectionManager - Connection manager shut down
21:53:19.224 [Finalizer] DEBUG org.apache.http.impl.conn.PoolingHttpClientConnectionManager - Connection manager is shutting down
21:53:19.224 [Finalizer] DEBUG org.apache.http.impl.conn.DefaultManagedHttpClientConnection - http-outgoing-16: Close connection
21:53:19.224 [Finalizer] DEBUG org.apache.http.impl.conn.PoolingHttpClientConnectionManager - Connection manager shut down
21:53:19.226 [Finalizer] DEBUG org.apache.http.impl.conn.PoolingHttpClientConnectionManager - Connection manager is shutting down
21:53:19.226 [Finalizer] DEBUG org.apache.http.impl.conn.DefaultManagedHttpClientConnection - http-outgoing-15: Close connection
21:53:19.227 [Finalizer] DEBUG org.apache.http.impl.conn.PoolingHttpClientConnectionManager - Connection manager shut down
21:53:19.228 [Finalizer] DEBUG org.apache.http.impl.conn.PoolingHttpClientConnectionManager - Connection manager is shutting down
21:53:19.229 [Finalizer] DEBUG org.apache.http.impl.conn.DefaultManagedHttpClientConnection - http-outgoing-18: Close connection
21:53:19.229 [Finalizer] DEBUG org.apache.http.impl.conn.PoolingHttpClientConnectionManager - Connection manager shut down
21:53:19.231 [Finalizer] DEBUG org.apache.http.impl.conn.PoolingHttpClientConnectionManager - Connection manager is shutting down
21:53:19.231 [Finalizer] DEBUG org.apache.http.impl.conn.DefaultManagedHttpClientConnection - http-outgoing-17: Close connection
21:53:19.231 [Finalizer] DEBUG org.apache.http.impl.conn.PoolingHttpClientConnectionManager - Connection manager shut down
21:53:19.234 [Finalizer] DEBUG org.apache.http.impl.conn.PoolingHttpClientConnectionManager - Connection manager is shutting down
21:53:19.234 [Finalizer] DEBUG org.apache.http.impl.conn.DefaultManagedHttpClientConnection - http-outgoing-21: Close connection
21:53:19.235 [Finalizer] DEBUG org.apache.http.impl.conn.PoolingHttpClientConnectionManager - Connection manager shut down
21:53:19.238 [Finalizer] DEBUG org.apache.http.impl.conn.PoolingHttpClientConnectionManager - Connection manager is shutting down
21:53:19.238 [Finalizer] DEBUG org.apache.http.impl.conn.DefaultManagedHttpClientConnection - http-outgoing-20: Close connection
21:53:19.239 [Finalizer] DEBUG org.apache.http.impl.conn.PoolingHttpClientConnectionManager - Connection manager shut down
21:53:19.239 [Finalizer] DEBUG org.apache.http.impl.conn.PoolingHttpClientConnectionManager - Connection manager is shutting down
21:53:19.240 [Finalizer] DEBUG org.apache.http.impl.conn.DefaultManagedHttpClientConnection - http-outgoing-19: Close connection
21:53:19.240 [Finalizer] DEBUG org.apache.http.impl.conn.PoolingHttpClientConnectionManager - Connection manager shut down
21:53:19.392 [Test worker] DEBUG org.thymeleaf.TemplateEngine.CONFIG - Initializing Thymeleaf Template engine configuration...
[THYMELEAF] TEMPLATE ENGINE CONFIGURATION:
[THYMELEAF] * Thymeleaf version: 3.0.14.RELEASE (built 2021-12-08T00:45:29+0000)
[THYMELEAF] * Cache Manager implementation: org.thymeleaf.cache.StandardCacheManager
[THYMELEAF] * Template resolvers:
[THYMELEAF]     * [1] com.intuit.karate.template.ResourceHtmlTemplateResolver
[THYMELEAF] * Message resolvers:
[THYMELEAF]     * org.thymeleaf.messageresolver.StandardMessageResolver
[THYMELEAF] * Link builders:
[THYMELEAF]     * org.thymeleaf.linkbuilder.StandardLinkBuilder
[THYMELEAF] * Dialect [1 of 2]: Standard (com.intuit.karate.template.KarateStandardDialect)
[THYMELEAF]     * Prefix: "th"
[THYMELEAF]     * Processors for Template Mode: HTML
[THYMELEAF]         * Element Tag Processors by [matching element and attribute name] [precedence]:
[THYMELEAF]             * [* {th:include,data-th-include}] [100]: org.thymeleaf.standard.processor.StandardIncludeTagProcessor
[THYMELEAF]             * [* {th:insert,data-th-insert}] [100]: org.thymeleaf.standard.processor.StandardInsertTagProcessor
[THYMELEAF]             * [* {th:replace,data-th-replace}] [100]: org.thymeleaf.standard.processor.StandardReplaceTagProcessor
[THYMELEAF]             * [* {th:substituteby,data-th-substituteby}] [100]: org.thymeleaf.standard.processor.StandardSubstituteByTagProcessor
[THYMELEAF]             * [* {th:each,data-th-each}] [200]: com.intuit.karate.template.KarateEachTagProcessor
[THYMELEAF]             * [* {th:switch,data-th-switch}] [250]: org.thymeleaf.standard.processor.StandardSwitchTagProcessor
[THYMELEAF]             * [* {th:case,data-th-case}] [275]: org.thymeleaf.standard.processor.StandardCaseTagProcessor
[THYMELEAF]             * [* {th:if,data-th-if}] [300]: org.thymeleaf.standard.processor.StandardIfTagProcessor
[THYMELEAF]             * [* {th:unless,data-th-unless}] [400]: org.thymeleaf.standard.processor.StandardUnlessTagProcessor
[THYMELEAF]             * [* {th:object,data-th-object}] [500]: org.thymeleaf.standard.processor.StandardObjectTagProcessor
[THYMELEAF]             * [* {th:with,data-th-with}] [600]: com.intuit.karate.template.KarateWithTagProcessor
[THYMELEAF]             * [* {th:attr,data-th-attr}] [700]: com.intuit.karate.template.KarateAttributeTagProcessor.KarateAttrTagProcessor
[THYMELEAF]             * [* {th:attrappend,data-th-attrappend}] [900]: com.intuit.karate.template.KarateAttributeTagProcessor.KarateAttrappendTagProcessor
[THYMELEAF]             * [* {th:attrprepend,data-th-attrprepend}] [900]: com.intuit.karate.template.KarateAttributeTagProcessor.KarateAttrprependTagProcessor
[THYMELEAF]             * [* {th:alt-title,data-th-alt-title}] [990]: org.thymeleaf.standard.processor.StandardAltTitleTagProcessor
[THYMELEAF]             * [* {th:lang-xmllang,data-th-lang-xmllang}] [990]: org.thymeleaf.standard.processor.StandardLangXmlLangTagProcessor
[THYMELEAF]             * [* {th:action,data-th-action}] [1000]: org.thymeleaf.standard.processor.StandardActionTagProcessor
[THYMELEAF]             * [* {th:ismap,data-th-ismap}] [1000]: org.thymeleaf.standard.processor.StandardConditionalFixedValueTagProcessor
[THYMELEAF]             * [* {th:seamless,data-th-seamless}] [1000]: org.thymeleaf.standard.processor.StandardConditionalFixedValueTagProcessor
[THYMELEAF]             * [* {th:defer,data-th-defer}] [1000]: org.thymeleaf.standard.processor.StandardConditionalFixedValueTagProcessor
[THYMELEAF]             * [* {th:multiple,data-th-multiple}] [1000]: org.thymeleaf.standard.processor.StandardConditionalFixedValueTagProcessor
[THYMELEAF]             * [* {th:checked,data-th-checked}] [1000]: org.thymeleaf.standard.processor.StandardConditionalFixedValueTagProcessor
[THYMELEAF]             * [* {th:hidden,data-th-hidden}] [1000]: org.thymeleaf.standard.processor.StandardConditionalFixedValueTagProcessor
[THYMELEAF]             * [* {th:controls,data-th-controls}] [1000]: org.thymeleaf.standard.processor.StandardConditionalFixedValueTagProcessor
[THYMELEAF]             * [* {th:selected,data-th-selected}] [1000]: org.thymeleaf.standard.processor.StandardConditionalFixedValueTagProcessor
[THYMELEAF]             * [* {th:disabled,data-th-disabled}] [1000]: org.thymeleaf.standard.processor.StandardConditionalFixedValueTagProcessor
[THYMELEAF]             * [* {th:autofocus,data-th-autofocus}] [1000]: org.thymeleaf.standard.processor.StandardConditionalFixedValueTagProcessor
[THYMELEAF]             * [* {th:novalidate,data-th-novalidate}] [1000]: org.thymeleaf.standard.processor.StandardConditionalFixedValueTagProcessor
[THYMELEAF]             * [* {th:async,data-th-async}] [1000]: org.thymeleaf.standard.processor.StandardConditionalFixedValueTagProcessor
[THYMELEAF]             * [* {th:readonly,data-th-readonly}] [1000]: org.thymeleaf.standard.processor.StandardConditionalFixedValueTagProcessor
[THYMELEAF]             * [* {th:autoplay,data-th-autoplay}] [1000]: org.thymeleaf.standard.processor.StandardConditionalFixedValueTagProcessor
[THYMELEAF]             * [* {th:default,data-th-default}] [1000]: org.thymeleaf.standard.processor.StandardConditionalFixedValueTagProcessor
[THYMELEAF]             * [* {th:nowrap,data-th-nowrap}] [1000]: org.thymeleaf.standard.processor.StandardConditionalFixedValueTagProcessor
[THYMELEAF]             * [* {th:pubdate,data-th-pubdate}] [1000]: org.thymeleaf.standard.processor.StandardConditionalFixedValueTagProcessor
[THYMELEAF]             * [* {th:formnovalidate,data-th-formnovalidate}] [1000]: org.thymeleaf.standard.processor.StandardConditionalFixedValueTagProcessor
[THYMELEAF]             * [* {th:loop,data-th-loop}] [1000]: org.thymeleaf.standard.processor.StandardConditionalFixedValueTagProcessor
[THYMELEAF]             * [* {th:open,data-th-open}] [1000]: org.thymeleaf.standard.processor.StandardConditionalFixedValueTagProcessor
[THYMELEAF]             * [* {th:reversed,data-th-reversed}] [1000]: org.thymeleaf.standard.processor.StandardConditionalFixedValueTagProcessor
[THYMELEAF]             * [* {th:declare,data-th-declare}] [1000]: org.thymeleaf.standard.processor.StandardConditionalFixedValueTagProcessor
[THYMELEAF]             * [* {th:scoped,data-th-scoped}] [1000]: org.thymeleaf.standard.processor.StandardConditionalFixedValueTagProcessor
[THYMELEAF]             * [* {th:required,data-th-required}] [1000]: org.thymeleaf.standard.processor.StandardConditionalFixedValueTagProcessor
[THYMELEAF]             * [* {th:onresize,data-th-onresize}] [1000]: org.thymeleaf.standard.processor.StandardDOMEventAttributeTagProcessor
[THYMELEAF]             * [* {th:onloadedmetadata,data-th-onloadedmetadata}] [1000]: org.thymeleaf.standard.processor.StandardDOMEventAttributeTagProcessor
[THYMELEAF]             * [* {th:onratechange,data-th-onratechange}] [1000]: org.thymeleaf.standard.processor.StandardDOMEventAttributeTagProcessor
[THYMELEAF]             * [* {th:onhashchange,data-th-onhashchange}] [1000]: org.thymeleaf.standard.processor.StandardDOMEventAttributeTagProcessor
[THYMELEAF]             * [* {th:onclick,data-th-onclick}] [1000]: org.thymeleaf.standard.processor.StandardDOMEventAttributeTagProcessor
[THYMELEAF]             * [* {th:ondrop,data-th-ondrop}] [1000]: org.thymeleaf.standard.processor.StandardDOMEventAttributeTagProcessor
[THYMELEAF]             * [* {th:ondragend,data-th-ondragend}] [1000]: org.thymeleaf.standard.processor.StandardDOMEventAttributeTagProcessor
[THYMELEAF]             * [* {th:onabort,data-th-onabort}] [1000]: org.thymeleaf.standard.processor.StandardDOMEventAttributeTagProcessor
[THYMELEAF]             * [* {th:onseeked,data-th-onseeked}] [1000]: org.thymeleaf.standard.processor.StandardDOMEventAttributeTagProcessor
[THYMELEAF]             * [* {th:onchange,data-th-onchange}] [1000]: org.thymeleaf.standard.processor.StandardDOMEventAttributeTagProcessor
[THYMELEAF]             * [* {th:ondragstart,data-th-ondragstart}] [1000]: org.thymeleaf.standard.processor.StandardDOMEventAttributeTagProcessor
[THYMELEAF]             * [* {th:ondragover,data-th-ondragover}] [1000]: org.thymeleaf.standard.processor.StandardDOMEventAttributeTagProcessor
[THYMELEAF]             * [* {th:onredo,data-th-onredo}] [1000]: org.thymeleaf.standard.processor.StandardDOMEventAttributeTagProcessor
[THYMELEAF]             * [* {th:onreset,data-th-onreset}] [1000]: org.thymeleaf.standard.processor.StandardDOMEventAttributeTagProcessor
[THYMELEAF]             * [* {th:onmouseover,data-th-onmouseover}] [1000]: org.thymeleaf.standard.processor.StandardDOMEventAttributeTagProcessor
[THYMELEAF]             * [* {th:ondurationchange,data-th-ondurationchange}] [1000]: org.thymeleaf.standard.processor.StandardDOMEventAttributeTagProcessor
[THYMELEAF]             * [* {th:onshow,data-th-onshow}] [1000]: org.thymeleaf.standard.processor.StandardDOMEventAttributeTagProcessor
[THYMELEAF]             * [* {th:onbeforeunload,data-th-onbeforeunload}] [1000]: org.thymeleaf.standard.processor.StandardDOMEventAttributeTagProcessor
[THYMELEAF]             * [* {th:onloadeddata,data-th-onloadeddata}] [1000]: org.thymeleaf.standard.processor.StandardDOMEventAttributeTagProcessor
[THYMELEAF]             * [* {th:onpopstate,data-th-onpopstate}] [1000]: org.thymeleaf.standard.processor.StandardDOMEventAttributeTagProcessor
[THYMELEAF]             * [* {th:onstorage,data-th-onstorage}] [1000]: org.thymeleaf.standard.processor.StandardDOMEventAttributeTagProcessor
[THYMELEAF]             * [* {th:onreadystatechange,data-th-onreadystatechange}] [1000]: org.thymeleaf.standard.processor.StandardDOMEventAttributeTagProcessor
[THYMELEAF]             * [* {th:onundo,data-th-onundo}] [1000]: org.thymeleaf.standard.processor.StandardDOMEventAttributeTagProcessor
[THYMELEAF]             * [* {th:onmouseout,data-th-onmouseout}] [1000]: org.thymeleaf.standard.processor.StandardDOMEventAttributeTagProcessor
[THYMELEAF]             * [* {th:onformchange,data-th-onformchange}] [1000]: org.thymeleaf.standard.processor.StandardDOMEventAttributeTagProcessor
[THYMELEAF]             * [* {th:onforminput,data-th-onforminput}] [1000]: org.thymeleaf.standard.processor.StandardDOMEventAttributeTagProcessor
[THYMELEAF]             * [* {th:onplay,data-th-onplay}] [1000]: org.thymeleaf.standard.processor.StandardDOMEventAttributeTagProcessor
[THYMELEAF]             * [* {th:ondragleave,data-th-ondragleave}] [1000]: org.thymeleaf.standard.processor.StandardDOMEventAttributeTagProcessor
[THYMELEAF]             * [* {th:onmousedown,data-th-onmousedown}] [1000]: org.thymeleaf.standard.processor.StandardDOMEventAttributeTagProcessor
[THYMELEAF]             * [* {th:oncanplay,data-th-oncanplay}] [1000]: org.thymeleaf.standard.processor.StandardDOMEventAttributeTagProcessor
[THYMELEAF]             * [* {th:onunload,data-th-onunload}] [1000]: org.thymeleaf.standard.processor.StandardDOMEventAttributeTagProcessor
[THYMELEAF]             * [* {th:onseeking,data-th-onseeking}] [1000]: org.thymeleaf.standard.processor.StandardDOMEventAttributeTagProcessor
[THYMELEAF]             * [* {th:onsuspend,data-th-onsuspend}] [1000]: org.thymeleaf.standard.processor.StandardDOMEventAttributeTagProcessor
[THYMELEAF]             * [* {th:oninvalid,data-th-oninvalid}] [1000]: org.thymeleaf.standard.processor.StandardDOMEventAttributeTagProcessor
[THYMELEAF]             * [* {th:ontimeupdate,data-th-ontimeupdate}] [1000]: org.thymeleaf.standard.processor.StandardDOMEventAttributeTagProcessor
[THYMELEAF]             * [* {th:onended,data-th-onended}] [1000]: org.thymeleaf.standard.processor.StandardDOMEventAttributeTagProcessor
[THYMELEAF]             * [* {th:ondrag,data-th-ondrag}] [1000]: org.thymeleaf.standard.processor.StandardDOMEventAttributeTagProcessor
[THYMELEAF]             * [* {th:onkeydown,data-th-onkeydown}] [1000]: org.thymeleaf.standard.processor.StandardDOMEventAttributeTagProcessor
[THYMELEAF]             * [* {th:oncanplaythrough,data-th-oncanplaythrough}] [1000]: org.thymeleaf.standard.processor.StandardDOMEventAttributeTagProcessor
[THYMELEAF]             * [* {th:onpause,data-th-onpause}] [1000]: org.thymeleaf.standard.processor.StandardDOMEventAttributeTagProcessor
[THYMELEAF]             * [* {th:onkeypress,data-th-onkeypress}] [1000]: org.thymeleaf.standard.processor.StandardDOMEventAttributeTagProcessor
[THYMELEAF]             * [* {th:onwaiting,data-th-onwaiting}] [1000]: org.thymeleaf.standard.processor.StandardDOMEventAttributeTagProcessor
[THYMELEAF]             * [* {th:ondblclick,data-th-ondblclick}] [1000]: org.thymeleaf.standard.processor.StandardDOMEventAttributeTagProcessor
[THYMELEAF]             * [* {th:oncontextmenu,data-th-oncontextmenu}] [1000]: org.thymeleaf.standard.processor.StandardDOMEventAttributeTagProcessor
[THYMELEAF]             * [* {th:onmousewheel,data-th-onmousewheel}] [1000]: org.thymeleaf.standard.processor.StandardDOMEventAttributeTagProcessor
[THYMELEAF]             * [* {th:onloadstart,data-th-onloadstart}] [1000]: org.thymeleaf.standard.processor.StandardDOMEventAttributeTagProcessor
[THYMELEAF]             * [* {th:onselect,data-th-onselect}] [1000]: org.thymeleaf.standard.processor.StandardDOMEventAttributeTagProcessor
[THYMELEAF]             * [* {th:onload,data-th-onload}] [1000]: org.thymeleaf.standard.processor.StandardDOMEventAttributeTagProcessor
[THYMELEAF]             * [* {th:onmouseup,data-th-onmouseup}] [1000]: org.thymeleaf.standard.processor.StandardDOMEventAttributeTagProcessor
[THYMELEAF]             * [* {th:onprogress,data-th-onprogress}] [1000]: org.thymeleaf.standard.processor.StandardDOMEventAttributeTagProcessor
[THYMELEAF]             * [* {th:onplaying,data-th-onplaying}] [1000]: org.thymeleaf.standard.processor.StandardDOMEventAttributeTagProcessor
[THYMELEAF]             * [* {th:onkeyup,data-th-onkeyup}] [1000]: org.thymeleaf.standard.processor.StandardDOMEventAttributeTagProcessor
[THYMELEAF]             * [* {th:oninput,data-th-oninput}] [1000]: org.thymeleaf.standard.processor.StandardDOMEventAttributeTagProcessor
[THYMELEAF]             * [* {th:onblur,data-th-onblur}] [1000]: org.thymeleaf.standard.processor.StandardDOMEventAttributeTagProcessor
[THYMELEAF]             * [* {th:onsubmit,data-th-onsubmit}] [1000]: org.thymeleaf.standard.processor.StandardDOMEventAttributeTagProcessor
[THYMELEAF]             * [* {th:onmousemove,data-th-onmousemove}] [1000]: org.thymeleaf.standard.processor.StandardDOMEventAttributeTagProcessor
[THYMELEAF]             * [* {th:onvolumechange,data-th-onvolumechange}] [1000]: org.thymeleaf.standard.processor.StandardDOMEventAttributeTagProcessor
[THYMELEAF]             * [* {th:ondragenter,data-th-ondragenter}] [1000]: org.thymeleaf.standard.processor.StandardDOMEventAttributeTagProcessor
[THYMELEAF]             * [* {th:onfocus,data-th-onfocus}] [1000]: org.thymeleaf.standard.processor.StandardDOMEventAttributeTagProcessor
[THYMELEAF]             * [* {th:onerror,data-th-onerror}] [1000]: org.thymeleaf.standard.processor.StandardDOMEventAttributeTagProcessor
[THYMELEAF]             * [* {th:onstalled,data-th-onstalled}] [1000]: org.thymeleaf.standard.processor.StandardDOMEventAttributeTagProcessor
[THYMELEAF]             * [* {th:onemptied,data-th-onemptied}] [1000]: org.thymeleaf.standard.processor.StandardDOMEventAttributeTagProcessor
[THYMELEAF]             * [* {th:ononline,data-th-ononline}] [1000]: org.thymeleaf.standard.processor.StandardDOMEventAttributeTagProcessor
[THYMELEAF]             * [* {th:onafterprint,data-th-onafterprint}] [1000]: org.thymeleaf.standard.processor.StandardDOMEventAttributeTagProcessor
[THYMELEAF]             * [* {th:onoffline,data-th-onoffline}] [1000]: org.thymeleaf.standard.processor.StandardDOMEventAttributeTagProcessor
[THYMELEAF]             * [* {th:onbeforeprint,data-th-onbeforeprint}] [1000]: org.thymeleaf.standard.processor.StandardDOMEventAttributeTagProcessor
[THYMELEAF]             * [* {th:onscroll,data-th-onscroll}] [1000]: org.thymeleaf.standard.processor.StandardDOMEventAttributeTagProcessor
[THYMELEAF]             * [* {th:onmessage,data-th-onmessage}] [1000]: org.thymeleaf.standard.processor.StandardDOMEventAttributeTagProcessor
[THYMELEAF]             * [* {th:href,data-th-href}] [1000]: org.thymeleaf.standard.processor.StandardHrefTagProcessor
[THYMELEAF]             * [* {th:inline,data-th-inline}] [1000]: org.thymeleaf.standard.processor.StandardInlineHTMLTagProcessor
[THYMELEAF]             * [* {th:method,data-th-method}] [1000]: org.thymeleaf.standard.processor.StandardMethodTagProcessor
[THYMELEAF]             * [* {th:name,data-th-name}] [1000]: org.thymeleaf.standard.processor.StandardNonRemovableAttributeTagProcessor
[THYMELEAF]             * [* {th:type,data-th-type}] [1000]: org.thymeleaf.standard.processor.StandardNonRemovableAttributeTagProcessor
[THYMELEAF]             * [* {th:longdesc,data-th-longdesc}] [1000]: org.thymeleaf.standard.processor.StandardRemovableAttributeTagProcessor
[THYMELEAF]             * [* {th:cols,data-th-cols}] [1000]: org.thymeleaf.standard.processor.StandardRemovableAttributeTagProcessor
[THYMELEAF]             * [* {th:standby,data-th-standby}] [1000]: org.thymeleaf.standard.processor.StandardRemovableAttributeTagProcessor
[THYMELEAF]             * [* {th:rules,data-th-rules}] [1000]: org.thymeleaf.standard.processor.StandardRemovableAttributeTagProcessor
[THYMELEAF]             * [* {th:alt,data-th-alt}] [1000]: org.thymeleaf.standard.processor.StandardRemovableAttributeTagProcessor
[THYMELEAF]             * [* {th:cite,data-th-cite}] [1000]: org.thymeleaf.standard.processor.StandardRemovableAttributeTagProcessor
[THYMELEAF]             * [* {th:audio,data-th-audio}] [1000]: org.thymeleaf.standard.processor.StandardRemovableAttributeTagProcessor
[THYMELEAF]             * [* {th:low,data-th-low}] [1000]: org.thymeleaf.standard.processor.StandardRemovableAttributeTagProcessor
[THYMELEAF]             * [* {th:data,data-th-data}] [1000]: org.thymeleaf.standard.processor.StandardRemovableAttributeTagProcessor
[THYMELEAF]             * [* {th:sandbox,data-th-sandbox}] [1000]: org.thymeleaf.standard.processor.StandardRemovableAttributeTagProcessor
[THYMELEAF]             * [* {th:height,data-th-height}] [1000]: org.thymeleaf.standard.processor.StandardRemovableAttributeTagProcessor
[THYMELEAF]             * [* {th:cellspacing,data-th-cellspacing}] [1000]: org.thymeleaf.standard.processor.StandardRemovableAttributeTagProcessor
[THYMELEAF]             * [* {th:size,data-th-size}] [1000]: org.thymeleaf.standard.processor.StandardRemovableAttributeTagProcessor
[THYMELEAF]             * [* {th:codetype,data-th-codetype}] [1000]: org.thymeleaf.standard.processor.StandardRemovableAttributeTagProcessor
[THYMELEAF]             * [* {th:media,data-th-media}] [1000]: org.thymeleaf.standard.processor.StandardRemovableAttributeTagProcessor
[THYMELEAF]             * [* {th:preload,data-th-preload}] [1000]: org.thymeleaf.standard.processor.StandardRemovableAttributeTagProcessor
[THYMELEAF]             * [* {th:title,data-th-title}] [1000]: org.thymeleaf.standard.processor.StandardRemovableAttributeTagProcessor
[THYMELEAF]             * [* {th:spellcheck,data-th-spellcheck}] [1000]: org.thymeleaf.standard.processor.StandardRemovableAttributeTagProcessor
[THYMELEAF]             * [* {th:span,data-th-span}] [1000]: org.thymeleaf.standard.processor.StandardRemovableAttributeTagProcessor
[THYMELEAF]             * [* {th:archive,data-th-archive}] [1000]: org.thymeleaf.standard.processor.StandardRemovableAttributeTagProcessor
[THYMELEAF]             * [* {th:style,data-th-style}] [1000]: org.thymeleaf.standard.processor.StandardRemovableAttributeTagProcessor
[THYMELEAF]             * [* {th:dropzone,data-th-dropzone}] [1000]: org.thymeleaf.standard.processor.StandardRemovableAttributeTagProcessor
[THYMELEAF]             * [* {th:border,data-th-border}] [1000]: org.thymeleaf.standard.processor.StandardRemovableAttributeTagProcessor
[THYMELEAF]             * [* {th:draggable,data-th-draggable}] [1000]: org.thymeleaf.standard.processor.StandardRemovableAttributeTagProcessor
[THYMELEAF]             * [* {th:icon,data-th-icon}] [1000]: org.thymeleaf.standard.processor.StandardRemovableAttributeTagProcessor
[THYMELEAF]             * [* {th:autocomplete,data-th-autocomplete}] [1000]: org.thymeleaf.standard.processor.StandardRemovableAttributeTagProcessor
[THYMELEAF]             * [* {th:lang,data-th-lang}] [1000]: org.thymeleaf.standard.processor.StandardRemovableAttributeTagProcessor
[THYMELEAF]             * [* {th:accept-charset,data-th-accept-charset}] [1000]: org.thymeleaf.standard.processor.StandardRemovableAttributeTagProcessor
[THYMELEAF]             * [* {th:rowspan,data-th-rowspan}] [1000]: org.thymeleaf.standard.processor.StandardRemovableAttributeTagProcessor
[THYMELEAF]             * [* {th:content,data-th-content}] [1000]: org.thymeleaf.standard.processor.StandardRemovableAttributeTagProcessor
[THYMELEAF]             * [* {th:formtarget,data-th-formtarget}] [1000]: org.thymeleaf.standard.processor.StandardRemovableAttributeTagProcessor
[THYMELEAF]             * [* {th:class,data-th-class}] [1000]: org.thymeleaf.standard.processor.StandardRemovableAttributeTagProcessor
[THYMELEAF]             * [* {th:classid,data-th-classid}] [1000]: org.thymeleaf.standard.processor.StandardRemovableAttributeTagProcessor
[THYMELEAF]             * [* {th:rev,data-th-rev}] [1000]: org.thymeleaf.standard.processor.StandardRemovableAttributeTagProcessor
[THYMELEAF]             * [* {th:align,data-th-align}] [1000]: org.thymeleaf.standard.processor.StandardRemovableAttributeTagProcessor
[THYMELEAF]             * [* {th:kind,data-th-kind}] [1000]: org.thymeleaf.standard.processor.StandardRemovableAttributeTagProcessor
[THYMELEAF]             * [* {th:marginwidth,data-th-marginwidth}] [1000]: org.thymeleaf.standard.processor.StandardRemovableAttributeTagProcessor
[THYMELEAF]             * [* {th:high,data-th-high}] [1000]: org.thymeleaf.standard.processor.StandardRemovableAttributeTagProcessor
[THYMELEAF]             * [* {th:id,data-th-id}] [1000]: org.thymeleaf.standard.processor.StandardRemovableAttributeTagProcessor
[THYMELEAF]             * [* {th:placeholder,data-th-placeholder}] [1000]: org.thymeleaf.standard.processor.StandardRemovableAttributeTagProcessor
[THYMELEAF]             * [* {th:challenge,data-th-challenge}] [1000]: org.thymeleaf.standard.processor.StandardRemovableAttributeTagProcessor
[THYMELEAF]             * [* {th:hreflang,data-th-hreflang}] [1000]: org.thymeleaf.standard.processor.StandardRemovableAttributeTagProcessor
[THYMELEAF]             * [* {th:accept,data-th-accept}] [1000]: org.thymeleaf.standard.processor.StandardRemovableAttributeTagProcessor
[THYMELEAF]             * [* {th:marginheight,data-th-marginheight}] [1000]: org.thymeleaf.standard.processor.StandardRemovableAttributeTagProcessor
[THYMELEAF]             * [* {th:wrap,data-th-wrap}] [1000]: org.thymeleaf.standard.processor.StandardRemovableAttributeTagProcessor
[THYMELEAF]             * [* {th:codebase,data-th-codebase}] [1000]: org.thymeleaf.standard.processor.StandardRemovableAttributeTagProcessor
[THYMELEAF]             * [* {th:summary,data-th-summary}] [1000]: org.thymeleaf.standard.processor.StandardRemovableAttributeTagProcessor
[THYMELEAF]             * [* {th:formaction,data-th-formaction}] [1000]: org.thymeleaf.standard.processor.StandardRemovableAttributeTagProcessor
[THYMELEAF]             * [* {th:scheme,data-th-scheme}] [1000]: org.thymeleaf.standard.processor.StandardRemovableAttributeTagProcessor
[THYMELEAF]             * [* {th:compact,data-th-compact}] [1000]: org.thymeleaf.standard.processor.StandardRemovableAttributeTagProcessor
[THYMELEAF]             * [* {th:colspan,data-th-colspan}] [1000]: org.thymeleaf.standard.processor.StandardRemovableAttributeTagProcessor
[THYMELEAF]             * [* {th:accesskey,data-th-accesskey}] [1000]: org.thymeleaf.standard.processor.StandardRemovableAttributeTagProcessor
[THYMELEAF]             * [* {th:rows,data-th-rows}] [1000]: org.thymeleaf.standard.processor.StandardRemovableAttributeTagProcessor
[THYMELEAF]             * [* {th:optimum,data-th-optimum}] [1000]: org.thymeleaf.standard.processor.StandardRemovableAttributeTagProcessor
[THYMELEAF]             * [* {th:valuetype,data-th-valuetype}] [1000]: org.thymeleaf.standard.processor.StandardRemovableAttributeTagProcessor
[THYMELEAF]             * [* {th:datetime,data-th-datetime}] [1000]: org.thymeleaf.standard.processor.StandardRemovableAttributeTagProcessor
[THYMELEAF]             * [* {th:start,data-th-start}] [1000]: org.thymeleaf.standard.processor.StandardRemovableAttributeTagProcessor
[THYMELEAF]             * [* {th:keytype,data-th-keytype}] [1000]: org.thymeleaf.standard.processor.StandardRemovableAttributeTagProcessor
[THYMELEAF]             * [* {th:bgcolor,data-th-bgcolor}] [1000]: org.thymeleaf.standard.processor.StandardRemovableAttributeTagProcessor
[THYMELEAF]             * [* {th:abbr,data-th-abbr}] [1000]: org.thymeleaf.standard.processor.StandardRemovableAttributeTagProcessor
[THYMELEAF]             * [* {th:rel,data-th-rel}] [1000]: org.thymeleaf.standard.processor.StandardRemovableAttributeTagProcessor
[THYMELEAF]             * [* {th:axis,data-th-axis}] [1000]: org.thymeleaf.standard.processor.StandardRemovableAttributeTagProcessor
[THYMELEAF]             * [* {th:manifest,data-th-manifest}] [1000]: org.thymeleaf.standard.processor.StandardRemovableAttributeTagProcessor
[THYMELEAF]             * [* {th:scrolling,data-th-scrolling}] [1000]: org.thymeleaf.standard.processor.StandardRemovableAttributeTagProcessor
[THYMELEAF]             * [* {th:radiogroup,data-th-radiogroup}] [1000]: org.thymeleaf.standard.processor.StandardRemovableAttributeTagProcessor
[THYMELEAF]             * [* {th:pattern,data-th-pattern}] [1000]: org.thymeleaf.standard.processor.StandardRemovableAttributeTagProcessor
[THYMELEAF]             * [* {th:for,data-th-for}] [1000]: org.thymeleaf.standard.processor.StandardRemovableAttributeTagProcessor
[THYMELEAF]             * [* {th:vspace,data-th-vspace}] [1000]: org.thymeleaf.standard.processor.StandardRemovableAttributeTagProcessor
[THYMELEAF]             * [* {th:usemap,data-th-usemap}] [1000]: org.thymeleaf.standard.processor.StandardRemovableAttributeTagProcessor
[THYMELEAF]             * [* {th:poster,data-th-poster}] [1000]: org.thymeleaf.standard.processor.StandardRemovableAttributeTagProcessor
[THYMELEAF]             * [* {th:contextmenu,data-th-contextmenu}] [1000]: org.thymeleaf.standard.processor.StandardRemovableAttributeTagProcessor
[THYMELEAF]             * [* {th:formenctype,data-th-formenctype}] [1000]: org.thymeleaf.standard.processor.StandardRemovableAttributeTagProcessor
[THYMELEAF]             * [* {th:tabindex,data-th-tabindex}] [1000]: org.thymeleaf.standard.processor.StandardRemovableAttributeTagProcessor
[THYMELEAF]             * [* {th:maxlength,data-th-maxlength}] [1000]: org.thymeleaf.standard.processor.StandardRemovableAttributeTagProcessor
[THYMELEAF]             * [* {th:scope,data-th-scope}] [1000]: org.thymeleaf.standard.processor.StandardRemovableAttributeTagProcessor
[THYMELEAF]             * [* {th:form,data-th-form}] [1000]: org.thymeleaf.standard.processor.StandardRemovableAttributeTagProcessor
[THYMELEAF]             * [* {th:frame,data-th-frame}] [1000]: org.thymeleaf.standard.processor.StandardRemovableAttributeTagProcessor
[THYMELEAF]             * [* {th:dir,data-th-dir}] [1000]: org.thymeleaf.standard.processor.StandardRemovableAttributeTagProcessor
[THYMELEAF]             * [* {th:formmethod,data-th-formmethod}] [1000]: org.thymeleaf.standard.processor.StandardRemovableAttributeTagProcessor
[THYMELEAF]             * [* {th:target,data-th-target}] [1000]: org.thymeleaf.standard.processor.StandardRemovableAttributeTagProcessor
[THYMELEAF]             * [* {th:hspace,data-th-hspace}] [1000]: org.thymeleaf.standard.processor.StandardRemovableAttributeTagProcessor
[THYMELEAF]             * [* {th:step,data-th-step}] [1000]: org.thymeleaf.standard.processor.StandardRemovableAttributeTagProcessor
[THYMELEAF]             * [* {th:label,data-th-label}] [1000]: org.thymeleaf.standard.processor.StandardRemovableAttributeTagProcessor
[THYMELEAF]             * [* {th:min,data-th-min}] [1000]: org.thymeleaf.standard.processor.StandardRemovableAttributeTagProcessor
[THYMELEAF]             * [* {th:max,data-th-max}] [1000]: org.thymeleaf.standard.processor.StandardRemovableAttributeTagProcessor
[THYMELEAF]             * [* {th:http-equiv,data-th-http-equiv}] [1000]: org.thymeleaf.standard.processor.StandardRemovableAttributeTagProcessor
[THYMELEAF]             * [* {th:list,data-th-list}] [1000]: org.thymeleaf.standard.processor.StandardRemovableAttributeTagProcessor
[THYMELEAF]             * [* {th:frameborder,data-th-frameborder}] [1000]: org.thymeleaf.standard.processor.StandardRemovableAttributeTagProcessor
[THYMELEAF]             * [* {th:sizes,data-th-sizes}] [1000]: org.thymeleaf.standard.processor.StandardRemovableAttributeTagProcessor
[THYMELEAF]             * [* {th:srclang,data-th-srclang}] [1000]: org.thymeleaf.standard.processor.StandardRemovableAttributeTagProcessor
[THYMELEAF]             * [* {th:width,data-th-width}] [1000]: org.thymeleaf.standard.processor.StandardRemovableAttributeTagProcessor
[THYMELEAF]             * [* {th:contenteditable,data-th-contenteditable}] [1000]: org.thymeleaf.standard.processor.StandardRemovableAttributeTagProcessor
[THYMELEAF]             * [* {th:headers,data-th-headers}] [1000]: org.thymeleaf.standard.processor.StandardRemovableAttributeTagProcessor
[THYMELEAF]             * [* {th:cellpadding,data-th-cellpadding}] [1000]: org.thymeleaf.standard.processor.StandardRemovableAttributeTagProcessor
[THYMELEAF]             * [* {th:background,data-th-background}] [1000]: org.thymeleaf.standard.processor.StandardRemovableAttributeTagProcessor
[THYMELEAF]             * [* {th:charset,data-th-charset}] [1000]: org.thymeleaf.standard.processor.StandardRemovableAttributeTagProcessor
[THYMELEAF]             * [* {th:enctype,data-th-enctype}] [1000]: org.thymeleaf.standard.processor.StandardRemovableAttributeTagProcessor
[THYMELEAF]             * [* {th:src,data-th-src}] [1000]: org.thymeleaf.standard.processor.StandardSrcTagProcessor
[THYMELEAF]             * [* {th:value,data-th-value}] [1000]: org.thymeleaf.standard.processor.StandardValueTagProcessor
[THYMELEAF]             * [* {th:xmlbase,data-th-xmlbase}] [1000]: org.thymeleaf.standard.processor.StandardXmlBaseTagProcessor
[THYMELEAF]             * [* {th:xmllang,data-th-xmllang}] [1000]: org.thymeleaf.standard.processor.StandardXmlLangTagProcessor
[THYMELEAF]             * [* {xmlns:th}] [1000]: org.thymeleaf.standard.processor.StandardXmlNsTagProcessor
[THYMELEAF]             * [* {th:xmlspace,data-th-xmlspace}] [1000]: org.thymeleaf.standard.processor.StandardXmlSpaceTagProcessor
[THYMELEAF]             * [* {th:classappend,data-th-classappend}] [1100]: org.thymeleaf.standard.processor.StandardClassappendTagProcessor
[THYMELEAF]             * [* {th:styleappend,data-th-styleappend}] [1100]: org.thymeleaf.standard.processor.StandardStyleappendTagProcessor
[THYMELEAF]             * [* {th:text,data-th-text}] [1300]: org.thymeleaf.standard.processor.StandardTextTagProcessor
[THYMELEAF]             * [* {th:utext,data-th-utext}] [1400]: org.thymeleaf.standard.processor.StandardUtextTagProcessor
[THYMELEAF]             * [* {th:fragment,data-th-fragment}] [1500]: org.thymeleaf.standard.processor.StandardFragmentTagProcessor
[THYMELEAF]             * [* {th:assert,data-th-assert}] [1550]: org.thymeleaf.standard.processor.StandardAssertTagProcessor
[THYMELEAF]             * [* {th:remove,data-th-remove}] [1600]: org.thymeleaf.standard.processor.StandardRemoveTagProcessor
[THYMELEAF]             * [* {th:ref,data-th-ref}] [10000]: org.thymeleaf.standard.processor.StandardRefAttributeTagProcessor
[THYMELEAF]             * [{th:block,th-block} *] [100000]: org.thymeleaf.standard.processor.StandardBlockTagProcessor
[THYMELEAF]             * [* th:*] [2147483647]: org.thymeleaf.standard.processor.StandardDefaultAttributesTagProcessor
[THYMELEAF]         * Text Processors by [precedence]:
[THYMELEAF]             * [1000]: org.thymeleaf.standard.processor.StandardInliningTextProcessor
[THYMELEAF]         * DOCTYPE Processors by [precedence]:
[THYMELEAF]             * [1000]: org.thymeleaf.standard.processor.StandardTranslationDocTypeProcessor
[THYMELEAF]         * CDATA Section Processors by [precedence]:
[THYMELEAF]             * [1000]: org.thymeleaf.standard.processor.StandardInliningCDATASectionProcessor
[THYMELEAF]         * Comment Processors by [precedence]:
[THYMELEAF]             * [1000]: org.thymeleaf.standard.processor.StandardInliningCommentProcessor
[THYMELEAF]             * [1100]: org.thymeleaf.standard.processor.StandardConditionalCommentProcessor
[THYMELEAF]     * Processors for Template Mode: XML
[THYMELEAF]         * Element Tag Processors by [matching element and attribute name] [precedence]:
[THYMELEAF]             * [* {th:include}] [100]: org.thymeleaf.standard.processor.StandardIncludeTagProcessor
[THYMELEAF]             * [* {th:insert}] [100]: org.thymeleaf.standard.processor.StandardInsertTagProcessor
[THYMELEAF]             * [* {th:replace}] [100]: org.thymeleaf.standard.processor.StandardReplaceTagProcessor
[THYMELEAF]             * [* {th:substituteby}] [100]: org.thymeleaf.standard.processor.StandardSubstituteByTagProcessor
[THYMELEAF]             * [* {th:each}] [200]: com.intuit.karate.template.KarateEachTagProcessor
[THYMELEAF]             * [* {th:switch}] [250]: org.thymeleaf.standard.processor.StandardSwitchTagProcessor
[THYMELEAF]             * [* {th:case}] [275]: org.thymeleaf.standard.processor.StandardCaseTagProcessor
[THYMELEAF]             * [* {th:if}] [300]: org.thymeleaf.standard.processor.StandardIfTagProcessor
[THYMELEAF]             * [* {th:unless}] [400]: org.thymeleaf.standard.processor.StandardUnlessTagProcessor
[THYMELEAF]             * [* {th:object}] [500]: org.thymeleaf.standard.processor.StandardObjectTagProcessor
[THYMELEAF]             * [* {th:with}] [600]: com.intuit.karate.template.KarateWithTagProcessor
[THYMELEAF]             * [* {th:attr}] [700]: com.intuit.karate.template.KarateAttributeTagProcessor.KarateAttrTagProcessor
[THYMELEAF]             * [* {th:attrappend}] [900]: com.intuit.karate.template.KarateAttributeTagProcessor.KarateAttrappendTagProcessor
[THYMELEAF]             * [* {th:attrprepend}] [900]: com.intuit.karate.template.KarateAttributeTagProcessor.KarateAttrprependTagProcessor
[THYMELEAF]             * [* {th:inline}] [1000]: org.thymeleaf.standard.processor.StandardInlineXMLTagProcessor
[THYMELEAF]             * [* {xmlns:th}] [1000]: org.thymeleaf.standard.processor.StandardXmlNsTagProcessor
[THYMELEAF]             * [* {th:text}] [1300]: org.thymeleaf.standard.processor.StandardTextTagProcessor
[THYMELEAF]             * [* {th:utext}] [1400]: org.thymeleaf.standard.processor.StandardUtextTagProcessor
[THYMELEAF]             * [* {th:fragment}] [1500]: org.thymeleaf.standard.processor.StandardFragmentTagProcessor
[THYMELEAF]             * [* {th:assert}] [1550]: org.thymeleaf.standard.processor.StandardAssertTagProcessor
[THYMELEAF]             * [* {th:remove}] [1600]: org.thymeleaf.standard.processor.StandardRemoveTagProcessor
[THYMELEAF]             * [* {th:ref}] [10000]: org.thymeleaf.standard.processor.StandardRefAttributeTagProcessor
[THYMELEAF]             * [{th:block} *] [100000]: org.thymeleaf.standard.processor.StandardBlockTagProcessor
[THYMELEAF]             * [* th:*] [2147483647]: org.thymeleaf.standard.processor.StandardDefaultAttributesTagProcessor
[THYMELEAF]         * Text Processors by [precedence]:
[THYMELEAF]             * [1000]: org.thymeleaf.standard.processor.StandardInliningTextProcessor
[THYMELEAF]         * CDATA Section Processors by [precedence]:
[THYMELEAF]             * [1000]: org.thymeleaf.standard.processor.StandardInliningCDATASectionProcessor
[THYMELEAF]         * Comment Processors by [precedence]:
[THYMELEAF]             * [1000]: org.thymeleaf.standard.processor.StandardInliningCommentProcessor
[THYMELEAF]     * Processors for Template Mode: TEXT
[THYMELEAF]         * Element Tag Processors by [matching element and attribute name] [precedence]:
[THYMELEAF]             * [* {th:insert}] [100]: org.thymeleaf.standard.processor.StandardInsertTagProcessor
[THYMELEAF]             * [* {th:replace}] [100]: org.thymeleaf.standard.processor.StandardReplaceTagProcessor
[THYMELEAF]             * [* {th:each}] [200]: com.intuit.karate.template.KarateEachTagProcessor
[THYMELEAF]             * [* {th:switch}] [250]: org.thymeleaf.standard.processor.StandardSwitchTagProcessor
[THYMELEAF]             * [* {th:case}] [275]: org.thymeleaf.standard.processor.StandardCaseTagProcessor
[THYMELEAF]             * [* {th:if}] [300]: org.thymeleaf.standard.processor.StandardIfTagProcessor
[THYMELEAF]             * [* {th:unless}] [400]: org.thymeleaf.standard.processor.StandardUnlessTagProcessor
[THYMELEAF]             * [* {th:object}] [500]: org.thymeleaf.standard.processor.StandardObjectTagProcessor
[THYMELEAF]             * [* {th:with}] [600]: com.intuit.karate.template.KarateWithTagProcessor
[THYMELEAF]             * [* {th:inline}] [1000]: org.thymeleaf.standard.processor.StandardInlineTextualTagProcessor
[THYMELEAF]             * [* {th:text}] [1300]: org.thymeleaf.standard.processor.StandardTextTagProcessor
[THYMELEAF]             * [* {th:utext}] [1400]: org.thymeleaf.standard.processor.StandardUtextTagProcessor
[THYMELEAF]             * [* {th:assert}] [1550]: org.thymeleaf.standard.processor.StandardAssertTagProcessor
[THYMELEAF]             * [* {th:remove}] [1600]: org.thymeleaf.standard.processor.StandardRemoveTagProcessor
[THYMELEAF]             * [* 100000] [org.thymeleaf.standard.processor.StandardBlockTagProcessor]: {}
[THYMELEAF]             * [{th:block} *] [100000]: org.thymeleaf.standard.processor.StandardBlockTagProcessor
[THYMELEAF]         * Text Processors by [precedence]:
[THYMELEAF]             * [1000]: org.thymeleaf.standard.processor.StandardInliningTextProcessor
[THYMELEAF]     * Processors for Template Mode: JAVASCRIPT
[THYMELEAF]         * Element Tag Processors by [matching element and attribute name] [precedence]:
[THYMELEAF]             * [* {th:insert}] [100]: org.thymeleaf.standard.processor.StandardInsertTagProcessor
[THYMELEAF]             * [* {th:replace}] [100]: org.thymeleaf.standard.processor.StandardReplaceTagProcessor
[THYMELEAF]             * [* {th:each}] [200]: com.intuit.karate.template.KarateEachTagProcessor
[THYMELEAF]             * [* {th:switch}] [250]: org.thymeleaf.standard.processor.StandardSwitchTagProcessor
[THYMELEAF]             * [* {th:case}] [275]: org.thymeleaf.standard.processor.StandardCaseTagProcessor
[THYMELEAF]             * [* {th:if}] [300]: org.thymeleaf.standard.processor.StandardIfTagProcessor
[THYMELEAF]             * [* {th:unless}] [400]: org.thymeleaf.standard.processor.StandardUnlessTagProcessor
[THYMELEAF]             * [* {th:object}] [500]: org.thymeleaf.standard.processor.StandardObjectTagProcessor
[THYMELEAF]             * [* {th:with}] [600]: com.intuit.karate.template.KarateWithTagProcessor
[THYMELEAF]             * [* {th:inline}] [1000]: org.thymeleaf.standard.processor.StandardInlineTextualTagProcessor
[THYMELEAF]             * [* {th:text}] [1300]: org.thymeleaf.standard.processor.StandardTextTagProcessor
[THYMELEAF]             * [* {th:utext}] [1400]: org.thymeleaf.standard.processor.StandardUtextTagProcessor
[THYMELEAF]             * [* {th:assert}] [1550]: org.thymeleaf.standard.processor.StandardAssertTagProcessor
[THYMELEAF]             * [* {th:remove}] [1600]: org.thymeleaf.standard.processor.StandardRemoveTagProcessor
[THYMELEAF]             * [{th:block} *] [100000]: org.thymeleaf.standard.processor.StandardBlockTagProcessor
[THYMELEAF]             * [* 100000] [org.thymeleaf.standard.processor.StandardBlockTagProcessor]: {}
[THYMELEAF]         * Text Processors by [precedence]:
[THYMELEAF]             * [1000]: org.thymeleaf.standard.processor.StandardInliningTextProcessor
[THYMELEAF]     * Processors for Template Mode: CSS
[THYMELEAF]         * Element Tag Processors by [matching element and attribute name] [precedence]:
[THYMELEAF]             * [* {th:insert}] [100]: org.thymeleaf.standard.processor.StandardInsertTagProcessor
[THYMELEAF]             * [* {th:replace}] [100]: org.thymeleaf.standard.processor.StandardReplaceTagProcessor
[THYMELEAF]             * [* {th:each}] [200]: com.intuit.karate.template.KarateEachTagProcessor
[THYMELEAF]             * [* {th:switch}] [250]: org.thymeleaf.standard.processor.StandardSwitchTagProcessor
[THYMELEAF]             * [* {th:case}] [275]: org.thymeleaf.standard.processor.StandardCaseTagProcessor
[THYMELEAF]             * [* {th:if}] [300]: org.thymeleaf.standard.processor.StandardIfTagProcessor
[THYMELEAF]             * [* {th:unless}] [400]: org.thymeleaf.standard.processor.StandardUnlessTagProcessor
[THYMELEAF]             * [* {th:object}] [500]: org.thymeleaf.standard.processor.StandardObjectTagProcessor
[THYMELEAF]             * [* {th:with}] [600]: com.intuit.karate.template.KarateWithTagProcessor
[THYMELEAF]             * [* {th:inline}] [1000]: org.thymeleaf.standard.processor.StandardInlineTextualTagProcessor
[THYMELEAF]             * [* {th:text}] [1300]: org.thymeleaf.standard.processor.StandardTextTagProcessor
[THYMELEAF]             * [* {th:utext}] [1400]: org.thymeleaf.standard.processor.StandardUtextTagProcessor
[THYMELEAF]             * [* {th:assert}] [1550]: org.thymeleaf.standard.processor.StandardAssertTagProcessor
[THYMELEAF]             * [* {th:remove}] [1600]: org.thymeleaf.standard.processor.StandardRemoveTagProcessor
[THYMELEAF]             * [{th:block} *] [100000]: org.thymeleaf.standard.processor.StandardBlockTagProcessor
[THYMELEAF]             * [* 100000] [org.thymeleaf.standard.processor.StandardBlockTagProcessor]: {}
[THYMELEAF]         * Text Processors by [precedence]:
[THYMELEAF]             * [1000]: org.thymeleaf.standard.processor.StandardInliningTextProcessor
[THYMELEAF]     * Expression Objects:
[THYMELEAF]         * #ctx
[THYMELEAF]         * #root
[THYMELEAF]         * #vars
[THYMELEAF]         * #object
[THYMELEAF]         * #locale
[THYMELEAF]         * #request
[THYMELEAF]         * #response
[THYMELEAF]         * #session
[THYMELEAF]         * #servletContext
[THYMELEAF]         * #conversions
[THYMELEAF]         * #uris
[THYMELEAF]         * #calendars
[THYMELEAF]         * #dates
[THYMELEAF]         * #bools
[THYMELEAF]         * #numbers
[THYMELEAF]         * #objects
[THYMELEAF]         * #strings
[THYMELEAF]         * #arrays
[THYMELEAF]         * #lists
[THYMELEAF]         * #sets
[THYMELEAF]         * #maps
[THYMELEAF]         * #aggregates
[THYMELEAF]         * #messages
[THYMELEAF]         * #ids
[THYMELEAF]         * #execInfo
[THYMELEAF]         * #httpServletRequest
[THYMELEAF]         * #httpSession
[THYMELEAF]     * Execution Attributes:
[THYMELEAF]         * "StandardExpressionParser": com.intuit.karate.template.KarateStandardDialect@27e199ce
[THYMELEAF]         * "StandardJavaScriptSerializer": org.thymeleaf.standard.serializer.StandardJavaScriptSerializer@401788d5
[THYMELEAF]         * "StandardCSSSerializer": org.thymeleaf.standard.serializer.StandardCSSSerializer@3ec9f8d
[THYMELEAF]         * "StandardVariableExpressionEvaluator": com.intuit.karate.template.KarateStandardDialect@27e199ce
[THYMELEAF]         * "StandardConversionService": org.thymeleaf.standard.expression.StandardConversionService@7e0f9528
[THYMELEAF] * Dialect [2 of 2]: karate (com.intuit.karate.template.KarateScriptDialect)
[THYMELEAF]     * Prefix: "ka"
[THYMELEAF]     * Processors for Template Mode: HTML
[THYMELEAF]         * Element Tag Processors by [matching element and attribute name] [precedence]:
[THYMELEAF]             * [* {src}] [1000]: com.intuit.karate.template.KaScriptAttrProcessor
[THYMELEAF]         * Element Model Processors by [matching element and attribute name] [precedence]:
[THYMELEAF]             * [{script} {ka:scope,data-ka-scope}] [1000]: com.intuit.karate.template.KaScriptElemProcessor
[THYMELEAF]             * [* {ka:set,data-ka-set}] [1000]: com.intuit.karate.template.KaSetElemProcessor
[THYMELEAF] TEMPLATE ENGINE CONFIGURED OK
21:53:19.415 [Test worker] DEBUG org.thymeleaf.TemplateEngine - [THYMELEAF] TEMPLATE ENGINE INITIALIZED
---------------------------------------------------------
feature: classpath:karate/booking/booking.feature
scenarios: 21 | passed: 21 | failed:  0 | time: 8,6383
---------------------------------------------------------

21:53:21.664 [Test worker] DEBUG com.jayway.jsonpath.internal.path.CompiledPath - Evaluating path: $
Karate version: 1.2.0
======================================================
elapsed:  15,72 | threads:    1 | thread time: 8,64 
features:     1 | skipped:    0 | efficiency: 0,55
scenarios:   21 | passed:    21 | failed: 0
======================================================
21:53:21.706 [Test worker] DEBUG org.thymeleaf.TemplateEngine - [THYMELEAF] INITIALIZING TEMPLATE ENGINE
21:53:21.759 [Test worker] DEBUG org.thymeleaf.TemplateEngine.CONFIG - Initializing Thymeleaf Template engine configuration...
[THYMELEAF] TEMPLATE ENGINE CONFIGURATION:
[THYMELEAF] * Thymeleaf version: 3.0.14.RELEASE (built 2021-12-08T00:45:29+0000)
[THYMELEAF] * Cache Manager implementation: org.thymeleaf.cache.StandardCacheManager
[THYMELEAF] * Template resolvers:
[THYMELEAF]     * [1] com.intuit.karate.template.ResourceHtmlTemplateResolver
[THYMELEAF] * Message resolvers:
[THYMELEAF]     * org.thymeleaf.messageresolver.StandardMessageResolver
[THYMELEAF] * Link builders:
[THYMELEAF]     * org.thymeleaf.linkbuilder.StandardLinkBuilder
[THYMELEAF] * Dialect [1 of 2]: Standard (com.intuit.karate.template.KarateStandardDialect)
[THYMELEAF]     * Prefix: "th"
[THYMELEAF]     * Processors for Template Mode: HTML
[THYMELEAF]         * Element Tag Processors by [matching element and attribute name] [precedence]:
[THYMELEAF]             * [* {th:include,data-th-include}] [100]: org.thymeleaf.standard.processor.StandardIncludeTagProcessor
[THYMELEAF]             * [* {th:insert,data-th-insert}] [100]: org.thymeleaf.standard.processor.StandardInsertTagProcessor
[THYMELEAF]             * [* {th:replace,data-th-replace}] [100]: org.thymeleaf.standard.processor.StandardReplaceTagProcessor
[THYMELEAF]             * [* {th:substituteby,data-th-substituteby}] [100]: org.thymeleaf.standard.processor.StandardSubstituteByTagProcessor
[THYMELEAF]             * [* {th:each,data-th-each}] [200]: com.intuit.karate.template.KarateEachTagProcessor
[THYMELEAF]             * [* {th:switch,data-th-switch}] [250]: org.thymeleaf.standard.processor.StandardSwitchTagProcessor
[THYMELEAF]             * [* {th:case,data-th-case}] [275]: org.thymeleaf.standard.processor.StandardCaseTagProcessor
[THYMELEAF]             * [* {th:if,data-th-if}] [300]: org.thymeleaf.standard.processor.StandardIfTagProcessor
[THYMELEAF]             * [* {th:unless,data-th-unless}] [400]: org.thymeleaf.standard.processor.StandardUnlessTagProcessor
[THYMELEAF]             * [* {th:object,data-th-object}] [500]: org.thymeleaf.standard.processor.StandardObjectTagProcessor
[THYMELEAF]             * [* {th:with,data-th-with}] [600]: com.intuit.karate.template.KarateWithTagProcessor
[THYMELEAF]             * [* {th:attr,data-th-attr}] [700]: com.intuit.karate.template.KarateAttributeTagProcessor.KarateAttrTagProcessor
[THYMELEAF]             * [* {th:attrappend,data-th-attrappend}] [900]: com.intuit.karate.template.KarateAttributeTagProcessor.KarateAttrappendTagProcessor
[THYMELEAF]             * [* {th:attrprepend,data-th-attrprepend}] [900]: com.intuit.karate.template.KarateAttributeTagProcessor.KarateAttrprependTagProcessor
[THYMELEAF]             * [* {th:alt-title,data-th-alt-title}] [990]: org.thymeleaf.standard.processor.StandardAltTitleTagProcessor
[THYMELEAF]             * [* {th:lang-xmllang,data-th-lang-xmllang}] [990]: org.thymeleaf.standard.processor.StandardLangXmlLangTagProcessor
[THYMELEAF]             * [* {th:action,data-th-action}] [1000]: org.thymeleaf.standard.processor.StandardActionTagProcessor
[THYMELEAF]             * [* {th:pubdate,data-th-pubdate}] [1000]: org.thymeleaf.standard.processor.StandardConditionalFixedValueTagProcessor
[THYMELEAF]             * [* {th:required,data-th-required}] [1000]: org.thymeleaf.standard.processor.StandardConditionalFixedValueTagProcessor
[THYMELEAF]             * [* {th:autoplay,data-th-autoplay}] [1000]: org.thymeleaf.standard.processor.StandardConditionalFixedValueTagProcessor
[THYMELEAF]             * [* {th:open,data-th-open}] [1000]: org.thymeleaf.standard.processor.StandardConditionalFixedValueTagProcessor
[THYMELEAF]             * [* {th:novalidate,data-th-novalidate}] [1000]: org.thymeleaf.standard.processor.StandardConditionalFixedValueTagProcessor
[THYMELEAF]             * [* {th:disabled,data-th-disabled}] [1000]: org.thymeleaf.standard.processor.StandardConditionalFixedValueTagProcessor
[THYMELEAF]             * [* {th:selected,data-th-selected}] [1000]: org.thymeleaf.standard.processor.StandardConditionalFixedValueTagProcessor
[THYMELEAF]             * [* {th:scoped,data-th-scoped}] [1000]: org.thymeleaf.standard.processor.StandardConditionalFixedValueTagProcessor
[THYMELEAF]             * [* {th:nowrap,data-th-nowrap}] [1000]: org.thymeleaf.standard.processor.StandardConditionalFixedValueTagProcessor
[THYMELEAF]             * [* {th:multiple,data-th-multiple}] [1000]: org.thymeleaf.standard.processor.StandardConditionalFixedValueTagProcessor
[THYMELEAF]             * [* {th:checked,data-th-checked}] [1000]: org.thymeleaf.standard.processor.StandardConditionalFixedValueTagProcessor
[THYMELEAF]             * [* {th:defer,data-th-defer}] [1000]: org.thymeleaf.standard.processor.StandardConditionalFixedValueTagProcessor
[THYMELEAF]             * [* {th:loop,data-th-loop}] [1000]: org.thymeleaf.standard.processor.StandardConditionalFixedValueTagProcessor
[THYMELEAF]             * [* {th:ismap,data-th-ismap}] [1000]: org.thymeleaf.standard.processor.StandardConditionalFixedValueTagProcessor
[THYMELEAF]             * [* {th:default,data-th-default}] [1000]: org.thymeleaf.standard.processor.StandardConditionalFixedValueTagProcessor
[THYMELEAF]             * [* {th:controls,data-th-controls}] [1000]: org.thymeleaf.standard.processor.StandardConditionalFixedValueTagProcessor
[THYMELEAF]             * [* {th:async,data-th-async}] [1000]: org.thymeleaf.standard.processor.StandardConditionalFixedValueTagProcessor
[THYMELEAF]             * [* {th:hidden,data-th-hidden}] [1000]: org.thymeleaf.standard.processor.StandardConditionalFixedValueTagProcessor
[THYMELEAF]             * [* {th:autofocus,data-th-autofocus}] [1000]: org.thymeleaf.standard.processor.StandardConditionalFixedValueTagProcessor
[THYMELEAF]             * [* {th:seamless,data-th-seamless}] [1000]: org.thymeleaf.standard.processor.StandardConditionalFixedValueTagProcessor
[THYMELEAF]             * [* {th:formnovalidate,data-th-formnovalidate}] [1000]: org.thymeleaf.standard.processor.StandardConditionalFixedValueTagProcessor
[THYMELEAF]             * [* {th:declare,data-th-declare}] [1000]: org.thymeleaf.standard.processor.StandardConditionalFixedValueTagProcessor
[THYMELEAF]             * [* {th:readonly,data-th-readonly}] [1000]: org.thymeleaf.standard.processor.StandardConditionalFixedValueTagProcessor
[THYMELEAF]             * [* {th:reversed,data-th-reversed}] [1000]: org.thymeleaf.standard.processor.StandardConditionalFixedValueTagProcessor
[THYMELEAF]             * [* {th:ondragover,data-th-ondragover}] [1000]: org.thymeleaf.standard.processor.StandardDOMEventAttributeTagProcessor
[THYMELEAF]             * [* {th:onratechange,data-th-onratechange}] [1000]: org.thymeleaf.standard.processor.StandardDOMEventAttributeTagProcessor
[THYMELEAF]             * [* {th:ondragend,data-th-ondragend}] [1000]: org.thymeleaf.standard.processor.StandardDOMEventAttributeTagProcessor
[THYMELEAF]             * [* {th:onreadystatechange,data-th-onreadystatechange}] [1000]: org.thymeleaf.standard.processor.StandardDOMEventAttributeTagProcessor
[THYMELEAF]             * [* {th:onmouseup,data-th-onmouseup}] [1000]: org.thymeleaf.standard.processor.StandardDOMEventAttributeTagProcessor
[THYMELEAF]             * [* {th:onblur,data-th-onblur}] [1000]: org.thymeleaf.standard.processor.StandardDOMEventAttributeTagProcessor
[THYMELEAF]             * [* {th:onclick,data-th-onclick}] [1000]: org.thymeleaf.standard.processor.StandardDOMEventAttributeTagProcessor
[THYMELEAF]             * [* {th:onselect,data-th-onselect}] [1000]: org.thymeleaf.standard.processor.StandardDOMEventAttributeTagProcessor
[THYMELEAF]             * [* {th:onstalled,data-th-onstalled}] [1000]: org.thymeleaf.standard.processor.StandardDOMEventAttributeTagProcessor
[THYMELEAF]             * [* {th:onloadeddata,data-th-onloadeddata}] [1000]: org.thymeleaf.standard.processor.StandardDOMEventAttributeTagProcessor
[THYMELEAF]             * [* {th:ondragstart,data-th-ondragstart}] [1000]: org.thymeleaf.standard.processor.StandardDOMEventAttributeTagProcessor
[THYMELEAF]             * [* {th:onended,data-th-onended}] [1000]: org.thymeleaf.standard.processor.StandardDOMEventAttributeTagProcessor
[THYMELEAF]             * [* {th:ondrag,data-th-ondrag}] [1000]: org.thymeleaf.standard.processor.StandardDOMEventAttributeTagProcessor
[THYMELEAF]             * [* {th:onstorage,data-th-onstorage}] [1000]: org.thymeleaf.standard.processor.StandardDOMEventAttributeTagProcessor
[THYMELEAF]             * [* {th:onchange,data-th-onchange}] [1000]: org.thymeleaf.standard.processor.StandardDOMEventAttributeTagProcessor
[THYMELEAF]             * [* {th:onkeyup,data-th-onkeyup}] [1000]: org.thymeleaf.standard.processor.StandardDOMEventAttributeTagProcessor
[THYMELEAF]             * [* {th:onemptied,data-th-onemptied}] [1000]: org.thymeleaf.standard.processor.StandardDOMEventAttributeTagProcessor
[THYMELEAF]             * [* {th:onshow,data-th-onshow}] [1000]: org.thymeleaf.standard.processor.StandardDOMEventAttributeTagProcessor
[THYMELEAF]             * [* {th:onscroll,data-th-onscroll}] [1000]: org.thymeleaf.standard.processor.StandardDOMEventAttributeTagProcessor
[THYMELEAF]             * [* {th:onerror,data-th-onerror}] [1000]: org.thymeleaf.standard.processor.StandardDOMEventAttributeTagProcessor
[THYMELEAF]             * [* {th:ontimeupdate,data-th-ontimeupdate}] [1000]: org.thymeleaf.standard.processor.StandardDOMEventAttributeTagProcessor
[THYMELEAF]             * [* {th:onplay,data-th-onplay}] [1000]: org.thymeleaf.standard.processor.StandardDOMEventAttributeTagProcessor
[THYMELEAF]             * [* {th:onwaiting,data-th-onwaiting}] [1000]: org.thymeleaf.standard.processor.StandardDOMEventAttributeTagProcessor
[THYMELEAF]             * [* {th:onunload,data-th-onunload}] [1000]: org.thymeleaf.standard.processor.StandardDOMEventAttributeTagProcessor
[THYMELEAF]             * [* {th:onmouseover,data-th-onmouseover}] [1000]: org.thymeleaf.standard.processor.StandardDOMEventAttributeTagProcessor
[THYMELEAF]             * [* {th:onvolumechange,data-th-onvolumechange}] [1000]: org.thymeleaf.standard.processor.StandardDOMEventAttributeTagProcessor
[THYMELEAF]             * [* {th:onloadedmetadata,data-th-onloadedmetadata}] [1000]: org.thymeleaf.standard.processor.StandardDOMEventAttributeTagProcessor
[THYMELEAF]             * [* {th:oncontextmenu,data-th-oncontextmenu}] [1000]: org.thymeleaf.standard.processor.StandardDOMEventAttributeTagProcessor
[THYMELEAF]             * [* {th:onundo,data-th-onundo}] [1000]: org.thymeleaf.standard.processor.StandardDOMEventAttributeTagProcessor
[THYMELEAF]             * [* {th:onplaying,data-th-onplaying}] [1000]: org.thymeleaf.standard.processor.StandardDOMEventAttributeTagProcessor
[THYMELEAF]             * [* {th:onmessage,data-th-onmessage}] [1000]: org.thymeleaf.standard.processor.StandardDOMEventAttributeTagProcessor
[THYMELEAF]             * [* {th:onformchange,data-th-onformchange}] [1000]: org.thymeleaf.standard.processor.StandardDOMEventAttributeTagProcessor
[THYMELEAF]             * [* {th:onresize,data-th-onresize}] [1000]: org.thymeleaf.standard.processor.StandardDOMEventAttributeTagProcessor
[THYMELEAF]             * [* {th:onforminput,data-th-onforminput}] [1000]: org.thymeleaf.standard.processor.StandardDOMEventAttributeTagProcessor
[THYMELEAF]             * [* {th:onkeypress,data-th-onkeypress}] [1000]: org.thymeleaf.standard.processor.StandardDOMEventAttributeTagProcessor
[THYMELEAF]             * [* {th:onmousemove,data-th-onmousemove}] [1000]: org.thymeleaf.standard.processor.StandardDOMEventAttributeTagProcessor
[THYMELEAF]             * [* {th:onafterprint,data-th-onafterprint}] [1000]: org.thymeleaf.standard.processor.StandardDOMEventAttributeTagProcessor
[THYMELEAF]             * [* {th:onseeking,data-th-onseeking}] [1000]: org.thymeleaf.standard.processor.StandardDOMEventAttributeTagProcessor
[THYMELEAF]             * [* {th:onkeydown,data-th-onkeydown}] [1000]: org.thymeleaf.standard.processor.StandardDOMEventAttributeTagProcessor
[THYMELEAF]             * [* {th:onpause,data-th-onpause}] [1000]: org.thymeleaf.standard.processor.StandardDOMEventAttributeTagProcessor
[THYMELEAF]             * [* {th:onseeked,data-th-onseeked}] [1000]: org.thymeleaf.standard.processor.StandardDOMEventAttributeTagProcessor
[THYMELEAF]             * [* {th:onbeforeunload,data-th-onbeforeunload}] [1000]: org.thymeleaf.standard.processor.StandardDOMEventAttributeTagProcessor
[THYMELEAF]             * [* {th:onmouseout,data-th-onmouseout}] [1000]: org.thymeleaf.standard.processor.StandardDOMEventAttributeTagProcessor
[THYMELEAF]             * [* {th:oncanplay,data-th-oncanplay}] [1000]: org.thymeleaf.standard.processor.StandardDOMEventAttributeTagProcessor
[THYMELEAF]             * [* {th:oninvalid,data-th-oninvalid}] [1000]: org.thymeleaf.standard.processor.StandardDOMEventAttributeTagProcessor
[THYMELEAF]             * [* {th:onmousedown,data-th-onmousedown}] [1000]: org.thymeleaf.standard.processor.StandardDOMEventAttributeTagProcessor
[THYMELEAF]             * [* {th:onbeforeprint,data-th-onbeforeprint}] [1000]: org.thymeleaf.standard.processor.StandardDOMEventAttributeTagProcessor
[THYMELEAF]             * [* {th:onreset,data-th-onreset}] [1000]: org.thymeleaf.standard.processor.StandardDOMEventAttributeTagProcessor
[THYMELEAF]             * [* {th:onsubmit,data-th-onsubmit}] [1000]: org.thymeleaf.standard.processor.StandardDOMEventAttributeTagProcessor
[THYMELEAF]             * [* {th:onfocus,data-th-onfocus}] [1000]: org.thymeleaf.standard.processor.StandardDOMEventAttributeTagProcessor
[THYMELEAF]             * [* {th:ondragenter,data-th-ondragenter}] [1000]: org.thymeleaf.standard.processor.StandardDOMEventAttributeTagProcessor
[THYMELEAF]             * [* {th:onpopstate,data-th-onpopstate}] [1000]: org.thymeleaf.standard.processor.StandardDOMEventAttributeTagProcessor
[THYMELEAF]             * [* {th:ondurationchange,data-th-ondurationchange}] [1000]: org.thymeleaf.standard.processor.StandardDOMEventAttributeTagProcessor
[THYMELEAF]             * [* {th:onloadstart,data-th-onloadstart}] [1000]: org.thymeleaf.standard.processor.StandardDOMEventAttributeTagProcessor
[THYMELEAF]             * [* {th:onabort,data-th-onabort}] [1000]: org.thymeleaf.standard.processor.StandardDOMEventAttributeTagProcessor
[THYMELEAF]             * [* {th:onmousewheel,data-th-onmousewheel}] [1000]: org.thymeleaf.standard.processor.StandardDOMEventAttributeTagProcessor
[THYMELEAF]             * [* {th:ondrop,data-th-ondrop}] [1000]: org.thymeleaf.standard.processor.StandardDOMEventAttributeTagProcessor
[THYMELEAF]             * [* {th:ondblclick,data-th-ondblclick}] [1000]: org.thymeleaf.standard.processor.StandardDOMEventAttributeTagProcessor
[THYMELEAF]             * [* {th:onhashchange,data-th-onhashchange}] [1000]: org.thymeleaf.standard.processor.StandardDOMEventAttributeTagProcessor
[THYMELEAF]             * [* {th:onprogress,data-th-onprogress}] [1000]: org.thymeleaf.standard.processor.StandardDOMEventAttributeTagProcessor
[THYMELEAF]             * [* {th:onload,data-th-onload}] [1000]: org.thymeleaf.standard.processor.StandardDOMEventAttributeTagProcessor
[THYMELEAF]             * [* {th:ononline,data-th-ononline}] [1000]: org.thymeleaf.standard.processor.StandardDOMEventAttributeTagProcessor
[THYMELEAF]             * [* {th:onoffline,data-th-onoffline}] [1000]: org.thymeleaf.standard.processor.StandardDOMEventAttributeTagProcessor
[THYMELEAF]             * [* {th:oncanplaythrough,data-th-oncanplaythrough}] [1000]: org.thymeleaf.standard.processor.StandardDOMEventAttributeTagProcessor
[THYMELEAF]             * [* {th:ondragleave,data-th-ondragleave}] [1000]: org.thymeleaf.standard.processor.StandardDOMEventAttributeTagProcessor
[THYMELEAF]             * [* {th:oninput,data-th-oninput}] [1000]: org.thymeleaf.standard.processor.StandardDOMEventAttributeTagProcessor
[THYMELEAF]             * [* {th:onredo,data-th-onredo}] [1000]: org.thymeleaf.standard.processor.StandardDOMEventAttributeTagProcessor
[THYMELEAF]             * [* {th:onsuspend,data-th-onsuspend}] [1000]: org.thymeleaf.standard.processor.StandardDOMEventAttributeTagProcessor
[THYMELEAF]             * [* {th:href,data-th-href}] [1000]: org.thymeleaf.standard.processor.StandardHrefTagProcessor
[THYMELEAF]             * [* {th:inline,data-th-inline}] [1000]: org.thymeleaf.standard.processor.StandardInlineHTMLTagProcessor
[THYMELEAF]             * [* {th:method,data-th-method}] [1000]: org.thymeleaf.standard.processor.StandardMethodTagProcessor
[THYMELEAF]             * [* {th:type,data-th-type}] [1000]: org.thymeleaf.standard.processor.StandardNonRemovableAttributeTagProcessor
[THYMELEAF]             * [* {th:name,data-th-name}] [1000]: org.thymeleaf.standard.processor.StandardNonRemovableAttributeTagProcessor
[THYMELEAF]             * [* {th:accesskey,data-th-accesskey}] [1000]: org.thymeleaf.standard.processor.StandardRemovableAttributeTagProcessor
[THYMELEAF]             * [* {th:data,data-th-data}] [1000]: org.thymeleaf.standard.processor.StandardRemovableAttributeTagProcessor
[THYMELEAF]             * [* {th:dir,data-th-dir}] [1000]: org.thymeleaf.standard.processor.StandardRemovableAttributeTagProcessor
[THYMELEAF]             * [* {th:low,data-th-low}] [1000]: org.thymeleaf.standard.processor.StandardRemovableAttributeTagProcessor
[THYMELEAF]             * [* {th:rel,data-th-rel}] [1000]: org.thymeleaf.standard.processor.StandardRemovableAttributeTagProcessor
[THYMELEAF]             * [* {th:dropzone,data-th-dropzone}] [1000]: org.thymeleaf.standard.processor.StandardRemovableAttributeTagProcessor
[THYMELEAF]             * [* {th:form,data-th-form}] [1000]: org.thymeleaf.standard.processor.StandardRemovableAttributeTagProcessor
[THYMELEAF]             * [* {th:manifest,data-th-manifest}] [1000]: org.thymeleaf.standard.processor.StandardRemovableAttributeTagProcessor
[THYMELEAF]             * [* {th:rules,data-th-rules}] [1000]: org.thymeleaf.standard.processor.StandardRemovableAttributeTagProcessor
[THYMELEAF]             * [* {th:marginwidth,data-th-marginwidth}] [1000]: org.thymeleaf.standard.processor.StandardRemovableAttributeTagProcessor
[THYMELEAF]             * [* {th:pattern,data-th-pattern}] [1000]: org.thymeleaf.standard.processor.StandardRemovableAttributeTagProcessor
[THYMELEAF]             * [* {th:colspan,data-th-colspan}] [1000]: org.thymeleaf.standard.processor.StandardRemovableAttributeTagProcessor
[THYMELEAF]             * [* {th:size,data-th-size}] [1000]: org.thymeleaf.standard.processor.StandardRemovableAttributeTagProcessor
[THYMELEAF]             * [* {th:contenteditable,data-th-contenteditable}] [1000]: org.thymeleaf.standard.processor.StandardRemovableAttributeTagProcessor
[THYMELEAF]             * [* {th:accept-charset,data-th-accept-charset}] [1000]: org.thymeleaf.standard.processor.StandardRemovableAttributeTagProcessor
[THYMELEAF]             * [* {th:scrolling,data-th-scrolling}] [1000]: org.thymeleaf.standard.processor.StandardRemovableAttributeTagProcessor
[THYMELEAF]             * [* {th:keytype,data-th-keytype}] [1000]: org.thymeleaf.standard.processor.StandardRemovableAttributeTagProcessor
[THYMELEAF]             * [* {th:placeholder,data-th-placeholder}] [1000]: org.thymeleaf.standard.processor.StandardRemovableAttributeTagProcessor
[THYMELEAF]             * [* {th:maxlength,data-th-maxlength}] [1000]: org.thymeleaf.standard.processor.StandardRemovableAttributeTagProcessor
[THYMELEAF]             * [* {th:cellpadding,data-th-cellpadding}] [1000]: org.thymeleaf.standard.processor.StandardRemovableAttributeTagProcessor
[THYMELEAF]             * [* {th:frameborder,data-th-frameborder}] [1000]: org.thymeleaf.standard.processor.StandardRemovableAttributeTagProcessor
[THYMELEAF]             * [* {th:rowspan,data-th-rowspan}] [1000]: org.thymeleaf.standard.processor.StandardRemovableAttributeTagProcessor
[THYMELEAF]             * [* {th:bgcolor,data-th-bgcolor}] [1000]: org.thymeleaf.standard.processor.StandardRemovableAttributeTagProcessor
[THYMELEAF]             * [* {th:class,data-th-class}] [1000]: org.thymeleaf.standard.processor.StandardRemovableAttributeTagProcessor
[THYMELEAF]             * [* {th:cite,data-th-cite}] [1000]: org.thymeleaf.standard.processor.StandardRemovableAttributeTagProcessor
[THYMELEAF]             * [* {th:lang,data-th-lang}] [1000]: org.thymeleaf.standard.processor.StandardRemovableAttributeTagProcessor
[THYMELEAF]             * [* {th:frame,data-th-frame}] [1000]: org.thymeleaf.standard.processor.StandardRemovableAttributeTagProcessor
[THYMELEAF]             * [* {th:content,data-th-content}] [1000]: org.thymeleaf.standard.processor.StandardRemovableAttributeTagProcessor
[THYMELEAF]             * [* {th:optimum,data-th-optimum}] [1000]: org.thymeleaf.standard.processor.StandardRemovableAttributeTagProcessor
[THYMELEAF]             * [* {th:charset,data-th-charset}] [1000]: org.thymeleaf.standard.processor.StandardRemovableAttributeTagProcessor
[THYMELEAF]             * [* {th:archive,data-th-archive}] [1000]: org.thymeleaf.standard.processor.StandardRemovableAttributeTagProcessor
[THYMELEAF]             * [* {th:compact,data-th-compact}] [1000]: org.thymeleaf.standard.processor.StandardRemovableAttributeTagProcessor
[THYMELEAF]             * [* {th:srclang,data-th-srclang}] [1000]: org.thymeleaf.standard.processor.StandardRemovableAttributeTagProcessor
[THYMELEAF]             * [* {th:codebase,data-th-codebase}] [1000]: org.thymeleaf.standard.processor.StandardRemovableAttributeTagProcessor
[THYMELEAF]             * [* {th:sizes,data-th-sizes}] [1000]: org.thymeleaf.standard.processor.StandardRemovableAttributeTagProcessor
[THYMELEAF]             * [* {th:datetime,data-th-datetime}] [1000]: org.thymeleaf.standard.processor.StandardRemovableAttributeTagProcessor
[THYMELEAF]             * [* {th:kind,data-th-kind}] [1000]: org.thymeleaf.standard.processor.StandardRemovableAttributeTagProcessor
[THYMELEAF]             * [* {th:scope,data-th-scope}] [1000]: org.thymeleaf.standard.processor.StandardRemovableAttributeTagProcessor
[THYMELEAF]             * [* {th:rows,data-th-rows}] [1000]: org.thymeleaf.standard.processor.StandardRemovableAttributeTagProcessor
[THYMELEAF]             * [* {th:vspace,data-th-vspace}] [1000]: org.thymeleaf.standard.processor.StandardRemovableAttributeTagProcessor
[THYMELEAF]             * [* {th:wrap,data-th-wrap}] [1000]: org.thymeleaf.standard.processor.StandardRemovableAttributeTagProcessor
[THYMELEAF]             * [* {th:cellspacing,data-th-cellspacing}] [1000]: org.thymeleaf.standard.processor.StandardRemovableAttributeTagProcessor
[THYMELEAF]             * [* {th:summary,data-th-summary}] [1000]: org.thymeleaf.standard.processor.StandardRemovableAttributeTagProcessor
[THYMELEAF]             * [* {th:draggable,data-th-draggable}] [1000]: org.thymeleaf.standard.processor.StandardRemovableAttributeTagProcessor
[THYMELEAF]             * [* {th:scheme,data-th-scheme}] [1000]: org.thymeleaf.standard.processor.StandardRemovableAttributeTagProcessor
[THYMELEAF]             * [* {th:formenctype,data-th-formenctype}] [1000]: org.thymeleaf.standard.processor.StandardRemovableAttributeTagProcessor
[THYMELEAF]             * [* {th:radiogroup,data-th-radiogroup}] [1000]: org.thymeleaf.standard.processor.StandardRemovableAttributeTagProcessor
[THYMELEAF]             * [* {th:title,data-th-title}] [1000]: org.thymeleaf.standard.processor.StandardRemovableAttributeTagProcessor
[THYMELEAF]             * [* {th:preload,data-th-preload}] [1000]: org.thymeleaf.standard.processor.StandardRemovableAttributeTagProcessor
[THYMELEAF]             * [* {th:hspace,data-th-hspace}] [1000]: org.thymeleaf.standard.processor.StandardRemovableAttributeTagProcessor
[THYMELEAF]             * [* {th:codetype,data-th-codetype}] [1000]: org.thymeleaf.standard.processor.StandardRemovableAttributeTagProcessor
[THYMELEAF]             * [* {th:id,data-th-id}] [1000]: org.thymeleaf.standard.processor.StandardRemovableAttributeTagProcessor
[THYMELEAF]             * [* {th:poster,data-th-poster}] [1000]: org.thymeleaf.standard.processor.StandardRemovableAttributeTagProcessor
[THYMELEAF]             * [* {th:width,data-th-width}] [1000]: org.thymeleaf.standard.processor.StandardRemovableAttributeTagProcessor
[THYMELEAF]             * [* {th:start,data-th-start}] [1000]: org.thymeleaf.standard.processor.StandardRemovableAttributeTagProcessor
[THYMELEAF]             * [* {th:accept,data-th-accept}] [1000]: org.thymeleaf.standard.processor.StandardRemovableAttributeTagProcessor
[THYMELEAF]             * [* {th:sandbox,data-th-sandbox}] [1000]: org.thymeleaf.standard.processor.StandardRemovableAttributeTagProcessor
[THYMELEAF]             * [* {th:audio,data-th-audio}] [1000]: org.thymeleaf.standard.processor.StandardRemovableAttributeTagProcessor
[THYMELEAF]             * [* {th:marginheight,data-th-marginheight}] [1000]: org.thymeleaf.standard.processor.StandardRemovableAttributeTagProcessor
[THYMELEAF]             * [* {th:axis,data-th-axis}] [1000]: org.thymeleaf.standard.processor.StandardRemovableAttributeTagProcessor
[THYMELEAF]             * [* {th:border,data-th-border}] [1000]: org.thymeleaf.standard.processor.StandardRemovableAttributeTagProcessor
[THYMELEAF]             * [* {th:formmethod,data-th-formmethod}] [1000]: org.thymeleaf.standard.processor.StandardRemovableAttributeTagProcessor
[THYMELEAF]             * [* {th:enctype,data-th-enctype}] [1000]: org.thymeleaf.standard.processor.StandardRemovableAttributeTagProcessor
[THYMELEAF]             * [* {th:height,data-th-height}] [1000]: org.thymeleaf.standard.processor.StandardRemovableAttributeTagProcessor
[THYMELEAF]             * [* {th:high,data-th-high}] [1000]: org.thymeleaf.standard.processor.StandardRemovableAttributeTagProcessor
[THYMELEAF]             * [* {th:target,data-th-target}] [1000]: org.thymeleaf.standard.processor.StandardRemovableAttributeTagProcessor
[THYMELEAF]             * [* {th:rev,data-th-rev}] [1000]: org.thymeleaf.standard.processor.StandardRemovableAttributeTagProcessor
[THYMELEAF]             * [* {th:formaction,data-th-formaction}] [1000]: org.thymeleaf.standard.processor.StandardRemovableAttributeTagProcessor
[THYMELEAF]             * [* {th:spellcheck,data-th-spellcheck}] [1000]: org.thymeleaf.standard.processor.StandardRemovableAttributeTagProcessor
[THYMELEAF]             * [* {th:abbr,data-th-abbr}] [1000]: org.thymeleaf.standard.processor.StandardRemovableAttributeTagProcessor
[THYMELEAF]             * [* {th:list,data-th-list}] [1000]: org.thymeleaf.standard.processor.StandardRemovableAttributeTagProcessor
[THYMELEAF]             * [* {th:autocomplete,data-th-autocomplete}] [1000]: org.thymeleaf.standard.processor.StandardRemovableAttributeTagProcessor
[THYMELEAF]             * [* {th:label,data-th-label}] [1000]: org.thymeleaf.standard.processor.StandardRemovableAttributeTagProcessor
[THYMELEAF]             * [* {th:cols,data-th-cols}] [1000]: org.thymeleaf.standard.processor.StandardRemovableAttributeTagProcessor
[THYMELEAF]             * [* {th:valuetype,data-th-valuetype}] [1000]: org.thymeleaf.standard.processor.StandardRemovableAttributeTagProcessor
[THYMELEAF]             * [* {th:min,data-th-min}] [1000]: org.thymeleaf.standard.processor.StandardRemovableAttributeTagProcessor
[THYMELEAF]             * [* {th:style,data-th-style}] [1000]: org.thymeleaf.standard.processor.StandardRemovableAttributeTagProcessor
[THYMELEAF]             * [* {th:alt,data-th-alt}] [1000]: org.thymeleaf.standard.processor.StandardRemovableAttributeTagProcessor
[THYMELEAF]             * [* {th:tabindex,data-th-tabindex}] [1000]: org.thymeleaf.standard.processor.StandardRemovableAttributeTagProcessor
[THYMELEAF]             * [* {th:standby,data-th-standby}] [1000]: org.thymeleaf.standard.processor.StandardRemovableAttributeTagProcessor
[THYMELEAF]             * [* {th:contextmenu,data-th-contextmenu}] [1000]: org.thymeleaf.standard.processor.StandardRemovableAttributeTagProcessor
[THYMELEAF]             * [* {th:span,data-th-span}] [1000]: org.thymeleaf.standard.processor.StandardRemovableAttributeTagProcessor
[THYMELEAF]             * [* {th:step,data-th-step}] [1000]: org.thymeleaf.standard.processor.StandardRemovableAttributeTagProcessor
[THYMELEAF]             * [* {th:formtarget,data-th-formtarget}] [1000]: org.thymeleaf.standard.processor.StandardRemovableAttributeTagProcessor
[THYMELEAF]             * [* {th:align,data-th-align}] [1000]: org.thymeleaf.standard.processor.StandardRemovableAttributeTagProcessor
[THYMELEAF]             * [* {th:challenge,data-th-challenge}] [1000]: org.thymeleaf.standard.processor.StandardRemovableAttributeTagProcessor
[THYMELEAF]             * [* {th:classid,data-th-classid}] [1000]: org.thymeleaf.standard.processor.StandardRemovableAttributeTagProcessor
[THYMELEAF]             * [* {th:longdesc,data-th-longdesc}] [1000]: org.thymeleaf.standard.processor.StandardRemovableAttributeTagProcessor
[THYMELEAF]             * [* {th:http-equiv,data-th-http-equiv}] [1000]: org.thymeleaf.standard.processor.StandardRemovableAttributeTagProcessor
[THYMELEAF]             * [* {th:media,data-th-media}] [1000]: org.thymeleaf.standard.processor.StandardRemovableAttributeTagProcessor
[THYMELEAF]             * [* {th:headers,data-th-headers}] [1000]: org.thymeleaf.standard.processor.StandardRemovableAttributeTagProcessor
[THYMELEAF]             * [* {th:hreflang,data-th-hreflang}] [1000]: org.thymeleaf.standard.processor.StandardRemovableAttributeTagProcessor
[THYMELEAF]             * [* {th:for,data-th-for}] [1000]: org.thymeleaf.standard.processor.StandardRemovableAttributeTagProcessor
[THYMELEAF]             * [* {th:icon,data-th-icon}] [1000]: org.thymeleaf.standard.processor.StandardRemovableAttributeTagProcessor
[THYMELEAF]             * [* {th:background,data-th-background}] [1000]: org.thymeleaf.standard.processor.StandardRemovableAttributeTagProcessor
[THYMELEAF]             * [* {th:max,data-th-max}] [1000]: org.thymeleaf.standard.processor.StandardRemovableAttributeTagProcessor
[THYMELEAF]             * [* {th:usemap,data-th-usemap}] [1000]: org.thymeleaf.standard.processor.StandardRemovableAttributeTagProcessor
[THYMELEAF]             * [* {th:src,data-th-src}] [1000]: org.thymeleaf.standard.processor.StandardSrcTagProcessor
[THYMELEAF]             * [* {th:value,data-th-value}] [1000]: org.thymeleaf.standard.processor.StandardValueTagProcessor
[THYMELEAF]             * [* {th:xmlbase,data-th-xmlbase}] [1000]: org.thymeleaf.standard.processor.StandardXmlBaseTagProcessor
[THYMELEAF]             * [* {th:xmllang,data-th-xmllang}] [1000]: org.thymeleaf.standard.processor.StandardXmlLangTagProcessor
[THYMELEAF]             * [* {xmlns:th}] [1000]: org.thymeleaf.standard.processor.StandardXmlNsTagProcessor
[THYMELEAF]             * [* {th:xmlspace,data-th-xmlspace}] [1000]: org.thymeleaf.standard.processor.StandardXmlSpaceTagProcessor
[THYMELEAF]             * [* {th:classappend,data-th-classappend}] [1100]: org.thymeleaf.standard.processor.StandardClassappendTagProcessor
[THYMELEAF]             * [* {th:styleappend,data-th-styleappend}] [1100]: org.thymeleaf.standard.processor.StandardStyleappendTagProcessor
[THYMELEAF]             * [* {th:text,data-th-text}] [1300]: org.thymeleaf.standard.processor.StandardTextTagProcessor
[THYMELEAF]             * [* {th:utext,data-th-utext}] [1400]: org.thymeleaf.standard.processor.StandardUtextTagProcessor
[THYMELEAF]             * [* {th:fragment,data-th-fragment}] [1500]: org.thymeleaf.standard.processor.StandardFragmentTagProcessor
[THYMELEAF]             * [* {th:assert,data-th-assert}] [1550]: org.thymeleaf.standard.processor.StandardAssertTagProcessor
[THYMELEAF]             * [* {th:remove,data-th-remove}] [1600]: org.thymeleaf.standard.processor.StandardRemoveTagProcessor
[THYMELEAF]             * [* {th:ref,data-th-ref}] [10000]: org.thymeleaf.standard.processor.StandardRefAttributeTagProcessor
[THYMELEAF]             * [{th:block,th-block} *] [100000]: org.thymeleaf.standard.processor.StandardBlockTagProcessor
[THYMELEAF]             * [* th:*] [2147483647]: org.thymeleaf.standard.processor.StandardDefaultAttributesTagProcessor
[THYMELEAF]         * Text Processors by [precedence]:
[THYMELEAF]             * [1000]: org.thymeleaf.standard.processor.StandardInliningTextProcessor
[THYMELEAF]         * DOCTYPE Processors by [precedence]:
[THYMELEAF]             * [1000]: org.thymeleaf.standard.processor.StandardTranslationDocTypeProcessor
[THYMELEAF]         * CDATA Section Processors by [precedence]:
[THYMELEAF]             * [1000]: org.thymeleaf.standard.processor.StandardInliningCDATASectionProcessor
[THYMELEAF]         * Comment Processors by [precedence]:
[THYMELEAF]             * [1000]: org.thymeleaf.standard.processor.StandardInliningCommentProcessor
[THYMELEAF]             * [1100]: org.thymeleaf.standard.processor.StandardConditionalCommentProcessor
[THYMELEAF]     * Processors for Template Mode: XML
[THYMELEAF]         * Element Tag Processors by [matching element and attribute name] [precedence]:
[THYMELEAF]             * [* {th:include}] [100]: org.thymeleaf.standard.processor.StandardIncludeTagProcessor
[THYMELEAF]             * [* {th:insert}] [100]: org.thymeleaf.standard.processor.StandardInsertTagProcessor
[THYMELEAF]             * [* {th:replace}] [100]: org.thymeleaf.standard.processor.StandardReplaceTagProcessor
[THYMELEAF]             * [* {th:substituteby}] [100]: org.thymeleaf.standard.processor.StandardSubstituteByTagProcessor
[THYMELEAF]             * [* {th:each}] [200]: com.intuit.karate.template.KarateEachTagProcessor
[THYMELEAF]             * [* {th:switch}] [250]: org.thymeleaf.standard.processor.StandardSwitchTagProcessor
[THYMELEAF]             * [* {th:case}] [275]: org.thymeleaf.standard.processor.StandardCaseTagProcessor
[THYMELEAF]             * [* {th:if}] [300]: org.thymeleaf.standard.processor.StandardIfTagProcessor
[THYMELEAF]             * [* {th:unless}] [400]: org.thymeleaf.standard.processor.StandardUnlessTagProcessor
[THYMELEAF]             * [* {th:object}] [500]: org.thymeleaf.standard.processor.StandardObjectTagProcessor
[THYMELEAF]             * [* {th:with}] [600]: com.intuit.karate.template.KarateWithTagProcessor
[THYMELEAF]             * [* {th:attr}] [700]: com.intuit.karate.template.KarateAttributeTagProcessor.KarateAttrTagProcessor
[THYMELEAF]             * [* {th:attrappend}] [900]: com.intuit.karate.template.KarateAttributeTagProcessor.KarateAttrappendTagProcessor
[THYMELEAF]             * [* {th:attrprepend}] [900]: com.intuit.karate.template.KarateAttributeTagProcessor.KarateAttrprependTagProcessor
[THYMELEAF]             * [* {th:inline}] [1000]: org.thymeleaf.standard.processor.StandardInlineXMLTagProcessor
[THYMELEAF]             * [* {xmlns:th}] [1000]: org.thymeleaf.standard.processor.StandardXmlNsTagProcessor
[THYMELEAF]             * [* {th:text}] [1300]: org.thymeleaf.standard.processor.StandardTextTagProcessor
[THYMELEAF]             * [* {th:utext}] [1400]: org.thymeleaf.standard.processor.StandardUtextTagProcessor
[THYMELEAF]             * [* {th:fragment}] [1500]: org.thymeleaf.standard.processor.StandardFragmentTagProcessor
[THYMELEAF]             * [* {th:assert}] [1550]: org.thymeleaf.standard.processor.StandardAssertTagProcessor
[THYMELEAF]             * [* {th:remove}] [1600]: org.thymeleaf.standard.processor.StandardRemoveTagProcessor
[THYMELEAF]             * [* {th:ref}] [10000]: org.thymeleaf.standard.processor.StandardRefAttributeTagProcessor
[THYMELEAF]             * [{th:block} *] [100000]: org.thymeleaf.standard.processor.StandardBlockTagProcessor
[THYMELEAF]             * [* th:*] [2147483647]: org.thymeleaf.standard.processor.StandardDefaultAttributesTagProcessor
[THYMELEAF]         * Text Processors by [precedence]:
[THYMELEAF]             * [1000]: org.thymeleaf.standard.processor.StandardInliningTextProcessor
[THYMELEAF]         * CDATA Section Processors by [precedence]:
[THYMELEAF]             * [1000]: org.thymeleaf.standard.processor.StandardInliningCDATASectionProcessor
[THYMELEAF]         * Comment Processors by [precedence]:
[THYMELEAF]             * [1000]: org.thymeleaf.standard.processor.StandardInliningCommentProcessor
[THYMELEAF]     * Processors for Template Mode: TEXT
[THYMELEAF]         * Element Tag Processors by [matching element and attribute name] [precedence]:
[THYMELEAF]             * [* {th:insert}] [100]: org.thymeleaf.standard.processor.StandardInsertTagProcessor
[THYMELEAF]             * [* {th:replace}] [100]: org.thymeleaf.standard.processor.StandardReplaceTagProcessor
[THYMELEAF]             * [* {th:each}] [200]: com.intuit.karate.template.KarateEachTagProcessor
[THYMELEAF]             * [* {th:switch}] [250]: org.thymeleaf.standard.processor.StandardSwitchTagProcessor
[THYMELEAF]             * [* {th:case}] [275]: org.thymeleaf.standard.processor.StandardCaseTagProcessor
[THYMELEAF]             * [* {th:if}] [300]: org.thymeleaf.standard.processor.StandardIfTagProcessor
[THYMELEAF]             * [* {th:unless}] [400]: org.thymeleaf.standard.processor.StandardUnlessTagProcessor
[THYMELEAF]             * [* {th:object}] [500]: org.thymeleaf.standard.processor.StandardObjectTagProcessor
[THYMELEAF]             * [* {th:with}] [600]: com.intuit.karate.template.KarateWithTagProcessor
[THYMELEAF]             * [* {th:inline}] [1000]: org.thymeleaf.standard.processor.StandardInlineTextualTagProcessor
[THYMELEAF]             * [* {th:text}] [1300]: org.thymeleaf.standard.processor.StandardTextTagProcessor
[THYMELEAF]             * [* {th:utext}] [1400]: org.thymeleaf.standard.processor.StandardUtextTagProcessor
[THYMELEAF]             * [* {th:assert}] [1550]: org.thymeleaf.standard.processor.StandardAssertTagProcessor
[THYMELEAF]             * [* {th:remove}] [1600]: org.thymeleaf.standard.processor.StandardRemoveTagProcessor
[THYMELEAF]             * [{th:block} *] [100000]: org.thymeleaf.standard.processor.StandardBlockTagProcessor
[THYMELEAF]             * [* 100000] [org.thymeleaf.standard.processor.StandardBlockTagProcessor]: {}
[THYMELEAF]         * Text Processors by [precedence]:
[THYMELEAF]             * [1000]: org.thymeleaf.standard.processor.StandardInliningTextProcessor
[THYMELEAF]     * Processors for Template Mode: JAVASCRIPT
[THYMELEAF]         * Element Tag Processors by [matching element and attribute name] [precedence]:
[THYMELEAF]             * [* {th:insert}] [100]: org.thymeleaf.standard.processor.StandardInsertTagProcessor
[THYMELEAF]             * [* {th:replace}] [100]: org.thymeleaf.standard.processor.StandardReplaceTagProcessor
[THYMELEAF]             * [* {th:each}] [200]: com.intuit.karate.template.KarateEachTagProcessor
[THYMELEAF]             * [* {th:switch}] [250]: org.thymeleaf.standard.processor.StandardSwitchTagProcessor
[THYMELEAF]             * [* {th:case}] [275]: org.thymeleaf.standard.processor.StandardCaseTagProcessor
[THYMELEAF]             * [* {th:if}] [300]: org.thymeleaf.standard.processor.StandardIfTagProcessor
[THYMELEAF]             * [* {th:unless}] [400]: org.thymeleaf.standard.processor.StandardUnlessTagProcessor
[THYMELEAF]             * [* {th:object}] [500]: org.thymeleaf.standard.processor.StandardObjectTagProcessor
[THYMELEAF]             * [* {th:with}] [600]: com.intuit.karate.template.KarateWithTagProcessor
[THYMELEAF]             * [* {th:inline}] [1000]: org.thymeleaf.standard.processor.StandardInlineTextualTagProcessor
[THYMELEAF]             * [* {th:text}] [1300]: org.thymeleaf.standard.processor.StandardTextTagProcessor
[THYMELEAF]             * [* {th:utext}] [1400]: org.thymeleaf.standard.processor.StandardUtextTagProcessor
[THYMELEAF]             * [* {th:assert}] [1550]: org.thymeleaf.standard.processor.StandardAssertTagProcessor
[THYMELEAF]             * [* {th:remove}] [1600]: org.thymeleaf.standard.processor.StandardRemoveTagProcessor
[THYMELEAF]             * [* 100000] [org.thymeleaf.standard.processor.StandardBlockTagProcessor]: {}
[THYMELEAF]             * [{th:block} *] [100000]: org.thymeleaf.standard.processor.StandardBlockTagProcessor
[THYMELEAF]         * Text Processors by [precedence]:
[THYMELEAF]             * [1000]: org.thymeleaf.standard.processor.StandardInliningTextProcessor
[THYMELEAF]     * Processors for Template Mode: CSS
[THYMELEAF]         * Element Tag Processors by [matching element and attribute name] [precedence]:
[THYMELEAF]             * [* {th:insert}] [100]: org.thymeleaf.standard.processor.StandardInsertTagProcessor
[THYMELEAF]             * [* {th:replace}] [100]: org.thymeleaf.standard.processor.StandardReplaceTagProcessor
[THYMELEAF]             * [* {th:each}] [200]: com.intuit.karate.template.KarateEachTagProcessor
[THYMELEAF]             * [* {th:switch}] [250]: org.thymeleaf.standard.processor.StandardSwitchTagProcessor
[THYMELEAF]             * [* {th:case}] [275]: org.thymeleaf.standard.processor.StandardCaseTagProcessor
[THYMELEAF]             * [* {th:if}] [300]: org.thymeleaf.standard.processor.StandardIfTagProcessor
[THYMELEAF]             * [* {th:unless}] [400]: org.thymeleaf.standard.processor.StandardUnlessTagProcessor
[THYMELEAF]             * [* {th:object}] [500]: org.thymeleaf.standard.processor.StandardObjectTagProcessor
[THYMELEAF]             * [* {th:with}] [600]: com.intuit.karate.template.KarateWithTagProcessor
[THYMELEAF]             * [* {th:inline}] [1000]: org.thymeleaf.standard.processor.StandardInlineTextualTagProcessor
[THYMELEAF]             * [* {th:text}] [1300]: org.thymeleaf.standard.processor.StandardTextTagProcessor
[THYMELEAF]             * [* {th:utext}] [1400]: org.thymeleaf.standard.processor.StandardUtextTagProcessor
[THYMELEAF]             * [* {th:assert}] [1550]: org.thymeleaf.standard.processor.StandardAssertTagProcessor
[THYMELEAF]             * [* {th:remove}] [1600]: org.thymeleaf.standard.processor.StandardRemoveTagProcessor
[THYMELEAF]             * [{th:block} *] [100000]: org.thymeleaf.standard.processor.StandardBlockTagProcessor
[THYMELEAF]             * [* 100000] [org.thymeleaf.standard.processor.StandardBlockTagProcessor]: {}
[THYMELEAF]         * Text Processors by [precedence]:
[THYMELEAF]             * [1000]: org.thymeleaf.standard.processor.StandardInliningTextProcessor
[THYMELEAF]     * Expression Objects:
[THYMELEAF]         * #ctx
[THYMELEAF]         * #root
[THYMELEAF]         * #vars
[THYMELEAF]         * #object
[THYMELEAF]         * #locale
[THYMELEAF]         * #request
[THYMELEAF]         * #response
[THYMELEAF]         * #session
[THYMELEAF]         * #servletContext
[THYMELEAF]         * #conversions
[THYMELEAF]         * #uris
[THYMELEAF]         * #calendars
[THYMELEAF]         * #dates
[THYMELEAF]         * #bools
[THYMELEAF]         * #numbers
[THYMELEAF]         * #objects
[THYMELEAF]         * #strings
[THYMELEAF]         * #arrays
[THYMELEAF]         * #lists
[THYMELEAF]         * #sets
[THYMELEAF]         * #maps
[THYMELEAF]         * #aggregates
[THYMELEAF]         * #messages
[THYMELEAF]         * #ids
[THYMELEAF]         * #execInfo
[THYMELEAF]         * #httpServletRequest
[THYMELEAF]         * #httpSession
[THYMELEAF]     * Execution Attributes:
[THYMELEAF]         * "StandardExpressionParser": com.intuit.karate.template.KarateStandardDialect@5c8ab9de
[THYMELEAF]         * "StandardJavaScriptSerializer": org.thymeleaf.standard.serializer.StandardJavaScriptSerializer@75cacb3e
[THYMELEAF]         * "StandardCSSSerializer": org.thymeleaf.standard.serializer.StandardCSSSerializer@61957d9c
[THYMELEAF]         * "StandardVariableExpressionEvaluator": com.intuit.karate.template.KarateStandardDialect@5c8ab9de
[THYMELEAF]         * "StandardConversionService": org.thymeleaf.standard.expression.StandardConversionService@29c59b6e
[THYMELEAF] * Dialect [2 of 2]: karate (com.intuit.karate.template.KarateScriptDialect)
[THYMELEAF]     * Prefix: "ka"
[THYMELEAF]     * Processors for Template Mode: HTML
[THYMELEAF]         * Element Tag Processors by [matching element and attribute name] [precedence]:
[THYMELEAF]             * [* {src}] [1000]: com.intuit.karate.template.KaScriptAttrProcessor
[THYMELEAF]         * Element Model Processors by [matching element and attribute name] [precedence]:
[THYMELEAF]             * [{script} {ka:scope,data-ka-scope}] [1000]: com.intuit.karate.template.KaScriptElemProcessor
[THYMELEAF]             * [* {ka:set,data-ka-set}] [1000]: com.intuit.karate.template.KaSetElemProcessor
[THYMELEAF] TEMPLATE ENGINE CONFIGURED OK
21:53:21.763 [Test worker] DEBUG org.thymeleaf.TemplateEngine - [THYMELEAF] TEMPLATE ENGINE INITIALIZED
21:53:21.778 [Test worker] DEBUG org.thymeleaf.TemplateEngine - [THYMELEAF] INITIALIZING TEMPLATE ENGINE
21:53:21.819 [Test worker] DEBUG org.thymeleaf.TemplateEngine.CONFIG - Initializing Thymeleaf Template engine configuration...
[THYMELEAF] TEMPLATE ENGINE CONFIGURATION:
[THYMELEAF] * Thymeleaf version: 3.0.14.RELEASE (built 2021-12-08T00:45:29+0000)
[THYMELEAF] * Cache Manager implementation: org.thymeleaf.cache.StandardCacheManager
[THYMELEAF] * Template resolvers:
[THYMELEAF]     * [1] com.intuit.karate.template.ResourceHtmlTemplateResolver
[THYMELEAF] * Message resolvers:
[THYMELEAF]     * org.thymeleaf.messageresolver.StandardMessageResolver
[THYMELEAF] * Link builders:
[THYMELEAF]     * org.thymeleaf.linkbuilder.StandardLinkBuilder
[THYMELEAF] * Dialect [1 of 2]: Standard (com.intuit.karate.template.KarateStandardDialect)
[THYMELEAF]     * Prefix: "th"
[THYMELEAF]     * Processors for Template Mode: HTML
[THYMELEAF]         * Element Tag Processors by [matching element and attribute name] [precedence]:
[THYMELEAF]             * [* {th:include,data-th-include}] [100]: org.thymeleaf.standard.processor.StandardIncludeTagProcessor
[THYMELEAF]             * [* {th:insert,data-th-insert}] [100]: org.thymeleaf.standard.processor.StandardInsertTagProcessor
[THYMELEAF]             * [* {th:replace,data-th-replace}] [100]: org.thymeleaf.standard.processor.StandardReplaceTagProcessor
[THYMELEAF]             * [* {th:substituteby,data-th-substituteby}] [100]: org.thymeleaf.standard.processor.StandardSubstituteByTagProcessor
[THYMELEAF]             * [* {th:each,data-th-each}] [200]: com.intuit.karate.template.KarateEachTagProcessor
[THYMELEAF]             * [* {th:switch,data-th-switch}] [250]: org.thymeleaf.standard.processor.StandardSwitchTagProcessor
[THYMELEAF]             * [* {th:case,data-th-case}] [275]: org.thymeleaf.standard.processor.StandardCaseTagProcessor
[THYMELEAF]             * [* {th:if,data-th-if}] [300]: org.thymeleaf.standard.processor.StandardIfTagProcessor
[THYMELEAF]             * [* {th:unless,data-th-unless}] [400]: org.thymeleaf.standard.processor.StandardUnlessTagProcessor
[THYMELEAF]             * [* {th:object,data-th-object}] [500]: org.thymeleaf.standard.processor.StandardObjectTagProcessor
[THYMELEAF]             * [* {th:with,data-th-with}] [600]: com.intuit.karate.template.KarateWithTagProcessor
[THYMELEAF]             * [* {th:attr,data-th-attr}] [700]: com.intuit.karate.template.KarateAttributeTagProcessor.KarateAttrTagProcessor
[THYMELEAF]             * [* {th:attrappend,data-th-attrappend}] [900]: com.intuit.karate.template.KarateAttributeTagProcessor.KarateAttrappendTagProcessor
[THYMELEAF]             * [* {th:attrprepend,data-th-attrprepend}] [900]: com.intuit.karate.template.KarateAttributeTagProcessor.KarateAttrprependTagProcessor
[THYMELEAF]             * [* {th:alt-title,data-th-alt-title}] [990]: org.thymeleaf.standard.processor.StandardAltTitleTagProcessor
[THYMELEAF]             * [* {th:lang-xmllang,data-th-lang-xmllang}] [990]: org.thymeleaf.standard.processor.StandardLangXmlLangTagProcessor
[THYMELEAF]             * [* {th:action,data-th-action}] [1000]: org.thymeleaf.standard.processor.StandardActionTagProcessor
[THYMELEAF]             * [* {th:readonly,data-th-readonly}] [1000]: org.thymeleaf.standard.processor.StandardConditionalFixedValueTagProcessor
[THYMELEAF]             * [* {th:reversed,data-th-reversed}] [1000]: org.thymeleaf.standard.processor.StandardConditionalFixedValueTagProcessor
[THYMELEAF]             * [* {th:seamless,data-th-seamless}] [1000]: org.thymeleaf.standard.processor.StandardConditionalFixedValueTagProcessor
[THYMELEAF]             * [* {th:checked,data-th-checked}] [1000]: org.thymeleaf.standard.processor.StandardConditionalFixedValueTagProcessor
[THYMELEAF]             * [* {th:formnovalidate,data-th-formnovalidate}] [1000]: org.thymeleaf.standard.processor.StandardConditionalFixedValueTagProcessor
[THYMELEAF]             * [* {th:multiple,data-th-multiple}] [1000]: org.thymeleaf.standard.processor.StandardConditionalFixedValueTagProcessor
[THYMELEAF]             * [* {th:selected,data-th-selected}] [1000]: org.thymeleaf.standard.processor.StandardConditionalFixedValueTagProcessor
[THYMELEAF]             * [* {th:controls,data-th-controls}] [1000]: org.thymeleaf.standard.processor.StandardConditionalFixedValueTagProcessor
[THYMELEAF]             * [* {th:hidden,data-th-hidden}] [1000]: org.thymeleaf.standard.processor.StandardConditionalFixedValueTagProcessor
[THYMELEAF]             * [* {th:novalidate,data-th-novalidate}] [1000]: org.thymeleaf.standard.processor.StandardConditionalFixedValueTagProcessor
[THYMELEAF]             * [* {th:default,data-th-default}] [1000]: org.thymeleaf.standard.processor.StandardConditionalFixedValueTagProcessor
[THYMELEAF]             * [* {th:autofocus,data-th-autofocus}] [1000]: org.thymeleaf.standard.processor.StandardConditionalFixedValueTagProcessor
[THYMELEAF]             * [* {th:async,data-th-async}] [1000]: org.thymeleaf.standard.processor.StandardConditionalFixedValueTagProcessor
[THYMELEAF]             * [* {th:autoplay,data-th-autoplay}] [1000]: org.thymeleaf.standard.processor.StandardConditionalFixedValueTagProcessor
[THYMELEAF]             * [* {th:ismap,data-th-ismap}] [1000]: org.thymeleaf.standard.processor.StandardConditionalFixedValueTagProcessor
[THYMELEAF]             * [* {th:declare,data-th-declare}] [1000]: org.thymeleaf.standard.processor.StandardConditionalFixedValueTagProcessor
[THYMELEAF]             * [* {th:pubdate,data-th-pubdate}] [1000]: org.thymeleaf.standard.processor.StandardConditionalFixedValueTagProcessor
[THYMELEAF]             * [* {th:defer,data-th-defer}] [1000]: org.thymeleaf.standard.processor.StandardConditionalFixedValueTagProcessor
[THYMELEAF]             * [* {th:open,data-th-open}] [1000]: org.thymeleaf.standard.processor.StandardConditionalFixedValueTagProcessor
[THYMELEAF]             * [* {th:required,data-th-required}] [1000]: org.thymeleaf.standard.processor.StandardConditionalFixedValueTagProcessor
[THYMELEAF]             * [* {th:nowrap,data-th-nowrap}] [1000]: org.thymeleaf.standard.processor.StandardConditionalFixedValueTagProcessor
[THYMELEAF]             * [* {th:disabled,data-th-disabled}] [1000]: org.thymeleaf.standard.processor.StandardConditionalFixedValueTagProcessor
[THYMELEAF]             * [* {th:scoped,data-th-scoped}] [1000]: org.thymeleaf.standard.processor.StandardConditionalFixedValueTagProcessor
[THYMELEAF]             * [* {th:loop,data-th-loop}] [1000]: org.thymeleaf.standard.processor.StandardConditionalFixedValueTagProcessor
[THYMELEAF]             * [* {th:onmousewheel,data-th-onmousewheel}] [1000]: org.thymeleaf.standard.processor.StandardDOMEventAttributeTagProcessor
[THYMELEAF]             * [* {th:ondurationchange,data-th-ondurationchange}] [1000]: org.thymeleaf.standard.processor.StandardDOMEventAttributeTagProcessor
[THYMELEAF]             * [* {th:onmouseover,data-th-onmouseover}] [1000]: org.thymeleaf.standard.processor.StandardDOMEventAttributeTagProcessor
[THYMELEAF]             * [* {th:onpopstate,data-th-onpopstate}] [1000]: org.thymeleaf.standard.processor.StandardDOMEventAttributeTagProcessor
[THYMELEAF]             * [* {th:onmouseup,data-th-onmouseup}] [1000]: org.thymeleaf.standard.processor.StandardDOMEventAttributeTagProcessor
[THYMELEAF]             * [* {th:ondragenter,data-th-ondragenter}] [1000]: org.thymeleaf.standard.processor.StandardDOMEventAttributeTagProcessor
[THYMELEAF]             * [* {th:onwaiting,data-th-onwaiting}] [1000]: org.thymeleaf.standard.processor.StandardDOMEventAttributeTagProcessor
[THYMELEAF]             * [* {th:onafterprint,data-th-onafterprint}] [1000]: org.thymeleaf.standard.processor.StandardDOMEventAttributeTagProcessor
[THYMELEAF]             * [* {th:onresize,data-th-onresize}] [1000]: org.thymeleaf.standard.processor.StandardDOMEventAttributeTagProcessor
[THYMELEAF]             * [* {th:onsubmit,data-th-onsubmit}] [1000]: org.thymeleaf.standard.processor.StandardDOMEventAttributeTagProcessor
[THYMELEAF]             * [* {th:onmousemove,data-th-onmousemove}] [1000]: org.thymeleaf.standard.processor.StandardDOMEventAttributeTagProcessor
[THYMELEAF]             * [* {th:onstalled,data-th-onstalled}] [1000]: org.thymeleaf.standard.processor.StandardDOMEventAttributeTagProcessor
[THYMELEAF]             * [* {th:onseeking,data-th-onseeking}] [1000]: org.thymeleaf.standard.processor.StandardDOMEventAttributeTagProcessor
[THYMELEAF]             * [* {th:oncanplay,data-th-oncanplay}] [1000]: org.thymeleaf.standard.processor.StandardDOMEventAttributeTagProcessor
[THYMELEAF]             * [* {th:onvolumechange,data-th-onvolumechange}] [1000]: org.thymeleaf.standard.processor.StandardDOMEventAttributeTagProcessor
[THYMELEAF]             * [* {th:oninvalid,data-th-oninvalid}] [1000]: org.thymeleaf.standard.processor.StandardDOMEventAttributeTagProcessor
[THYMELEAF]             * [* {th:ondrop,data-th-ondrop}] [1000]: org.thymeleaf.standard.processor.StandardDOMEventAttributeTagProcessor
[THYMELEAF]             * [* {th:oninput,data-th-oninput}] [1000]: org.thymeleaf.standard.processor.StandardDOMEventAttributeTagProcessor
[THYMELEAF]             * [* {th:onredo,data-th-onredo}] [1000]: org.thymeleaf.standard.processor.StandardDOMEventAttributeTagProcessor
[THYMELEAF]             * [* {th:onemptied,data-th-onemptied}] [1000]: org.thymeleaf.standard.processor.StandardDOMEventAttributeTagProcessor
[THYMELEAF]             * [* {th:onpause,data-th-onpause}] [1000]: org.thymeleaf.standard.processor.StandardDOMEventAttributeTagProcessor
[THYMELEAF]             * [* {th:onstorage,data-th-onstorage}] [1000]: org.thymeleaf.standard.processor.StandardDOMEventAttributeTagProcessor
[THYMELEAF]             * [* {th:onseeked,data-th-onseeked}] [1000]: org.thymeleaf.standard.processor.StandardDOMEventAttributeTagProcessor
[THYMELEAF]             * [* {th:onmouseout,data-th-onmouseout}] [1000]: org.thymeleaf.standard.processor.StandardDOMEventAttributeTagProcessor
[THYMELEAF]             * [* {th:onplay,data-th-onplay}] [1000]: org.thymeleaf.standard.processor.StandardDOMEventAttributeTagProcessor
[THYMELEAF]             * [* {th:onblur,data-th-onblur}] [1000]: org.thymeleaf.standard.processor.StandardDOMEventAttributeTagProcessor
[THYMELEAF]             * [* {th:ondrag,data-th-ondrag}] [1000]: org.thymeleaf.standard.processor.StandardDOMEventAttributeTagProcessor
[THYMELEAF]             * [* {th:ondragleave,data-th-ondragleave}] [1000]: org.thymeleaf.standard.processor.StandardDOMEventAttributeTagProcessor
[THYMELEAF]             * [* {th:onchange,data-th-onchange}] [1000]: org.thymeleaf.standard.processor.StandardDOMEventAttributeTagProcessor
[THYMELEAF]             * [* {th:ondragend,data-th-ondragend}] [1000]: org.thymeleaf.standard.processor.StandardDOMEventAttributeTagProcessor
[THYMELEAF]             * [* {th:onscroll,data-th-onscroll}] [1000]: org.thymeleaf.standard.processor.StandardDOMEventAttributeTagProcessor
[THYMELEAF]             * [* {th:onload,data-th-onload}] [1000]: org.thymeleaf.standard.processor.StandardDOMEventAttributeTagProcessor
[THYMELEAF]             * [* {th:onsuspend,data-th-onsuspend}] [1000]: org.thymeleaf.standard.processor.StandardDOMEventAttributeTagProcessor
[THYMELEAF]             * [* {th:onunload,data-th-onunload}] [1000]: org.thymeleaf.standard.processor.StandardDOMEventAttributeTagProcessor
[THYMELEAF]             * [* {th:ondblclick,data-th-ondblclick}] [1000]: org.thymeleaf.standard.processor.StandardDOMEventAttributeTagProcessor
[THYMELEAF]             * [* {th:onreset,data-th-onreset}] [1000]: org.thymeleaf.standard.processor.StandardDOMEventAttributeTagProcessor
[THYMELEAF]             * [* {th:oncanplaythrough,data-th-oncanplaythrough}] [1000]: org.thymeleaf.standard.processor.StandardDOMEventAttributeTagProcessor
[THYMELEAF]             * [* {th:onoffline,data-th-onoffline}] [1000]: org.thymeleaf.standard.processor.StandardDOMEventAttributeTagProcessor
[THYMELEAF]             * [* {th:onreadystatechange,data-th-onreadystatechange}] [1000]: org.thymeleaf.standard.processor.StandardDOMEventAttributeTagProcessor
[THYMELEAF]             * [* {th:onmessage,data-th-onmessage}] [1000]: org.thymeleaf.standard.processor.StandardDOMEventAttributeTagProcessor
[THYMELEAF]             * [* {th:onformchange,data-th-onformchange}] [1000]: org.thymeleaf.standard.processor.StandardDOMEventAttributeTagProcessor
[THYMELEAF]             * [* {th:onmousedown,data-th-onmousedown}] [1000]: org.thymeleaf.standard.processor.StandardDOMEventAttributeTagProcessor
[THYMELEAF]             * [* {th:ontimeupdate,data-th-ontimeupdate}] [1000]: org.thymeleaf.standard.processor.StandardDOMEventAttributeTagProcessor
[THYMELEAF]             * [* {th:onundo,data-th-onundo}] [1000]: org.thymeleaf.standard.processor.StandardDOMEventAttributeTagProcessor
[THYMELEAF]             * [* {th:onfocus,data-th-onfocus}] [1000]: org.thymeleaf.standard.processor.StandardDOMEventAttributeTagProcessor
[THYMELEAF]             * [* {th:ononline,data-th-ononline}] [1000]: org.thymeleaf.standard.processor.StandardDOMEventAttributeTagProcessor
[THYMELEAF]             * [* {th:onhashchange,data-th-onhashchange}] [1000]: org.thymeleaf.standard.processor.StandardDOMEventAttributeTagProcessor
[THYMELEAF]             * [* {th:onforminput,data-th-onforminput}] [1000]: org.thymeleaf.standard.processor.StandardDOMEventAttributeTagProcessor
[THYMELEAF]             * [* {th:onloadeddata,data-th-onloadeddata}] [1000]: org.thymeleaf.standard.processor.StandardDOMEventAttributeTagProcessor
[THYMELEAF]             * [* {th:oncontextmenu,data-th-oncontextmenu}] [1000]: org.thymeleaf.standard.processor.StandardDOMEventAttributeTagProcessor
[THYMELEAF]             * [* {th:onshow,data-th-onshow}] [1000]: org.thymeleaf.standard.processor.StandardDOMEventAttributeTagProcessor
[THYMELEAF]             * [* {th:onabort,data-th-onabort}] [1000]: org.thymeleaf.standard.processor.StandardDOMEventAttributeTagProcessor
[THYMELEAF]             * [* {th:onprogress,data-th-onprogress}] [1000]: org.thymeleaf.standard.processor.StandardDOMEventAttributeTagProcessor
[THYMELEAF]             * [* {th:onerror,data-th-onerror}] [1000]: org.thymeleaf.standard.processor.StandardDOMEventAttributeTagProcessor
[THYMELEAF]             * [* {th:onplaying,data-th-onplaying}] [1000]: org.thymeleaf.standard.processor.StandardDOMEventAttributeTagProcessor
[THYMELEAF]             * [* {th:onratechange,data-th-onratechange}] [1000]: org.thymeleaf.standard.processor.StandardDOMEventAttributeTagProcessor
[THYMELEAF]             * [* {th:ondragstart,data-th-ondragstart}] [1000]: org.thymeleaf.standard.processor.StandardDOMEventAttributeTagProcessor
[THYMELEAF]             * [* {th:onloadedmetadata,data-th-onloadedmetadata}] [1000]: org.thymeleaf.standard.processor.StandardDOMEventAttributeTagProcessor
[THYMELEAF]             * [* {th:onkeydown,data-th-onkeydown}] [1000]: org.thymeleaf.standard.processor.StandardDOMEventAttributeTagProcessor
[THYMELEAF]             * [* {th:ondragover,data-th-ondragover}] [1000]: org.thymeleaf.standard.processor.StandardDOMEventAttributeTagProcessor
[THYMELEAF]             * [* {th:onbeforeunload,data-th-onbeforeunload}] [1000]: org.thymeleaf.standard.processor.StandardDOMEventAttributeTagProcessor
[THYMELEAF]             * [* {th:onbeforeprint,data-th-onbeforeprint}] [1000]: org.thymeleaf.standard.processor.StandardDOMEventAttributeTagProcessor
[THYMELEAF]             * [* {th:onloadstart,data-th-onloadstart}] [1000]: org.thymeleaf.standard.processor.StandardDOMEventAttributeTagProcessor
[THYMELEAF]             * [* {th:onclick,data-th-onclick}] [1000]: org.thymeleaf.standard.processor.StandardDOMEventAttributeTagProcessor
[THYMELEAF]             * [* {th:onkeyup,data-th-onkeyup}] [1000]: org.thymeleaf.standard.processor.StandardDOMEventAttributeTagProcessor
[THYMELEAF]             * [* {th:onselect,data-th-onselect}] [1000]: org.thymeleaf.standard.processor.StandardDOMEventAttributeTagProcessor
[THYMELEAF]             * [* {th:onended,data-th-onended}] [1000]: org.thymeleaf.standard.processor.StandardDOMEventAttributeTagProcessor
[THYMELEAF]             * [* {th:onkeypress,data-th-onkeypress}] [1000]: org.thymeleaf.standard.processor.StandardDOMEventAttributeTagProcessor
[THYMELEAF]             * [* {th:href,data-th-href}] [1000]: org.thymeleaf.standard.processor.StandardHrefTagProcessor
[THYMELEAF]             * [* {th:inline,data-th-inline}] [1000]: org.thymeleaf.standard.processor.StandardInlineHTMLTagProcessor
[THYMELEAF]             * [* {th:method,data-th-method}] [1000]: org.thymeleaf.standard.processor.StandardMethodTagProcessor
[THYMELEAF]             * [* {th:type,data-th-type}] [1000]: org.thymeleaf.standard.processor.StandardNonRemovableAttributeTagProcessor
[THYMELEAF]             * [* {th:name,data-th-name}] [1000]: org.thymeleaf.standard.processor.StandardNonRemovableAttributeTagProcessor
[THYMELEAF]             * [* {th:label,data-th-label}] [1000]: org.thymeleaf.standard.processor.StandardRemovableAttributeTagProcessor
[THYMELEAF]             * [* {th:accept,data-th-accept}] [1000]: org.thymeleaf.standard.processor.StandardRemovableAttributeTagProcessor
[THYMELEAF]             * [* {th:icon,data-th-icon}] [1000]: org.thymeleaf.standard.processor.StandardRemovableAttributeTagProcessor
[THYMELEAF]             * [* {th:min,data-th-min}] [1000]: org.thymeleaf.standard.processor.StandardRemovableAttributeTagProcessor
[THYMELEAF]             * [* {th:accept-charset,data-th-accept-charset}] [1000]: org.thymeleaf.standard.processor.StandardRemovableAttributeTagProcessor
[THYMELEAF]             * [* {th:autocomplete,data-th-autocomplete}] [1000]: org.thymeleaf.standard.processor.StandardRemovableAttributeTagProcessor
[THYMELEAF]             * [* {th:step,data-th-step}] [1000]: org.thymeleaf.standard.processor.StandardRemovableAttributeTagProcessor
[THYMELEAF]             * [* {th:scrolling,data-th-scrolling}] [1000]: org.thymeleaf.standard.processor.StandardRemovableAttributeTagProcessor
[THYMELEAF]             * [* {th:radiogroup,data-th-radiogroup}] [1000]: org.thymeleaf.standard.processor.StandardRemovableAttributeTagProcessor
[THYMELEAF]             * [* {th:colspan,data-th-colspan}] [1000]: org.thymeleaf.standard.processor.StandardRemovableAttributeTagProcessor
[THYMELEAF]             * [* {th:http-equiv,data-th-http-equiv}] [1000]: org.thymeleaf.standard.processor.StandardRemovableAttributeTagProcessor
[THYMELEAF]             * [* {th:rows,data-th-rows}] [1000]: org.thymeleaf.standard.processor.StandardRemovableAttributeTagProcessor
[THYMELEAF]             * [* {th:for,data-th-for}] [1000]: org.thymeleaf.standard.processor.StandardRemovableAttributeTagProcessor
[THYMELEAF]             * [* {th:charset,data-th-charset}] [1000]: org.thymeleaf.standard.processor.StandardRemovableAttributeTagProcessor
[THYMELEAF]             * [* {th:size,data-th-size}] [1000]: org.thymeleaf.standard.processor.StandardRemovableAttributeTagProcessor
[THYMELEAF]             * [* {th:bgcolor,data-th-bgcolor}] [1000]: org.thymeleaf.standard.processor.StandardRemovableAttributeTagProcessor
[THYMELEAF]             * [* {th:alt,data-th-alt}] [1000]: org.thymeleaf.standard.processor.StandardRemovableAttributeTagProcessor
[THYMELEAF]             * [* {th:abbr,data-th-abbr}] [1000]: org.thymeleaf.standard.processor.StandardRemovableAttributeTagProcessor
[THYMELEAF]             * [* {th:frame,data-th-frame}] [1000]: org.thymeleaf.standard.processor.StandardRemovableAttributeTagProcessor
[THYMELEAF]             * [* {th:marginwidth,data-th-marginwidth}] [1000]: org.thymeleaf.standard.processor.StandardRemovableAttributeTagProcessor
[THYMELEAF]             * [* {th:data,data-th-data}] [1000]: org.thymeleaf.standard.processor.StandardRemovableAttributeTagProcessor
[THYMELEAF]             * [* {th:hreflang,data-th-hreflang}] [1000]: org.thymeleaf.standard.processor.StandardRemovableAttributeTagProcessor
[THYMELEAF]             * [* {th:id,data-th-id}] [1000]: org.thymeleaf.standard.processor.StandardRemovableAttributeTagProcessor
[THYMELEAF]             * [* {th:spellcheck,data-th-spellcheck}] [1000]: org.thymeleaf.standard.processor.StandardRemovableAttributeTagProcessor
[THYMELEAF]             * [* {th:cols,data-th-cols}] [1000]: org.thymeleaf.standard.processor.StandardRemovableAttributeTagProcessor
[THYMELEAF]             * [* {th:contextmenu,data-th-contextmenu}] [1000]: org.thymeleaf.standard.processor.StandardRemovableAttributeTagProcessor
[THYMELEAF]             * [* {th:class,data-th-class}] [1000]: org.thymeleaf.standard.processor.StandardRemovableAttributeTagProcessor
[THYMELEAF]             * [* {th:border,data-th-border}] [1000]: org.thymeleaf.standard.processor.StandardRemovableAttributeTagProcessor
[THYMELEAF]             * [* {th:start,data-th-start}] [1000]: org.thymeleaf.standard.processor.StandardRemovableAttributeTagProcessor
[THYMELEAF]             * [* {th:media,data-th-media}] [1000]: org.thymeleaf.standard.processor.StandardRemovableAttributeTagProcessor
[THYMELEAF]             * [* {th:draggable,data-th-draggable}] [1000]: org.thymeleaf.standard.processor.StandardRemovableAttributeTagProcessor
[THYMELEAF]             * [* {th:title,data-th-title}] [1000]: org.thymeleaf.standard.processor.StandardRemovableAttributeTagProcessor
[THYMELEAF]             * [* {th:preload,data-th-preload}] [1000]: org.thymeleaf.standard.processor.StandardRemovableAttributeTagProcessor
[THYMELEAF]             * [* {th:compact,data-th-compact}] [1000]: org.thymeleaf.standard.processor.StandardRemovableAttributeTagProcessor
[THYMELEAF]             * [* {th:cellpadding,data-th-cellpadding}] [1000]: org.thymeleaf.standard.processor.StandardRemovableAttributeTagProcessor
[THYMELEAF]             * [* {th:scheme,data-th-scheme}] [1000]: org.thymeleaf.standard.processor.StandardRemovableAttributeTagProcessor
[THYMELEAF]             * [* {th:max,data-th-max}] [1000]: org.thymeleaf.standard.processor.StandardRemovableAttributeTagProcessor
[THYMELEAF]             * [* {th:dropzone,data-th-dropzone}] [1000]: org.thymeleaf.standard.processor.StandardRemovableAttributeTagProcessor
[THYMELEAF]             * [* {th:scope,data-th-scope}] [1000]: org.thymeleaf.standard.processor.StandardRemovableAttributeTagProcessor
[THYMELEAF]             * [* {th:style,data-th-style}] [1000]: org.thymeleaf.standard.processor.StandardRemovableAttributeTagProcessor
[THYMELEAF]             * [* {th:height,data-th-height}] [1000]: org.thymeleaf.standard.processor.StandardRemovableAttributeTagProcessor
[THYMELEAF]             * [* {th:usemap,data-th-usemap}] [1000]: org.thymeleaf.standard.processor.StandardRemovableAttributeTagProcessor
[THYMELEAF]             * [* {th:formmethod,data-th-formmethod}] [1000]: org.thymeleaf.standard.processor.StandardRemovableAttributeTagProcessor
[THYMELEAF]             * [* {th:span,data-th-span}] [1000]: org.thymeleaf.standard.processor.StandardRemovableAttributeTagProcessor
[THYMELEAF]             * [* {th:hspace,data-th-hspace}] [1000]: org.thymeleaf.standard.processor.StandardRemovableAttributeTagProcessor
[THYMELEAF]             * [* {th:keytype,data-th-keytype}] [1000]: org.thymeleaf.standard.processor.StandardRemovableAttributeTagProcessor
[THYMELEAF]             * [* {th:lang,data-th-lang}] [1000]: org.thymeleaf.standard.processor.StandardRemovableAttributeTagProcessor
[THYMELEAF]             * [* {th:formaction,data-th-formaction}] [1000]: org.thymeleaf.standard.processor.StandardRemovableAttributeTagProcessor
[THYMELEAF]             * [* {th:content,data-th-content}] [1000]: org.thymeleaf.standard.processor.StandardRemovableAttributeTagProcessor
[THYMELEAF]             * [* {th:codebase,data-th-codebase}] [1000]: org.thymeleaf.standard.processor.StandardRemovableAttributeTagProcessor
[THYMELEAF]             * [* {th:align,data-th-align}] [1000]: org.thymeleaf.standard.processor.StandardRemovableAttributeTagProcessor
[THYMELEAF]             * [* {th:archive,data-th-archive}] [1000]: org.thymeleaf.standard.processor.StandardRemovableAttributeTagProcessor
[THYMELEAF]             * [* {th:width,data-th-width}] [1000]: org.thymeleaf.standard.processor.StandardRemovableAttributeTagProcessor
[THYMELEAF]             * [* {th:challenge,data-th-challenge}] [1000]: org.thymeleaf.standard.processor.StandardRemovableAttributeTagProcessor
[THYMELEAF]             * [* {th:sizes,data-th-sizes}] [1000]: org.thymeleaf.standard.processor.StandardRemovableAttributeTagProcessor
[THYMELEAF]             * [* {th:accesskey,data-th-accesskey}] [1000]: org.thymeleaf.standard.processor.StandardRemovableAttributeTagProcessor
[THYMELEAF]             * [* {th:manifest,data-th-manifest}] [1000]: org.thymeleaf.standard.processor.StandardRemovableAttributeTagProcessor
[THYMELEAF]             * [* {th:headers,data-th-headers}] [1000]: org.thymeleaf.standard.processor.StandardRemovableAttributeTagProcessor
[THYMELEAF]             * [* {th:dir,data-th-dir}] [1000]: org.thymeleaf.standard.processor.StandardRemovableAttributeTagProcessor
[THYMELEAF]             * [* {th:optimum,data-th-optimum}] [1000]: org.thymeleaf.standard.processor.StandardRemovableAttributeTagProcessor
[THYMELEAF]             * [* {th:vspace,data-th-vspace}] [1000]: org.thymeleaf.standard.processor.StandardRemovableAttributeTagProcessor
[THYMELEAF]             * [* {th:form,data-th-form}] [1000]: org.thymeleaf.standard.processor.StandardRemovableAttributeTagProcessor
[THYMELEAF]             * [* {th:rules,data-th-rules}] [1000]: org.thymeleaf.standard.processor.StandardRemovableAttributeTagProcessor
[THYMELEAF]             * [* {th:valuetype,data-th-valuetype}] [1000]: org.thymeleaf.standard.processor.StandardRemovableAttributeTagProcessor
[THYMELEAF]             * [* {th:rel,data-th-rel}] [1000]: org.thymeleaf.standard.processor.StandardRemovableAttributeTagProcessor
[THYMELEAF]             * [* {th:enctype,data-th-enctype}] [1000]: org.thymeleaf.standard.processor.StandardRemovableAttributeTagProcessor
[THYMELEAF]             * [* {th:axis,data-th-axis}] [1000]: org.thymeleaf.standard.processor.StandardRemovableAttributeTagProcessor
[THYMELEAF]             * [* {th:longdesc,data-th-longdesc}] [1000]: org.thymeleaf.standard.processor.StandardRemovableAttributeTagProcessor
[THYMELEAF]             * [* {th:formenctype,data-th-formenctype}] [1000]: org.thymeleaf.standard.processor.StandardRemovableAttributeTagProcessor
[THYMELEAF]             * [* {th:marginheight,data-th-marginheight}] [1000]: org.thymeleaf.standard.processor.StandardRemovableAttributeTagProcessor
[THYMELEAF]             * [* {th:srclang,data-th-srclang}] [1000]: org.thymeleaf.standard.processor.StandardRemovableAttributeTagProcessor
[THYMELEAF]             * [* {th:formtarget,data-th-formtarget}] [1000]: org.thymeleaf.standard.processor.StandardRemovableAttributeTagProcessor
[THYMELEAF]             * [* {th:target,data-th-target}] [1000]: org.thymeleaf.standard.processor.StandardRemovableAttributeTagProcessor
[THYMELEAF]             * [* {th:codetype,data-th-codetype}] [1000]: org.thymeleaf.standard.processor.StandardRemovableAttributeTagProcessor
[THYMELEAF]             * [* {th:classid,data-th-classid}] [1000]: org.thymeleaf.standard.processor.StandardRemovableAttributeTagProcessor
[THYMELEAF]             * [* {th:list,data-th-list}] [1000]: org.thymeleaf.standard.processor.StandardRemovableAttributeTagProcessor
[THYMELEAF]             * [* {th:rev,data-th-rev}] [1000]: org.thymeleaf.standard.processor.StandardRemovableAttributeTagProcessor
[THYMELEAF]             * [* {th:datetime,data-th-datetime}] [1000]: org.thymeleaf.standard.processor.StandardRemovableAttributeTagProcessor
[THYMELEAF]             * [* {th:poster,data-th-poster}] [1000]: org.thymeleaf.standard.processor.StandardRemovableAttributeTagProcessor
[THYMELEAF]             * [* {th:cite,data-th-cite}] [1000]: org.thymeleaf.standard.processor.StandardRemovableAttributeTagProcessor
[THYMELEAF]             * [* {th:contenteditable,data-th-contenteditable}] [1000]: org.thymeleaf.standard.processor.StandardRemovableAttributeTagProcessor
[THYMELEAF]             * [* {th:pattern,data-th-pattern}] [1000]: org.thymeleaf.standard.processor.StandardRemovableAttributeTagProcessor
[THYMELEAF]             * [* {th:standby,data-th-standby}] [1000]: org.thymeleaf.standard.processor.StandardRemovableAttributeTagProcessor
[THYMELEAF]             * [* {th:wrap,data-th-wrap}] [1000]: org.thymeleaf.standard.processor.StandardRemovableAttributeTagProcessor
[THYMELEAF]             * [* {th:audio,data-th-audio}] [1000]: org.thymeleaf.standard.processor.StandardRemovableAttributeTagProcessor
[THYMELEAF]             * [* {th:placeholder,data-th-placeholder}] [1000]: org.thymeleaf.standard.processor.StandardRemovableAttributeTagProcessor
[THYMELEAF]             * [* {th:kind,data-th-kind}] [1000]: org.thymeleaf.standard.processor.StandardRemovableAttributeTagProcessor
[THYMELEAF]             * [* {th:sandbox,data-th-sandbox}] [1000]: org.thymeleaf.standard.processor.StandardRemovableAttributeTagProcessor
[THYMELEAF]             * [* {th:maxlength,data-th-maxlength}] [1000]: org.thymeleaf.standard.processor.StandardRemovableAttributeTagProcessor
[THYMELEAF]             * [* {th:cellspacing,data-th-cellspacing}] [1000]: org.thymeleaf.standard.processor.StandardRemovableAttributeTagProcessor
[THYMELEAF]             * [* {th:rowspan,data-th-rowspan}] [1000]: org.thymeleaf.standard.processor.StandardRemovableAttributeTagProcessor
[THYMELEAF]             * [* {th:frameborder,data-th-frameborder}] [1000]: org.thymeleaf.standard.processor.StandardRemovableAttributeTagProcessor
[THYMELEAF]             * [* {th:high,data-th-high}] [1000]: org.thymeleaf.standard.processor.StandardRemovableAttributeTagProcessor
[THYMELEAF]             * [* {th:background,data-th-background}] [1000]: org.thymeleaf.standard.processor.StandardRemovableAttributeTagProcessor
[THYMELEAF]             * [* {th:low,data-th-low}] [1000]: org.thymeleaf.standard.processor.StandardRemovableAttributeTagProcessor
[THYMELEAF]             * [* {th:tabindex,data-th-tabindex}] [1000]: org.thymeleaf.standard.processor.StandardRemovableAttributeTagProcessor
[THYMELEAF]             * [* {th:summary,data-th-summary}] [1000]: org.thymeleaf.standard.processor.StandardRemovableAttributeTagProcessor
[THYMELEAF]             * [* {th:src,data-th-src}] [1000]: org.thymeleaf.standard.processor.StandardSrcTagProcessor
[THYMELEAF]             * [* {th:value,data-th-value}] [1000]: org.thymeleaf.standard.processor.StandardValueTagProcessor
[THYMELEAF]             * [* {th:xmlbase,data-th-xmlbase}] [1000]: org.thymeleaf.standard.processor.StandardXmlBaseTagProcessor
[THYMELEAF]             * [* {th:xmllang,data-th-xmllang}] [1000]: org.thymeleaf.standard.processor.StandardXmlLangTagProcessor
[THYMELEAF]             * [* {xmlns:th}] [1000]: org.thymeleaf.standard.processor.StandardXmlNsTagProcessor
[THYMELEAF]             * [* {th:xmlspace,data-th-xmlspace}] [1000]: org.thymeleaf.standard.processor.StandardXmlSpaceTagProcessor
[THYMELEAF]             * [* {th:classappend,data-th-classappend}] [1100]: org.thymeleaf.standard.processor.StandardClassappendTagProcessor
[THYMELEAF]             * [* {th:styleappend,data-th-styleappend}] [1100]: org.thymeleaf.standard.processor.StandardStyleappendTagProcessor
[THYMELEAF]             * [* {th:text,data-th-text}] [1300]: org.thymeleaf.standard.processor.StandardTextTagProcessor
[THYMELEAF]             * [* {th:utext,data-th-utext}] [1400]: org.thymeleaf.standard.processor.StandardUtextTagProcessor
[THYMELEAF]             * [* {th:fragment,data-th-fragment}] [1500]: org.thymeleaf.standard.processor.StandardFragmentTagProcessor
[THYMELEAF]             * [* {th:assert,data-th-assert}] [1550]: org.thymeleaf.standard.processor.StandardAssertTagProcessor
[THYMELEAF]             * [* {th:remove,data-th-remove}] [1600]: org.thymeleaf.standard.processor.StandardRemoveTagProcessor
[THYMELEAF]             * [* {th:ref,data-th-ref}] [10000]: org.thymeleaf.standard.processor.StandardRefAttributeTagProcessor
[THYMELEAF]             * [{th:block,th-block} *] [100000]: org.thymeleaf.standard.processor.StandardBlockTagProcessor
[THYMELEAF]             * [* th:*] [2147483647]: org.thymeleaf.standard.processor.StandardDefaultAttributesTagProcessor
[THYMELEAF]         * Text Processors by [precedence]:
[THYMELEAF]             * [1000]: org.thymeleaf.standard.processor.StandardInliningTextProcessor
[THYMELEAF]         * DOCTYPE Processors by [precedence]:
[THYMELEAF]             * [1000]: org.thymeleaf.standard.processor.StandardTranslationDocTypeProcessor
[THYMELEAF]         * CDATA Section Processors by [precedence]:
[THYMELEAF]             * [1000]: org.thymeleaf.standard.processor.StandardInliningCDATASectionProcessor
[THYMELEAF]         * Comment Processors by [precedence]:
[THYMELEAF]             * [1000]: org.thymeleaf.standard.processor.StandardInliningCommentProcessor
[THYMELEAF]             * [1100]: org.thymeleaf.standard.processor.StandardConditionalCommentProcessor
[THYMELEAF]     * Processors for Template Mode: XML
[THYMELEAF]         * Element Tag Processors by [matching element and attribute name] [precedence]:
[THYMELEAF]             * [* {th:include}] [100]: org.thymeleaf.standard.processor.StandardIncludeTagProcessor
[THYMELEAF]             * [* {th:insert}] [100]: org.thymeleaf.standard.processor.StandardInsertTagProcessor
[THYMELEAF]             * [* {th:replace}] [100]: org.thymeleaf.standard.processor.StandardReplaceTagProcessor
[THYMELEAF]             * [* {th:substituteby}] [100]: org.thymeleaf.standard.processor.StandardSubstituteByTagProcessor
[THYMELEAF]             * [* {th:each}] [200]: com.intuit.karate.template.KarateEachTagProcessor
[THYMELEAF]             * [* {th:switch}] [250]: org.thymeleaf.standard.processor.StandardSwitchTagProcessor
[THYMELEAF]             * [* {th:case}] [275]: org.thymeleaf.standard.processor.StandardCaseTagProcessor
[THYMELEAF]             * [* {th:if}] [300]: org.thymeleaf.standard.processor.StandardIfTagProcessor
[THYMELEAF]             * [* {th:unless}] [400]: org.thymeleaf.standard.processor.StandardUnlessTagProcessor
[THYMELEAF]             * [* {th:object}] [500]: org.thymeleaf.standard.processor.StandardObjectTagProcessor
[THYMELEAF]             * [* {th:with}] [600]: com.intuit.karate.template.KarateWithTagProcessor
[THYMELEAF]             * [* {th:attr}] [700]: com.intuit.karate.template.KarateAttributeTagProcessor.KarateAttrTagProcessor
[THYMELEAF]             * [* {th:attrappend}] [900]: com.intuit.karate.template.KarateAttributeTagProcessor.KarateAttrappendTagProcessor
[THYMELEAF]             * [* {th:attrprepend}] [900]: com.intuit.karate.template.KarateAttributeTagProcessor.KarateAttrprependTagProcessor
[THYMELEAF]             * [* {th:inline}] [1000]: org.thymeleaf.standard.processor.StandardInlineXMLTagProcessor
[THYMELEAF]             * [* {xmlns:th}] [1000]: org.thymeleaf.standard.processor.StandardXmlNsTagProcessor
[THYMELEAF]             * [* {th:text}] [1300]: org.thymeleaf.standard.processor.StandardTextTagProcessor
[THYMELEAF]             * [* {th:utext}] [1400]: org.thymeleaf.standard.processor.StandardUtextTagProcessor
[THYMELEAF]             * [* {th:fragment}] [1500]: org.thymeleaf.standard.processor.StandardFragmentTagProcessor
[THYMELEAF]             * [* {th:assert}] [1550]: org.thymeleaf.standard.processor.StandardAssertTagProcessor
[THYMELEAF]             * [* {th:remove}] [1600]: org.thymeleaf.standard.processor.StandardRemoveTagProcessor
[THYMELEAF]             * [* {th:ref}] [10000]: org.thymeleaf.standard.processor.StandardRefAttributeTagProcessor
[THYMELEAF]             * [{th:block} *] [100000]: org.thymeleaf.standard.processor.StandardBlockTagProcessor
[THYMELEAF]             * [* th:*] [2147483647]: org.thymeleaf.standard.processor.StandardDefaultAttributesTagProcessor
[THYMELEAF]         * Text Processors by [precedence]:
[THYMELEAF]             * [1000]: org.thymeleaf.standard.processor.StandardInliningTextProcessor
[THYMELEAF]         * CDATA Section Processors by [precedence]:
[THYMELEAF]             * [1000]: org.thymeleaf.standard.processor.StandardInliningCDATASectionProcessor
[THYMELEAF]         * Comment Processors by [precedence]:
[THYMELEAF]             * [1000]: org.thymeleaf.standard.processor.StandardInliningCommentProcessor
[THYMELEAF]     * Processors for Template Mode: TEXT
[THYMELEAF]         * Element Tag Processors by [matching element and attribute name] [precedence]:
[THYMELEAF]             * [* {th:insert}] [100]: org.thymeleaf.standard.processor.StandardInsertTagProcessor
[THYMELEAF]             * [* {th:replace}] [100]: org.thymeleaf.standard.processor.StandardReplaceTagProcessor
[THYMELEAF]             * [* {th:each}] [200]: com.intuit.karate.template.KarateEachTagProcessor
[THYMELEAF]             * [* {th:switch}] [250]: org.thymeleaf.standard.processor.StandardSwitchTagProcessor
[THYMELEAF]             * [* {th:case}] [275]: org.thymeleaf.standard.processor.StandardCaseTagProcessor
[THYMELEAF]             * [* {th:if}] [300]: org.thymeleaf.standard.processor.StandardIfTagProcessor
[THYMELEAF]             * [* {th:unless}] [400]: org.thymeleaf.standard.processor.StandardUnlessTagProcessor
[THYMELEAF]             * [* {th:object}] [500]: org.thymeleaf.standard.processor.StandardObjectTagProcessor
[THYMELEAF]             * [* {th:with}] [600]: com.intuit.karate.template.KarateWithTagProcessor
[THYMELEAF]             * [* {th:inline}] [1000]: org.thymeleaf.standard.processor.StandardInlineTextualTagProcessor
[THYMELEAF]             * [* {th:text}] [1300]: org.thymeleaf.standard.processor.StandardTextTagProcessor
[THYMELEAF]             * [* {th:utext}] [1400]: org.thymeleaf.standard.processor.StandardUtextTagProcessor
[THYMELEAF]             * [* {th:assert}] [1550]: org.thymeleaf.standard.processor.StandardAssertTagProcessor
[THYMELEAF]             * [* {th:remove}] [1600]: org.thymeleaf.standard.processor.StandardRemoveTagProcessor
[THYMELEAF]             * [{th:block} *] [100000]: org.thymeleaf.standard.processor.StandardBlockTagProcessor
[THYMELEAF]             * [* 100000] [org.thymeleaf.standard.processor.StandardBlockTagProcessor]: {}
[THYMELEAF]         * Text Processors by [precedence]:
[THYMELEAF]             * [1000]: org.thymeleaf.standard.processor.StandardInliningTextProcessor
[THYMELEAF]     * Processors for Template Mode: JAVASCRIPT
[THYMELEAF]         * Element Tag Processors by [matching element and attribute name] [precedence]:
[THYMELEAF]             * [* {th:insert}] [100]: org.thymeleaf.standard.processor.StandardInsertTagProcessor
[THYMELEAF]             * [* {th:replace}] [100]: org.thymeleaf.standard.processor.StandardReplaceTagProcessor
[THYMELEAF]             * [* {th:each}] [200]: com.intuit.karate.template.KarateEachTagProcessor
[THYMELEAF]             * [* {th:switch}] [250]: org.thymeleaf.standard.processor.StandardSwitchTagProcessor
[THYMELEAF]             * [* {th:case}] [275]: org.thymeleaf.standard.processor.StandardCaseTagProcessor
[THYMELEAF]             * [* {th:if}] [300]: org.thymeleaf.standard.processor.StandardIfTagProcessor
[THYMELEAF]             * [* {th:unless}] [400]: org.thymeleaf.standard.processor.StandardUnlessTagProcessor
[THYMELEAF]             * [* {th:object}] [500]: org.thymeleaf.standard.processor.StandardObjectTagProcessor
[THYMELEAF]             * [* {th:with}] [600]: com.intuit.karate.template.KarateWithTagProcessor
[THYMELEAF]             * [* {th:inline}] [1000]: org.thymeleaf.standard.processor.StandardInlineTextualTagProcessor
[THYMELEAF]             * [* {th:text}] [1300]: org.thymeleaf.standard.processor.StandardTextTagProcessor
[THYMELEAF]             * [* {th:utext}] [1400]: org.thymeleaf.standard.processor.StandardUtextTagProcessor
[THYMELEAF]             * [* {th:assert}] [1550]: org.thymeleaf.standard.processor.StandardAssertTagProcessor
[THYMELEAF]             * [* {th:remove}] [1600]: org.thymeleaf.standard.processor.StandardRemoveTagProcessor
[THYMELEAF]             * [* 100000] [org.thymeleaf.standard.processor.StandardBlockTagProcessor]: {}
[THYMELEAF]             * [{th:block} *] [100000]: org.thymeleaf.standard.processor.StandardBlockTagProcessor
[THYMELEAF]         * Text Processors by [precedence]:
[THYMELEAF]             * [1000]: org.thymeleaf.standard.processor.StandardInliningTextProcessor
[THYMELEAF]     * Processors for Template Mode: CSS
[THYMELEAF]         * Element Tag Processors by [matching element and attribute name] [precedence]:
[THYMELEAF]             * [* {th:insert}] [100]: org.thymeleaf.standard.processor.StandardInsertTagProcessor
[THYMELEAF]             * [* {th:replace}] [100]: org.thymeleaf.standard.processor.StandardReplaceTagProcessor
[THYMELEAF]             * [* {th:each}] [200]: com.intuit.karate.template.KarateEachTagProcessor
[THYMELEAF]             * [* {th:switch}] [250]: org.thymeleaf.standard.processor.StandardSwitchTagProcessor
[THYMELEAF]             * [* {th:case}] [275]: org.thymeleaf.standard.processor.StandardCaseTagProcessor
[THYMELEAF]             * [* {th:if}] [300]: org.thymeleaf.standard.processor.StandardIfTagProcessor
[THYMELEAF]             * [* {th:unless}] [400]: org.thymeleaf.standard.processor.StandardUnlessTagProcessor
[THYMELEAF]             * [* {th:object}] [500]: org.thymeleaf.standard.processor.StandardObjectTagProcessor
[THYMELEAF]             * [* {th:with}] [600]: com.intuit.karate.template.KarateWithTagProcessor
[THYMELEAF]             * [* {th:inline}] [1000]: org.thymeleaf.standard.processor.StandardInlineTextualTagProcessor
[THYMELEAF]             * [* {th:text}] [1300]: org.thymeleaf.standard.processor.StandardTextTagProcessor
[THYMELEAF]             * [* {th:utext}] [1400]: org.thymeleaf.standard.processor.StandardUtextTagProcessor
[THYMELEAF]             * [* {th:assert}] [1550]: org.thymeleaf.standard.processor.StandardAssertTagProcessor
[THYMELEAF]             * [* {th:remove}] [1600]: org.thymeleaf.standard.processor.StandardRemoveTagProcessor
[THYMELEAF]             * [{th:block} *] [100000]: org.thymeleaf.standard.processor.StandardBlockTagProcessor
[THYMELEAF]             * [* 100000] [org.thymeleaf.standard.processor.StandardBlockTagProcessor]: {}
[THYMELEAF]         * Text Processors by [precedence]:
[THYMELEAF]             * [1000]: org.thymeleaf.standard.processor.StandardInliningTextProcessor
[THYMELEAF]     * Expression Objects:
[THYMELEAF]         * #ctx
[THYMELEAF]         * #root
[THYMELEAF]         * #vars
[THYMELEAF]         * #object
[THYMELEAF]         * #locale
[THYMELEAF]         * #request
[THYMELEAF]         * #response
[THYMELEAF]         * #session
[THYMELEAF]         * #servletContext
[THYMELEAF]         * #conversions
[THYMELEAF]         * #uris
[THYMELEAF]         * #calendars
[THYMELEAF]         * #dates
[THYMELEAF]         * #bools
[THYMELEAF]         * #numbers
[THYMELEAF]         * #objects
[THYMELEAF]         * #strings
[THYMELEAF]         * #arrays
[THYMELEAF]         * #lists
[THYMELEAF]         * #sets
[THYMELEAF]         * #maps
[THYMELEAF]         * #aggregates
[THYMELEAF]         * #messages
[THYMELEAF]         * #ids
[THYMELEAF]         * #execInfo
[THYMELEAF]         * #httpServletRequest
[THYMELEAF]         * #httpSession
[THYMELEAF]     * Execution Attributes:
[THYMELEAF]         * "StandardExpressionParser": com.intuit.karate.template.KarateStandardDialect@16ccd2bc
[THYMELEAF]         * "StandardJavaScriptSerializer": org.thymeleaf.standard.serializer.StandardJavaScriptSerializer@70022d44
[THYMELEAF]         * "StandardCSSSerializer": org.thymeleaf.standard.serializer.StandardCSSSerializer@7b1c501d
[THYMELEAF]         * "StandardVariableExpressionEvaluator": com.intuit.karate.template.KarateStandardDialect@16ccd2bc
[THYMELEAF]         * "StandardConversionService": org.thymeleaf.standard.expression.StandardConversionService@5abbb273
[THYMELEAF] * Dialect [2 of 2]: karate (com.intuit.karate.template.KarateScriptDialect)
[THYMELEAF]     * Prefix: "ka"
[THYMELEAF]     * Processors for Template Mode: HTML
[THYMELEAF]         * Element Tag Processors by [matching element and attribute name] [precedence]:
[THYMELEAF]             * [* {src}] [1000]: com.intuit.karate.template.KaScriptAttrProcessor
[THYMELEAF]         * Element Model Processors by [matching element and attribute name] [precedence]:
[THYMELEAF]             * [{script} {ka:scope,data-ka-scope}] [1000]: com.intuit.karate.template.KaScriptElemProcessor
[THYMELEAF]             * [* {ka:set,data-ka-set}] [1000]: com.intuit.karate.template.KaSetElemProcessor
[THYMELEAF] TEMPLATE ENGINE CONFIGURED OK
21:53:21.823 [Test worker] DEBUG org.thymeleaf.TemplateEngine - [THYMELEAF] TEMPLATE ENGINE INITIALIZED
21:53:21.877 [Test worker] DEBUG org.thymeleaf.TemplateEngine - [THYMELEAF] INITIALIZING TEMPLATE ENGINE
21:53:21.929 [Test worker] DEBUG org.thymeleaf.TemplateEngine.CONFIG - Initializing Thymeleaf Template engine configuration...
[THYMELEAF] TEMPLATE ENGINE CONFIGURATION:
[THYMELEAF] * Thymeleaf version: 3.0.14.RELEASE (built 2021-12-08T00:45:29+0000)
[THYMELEAF] * Cache Manager implementation: org.thymeleaf.cache.StandardCacheManager
[THYMELEAF] * Template resolvers:
[THYMELEAF]     * [1] com.intuit.karate.template.ResourceHtmlTemplateResolver
[THYMELEAF] * Message resolvers:
[THYMELEAF]     * org.thymeleaf.messageresolver.StandardMessageResolver
[THYMELEAF] * Link builders:
[THYMELEAF]     * org.thymeleaf.linkbuilder.StandardLinkBuilder
[THYMELEAF] * Dialect [1 of 2]: Standard (com.intuit.karate.template.KarateStandardDialect)
[THYMELEAF]     * Prefix: "th"
[THYMELEAF]     * Processors for Template Mode: HTML
[THYMELEAF]         * Element Tag Processors by [matching element and attribute name] [precedence]:
[THYMELEAF]             * [* {th:include,data-th-include}] [100]: org.thymeleaf.standard.processor.StandardIncludeTagProcessor
[THYMELEAF]             * [* {th:insert,data-th-insert}] [100]: org.thymeleaf.standard.processor.StandardInsertTagProcessor
[THYMELEAF]             * [* {th:replace,data-th-replace}] [100]: org.thymeleaf.standard.processor.StandardReplaceTagProcessor
[THYMELEAF]             * [* {th:substituteby,data-th-substituteby}] [100]: org.thymeleaf.standard.processor.StandardSubstituteByTagProcessor
[THYMELEAF]             * [* {th:each,data-th-each}] [200]: com.intuit.karate.template.KarateEachTagProcessor
[THYMELEAF]             * [* {th:switch,data-th-switch}] [250]: org.thymeleaf.standard.processor.StandardSwitchTagProcessor
[THYMELEAF]             * [* {th:case,data-th-case}] [275]: org.thymeleaf.standard.processor.StandardCaseTagProcessor
[THYMELEAF]             * [* {th:if,data-th-if}] [300]: org.thymeleaf.standard.processor.StandardIfTagProcessor
[THYMELEAF]             * [* {th:unless,data-th-unless}] [400]: org.thymeleaf.standard.processor.StandardUnlessTagProcessor
[THYMELEAF]             * [* {th:object,data-th-object}] [500]: org.thymeleaf.standard.processor.StandardObjectTagProcessor
[THYMELEAF]             * [* {th:with,data-th-with}] [600]: com.intuit.karate.template.KarateWithTagProcessor
[THYMELEAF]             * [* {th:attr,data-th-attr}] [700]: com.intuit.karate.template.KarateAttributeTagProcessor.KarateAttrTagProcessor
[THYMELEAF]             * [* {th:attrappend,data-th-attrappend}] [900]: com.intuit.karate.template.KarateAttributeTagProcessor.KarateAttrappendTagProcessor
[THYMELEAF]             * [* {th:attrprepend,data-th-attrprepend}] [900]: com.intuit.karate.template.KarateAttributeTagProcessor.KarateAttrprependTagProcessor
[THYMELEAF]             * [* {th:alt-title,data-th-alt-title}] [990]: org.thymeleaf.standard.processor.StandardAltTitleTagProcessor
[THYMELEAF]             * [* {th:lang-xmllang,data-th-lang-xmllang}] [990]: org.thymeleaf.standard.processor.StandardLangXmlLangTagProcessor
[THYMELEAF]             * [* {th:action,data-th-action}] [1000]: org.thymeleaf.standard.processor.StandardActionTagProcessor
[THYMELEAF]             * [* {th:autofocus,data-th-autofocus}] [1000]: org.thymeleaf.standard.processor.StandardConditionalFixedValueTagProcessor
[THYMELEAF]             * [* {th:nowrap,data-th-nowrap}] [1000]: org.thymeleaf.standard.processor.StandardConditionalFixedValueTagProcessor
[THYMELEAF]             * [* {th:default,data-th-default}] [1000]: org.thymeleaf.standard.processor.StandardConditionalFixedValueTagProcessor
[THYMELEAF]             * [* {th:seamless,data-th-seamless}] [1000]: org.thymeleaf.standard.processor.StandardConditionalFixedValueTagProcessor
[THYMELEAF]             * [* {th:open,data-th-open}] [1000]: org.thymeleaf.standard.processor.StandardConditionalFixedValueTagProcessor
[THYMELEAF]             * [* {th:selected,data-th-selected}] [1000]: org.thymeleaf.standard.processor.StandardConditionalFixedValueTagProcessor
[THYMELEAF]             * [* {th:checked,data-th-checked}] [1000]: org.thymeleaf.standard.processor.StandardConditionalFixedValueTagProcessor
[THYMELEAF]             * [* {th:novalidate,data-th-novalidate}] [1000]: org.thymeleaf.standard.processor.StandardConditionalFixedValueTagProcessor
[THYMELEAF]             * [* {th:disabled,data-th-disabled}] [1000]: org.thymeleaf.standard.processor.StandardConditionalFixedValueTagProcessor
[THYMELEAF]             * [* {th:pubdate,data-th-pubdate}] [1000]: org.thymeleaf.standard.processor.StandardConditionalFixedValueTagProcessor
[THYMELEAF]             * [* {th:hidden,data-th-hidden}] [1000]: org.thymeleaf.standard.processor.StandardConditionalFixedValueTagProcessor
[THYMELEAF]             * [* {th:async,data-th-async}] [1000]: org.thymeleaf.standard.processor.StandardConditionalFixedValueTagProcessor
[THYMELEAF]             * [* {th:multiple,data-th-multiple}] [1000]: org.thymeleaf.standard.processor.StandardConditionalFixedValueTagProcessor
[THYMELEAF]             * [* {th:readonly,data-th-readonly}] [1000]: org.thymeleaf.standard.processor.StandardConditionalFixedValueTagProcessor
[THYMELEAF]             * [* {th:autoplay,data-th-autoplay}] [1000]: org.thymeleaf.standard.processor.StandardConditionalFixedValueTagProcessor
[THYMELEAF]             * [* {th:loop,data-th-loop}] [1000]: org.thymeleaf.standard.processor.StandardConditionalFixedValueTagProcessor
[THYMELEAF]             * [* {th:defer,data-th-defer}] [1000]: org.thymeleaf.standard.processor.StandardConditionalFixedValueTagProcessor
[THYMELEAF]             * [* {th:ismap,data-th-ismap}] [1000]: org.thymeleaf.standard.processor.StandardConditionalFixedValueTagProcessor
[THYMELEAF]             * [* {th:formnovalidate,data-th-formnovalidate}] [1000]: org.thymeleaf.standard.processor.StandardConditionalFixedValueTagProcessor
[THYMELEAF]             * [* {th:reversed,data-th-reversed}] [1000]: org.thymeleaf.standard.processor.StandardConditionalFixedValueTagProcessor
[THYMELEAF]             * [* {th:declare,data-th-declare}] [1000]: org.thymeleaf.standard.processor.StandardConditionalFixedValueTagProcessor
[THYMELEAF]             * [* {th:controls,data-th-controls}] [1000]: org.thymeleaf.standard.processor.StandardConditionalFixedValueTagProcessor
[THYMELEAF]             * [* {th:scoped,data-th-scoped}] [1000]: org.thymeleaf.standard.processor.StandardConditionalFixedValueTagProcessor
[THYMELEAF]             * [* {th:required,data-th-required}] [1000]: org.thymeleaf.standard.processor.StandardConditionalFixedValueTagProcessor
[THYMELEAF]             * [* {th:onloadeddata,data-th-onloadeddata}] [1000]: org.thymeleaf.standard.processor.StandardDOMEventAttributeTagProcessor
[THYMELEAF]             * [* {th:onmouseup,data-th-onmouseup}] [1000]: org.thymeleaf.standard.processor.StandardDOMEventAttributeTagProcessor
[THYMELEAF]             * [* {th:onfocus,data-th-onfocus}] [1000]: org.thymeleaf.standard.processor.StandardDOMEventAttributeTagProcessor
[THYMELEAF]             * [* {th:onmousemove,data-th-onmousemove}] [1000]: org.thymeleaf.standard.processor.StandardDOMEventAttributeTagProcessor
[THYMELEAF]             * [* {th:onkeydown,data-th-onkeydown}] [1000]: org.thymeleaf.standard.processor.StandardDOMEventAttributeTagProcessor
[THYMELEAF]             * [* {th:ondragleave,data-th-ondragleave}] [1000]: org.thymeleaf.standard.processor.StandardDOMEventAttributeTagProcessor
[THYMELEAF]             * [* {th:onratechange,data-th-onratechange}] [1000]: org.thymeleaf.standard.processor.StandardDOMEventAttributeTagProcessor
[THYMELEAF]             * [* {th:onwaiting,data-th-onwaiting}] [1000]: org.thymeleaf.standard.processor.StandardDOMEventAttributeTagProcessor
[THYMELEAF]             * [* {th:onscroll,data-th-onscroll}] [1000]: org.thymeleaf.standard.processor.StandardDOMEventAttributeTagProcessor
[THYMELEAF]             * [* {th:onmouseout,data-th-onmouseout}] [1000]: org.thymeleaf.standard.processor.StandardDOMEventAttributeTagProcessor
[THYMELEAF]             * [* {th:oncanplay,data-th-oncanplay}] [1000]: org.thymeleaf.standard.processor.StandardDOMEventAttributeTagProcessor
[THYMELEAF]             * [* {th:ondragenter,data-th-ondragenter}] [1000]: org.thymeleaf.standard.processor.StandardDOMEventAttributeTagProcessor
[THYMELEAF]             * [* {th:onkeypress,data-th-onkeypress}] [1000]: org.thymeleaf.standard.processor.StandardDOMEventAttributeTagProcessor
[THYMELEAF]             * [* {th:onmouseover,data-th-onmouseover}] [1000]: org.thymeleaf.standard.processor.StandardDOMEventAttributeTagProcessor
[THYMELEAF]             * [* {th:onmousewheel,data-th-onmousewheel}] [1000]: org.thymeleaf.standard.processor.StandardDOMEventAttributeTagProcessor
[THYMELEAF]             * [* {th:onclick,data-th-onclick}] [1000]: org.thymeleaf.standard.processor.StandardDOMEventAttributeTagProcessor
[THYMELEAF]             * [* {th:onload,data-th-onload}] [1000]: org.thymeleaf.standard.processor.StandardDOMEventAttributeTagProcessor
[THYMELEAF]             * [* {th:oncontextmenu,data-th-oncontextmenu}] [1000]: org.thymeleaf.standard.processor.StandardDOMEventAttributeTagProcessor
[THYMELEAF]             * [* {th:onvolumechange,data-th-onvolumechange}] [1000]: org.thymeleaf.standard.processor.StandardDOMEventAttributeTagProcessor
[THYMELEAF]             * [* {th:onafterprint,data-th-onafterprint}] [1000]: org.thymeleaf.standard.processor.StandardDOMEventAttributeTagProcessor
[THYMELEAF]             * [* {th:ondrop,data-th-ondrop}] [1000]: org.thymeleaf.standard.processor.StandardDOMEventAttributeTagProcessor
[THYMELEAF]             * [* {th:oncanplaythrough,data-th-oncanplaythrough}] [1000]: org.thymeleaf.standard.processor.StandardDOMEventAttributeTagProcessor
[THYMELEAF]             * [* {th:onstorage,data-th-onstorage}] [1000]: org.thymeleaf.standard.processor.StandardDOMEventAttributeTagProcessor
[THYMELEAF]             * [* {th:ondragstart,data-th-ondragstart}] [1000]: org.thymeleaf.standard.processor.StandardDOMEventAttributeTagProcessor
[THYMELEAF]             * [* {th:onplaying,data-th-onplaying}] [1000]: org.thymeleaf.standard.processor.StandardDOMEventAttributeTagProcessor
[THYMELEAF]             * [* {th:onformchange,data-th-onformchange}] [1000]: org.thymeleaf.standard.processor.StandardDOMEventAttributeTagProcessor
[THYMELEAF]             * [* {th:onoffline,data-th-onoffline}] [1000]: org.thymeleaf.standard.processor.StandardDOMEventAttributeTagProcessor
[THYMELEAF]             * [* {th:onreadystatechange,data-th-onreadystatechange}] [1000]: org.thymeleaf.standard.processor.StandardDOMEventAttributeTagProcessor
[THYMELEAF]             * [* {th:onemptied,data-th-onemptied}] [1000]: org.thymeleaf.standard.processor.StandardDOMEventAttributeTagProcessor
[THYMELEAF]             * [* {th:onloadstart,data-th-onloadstart}] [1000]: org.thymeleaf.standard.processor.StandardDOMEventAttributeTagProcessor
[THYMELEAF]             * [* {th:onshow,data-th-onshow}] [1000]: org.thymeleaf.standard.processor.StandardDOMEventAttributeTagProcessor
[THYMELEAF]             * [* {th:onseeked,data-th-onseeked}] [1000]: org.thymeleaf.standard.processor.StandardDOMEventAttributeTagProcessor
[THYMELEAF]             * [* {th:oninvalid,data-th-oninvalid}] [1000]: org.thymeleaf.standard.processor.StandardDOMEventAttributeTagProcessor
[THYMELEAF]             * [* {th:onsubmit,data-th-onsubmit}] [1000]: org.thymeleaf.standard.processor.StandardDOMEventAttributeTagProcessor
[THYMELEAF]             * [* {th:onhashchange,data-th-onhashchange}] [1000]: org.thymeleaf.standard.processor.StandardDOMEventAttributeTagProcessor
[THYMELEAF]             * [* {th:onundo,data-th-onundo}] [1000]: org.thymeleaf.standard.processor.StandardDOMEventAttributeTagProcessor
[THYMELEAF]             * [* {th:ononline,data-th-ononline}] [1000]: org.thymeleaf.standard.processor.StandardDOMEventAttributeTagProcessor
[THYMELEAF]             * [* {th:ontimeupdate,data-th-ontimeupdate}] [1000]: org.thymeleaf.standard.processor.StandardDOMEventAttributeTagProcessor
[THYMELEAF]             * [* {th:onchange,data-th-onchange}] [1000]: org.thymeleaf.standard.processor.StandardDOMEventAttributeTagProcessor
[THYMELEAF]             * [* {th:onloadedmetadata,data-th-onloadedmetadata}] [1000]: org.thymeleaf.standard.processor.StandardDOMEventAttributeTagProcessor
[THYMELEAF]             * [* {th:onseeking,data-th-onseeking}] [1000]: org.thymeleaf.standard.processor.StandardDOMEventAttributeTagProcessor
[THYMELEAF]             * [* {th:onmessage,data-th-onmessage}] [1000]: org.thymeleaf.standard.processor.StandardDOMEventAttributeTagProcessor
[THYMELEAF]             * [* {th:onmousedown,data-th-onmousedown}] [1000]: org.thymeleaf.standard.processor.StandardDOMEventAttributeTagProcessor
[THYMELEAF]             * [* {th:ondurationchange,data-th-ondurationchange}] [1000]: org.thymeleaf.standard.processor.StandardDOMEventAttributeTagProcessor
[THYMELEAF]             * [* {th:onbeforeprint,data-th-onbeforeprint}] [1000]: org.thymeleaf.standard.processor.StandardDOMEventAttributeTagProcessor
[THYMELEAF]             * [* {th:onforminput,data-th-onforminput}] [1000]: org.thymeleaf.standard.processor.StandardDOMEventAttributeTagProcessor
[THYMELEAF]             * [* {th:ondragend,data-th-ondragend}] [1000]: org.thymeleaf.standard.processor.StandardDOMEventAttributeTagProcessor
[THYMELEAF]             * [* {th:onabort,data-th-onabort}] [1000]: org.thymeleaf.standard.processor.StandardDOMEventAttributeTagProcessor
[THYMELEAF]             * [* {th:onbeforeunload,data-th-onbeforeunload}] [1000]: org.thymeleaf.standard.processor.StandardDOMEventAttributeTagProcessor
[THYMELEAF]             * [* {th:onplay,data-th-onplay}] [1000]: org.thymeleaf.standard.processor.StandardDOMEventAttributeTagProcessor
[THYMELEAF]             * [* {th:onpopstate,data-th-onpopstate}] [1000]: org.thymeleaf.standard.processor.StandardDOMEventAttributeTagProcessor
[THYMELEAF]             * [* {th:onpause,data-th-onpause}] [1000]: org.thymeleaf.standard.processor.StandardDOMEventAttributeTagProcessor
[THYMELEAF]             * [* {th:onblur,data-th-onblur}] [1000]: org.thymeleaf.standard.processor.StandardDOMEventAttributeTagProcessor
[THYMELEAF]             * [* {th:onstalled,data-th-onstalled}] [1000]: org.thymeleaf.standard.processor.StandardDOMEventAttributeTagProcessor
[THYMELEAF]             * [* {th:onreset,data-th-onreset}] [1000]: org.thymeleaf.standard.processor.StandardDOMEventAttributeTagProcessor
[THYMELEAF]             * [* {th:onerror,data-th-onerror}] [1000]: org.thymeleaf.standard.processor.StandardDOMEventAttributeTagProcessor
[THYMELEAF]             * [* {th:oninput,data-th-oninput}] [1000]: org.thymeleaf.standard.processor.StandardDOMEventAttributeTagProcessor
[THYMELEAF]             * [* {th:onkeyup,data-th-onkeyup}] [1000]: org.thymeleaf.standard.processor.StandardDOMEventAttributeTagProcessor
[THYMELEAF]             * [* {th:ondrag,data-th-ondrag}] [1000]: org.thymeleaf.standard.processor.StandardDOMEventAttributeTagProcessor
[THYMELEAF]             * [* {th:onselect,data-th-onselect}] [1000]: org.thymeleaf.standard.processor.StandardDOMEventAttributeTagProcessor
[THYMELEAF]             * [* {th:onsuspend,data-th-onsuspend}] [1000]: org.thymeleaf.standard.processor.StandardDOMEventAttributeTagProcessor
[THYMELEAF]             * [* {th:onprogress,data-th-onprogress}] [1000]: org.thymeleaf.standard.processor.StandardDOMEventAttributeTagProcessor
[THYMELEAF]             * [* {th:onended,data-th-onended}] [1000]: org.thymeleaf.standard.processor.StandardDOMEventAttributeTagProcessor
[THYMELEAF]             * [* {th:onunload,data-th-onunload}] [1000]: org.thymeleaf.standard.processor.StandardDOMEventAttributeTagProcessor
[THYMELEAF]             * [* {th:onresize,data-th-onresize}] [1000]: org.thymeleaf.standard.processor.StandardDOMEventAttributeTagProcessor
[THYMELEAF]             * [* {th:ondragover,data-th-ondragover}] [1000]: org.thymeleaf.standard.processor.StandardDOMEventAttributeTagProcessor
[THYMELEAF]             * [* {th:ondblclick,data-th-ondblclick}] [1000]: org.thymeleaf.standard.processor.StandardDOMEventAttributeTagProcessor
[THYMELEAF]             * [* {th:onredo,data-th-onredo}] [1000]: org.thymeleaf.standard.processor.StandardDOMEventAttributeTagProcessor
[THYMELEAF]             * [* {th:href,data-th-href}] [1000]: org.thymeleaf.standard.processor.StandardHrefTagProcessor
[THYMELEAF]             * [* {th:inline,data-th-inline}] [1000]: org.thymeleaf.standard.processor.StandardInlineHTMLTagProcessor
[THYMELEAF]             * [* {th:method,data-th-method}] [1000]: org.thymeleaf.standard.processor.StandardMethodTagProcessor
[THYMELEAF]             * [* {th:type,data-th-type}] [1000]: org.thymeleaf.standard.processor.StandardNonRemovableAttributeTagProcessor
[THYMELEAF]             * [* {th:name,data-th-name}] [1000]: org.thymeleaf.standard.processor.StandardNonRemovableAttributeTagProcessor
[THYMELEAF]             * [* {th:abbr,data-th-abbr}] [1000]: org.thymeleaf.standard.processor.StandardRemovableAttributeTagProcessor
[THYMELEAF]             * [* {th:hreflang,data-th-hreflang}] [1000]: org.thymeleaf.standard.processor.StandardRemovableAttributeTagProcessor
[THYMELEAF]             * [* {th:cite,data-th-cite}] [1000]: org.thymeleaf.standard.processor.StandardRemovableAttributeTagProcessor
[THYMELEAF]             * [* {th:low,data-th-low}] [1000]: org.thymeleaf.standard.processor.StandardRemovableAttributeTagProcessor
[THYMELEAF]             * [* {th:colspan,data-th-colspan}] [1000]: org.thymeleaf.standard.processor.StandardRemovableAttributeTagProcessor
[THYMELEAF]             * [* {th:accept-charset,data-th-accept-charset}] [1000]: org.thymeleaf.standard.processor.StandardRemovableAttributeTagProcessor
[THYMELEAF]             * [* {th:preload,data-th-preload}] [1000]: org.thymeleaf.standard.processor.StandardRemovableAttributeTagProcessor
[THYMELEAF]             * [* {th:frameborder,data-th-frameborder}] [1000]: org.thymeleaf.standard.processor.StandardRemovableAttributeTagProcessor
[THYMELEAF]             * [* {th:formmethod,data-th-formmethod}] [1000]: org.thymeleaf.standard.processor.StandardRemovableAttributeTagProcessor
[THYMELEAF]             * [* {th:valuetype,data-th-valuetype}] [1000]: org.thymeleaf.standard.processor.StandardRemovableAttributeTagProcessor
[THYMELEAF]             * [* {th:min,data-th-min}] [1000]: org.thymeleaf.standard.processor.StandardRemovableAttributeTagProcessor
[THYMELEAF]             * [* {th:scheme,data-th-scheme}] [1000]: org.thymeleaf.standard.processor.StandardRemovableAttributeTagProcessor
[THYMELEAF]             * [* {th:accept,data-th-accept}] [1000]: org.thymeleaf.standard.processor.StandardRemovableAttributeTagProcessor
[THYMELEAF]             * [* {th:sizes,data-th-sizes}] [1000]: org.thymeleaf.standard.processor.StandardRemovableAttributeTagProcessor
[THYMELEAF]             * [* {th:spellcheck,data-th-spellcheck}] [1000]: org.thymeleaf.standard.processor.StandardRemovableAttributeTagProcessor
[THYMELEAF]             * [* {th:autocomplete,data-th-autocomplete}] [1000]: org.thymeleaf.standard.processor.StandardRemovableAttributeTagProcessor
[THYMELEAF]             * [* {th:poster,data-th-poster}] [1000]: org.thymeleaf.standard.processor.StandardRemovableAttributeTagProcessor
[THYMELEAF]             * [* {th:scope,data-th-scope}] [1000]: org.thymeleaf.standard.processor.StandardRemovableAttributeTagProcessor
[THYMELEAF]             * [* {th:hspace,data-th-hspace}] [1000]: org.thymeleaf.standard.processor.StandardRemovableAttributeTagProcessor
[THYMELEAF]             * [* {th:contenteditable,data-th-contenteditable}] [1000]: org.thymeleaf.standard.processor.StandardRemovableAttributeTagProcessor
[THYMELEAF]             * [* {th:frame,data-th-frame}] [1000]: org.thymeleaf.standard.processor.StandardRemovableAttributeTagProcessor
[THYMELEAF]             * [* {th:for,data-th-for}] [1000]: org.thymeleaf.standard.processor.StandardRemovableAttributeTagProcessor
[THYMELEAF]             * [* {th:scrolling,data-th-scrolling}] [1000]: org.thymeleaf.standard.processor.StandardRemovableAttributeTagProcessor
[THYMELEAF]             * [* {th:list,data-th-list}] [1000]: org.thymeleaf.standard.processor.StandardRemovableAttributeTagProcessor
[THYMELEAF]             * [* {th:wrap,data-th-wrap}] [1000]: org.thymeleaf.standard.processor.StandardRemovableAttributeTagProcessor
[THYMELEAF]             * [* {th:start,data-th-start}] [1000]: org.thymeleaf.standard.processor.StandardRemovableAttributeTagProcessor
[THYMELEAF]             * [* {th:border,data-th-border}] [1000]: org.thymeleaf.standard.processor.StandardRemovableAttributeTagProcessor
[THYMELEAF]             * [* {th:usemap,data-th-usemap}] [1000]: org.thymeleaf.standard.processor.StandardRemovableAttributeTagProcessor
[THYMELEAF]             * [* {th:formaction,data-th-formaction}] [1000]: org.thymeleaf.standard.processor.StandardRemovableAttributeTagProcessor
[THYMELEAF]             * [* {th:cols,data-th-cols}] [1000]: org.thymeleaf.standard.processor.StandardRemovableAttributeTagProcessor
[THYMELEAF]             * [* {th:target,data-th-target}] [1000]: org.thymeleaf.standard.processor.StandardRemovableAttributeTagProcessor
[THYMELEAF]             * [* {th:rowspan,data-th-rowspan}] [1000]: org.thymeleaf.standard.processor.StandardRemovableAttributeTagProcessor
[THYMELEAF]             * [* {th:enctype,data-th-enctype}] [1000]: org.thymeleaf.standard.processor.StandardRemovableAttributeTagProcessor
[THYMELEAF]             * [* {th:form,data-th-form}] [1000]: org.thymeleaf.standard.processor.StandardRemovableAttributeTagProcessor
[THYMELEAF]             * [* {th:codetype,data-th-codetype}] [1000]: org.thymeleaf.standard.processor.StandardRemovableAttributeTagProcessor
[THYMELEAF]             * [* {th:audio,data-th-audio}] [1000]: org.thymeleaf.standard.processor.StandardRemovableAttributeTagProcessor
[THYMELEAF]             * [* {th:rel,data-th-rel}] [1000]: org.thymeleaf.standard.processor.StandardRemovableAttributeTagProcessor
[THYMELEAF]             * [* {th:archive,data-th-archive}] [1000]: org.thymeleaf.standard.processor.StandardRemovableAttributeTagProcessor
[THYMELEAF]             * [* {th:formtarget,data-th-formtarget}] [1000]: org.thymeleaf.standard.processor.StandardRemovableAttributeTagProcessor
[THYMELEAF]             * [* {th:background,data-th-background}] [1000]: org.thymeleaf.standard.processor.StandardRemovableAttributeTagProcessor
[THYMELEAF]             * [* {th:headers,data-th-headers}] [1000]: org.thymeleaf.standard.processor.StandardRemovableAttributeTagProcessor
[THYMELEAF]             * [* {th:accesskey,data-th-accesskey}] [1000]: org.thymeleaf.standard.processor.StandardRemovableAttributeTagProcessor
[THYMELEAF]             * [* {th:dropzone,data-th-dropzone}] [1000]: org.thymeleaf.standard.processor.StandardRemovableAttributeTagProcessor
[THYMELEAF]             * [* {th:rev,data-th-rev}] [1000]: org.thymeleaf.standard.processor.StandardRemovableAttributeTagProcessor
[THYMELEAF]             * [* {th:title,data-th-title}] [1000]: org.thymeleaf.standard.processor.StandardRemovableAttributeTagProcessor
[THYMELEAF]             * [* {th:contextmenu,data-th-contextmenu}] [1000]: org.thymeleaf.standard.processor.StandardRemovableAttributeTagProcessor
[THYMELEAF]             * [* {th:content,data-th-content}] [1000]: org.thymeleaf.standard.processor.StandardRemovableAttributeTagProcessor
[THYMELEAF]             * [* {th:bgcolor,data-th-bgcolor}] [1000]: org.thymeleaf.standard.processor.StandardRemovableAttributeTagProcessor
[THYMELEAF]             * [* {th:compact,data-th-compact}] [1000]: org.thymeleaf.standard.processor.StandardRemovableAttributeTagProcessor
[THYMELEAF]             * [* {th:classid,data-th-classid}] [1000]: org.thymeleaf.standard.processor.StandardRemovableAttributeTagProcessor
[THYMELEAF]             * [* {th:challenge,data-th-challenge}] [1000]: org.thymeleaf.standard.processor.StandardRemovableAttributeTagProcessor
[THYMELEAF]             * [* {th:kind,data-th-kind}] [1000]: org.thymeleaf.standard.processor.StandardRemovableAttributeTagProcessor
[THYMELEAF]             * [* {th:icon,data-th-icon}] [1000]: org.thymeleaf.standard.processor.StandardRemovableAttributeTagProcessor
[THYMELEAF]             * [* {th:span,data-th-span}] [1000]: org.thymeleaf.standard.processor.StandardRemovableAttributeTagProcessor
[THYMELEAF]             * [* {th:rules,data-th-rules}] [1000]: org.thymeleaf.standard.processor.StandardRemovableAttributeTagProcessor
[THYMELEAF]             * [* {th:cellspacing,data-th-cellspacing}] [1000]: org.thymeleaf.standard.processor.StandardRemovableAttributeTagProcessor
[THYMELEAF]             * [* {th:optimum,data-th-optimum}] [1000]: org.thymeleaf.standard.processor.StandardRemovableAttributeTagProcessor
[THYMELEAF]             * [* {th:cellpadding,data-th-cellpadding}] [1000]: org.thymeleaf.standard.processor.StandardRemovableAttributeTagProcessor
[THYMELEAF]             * [* {th:max,data-th-max}] [1000]: org.thymeleaf.standard.processor.StandardRemovableAttributeTagProcessor
[THYMELEAF]             * [* {th:alt,data-th-alt}] [1000]: org.thymeleaf.standard.processor.StandardRemovableAttributeTagProcessor
[THYMELEAF]             * [* {th:placeholder,data-th-placeholder}] [1000]: org.thymeleaf.standard.processor.StandardRemovableAttributeTagProcessor
[THYMELEAF]             * [* {th:width,data-th-width}] [1000]: org.thymeleaf.standard.processor.StandardRemovableAttributeTagProcessor
[THYMELEAF]             * [* {th:maxlength,data-th-maxlength}] [1000]: org.thymeleaf.standard.processor.StandardRemovableAttributeTagProcessor
[THYMELEAF]             * [* {th:dir,data-th-dir}] [1000]: org.thymeleaf.standard.processor.StandardRemovableAttributeTagProcessor
[THYMELEAF]             * [* {th:marginheight,data-th-marginheight}] [1000]: org.thymeleaf.standard.processor.StandardRemovableAttributeTagProcessor
[THYMELEAF]             * [* {th:formenctype,data-th-formenctype}] [1000]: org.thymeleaf.standard.processor.StandardRemovableAttributeTagProcessor
[THYMELEAF]             * [* {th:keytype,data-th-keytype}] [1000]: org.thymeleaf.standard.processor.StandardRemovableAttributeTagProcessor
[THYMELEAF]             * [* {th:summary,data-th-summary}] [1000]: org.thymeleaf.standard.processor.StandardRemovableAttributeTagProcessor
[THYMELEAF]             * [* {th:step,data-th-step}] [1000]: org.thymeleaf.standard.processor.StandardRemovableAttributeTagProcessor
[THYMELEAF]             * [* {th:codebase,data-th-codebase}] [1000]: org.thymeleaf.standard.processor.StandardRemovableAttributeTagProcessor
[THYMELEAF]             * [* {th:high,data-th-high}] [1000]: org.thymeleaf.standard.processor.StandardRemovableAttributeTagProcessor
[THYMELEAF]             * [* {th:media,data-th-media}] [1000]: org.thymeleaf.standard.processor.StandardRemovableAttributeTagProcessor
[THYMELEAF]             * [* {th:longdesc,data-th-longdesc}] [1000]: org.thymeleaf.standard.processor.StandardRemovableAttributeTagProcessor
[THYMELEAF]             * [* {th:sandbox,data-th-sandbox}] [1000]: org.thymeleaf.standard.processor.StandardRemovableAttributeTagProcessor
[THYMELEAF]             * [* {th:data,data-th-data}] [1000]: org.thymeleaf.standard.processor.StandardRemovableAttributeTagProcessor
[THYMELEAF]             * [* {th:standby,data-th-standby}] [1000]: org.thymeleaf.standard.processor.StandardRemovableAttributeTagProcessor
[THYMELEAF]             * [* {th:vspace,data-th-vspace}] [1000]: org.thymeleaf.standard.processor.StandardRemovableAttributeTagProcessor
[THYMELEAF]             * [* {th:label,data-th-label}] [1000]: org.thymeleaf.standard.processor.StandardRemovableAttributeTagProcessor
[THYMELEAF]             * [* {th:lang,data-th-lang}] [1000]: org.thymeleaf.standard.processor.StandardRemovableAttributeTagProcessor
[THYMELEAF]             * [* {th:align,data-th-align}] [1000]: org.thymeleaf.standard.processor.StandardRemovableAttributeTagProcessor
[THYMELEAF]             * [* {th:style,data-th-style}] [1000]: org.thymeleaf.standard.processor.StandardRemovableAttributeTagProcessor
[THYMELEAF]             * [* {th:axis,data-th-axis}] [1000]: org.thymeleaf.standard.processor.StandardRemovableAttributeTagProcessor
[THYMELEAF]             * [* {th:http-equiv,data-th-http-equiv}] [1000]: org.thymeleaf.standard.processor.StandardRemovableAttributeTagProcessor
[THYMELEAF]             * [* {th:height,data-th-height}] [1000]: org.thymeleaf.standard.processor.StandardRemovableAttributeTagProcessor
[THYMELEAF]             * [* {th:marginwidth,data-th-marginwidth}] [1000]: org.thymeleaf.standard.processor.StandardRemovableAttributeTagProcessor
[THYMELEAF]             * [* {th:srclang,data-th-srclang}] [1000]: org.thymeleaf.standard.processor.StandardRemovableAttributeTagProcessor
[THYMELEAF]             * [* {th:rows,data-th-rows}] [1000]: org.thymeleaf.standard.processor.StandardRemovableAttributeTagProcessor
[THYMELEAF]             * [* {th:manifest,data-th-manifest}] [1000]: org.thymeleaf.standard.processor.StandardRemovableAttributeTagProcessor
[THYMELEAF]             * [* {th:class,data-th-class}] [1000]: org.thymeleaf.standard.processor.StandardRemovableAttributeTagProcessor
[THYMELEAF]             * [* {th:pattern,data-th-pattern}] [1000]: org.thymeleaf.standard.processor.StandardRemovableAttributeTagProcessor
[THYMELEAF]             * [* {th:datetime,data-th-datetime}] [1000]: org.thymeleaf.standard.processor.StandardRemovableAttributeTagProcessor
[THYMELEAF]             * [* {th:draggable,data-th-draggable}] [1000]: org.thymeleaf.standard.processor.StandardRemovableAttributeTagProcessor
[THYMELEAF]             * [* {th:tabindex,data-th-tabindex}] [1000]: org.thymeleaf.standard.processor.StandardRemovableAttributeTagProcessor
[THYMELEAF]             * [* {th:charset,data-th-charset}] [1000]: org.thymeleaf.standard.processor.StandardRemovableAttributeTagProcessor
[THYMELEAF]             * [* {th:id,data-th-id}] [1000]: org.thymeleaf.standard.processor.StandardRemovableAttributeTagProcessor
[THYMELEAF]             * [* {th:radiogroup,data-th-radiogroup}] [1000]: org.thymeleaf.standard.processor.StandardRemovableAttributeTagProcessor
[THYMELEAF]             * [* {th:size,data-th-size}] [1000]: org.thymeleaf.standard.processor.StandardRemovableAttributeTagProcessor
[THYMELEAF]             * [* {th:src,data-th-src}] [1000]: org.thymeleaf.standard.processor.StandardSrcTagProcessor
[THYMELEAF]             * [* {th:value,data-th-value}] [1000]: org.thymeleaf.standard.processor.StandardValueTagProcessor
[THYMELEAF]             * [* {th:xmlbase,data-th-xmlbase}] [1000]: org.thymeleaf.standard.processor.StandardXmlBaseTagProcessor
[THYMELEAF]             * [* {th:xmllang,data-th-xmllang}] [1000]: org.thymeleaf.standard.processor.StandardXmlLangTagProcessor
[THYMELEAF]             * [* {xmlns:th}] [1000]: org.thymeleaf.standard.processor.StandardXmlNsTagProcessor
[THYMELEAF]             * [* {th:xmlspace,data-th-xmlspace}] [1000]: org.thymeleaf.standard.processor.StandardXmlSpaceTagProcessor
[THYMELEAF]             * [* {th:classappend,data-th-classappend}] [1100]: org.thymeleaf.standard.processor.StandardClassappendTagProcessor
[THYMELEAF]             * [* {th:styleappend,data-th-styleappend}] [1100]: org.thymeleaf.standard.processor.StandardStyleappendTagProcessor
[THYMELEAF]             * [* {th:text,data-th-text}] [1300]: org.thymeleaf.standard.processor.StandardTextTagProcessor
[THYMELEAF]             * [* {th:utext,data-th-utext}] [1400]: org.thymeleaf.standard.processor.StandardUtextTagProcessor
[THYMELEAF]             * [* {th:fragment,data-th-fragment}] [1500]: org.thymeleaf.standard.processor.StandardFragmentTagProcessor
[THYMELEAF]             * [* {th:assert,data-th-assert}] [1550]: org.thymeleaf.standard.processor.StandardAssertTagProcessor
[THYMELEAF]             * [* {th:remove,data-th-remove}] [1600]: org.thymeleaf.standard.processor.StandardRemoveTagProcessor
[THYMELEAF]             * [* {th:ref,data-th-ref}] [10000]: org.thymeleaf.standard.processor.StandardRefAttributeTagProcessor
[THYMELEAF]             * [{th:block,th-block} *] [100000]: org.thymeleaf.standard.processor.StandardBlockTagProcessor
[THYMELEAF]             * [* th:*] [2147483647]: org.thymeleaf.standard.processor.StandardDefaultAttributesTagProcessor
[THYMELEAF]         * Text Processors by [precedence]:
[THYMELEAF]             * [1000]: org.thymeleaf.standard.processor.StandardInliningTextProcessor
[THYMELEAF]         * DOCTYPE Processors by [precedence]:
[THYMELEAF]             * [1000]: org.thymeleaf.standard.processor.StandardTranslationDocTypeProcessor
[THYMELEAF]         * CDATA Section Processors by [precedence]:
[THYMELEAF]             * [1000]: org.thymeleaf.standard.processor.StandardInliningCDATASectionProcessor
[THYMELEAF]         * Comment Processors by [precedence]:
[THYMELEAF]             * [1000]: org.thymeleaf.standard.processor.StandardInliningCommentProcessor
[THYMELEAF]             * [1100]: org.thymeleaf.standard.processor.StandardConditionalCommentProcessor
[THYMELEAF]     * Processors for Template Mode: XML
[THYMELEAF]         * Element Tag Processors by [matching element and attribute name] [precedence]:
[THYMELEAF]             * [* {th:include}] [100]: org.thymeleaf.standard.processor.StandardIncludeTagProcessor
[THYMELEAF]             * [* {th:insert}] [100]: org.thymeleaf.standard.processor.StandardInsertTagProcessor
[THYMELEAF]             * [* {th:replace}] [100]: org.thymeleaf.standard.processor.StandardReplaceTagProcessor
[THYMELEAF]             * [* {th:substituteby}] [100]: org.thymeleaf.standard.processor.StandardSubstituteByTagProcessor
[THYMELEAF]             * [* {th:each}] [200]: com.intuit.karate.template.KarateEachTagProcessor
[THYMELEAF]             * [* {th:switch}] [250]: org.thymeleaf.standard.processor.StandardSwitchTagProcessor
[THYMELEAF]             * [* {th:case}] [275]: org.thymeleaf.standard.processor.StandardCaseTagProcessor
[THYMELEAF]             * [* {th:if}] [300]: org.thymeleaf.standard.processor.StandardIfTagProcessor
[THYMELEAF]             * [* {th:unless}] [400]: org.thymeleaf.standard.processor.StandardUnlessTagProcessor
[THYMELEAF]             * [* {th:object}] [500]: org.thymeleaf.standard.processor.StandardObjectTagProcessor
[THYMELEAF]             * [* {th:with}] [600]: com.intuit.karate.template.KarateWithTagProcessor
[THYMELEAF]             * [* {th:attr}] [700]: com.intuit.karate.template.KarateAttributeTagProcessor.KarateAttrTagProcessor
[THYMELEAF]             * [* {th:attrappend}] [900]: com.intuit.karate.template.KarateAttributeTagProcessor.KarateAttrappendTagProcessor
[THYMELEAF]             * [* {th:attrprepend}] [900]: com.intuit.karate.template.KarateAttributeTagProcessor.KarateAttrprependTagProcessor
[THYMELEAF]             * [* {th:inline}] [1000]: org.thymeleaf.standard.processor.StandardInlineXMLTagProcessor
[THYMELEAF]             * [* {xmlns:th}] [1000]: org.thymeleaf.standard.processor.StandardXmlNsTagProcessor
[THYMELEAF]             * [* {th:text}] [1300]: org.thymeleaf.standard.processor.StandardTextTagProcessor
[THYMELEAF]             * [* {th:utext}] [1400]: org.thymeleaf.standard.processor.StandardUtextTagProcessor
[THYMELEAF]             * [* {th:fragment}] [1500]: org.thymeleaf.standard.processor.StandardFragmentTagProcessor
[THYMELEAF]             * [* {th:assert}] [1550]: org.thymeleaf.standard.processor.StandardAssertTagProcessor
[THYMELEAF]             * [* {th:remove}] [1600]: org.thymeleaf.standard.processor.StandardRemoveTagProcessor
[THYMELEAF]             * [* {th:ref}] [10000]: org.thymeleaf.standard.processor.StandardRefAttributeTagProcessor
[THYMELEAF]             * [{th:block} *] [100000]: org.thymeleaf.standard.processor.StandardBlockTagProcessor
[THYMELEAF]             * [* th:*] [2147483647]: org.thymeleaf.standard.processor.StandardDefaultAttributesTagProcessor
[THYMELEAF]         * Text Processors by [precedence]:
[THYMELEAF]             * [1000]: org.thymeleaf.standard.processor.StandardInliningTextProcessor
[THYMELEAF]         * CDATA Section Processors by [precedence]:
[THYMELEAF]             * [1000]: org.thymeleaf.standard.processor.StandardInliningCDATASectionProcessor
[THYMELEAF]         * Comment Processors by [precedence]:
[THYMELEAF]             * [1000]: org.thymeleaf.standard.processor.StandardInliningCommentProcessor
[THYMELEAF]     * Processors for Template Mode: TEXT
[THYMELEAF]         * Element Tag Processors by [matching element and attribute name] [precedence]:
[THYMELEAF]             * [* {th:insert}] [100]: org.thymeleaf.standard.processor.StandardInsertTagProcessor
[THYMELEAF]             * [* {th:replace}] [100]: org.thymeleaf.standard.processor.StandardReplaceTagProcessor
[THYMELEAF]             * [* {th:each}] [200]: com.intuit.karate.template.KarateEachTagProcessor
[THYMELEAF]             * [* {th:switch}] [250]: org.thymeleaf.standard.processor.StandardSwitchTagProcessor
[THYMELEAF]             * [* {th:case}] [275]: org.thymeleaf.standard.processor.StandardCaseTagProcessor
[THYMELEAF]             * [* {th:if}] [300]: org.thymeleaf.standard.processor.StandardIfTagProcessor
[THYMELEAF]             * [* {th:unless}] [400]: org.thymeleaf.standard.processor.StandardUnlessTagProcessor
[THYMELEAF]             * [* {th:object}] [500]: org.thymeleaf.standard.processor.StandardObjectTagProcessor
[THYMELEAF]             * [* {th:with}] [600]: com.intuit.karate.template.KarateWithTagProcessor
[THYMELEAF]             * [* {th:inline}] [1000]: org.thymeleaf.standard.processor.StandardInlineTextualTagProcessor
[THYMELEAF]             * [* {th:text}] [1300]: org.thymeleaf.standard.processor.StandardTextTagProcessor
[THYMELEAF]             * [* {th:utext}] [1400]: org.thymeleaf.standard.processor.StandardUtextTagProcessor
[THYMELEAF]             * [* {th:assert}] [1550]: org.thymeleaf.standard.processor.StandardAssertTagProcessor
[THYMELEAF]             * [* {th:remove}] [1600]: org.thymeleaf.standard.processor.StandardRemoveTagProcessor
[THYMELEAF]             * [{th:block} *] [100000]: org.thymeleaf.standard.processor.StandardBlockTagProcessor
[THYMELEAF]             * [* 100000] [org.thymeleaf.standard.processor.StandardBlockTagProcessor]: {}
[THYMELEAF]         * Text Processors by [precedence]:
[THYMELEAF]             * [1000]: org.thymeleaf.standard.processor.StandardInliningTextProcessor
[THYMELEAF]     * Processors for Template Mode: JAVASCRIPT
[THYMELEAF]         * Element Tag Processors by [matching element and attribute name] [precedence]:
[THYMELEAF]             * [* {th:insert}] [100]: org.thymeleaf.standard.processor.StandardInsertTagProcessor
[THYMELEAF]             * [* {th:replace}] [100]: org.thymeleaf.standard.processor.StandardReplaceTagProcessor
[THYMELEAF]             * [* {th:each}] [200]: com.intuit.karate.template.KarateEachTagProcessor
[THYMELEAF]             * [* {th:switch}] [250]: org.thymeleaf.standard.processor.StandardSwitchTagProcessor
[THYMELEAF]             * [* {th:case}] [275]: org.thymeleaf.standard.processor.StandardCaseTagProcessor
[THYMELEAF]             * [* {th:if}] [300]: org.thymeleaf.standard.processor.StandardIfTagProcessor
[THYMELEAF]             * [* {th:unless}] [400]: org.thymeleaf.standard.processor.StandardUnlessTagProcessor
[THYMELEAF]             * [* {th:object}] [500]: org.thymeleaf.standard.processor.StandardObjectTagProcessor
[THYMELEAF]             * [* {th:with}] [600]: com.intuit.karate.template.KarateWithTagProcessor
[THYMELEAF]             * [* {th:inline}] [1000]: org.thymeleaf.standard.processor.StandardInlineTextualTagProcessor
[THYMELEAF]             * [* {th:text}] [1300]: org.thymeleaf.standard.processor.StandardTextTagProcessor
[THYMELEAF]             * [* {th:utext}] [1400]: org.thymeleaf.standard.processor.StandardUtextTagProcessor
[THYMELEAF]             * [* {th:assert}] [1550]: org.thymeleaf.standard.processor.StandardAssertTagProcessor
[THYMELEAF]             * [* {th:remove}] [1600]: org.thymeleaf.standard.processor.StandardRemoveTagProcessor
[THYMELEAF]             * [* 100000] [org.thymeleaf.standard.processor.StandardBlockTagProcessor]: {}
[THYMELEAF]             * [{th:block} *] [100000]: org.thymeleaf.standard.processor.StandardBlockTagProcessor
[THYMELEAF]         * Text Processors by [precedence]:
[THYMELEAF]             * [1000]: org.thymeleaf.standard.processor.StandardInliningTextProcessor
[THYMELEAF]     * Processors for Template Mode: CSS
[THYMELEAF]         * Element Tag Processors by [matching element and attribute name] [precedence]:
[THYMELEAF]             * [* {th:insert}] [100]: org.thymeleaf.standard.processor.StandardInsertTagProcessor
[THYMELEAF]             * [* {th:replace}] [100]: org.thymeleaf.standard.processor.StandardReplaceTagProcessor
[THYMELEAF]             * [* {th:each}] [200]: com.intuit.karate.template.KarateEachTagProcessor
[THYMELEAF]             * [* {th:switch}] [250]: org.thymeleaf.standard.processor.StandardSwitchTagProcessor
[THYMELEAF]             * [* {th:case}] [275]: org.thymeleaf.standard.processor.StandardCaseTagProcessor
[THYMELEAF]             * [* {th:if}] [300]: org.thymeleaf.standard.processor.StandardIfTagProcessor
[THYMELEAF]             * [* {th:unless}] [400]: org.thymeleaf.standard.processor.StandardUnlessTagProcessor
[THYMELEAF]             * [* {th:object}] [500]: org.thymeleaf.standard.processor.StandardObjectTagProcessor
[THYMELEAF]             * [* {th:with}] [600]: com.intuit.karate.template.KarateWithTagProcessor
[THYMELEAF]             * [* {th:inline}] [1000]: org.thymeleaf.standard.processor.StandardInlineTextualTagProcessor
[THYMELEAF]             * [* {th:text}] [1300]: org.thymeleaf.standard.processor.StandardTextTagProcessor
[THYMELEAF]             * [* {th:utext}] [1400]: org.thymeleaf.standard.processor.StandardUtextTagProcessor
[THYMELEAF]             * [* {th:assert}] [1550]: org.thymeleaf.standard.processor.StandardAssertTagProcessor
[THYMELEAF]             * [* {th:remove}] [1600]: org.thymeleaf.standard.processor.StandardRemoveTagProcessor
[THYMELEAF]             * [* 100000] [org.thymeleaf.standard.processor.StandardBlockTagProcessor]: {}
[THYMELEAF]             * [{th:block} *] [100000]: org.thymeleaf.standard.processor.StandardBlockTagProcessor
[THYMELEAF]         * Text Processors by [precedence]:
[THYMELEAF]             * [1000]: org.thymeleaf.standard.processor.StandardInliningTextProcessor
[THYMELEAF]     * Expression Objects:
[THYMELEAF]         * #ctx
[THYMELEAF]         * #root
[THYMELEAF]         * #vars
[THYMELEAF]         * #object
[THYMELEAF]         * #locale
[THYMELEAF]         * #request
[THYMELEAF]         * #response
[THYMELEAF]         * #session
[THYMELEAF]         * #servletContext
[THYMELEAF]         * #conversions
[THYMELEAF]         * #uris
[THYMELEAF]         * #calendars
[THYMELEAF]         * #dates
[THYMELEAF]         * #bools
[THYMELEAF]         * #numbers
[THYMELEAF]         * #objects
[THYMELEAF]         * #strings
[THYMELEAF]         * #arrays
[THYMELEAF]         * #lists
[THYMELEAF]         * #sets
[THYMELEAF]         * #maps
[THYMELEAF]         * #aggregates
[THYMELEAF]         * #messages
[THYMELEAF]         * #ids
[THYMELEAF]         * #execInfo
[THYMELEAF]         * #httpServletRequest
[THYMELEAF]         * #httpSession
[THYMELEAF]     * Execution Attributes:
[THYMELEAF]         * "StandardExpressionParser": com.intuit.karate.template.KarateStandardDialect@4491eaeb
[THYMELEAF]         * "StandardJavaScriptSerializer": org.thymeleaf.standard.serializer.StandardJavaScriptSerializer@7976e536
[THYMELEAF]         * "StandardCSSSerializer": org.thymeleaf.standard.serializer.StandardCSSSerializer@670a4738
[THYMELEAF]         * "StandardVariableExpressionEvaluator": com.intuit.karate.template.KarateStandardDialect@4491eaeb
[THYMELEAF]         * "StandardConversionService": org.thymeleaf.standard.expression.StandardConversionService@47ffdbba
[THYMELEAF] * Dialect [2 of 2]: karate (com.intuit.karate.template.KarateScriptDialect)
[THYMELEAF]     * Prefix: "ka"
[THYMELEAF]     * Processors for Template Mode: HTML
[THYMELEAF]         * Element Tag Processors by [matching element and attribute name] [precedence]:
[THYMELEAF]             * [* {src}] [1000]: com.intuit.karate.template.KaScriptAttrProcessor
[THYMELEAF]         * Element Model Processors by [matching element and attribute name] [precedence]:
[THYMELEAF]             * [{script} {ka:scope,data-ka-scope}] [1000]: com.intuit.karate.template.KaScriptElemProcessor
[THYMELEAF]             * [* {ka:set,data-ka-set}] [1000]: com.intuit.karate.template.KaSetElemProcessor
[THYMELEAF] TEMPLATE ENGINE CONFIGURED OK
21:53:21.931 [Test worker] DEBUG org.thymeleaf.TemplateEngine - [THYMELEAF] TEMPLATE ENGINE INITIALIZED

HTML report: (paste into browser to view) | Karate version: 1.2.0
file:///C:/Users/DYLAN/Desktop/T-evolvers/Reto1ApiKarate/BookerAutomation/build/karate-reports/karate-summary.html
===================================================================

]]></system-out>
  <system-err><![CDATA[]]></system-err>
</testsuite>
